Epoch 01
	| Avg Actor Loss: -0.0095 | Avg Critic Loss: 0.0248 
	| Avg Length: 2.1562 | Avg Reward: 0.7764 
	| Avg Length: 1.0000 | Avg Reward: 0.7963
	| OG  Acc: 1.00  | Masked Acc: 0.51 | OG  F1: 1.00 | Masked F1: 0.66
Epoch 02
	| Avg Actor Loss: -0.0100 | Avg Critic Loss: 0.0078 
	| Avg Length: 2.2148 | Avg Reward: 0.7885 
	| Avg Length: 1.0000 | Avg Reward: 0.7968
	| OG  Acc: 1.00  | Masked Acc: 0.51 | OG  F1: 1.00 | Masked F1: 0.66
Epoch 03
	| Avg Actor Loss: -0.0099 | Avg Critic Loss: 0.0061 
	| Avg Length: 2.0781 | Avg Reward: 0.7800 
	| Avg Length: 1.0000 | Avg Reward: 0.7968
	| OG  Acc: 1.00  | Masked Acc: 0.51 | OG  F1: 1.00 | Masked F1: 0.66
Epoch 04
	| Avg Actor Loss: -0.0119 | Avg Critic Loss: 0.0056 
	| Avg Length: 2.0074 | Avg Reward: 0.8151 
	| Avg Length: 1.0000 | Avg Reward: 0.8036
	| OG  Acc: 1.00  | Masked Acc: 0.53 | OG  F1: 1.00 | Masked F1: 0.68
Epoch 05
	| Avg Actor Loss: -0.0148 | Avg Critic Loss: 0.0051 
	| Avg Length: 1.9648 | Avg Reward: 0.7838 
	| Avg Length: 1.0000 | Avg Reward: 0.8039
	| OG  Acc: 1.00  | Masked Acc: 0.53 | OG  F1: 1.00 | Masked F1: 0.68
Epoch 06
	| Avg Actor Loss: -0.0133 | Avg Critic Loss: 0.0046 
	| Avg Length: 1.7188 | Avg Reward: 0.8081 
	| Avg Length: 1.0000 | Avg Reward: 0.8053
	| OG  Acc: 1.00  | Masked Acc: 0.53 | OG  F1: 1.00 | Masked F1: 0.68
Epoch 07
	| Avg Actor Loss: -0.0199 | Avg Critic Loss: 0.0050 
	| Avg Length: 1.8672 | Avg Reward: 0.7986 
	| Avg Length: 1.0000 | Avg Reward: 0.8015
	| OG  Acc: 1.00  | Masked Acc: 0.52 | OG  F1: 1.00 | Masked F1: 0.68
Epoch 08
	| Avg Actor Loss: -0.0139 | Avg Critic Loss: 0.0043 
	| Avg Length: 1.5147 | Avg Reward: 0.7616 
	| Avg Length: 1.0000 | Avg Reward: 0.8148
	| OG  Acc: 1.00  | Masked Acc: 0.56 | OG  F1: 1.00 | Masked F1: 0.69
Epoch 09
	| Avg Actor Loss: -0.0141 | Avg Critic Loss: 0.0044 
	| Avg Length: 1.7500 | Avg Reward: 0.7797 
	| Avg Length: 1.0000 | Avg Reward: 0.8161
	| OG  Acc: 1.00  | Masked Acc: 0.56 | OG  F1: 1.00 | Masked F1: 0.69
Epoch 10
	| Avg Actor Loss: -0.0160 | Avg Critic Loss: 0.0049 
	| Avg Length: 1.5938 | Avg Reward: 0.7873 
	| Avg Length: 1.0000 | Avg Reward: 0.8181
	| OG  Acc: 1.00  | Masked Acc: 0.56 | OG  F1: 1.00 | Masked F1: 0.70
Epoch 11
	| Avg Actor Loss: -0.0152 | Avg Critic Loss: 0.0046 
	| Avg Length: 1.5273 | Avg Reward: 0.8198 
	| Avg Length: 1.0000 | Avg Reward: 0.8130
	| OG  Acc: 1.00  | Masked Acc: 0.55 | OG  F1: 1.00 | Masked F1: 0.69
Epoch 12
	| Avg Actor Loss: -0.0152 | Avg Critic Loss: 0.0044 
	| Avg Length: 1.5000 | Avg Reward: 0.7891 
	| Avg Length: 1.0000 | Avg Reward: 0.8141
	| OG  Acc: 1.00  | Masked Acc: 0.55 | OG  F1: 1.00 | Masked F1: 0.69
Epoch 13
	| Avg Actor Loss: -0.0148 | Avg Critic Loss: 0.0044 
	| Avg Length: 1.4961 | Avg Reward: 0.8140 
	| Avg Length: 1.0000 | Avg Reward: 0.8138
	| OG  Acc: 1.00  | Masked Acc: 0.55 | OG  F1: 1.00 | Masked F1: 0.69
Epoch 14
	| Avg Actor Loss: -0.0170 | Avg Critic Loss: 0.0042 
	| Avg Length: 1.6523 | Avg Reward: 0.7864 
	| Avg Length: 1.0000 | Avg Reward: 0.8185
	| OG  Acc: 1.00  | Masked Acc: 0.57 | OG  F1: 1.00 | Masked F1: 0.70
Epoch 15
	| Avg Actor Loss: -0.0176 | Avg Critic Loss: 0.0047 
	| Avg Length: 1.6250 | Avg Reward: 0.7915 
	| Avg Length: 1.0000 | Avg Reward: 0.8283
	| OG  Acc: 1.00  | Masked Acc: 0.59 | OG  F1: 1.00 | Masked F1: 0.71
Epoch 16
	| Avg Actor Loss: -0.0164 | Avg Critic Loss: 0.0045 
	| Avg Length: 1.5000 | Avg Reward: 0.8296 
	| Avg Length: 1.0000 | Avg Reward: 0.8242
	| OG  Acc: 1.00  | Masked Acc: 0.58 | OG  F1: 1.00 | Masked F1: 0.70
Epoch 17
	| Avg Actor Loss: -0.0160 | Avg Critic Loss: 0.0046 
	| Avg Length: 1.4453 | Avg Reward: 0.8213 
	| Avg Length: 1.0094 | Avg Reward: 0.8261
	| OG  Acc: 1.00  | Masked Acc: 0.58 | OG  F1: 1.00 | Masked F1: 0.71
Epoch 18
	| Avg Actor Loss: -0.0160 | Avg Critic Loss: 0.0046 
	| Avg Length: 1.5352 | Avg Reward: 0.8032 
	| Avg Length: 1.0378 | Avg Reward: 0.8276
	| OG  Acc: 1.00  | Masked Acc: 0.59 | OG  F1: 1.00 | Masked F1: 0.71
Epoch 19
	| Avg Actor Loss: -0.0167 | Avg Critic Loss: 0.0048 
	| Avg Length: 1.6562 | Avg Reward: 0.8213 
	| Avg Length: 1.0544 | Avg Reward: 0.8291
	| OG  Acc: 1.00  | Masked Acc: 0.59 | OG  F1: 1.00 | Masked F1: 0.71
Epoch 20
	| Avg Actor Loss: -0.0148 | Avg Critic Loss: 0.0048 
	| Avg Length: 1.5588 | Avg Reward: 0.8043 
	| Avg Length: 1.0802 | Avg Reward: 0.8300
	| OG  Acc: 1.00  | Masked Acc: 0.60 | OG  F1: 1.00 | Masked F1: 0.71
Epoch 21
	| Avg Actor Loss: -0.0206 | Avg Critic Loss: 0.0049 
	| Avg Length: 1.7266 | Avg Reward: 0.8053 
	| Avg Length: 1.0930 | Avg Reward: 0.8309
	| OG  Acc: 1.00  | Masked Acc: 0.60 | OG  F1: 1.00 | Masked F1: 0.71
Epoch 22
	| Avg Actor Loss: -0.0221 | Avg Critic Loss: 0.0053 
	| Avg Length: 1.6367 | Avg Reward: 0.8213 
	| Avg Length: 1.1044 | Avg Reward: 0.8342
	| OG  Acc: 1.00  | Masked Acc: 0.61 | OG  F1: 1.00 | Masked F1: 0.72
Epoch 23
	| Avg Actor Loss: -0.0168 | Avg Critic Loss: 0.0052 
	| Avg Length: 1.6836 | Avg Reward: 0.8189 
	| Avg Length: 1.1396 | Avg Reward: 0.8362
	| OG  Acc: 1.00  | Masked Acc: 0.61 | OG  F1: 1.00 | Masked F1: 0.72
Epoch 24
	| Avg Actor Loss: -0.0169 | Avg Critic Loss: 0.0055 
	| Avg Length: 1.9191 | Avg Reward: 0.7934 
	| Avg Length: 1.1522 | Avg Reward: 0.8386
	| OG  Acc: 1.00  | Masked Acc: 0.62 | OG  F1: 1.00 | Masked F1: 0.72
Epoch 25
	| Avg Actor Loss: -0.0139 | Avg Critic Loss: 0.0055 
	| Avg Length: 1.7969 | Avg Reward: 0.8294 
	| Avg Length: 1.1716 | Avg Reward: 0.8427
	| OG  Acc: 1.00  | Masked Acc: 0.63 | OG  F1: 1.00 | Masked F1: 0.73
Epoch 26
	| Avg Actor Loss: -0.0148 | Avg Critic Loss: 0.0055 
	| Avg Length: 1.8633 | Avg Reward: 0.8394 
	| Avg Length: 1.2084 | Avg Reward: 0.8443
	| OG  Acc: 1.00  | Masked Acc: 0.63 | OG  F1: 1.00 | Masked F1: 0.73
Epoch 27
	| Avg Actor Loss: -0.0143 | Avg Critic Loss: 0.0056 
	| Avg Length: 1.9102 | Avg Reward: 0.8031 
	| Avg Length: 1.2858 | Avg Reward: 0.8504
	| OG  Acc: 1.00  | Masked Acc: 0.65 | OG  F1: 1.00 | Masked F1: 0.74
Epoch 28
	| Avg Actor Loss: -0.0158 | Avg Critic Loss: 0.0058 
	| Avg Length: 2.1103 | Avg Reward: 0.8136 
	| Avg Length: 1.3426 | Avg Reward: 0.8522
	| OG  Acc: 1.00  | Masked Acc: 0.66 | OG  F1: 1.00 | Masked F1: 0.75
Epoch 29
	| Avg Actor Loss: -0.0155 | Avg Critic Loss: 0.0060 
	| Avg Length: 1.9453 | Avg Reward: 0.8326 
	| Avg Length: 1.4038 | Avg Reward: 0.8570
	| OG  Acc: 1.00  | Masked Acc: 0.67 | OG  F1: 1.00 | Masked F1: 0.75
Epoch 30
	| Avg Actor Loss: -0.0135 | Avg Critic Loss: 0.0056 
	| Avg Length: 1.9531 | Avg Reward: 0.8491 
	| Avg Length: 1.4236 | Avg Reward: 0.8583
	| OG  Acc: 1.00  | Masked Acc: 0.68 | OG  F1: 1.00 | Masked F1: 0.75
Epoch 31
	| Avg Actor Loss: -0.0148 | Avg Critic Loss: 0.0060 
	| Avg Length: 1.9609 | Avg Reward: 0.8534 
	| Avg Length: 1.4808 | Avg Reward: 0.8605
	| OG  Acc: 1.00  | Masked Acc: 0.68 | OG  F1: 1.00 | Masked F1: 0.76
Epoch 32
	| Avg Actor Loss: -0.0127 | Avg Critic Loss: 0.0058 
	| Avg Length: 2.5000 | Avg Reward: 0.8474 
	| Avg Length: 1.5602 | Avg Reward: 0.8622
	| OG  Acc: 1.00  | Masked Acc: 0.69 | OG  F1: 1.00 | Masked F1: 0.76
Epoch 33
	| Avg Actor Loss: -0.0088 | Avg Critic Loss: 0.0058 
	| Avg Length: 2.1641 | Avg Reward: 0.8534 
	| Avg Length: 1.6330 | Avg Reward: 0.8642
	| OG  Acc: 1.00  | Masked Acc: 0.69 | OG  F1: 1.00 | Masked F1: 0.76
Epoch 34
	| Avg Actor Loss: -0.0088 | Avg Critic Loss: 0.0057 
	| Avg Length: 2.1328 | Avg Reward: 0.8689 
	| Avg Length: 1.6444 | Avg Reward: 0.8674
	| OG  Acc: 1.00  | Masked Acc: 0.70 | OG  F1: 1.00 | Masked F1: 0.77
Epoch 35
	| Avg Actor Loss: -0.0136 | Avg Critic Loss: 0.0054 
	| Avg Length: 2.1680 | Avg Reward: 0.8473 
	| Avg Length: 1.7260 | Avg Reward: 0.8703
	| OG  Acc: 1.00  | Masked Acc: 0.71 | OG  F1: 1.00 | Masked F1: 0.77
Epoch 36
	| Avg Actor Loss: -0.0100 | Avg Critic Loss: 0.0053 
	| Avg Length: 2.4632 | Avg Reward: 0.8590 
	| Avg Length: 1.8884 | Avg Reward: 0.8759
	| OG  Acc: 1.00  | Masked Acc: 0.73 | OG  F1: 1.00 | Masked F1: 0.79
Epoch 37
	| Avg Actor Loss: -0.0079 | Avg Critic Loss: 0.0055 
	| Avg Length: 2.8086 | Avg Reward: 0.8631 
	| Avg Length: 1.9310 | Avg Reward: 0.8766
	| OG  Acc: 1.00  | Masked Acc: 0.73 | OG  F1: 1.00 | Masked F1: 0.79
Epoch 38
	| Avg Actor Loss: -0.0083 | Avg Critic Loss: 0.0049 
	| Avg Length: 2.9180 | Avg Reward: 0.8614 
	| Avg Length: 2.0788 | Avg Reward: 0.8817
	| OG  Acc: 1.00  | Masked Acc: 0.74 | OG  F1: 1.00 | Masked F1: 0.80
Epoch 39
	| Avg Actor Loss: -0.0036 | Avg Critic Loss: 0.0050 
	| Avg Length: 2.6953 | Avg Reward: 0.8676 
	| Avg Length: 2.1912 | Avg Reward: 0.8848
	| OG  Acc: 1.00  | Masked Acc: 0.75 | OG  F1: 1.00 | Masked F1: 0.80
Epoch 40
	| Avg Actor Loss: -0.0029 | Avg Critic Loss: 0.0049 
	| Avg Length: 3.0368 | Avg Reward: 0.9038 
	| Avg Length: 2.3660 | Avg Reward: 0.8876
	| OG  Acc: 1.00  | Masked Acc: 0.76 | OG  F1: 1.00 | Masked F1: 0.81
Epoch 41
	| Avg Actor Loss: -0.0033 | Avg Critic Loss: 0.0050 
	| Avg Length: 3.3047 | Avg Reward: 0.8543 
	| Avg Length: 2.4346 | Avg Reward: 0.8883
	| OG  Acc: 1.00  | Masked Acc: 0.77 | OG  F1: 1.00 | Masked F1: 0.81
Epoch 42
	| Avg Actor Loss: 0.0007 | Avg Critic Loss: 0.0047 
	| Avg Length: 3.5781 | Avg Reward: 0.8910 
	| Avg Length: 2.5128 | Avg Reward: 0.8914
	| OG  Acc: 1.00  | Masked Acc: 0.77 | OG  F1: 1.00 | Masked F1: 0.82
Epoch 43
	| Avg Actor Loss: -0.0045 | Avg Critic Loss: 0.0047 
	| Avg Length: 3.2734 | Avg Reward: 0.8531 
	| Avg Length: 2.6410 | Avg Reward: 0.8929
	| OG  Acc: 1.00  | Masked Acc: 0.78 | OG  F1: 1.00 | Masked F1: 0.82
Epoch 44
	| Avg Actor Loss: 0.0024 | Avg Critic Loss: 0.0045 
	| Avg Length: 3.1397 | Avg Reward: 0.9061 
	| Avg Length: 2.7712 | Avg Reward: 0.8956
	| OG  Acc: 1.00  | Masked Acc: 0.79 | OG  F1: 1.00 | Masked F1: 0.83
Epoch 45
	| Avg Actor Loss: -0.0009 | Avg Critic Loss: 0.0042 
	| Avg Length: 3.8555 | Avg Reward: 0.8807 
	| Avg Length: 2.9210 | Avg Reward: 0.8948
	| OG  Acc: 1.00  | Masked Acc: 0.79 | OG  F1: 1.00 | Masked F1: 0.83
Epoch 46
	| Avg Actor Loss: -0.0000 | Avg Critic Loss: 0.0044 
	| Avg Length: 3.5820 | Avg Reward: 0.8796 
	| Avg Length: 3.1028 | Avg Reward: 0.8986
	| OG  Acc: 1.00  | Masked Acc: 0.80 | OG  F1: 1.00 | Masked F1: 0.84
Epoch 47
	| Avg Actor Loss: 0.0082 | Avg Critic Loss: 0.0044 
	| Avg Length: 3.8555 | Avg Reward: 0.8852 
	| Avg Length: 3.1514 | Avg Reward: 0.9009
	| OG  Acc: 1.00  | Masked Acc: 0.81 | OG  F1: 1.00 | Masked F1: 0.84
Epoch 48
	| Avg Actor Loss: -0.0017 | Avg Critic Loss: 0.0042 
	| Avg Length: 4.1765 | Avg Reward: 0.8945 
	| Avg Length: 3.3014 | Avg Reward: 0.9026
	| OG  Acc: 1.00  | Masked Acc: 0.82 | OG  F1: 1.00 | Masked F1: 0.84
Epoch 49
	| Avg Actor Loss: 0.0049 | Avg Critic Loss: 0.0042 
	| Avg Length: 4.6289 | Avg Reward: 0.8856 
	| Avg Length: 3.4168 | Avg Reward: 0.9042
	| OG  Acc: 1.00  | Masked Acc: 0.82 | OG  F1: 1.00 | Masked F1: 0.85
Epoch 50
	| Avg Actor Loss: 0.0018 | Avg Critic Loss: 0.0041 
	| Avg Length: 4.4531 | Avg Reward: 0.8850 
	| Avg Length: 3.5730 | Avg Reward: 0.9057
	| OG  Acc: 1.00  | Masked Acc: 0.83 | OG  F1: 1.00 | Masked F1: 0.85
Epoch 51
	| Avg Actor Loss: 0.0063 | Avg Critic Loss: 0.0037 
	| Avg Length: 4.7148 | Avg Reward: 0.8866 
	| Avg Length: 3.5832 | Avg Reward: 0.9069
	| OG  Acc: 1.00  | Masked Acc: 0.83 | OG  F1: 1.00 | Masked F1: 0.86
Epoch 52
	| Avg Actor Loss: 0.0055 | Avg Critic Loss: 0.0039 
	| Avg Length: 3.6838 | Avg Reward: 0.8832 
	| Avg Length: 3.8156 | Avg Reward: 0.9102
	| OG  Acc: 1.00  | Masked Acc: 0.84 | OG  F1: 1.00 | Masked F1: 0.87
Epoch 53
	| Avg Actor Loss: 0.0163 | Avg Critic Loss: 0.0038 
	| Avg Length: 5.3945 | Avg Reward: 0.8939 
	| Avg Length: 4.0356 | Avg Reward: 0.9118
	| OG  Acc: 1.00  | Masked Acc: 0.85 | OG  F1: 1.00 | Masked F1: 0.87
Epoch 54
	| Avg Actor Loss: 0.0139 | Avg Critic Loss: 0.0040 
	| Avg Length: 4.8789 | Avg Reward: 0.8949 
	| Avg Length: 4.1584 | Avg Reward: 0.9137
	| OG  Acc: 1.00  | Masked Acc: 0.86 | OG  F1: 1.00 | Masked F1: 0.88
Epoch 55
	| Avg Actor Loss: 0.0085 | Avg Critic Loss: 0.0034 
	| Avg Length: 5.5000 | Avg Reward: 0.9007 
	| Avg Length: 4.2774 | Avg Reward: 0.9139
	| OG  Acc: 1.00  | Masked Acc: 0.86 | OG  F1: 1.00 | Masked F1: 0.88
Epoch 56
	| Avg Actor Loss: 0.0039 | Avg Critic Loss: 0.0037 
	| Avg Length: 3.9338 | Avg Reward: 0.9045 
	| Avg Length: 4.4480 | Avg Reward: 0.9168
	| OG  Acc: 1.00  | Masked Acc: 0.87 | OG  F1: 1.00 | Masked F1: 0.89
Epoch 57
	| Avg Actor Loss: 0.0076 | Avg Critic Loss: 0.0039 
	| Avg Length: 5.6875 | Avg Reward: 0.8985 
	| Avg Length: 4.5630 | Avg Reward: 0.9188
	| OG  Acc: 1.00  | Masked Acc: 0.88 | OG  F1: 1.00 | Masked F1: 0.89
Epoch 58
	| Avg Actor Loss: 0.0074 | Avg Critic Loss: 0.0034 
	| Avg Length: 5.6641 | Avg Reward: 0.8930 
	| Avg Length: 4.6386 | Avg Reward: 0.9205
	| OG  Acc: 1.00  | Masked Acc: 0.88 | OG  F1: 1.00 | Masked F1: 0.90
Epoch 59
	| Avg Actor Loss: 0.0093 | Avg Critic Loss: 0.0034 
	| Avg Length: 5.4648 | Avg Reward: 0.9000 
	| Avg Length: 4.6330 | Avg Reward: 0.9238
	| OG  Acc: 1.00  | Masked Acc: 0.89 | OG  F1: 1.00 | Masked F1: 0.90
Epoch 60
	| Avg Actor Loss: 0.0135 | Avg Critic Loss: 0.0036 
	| Avg Length: 5.7426 | Avg Reward: 0.9075 
	| Avg Length: 4.6982 | Avg Reward: 0.9241
	| OG  Acc: 1.00  | Masked Acc: 0.89 | OG  F1: 1.00 | Masked F1: 0.90
Epoch 61
	| Avg Actor Loss: 0.0110 | Avg Critic Loss: 0.0035 
	| Avg Length: 5.4062 | Avg Reward: 0.9141 
	| Avg Length: 4.7388 | Avg Reward: 0.9248
	| OG  Acc: 1.00  | Masked Acc: 0.89 | OG  F1: 1.00 | Masked F1: 0.90
Epoch 62
	| Avg Actor Loss: 0.0123 | Avg Critic Loss: 0.0035 
	| Avg Length: 4.7500 | Avg Reward: 0.9128 
	| Avg Length: 4.9068 | Avg Reward: 0.9247
	| OG  Acc: 1.00  | Masked Acc: 0.90 | OG  F1: 1.00 | Masked F1: 0.91
Epoch 63
	| Avg Actor Loss: 0.0116 | Avg Critic Loss: 0.0034 
	| Avg Length: 5.5586 | Avg Reward: 0.8924 
	| Avg Length: 5.0880 | Avg Reward: 0.9258
	| OG  Acc: 1.00  | Masked Acc: 0.90 | OG  F1: 1.00 | Masked F1: 0.91
Epoch 64
	| Avg Actor Loss: 0.0106 | Avg Critic Loss: 0.0032 
	| Avg Length: 5.8309 | Avg Reward: 0.9196 
	| Avg Length: 5.1622 | Avg Reward: 0.9267
	| OG  Acc: 1.00  | Masked Acc: 0.91 | OG  F1: 1.00 | Masked F1: 0.92
Epoch 65
	| Avg Actor Loss: 0.0175 | Avg Critic Loss: 0.0033 
	| Avg Length: 6.0352 | Avg Reward: 0.9174 
	| Avg Length: 5.3162 | Avg Reward: 0.9280
	| OG  Acc: 1.00  | Masked Acc: 0.91 | OG  F1: 1.00 | Masked F1: 0.92
Epoch 66
	| Avg Actor Loss: 0.0124 | Avg Critic Loss: 0.0029 
	| Avg Length: 7.0938 | Avg Reward: 0.9048 
	| Avg Length: 5.4828 | Avg Reward: 0.9286
	| OG  Acc: 1.00  | Masked Acc: 0.92 | OG  F1: 1.00 | Masked F1: 0.92
Epoch 67
	| Avg Actor Loss: 0.0150 | Avg Critic Loss: 0.0030 
	| Avg Length: 6.9414 | Avg Reward: 0.9223 
	| Avg Length: 5.5422 | Avg Reward: 0.9310
	| OG  Acc: 1.00  | Masked Acc: 0.93 | OG  F1: 1.00 | Masked F1: 0.93
Epoch 68
	| Avg Actor Loss: 0.0114 | Avg Critic Loss: 0.0028 
	| Avg Length: 6.7941 | Avg Reward: 0.9184 
	| Avg Length: 5.6678 | Avg Reward: 0.9323
	| OG  Acc: 1.00  | Masked Acc: 0.93 | OG  F1: 1.00 | Masked F1: 0.93
Epoch 69
	| Avg Actor Loss: 0.0136 | Avg Critic Loss: 0.0028 
	| Avg Length: 6.9531 | Avg Reward: 0.9212 
	| Avg Length: 5.8510 | Avg Reward: 0.9327
	| OG  Acc: 1.00  | Masked Acc: 0.93 | OG  F1: 1.00 | Masked F1: 0.94
Epoch 70
	| Avg Actor Loss: 0.0154 | Avg Critic Loss: 0.0029 
	| Avg Length: 6.3047 | Avg Reward: 0.9191 
	| Avg Length: 5.8320 | Avg Reward: 0.9337
	| OG  Acc: 1.00  | Masked Acc: 0.94 | OG  F1: 1.00 | Masked F1: 0.94
Epoch 71
	| Avg Actor Loss: 0.0166 | Avg Critic Loss: 0.0027 
	| Avg Length: 6.6641 | Avg Reward: 0.9112 
	| Avg Length: 5.8264 | Avg Reward: 0.9364
	| OG  Acc: 1.00  | Masked Acc: 0.94 | OG  F1: 1.00 | Masked F1: 0.95
Epoch 72
	| Avg Actor Loss: 0.0165 | Avg Critic Loss: 0.0029 
	| Avg Length: 7.4338 | Avg Reward: 0.9245 
	| Avg Length: 5.8930 | Avg Reward: 0.9359
	| OG  Acc: 1.00  | Masked Acc: 0.94 | OG  F1: 1.00 | Masked F1: 0.95
Epoch 73
	| Avg Actor Loss: 0.0186 | Avg Critic Loss: 0.0026 
	| Avg Length: 6.0234 | Avg Reward: 0.9252 
	| Avg Length: 6.1166 | Avg Reward: 0.9368
	| OG  Acc: 1.00  | Masked Acc: 0.95 | OG  F1: 1.00 | Masked F1: 0.95
Epoch 74
	| Avg Actor Loss: 0.0197 | Avg Critic Loss: 0.0026 
	| Avg Length: 6.7031 | Avg Reward: 0.9356 
	| Avg Length: 6.1136 | Avg Reward: 0.9375
	| OG  Acc: 1.00  | Masked Acc: 0.95 | OG  F1: 1.00 | Masked F1: 0.95
Epoch 75
	| Avg Actor Loss: 0.0203 | Avg Critic Loss: 0.0025 
	| Avg Length: 6.9609 | Avg Reward: 0.9273 
	| Avg Length: 6.2354 | Avg Reward: 0.9367
	| OG  Acc: 1.00  | Masked Acc: 0.95 | OG  F1: 1.00 | Masked F1: 0.95
Epoch 76
	| Avg Actor Loss: 0.0169 | Avg Critic Loss: 0.0025 
	| Avg Length: 7.4926 | Avg Reward: 0.8997 
	| Avg Length: 6.3024 | Avg Reward: 0.9360
	| OG  Acc: 1.00  | Masked Acc: 0.95 | OG  F1: 1.00 | Masked F1: 0.95
Epoch 77
	| Avg Actor Loss: 0.0468 | Avg Critic Loss: 0.0025 
	| Avg Length: 7.7695 | Avg Reward: 0.9234 
	| Avg Length: 5.9052 | Avg Reward: 0.9300
	| OG  Acc: 1.00  | Masked Acc: 0.93 | OG  F1: 1.00 | Masked F1: 0.93
Epoch 78
	| Avg Actor Loss: 0.0039 | Avg Critic Loss: 0.0030 
	| Avg Length: 6.1211 | Avg Reward: 0.9173 
	| Avg Length: 5.9584 | Avg Reward: 0.9337
	| OG  Acc: 1.00  | Masked Acc: 0.94 | OG  F1: 1.00 | Masked F1: 0.94
Epoch 79
	| Avg Actor Loss: 0.0050 | Avg Critic Loss: 0.0027 
	| Avg Length: 6.6211 | Avg Reward: 0.9202 
	| Avg Length: 5.9974 | Avg Reward: 0.9356
	| OG  Acc: 1.00  | Masked Acc: 0.94 | OG  F1: 1.00 | Masked F1: 0.95
Epoch 80
	| Avg Actor Loss: 0.0165 | Avg Critic Loss: 0.0025 
	| Avg Length: 6.1397 | Avg Reward: 0.9261 
	| Avg Length: 6.1428 | Avg Reward: 0.9358
	| OG  Acc: 1.00  | Masked Acc: 0.95 | OG  F1: 1.00 | Masked F1: 0.95
Epoch 81
	| Avg Actor Loss: 0.0082 | Avg Critic Loss: 0.0025 
	| Avg Length: 7.7305 | Avg Reward: 0.9220 
	| Avg Length: 6.1518 | Avg Reward: 0.9373
	| OG  Acc: 1.00  | Masked Acc: 0.95 | OG  F1: 1.00 | Masked F1: 0.95
Epoch 82
	| Avg Actor Loss: 0.0183 | Avg Critic Loss: 0.0024 
	| Avg Length: 6.5781 | Avg Reward: 0.9322 
	| Avg Length: 6.2684 | Avg Reward: 0.9395
	| OG  Acc: 1.00  | Masked Acc: 0.96 | OG  F1: 1.00 | Masked F1: 0.96
Epoch 83
	| Avg Actor Loss: 0.0181 | Avg Critic Loss: 0.0023 
	| Avg Length: 7.8555 | Avg Reward: 0.9037 
	| Avg Length: 6.2918 | Avg Reward: 0.9394
	| OG  Acc: 1.00  | Masked Acc: 0.96 | OG  F1: 1.00 | Masked F1: 0.96
Epoch 84
	| Avg Actor Loss: 0.1011 | Avg Critic Loss: 0.0026 
	| Avg Length: 7.8382 | Avg Reward: 0.9142 
	| Avg Length: 6.3426 | Avg Reward: 0.9387
	| OG  Acc: 1.00  | Masked Acc: 0.96 | OG  F1: 1.00 | Masked F1: 0.96
Epoch 85
	| Avg Actor Loss: 0.0100 | Avg Critic Loss: 0.0025 
	| Avg Length: 7.0703 | Avg Reward: 0.9205 
	| Avg Length: 6.6664 | Avg Reward: 0.9386
	| OG  Acc: 1.00  | Masked Acc: 0.96 | OG  F1: 1.00 | Masked F1: 0.96
Epoch 86
	| Avg Actor Loss: 0.0131 | Avg Critic Loss: 0.0022 
	| Avg Length: 7.2148 | Avg Reward: 0.9368 
	| Avg Length: 6.4330 | Avg Reward: 0.9407
	| OG  Acc: 1.00  | Masked Acc: 0.96 | OG  F1: 1.00 | Masked F1: 0.96
Epoch 87
	| Avg Actor Loss: 0.0210 | Avg Critic Loss: 0.0024 
	| Avg Length: 7.5664 | Avg Reward: 0.9240 
	| Avg Length: 6.3338 | Avg Reward: 0.9419
	| OG  Acc: 1.00  | Masked Acc: 0.96 | OG  F1: 1.00 | Masked F1: 0.96
Epoch 88
	| Avg Actor Loss: 0.0204 | Avg Critic Loss: 0.0025 
	| Avg Length: 6.6691 | Avg Reward: 0.9236 
	| Avg Length: 6.4636 | Avg Reward: 0.9418
	| OG  Acc: 1.00  | Masked Acc: 0.97 | OG  F1: 1.00 | Masked F1: 0.97
Epoch 89
	| Avg Actor Loss: 0.0186 | Avg Critic Loss: 0.0023 
	| Avg Length: 6.7383 | Avg Reward: 0.9254 
	| Avg Length: 6.5104 | Avg Reward: 0.9426
	| OG  Acc: 1.00  | Masked Acc: 0.97 | OG  F1: 1.00 | Masked F1: 0.97
Epoch 90
	| Avg Actor Loss: 0.0224 | Avg Critic Loss: 0.0023 
	| Avg Length: 6.1992 | Avg Reward: 0.9328 
	| Avg Length: 6.6924 | Avg Reward: 0.9413
	| OG  Acc: 1.00  | Masked Acc: 0.97 | OG  F1: 1.00 | Masked F1: 0.97
Epoch 91
	| Avg Actor Loss: 0.0202 | Avg Critic Loss: 0.0022 
	| Avg Length: 6.2188 | Avg Reward: 0.9256 
	| Avg Length: 6.7744 | Avg Reward: 0.9413
	| OG  Acc: 1.00  | Masked Acc: 0.97 | OG  F1: 1.00 | Masked F1: 0.97
Epoch 92
	| Avg Actor Loss: 0.0223 | Avg Critic Loss: 0.0020 
	| Avg Length: 9.8162 | Avg Reward: 0.9097 
	| Avg Length: 6.7574 | Avg Reward: 0.9402
	| OG  Acc: 1.00  | Masked Acc: 0.97 | OG  F1: 1.00 | Masked F1: 0.97
Epoch 93
	| Avg Actor Loss: 0.0146 | Avg Critic Loss: 0.0023 
	| Avg Length: 6.5039 | Avg Reward: 0.9291 
	| Avg Length: 6.7980 | Avg Reward: 0.9406
	| OG  Acc: 1.00  | Masked Acc: 0.97 | OG  F1: 1.00 | Masked F1: 0.97
Epoch 94
	| Avg Actor Loss: 0.0190 | Avg Critic Loss: 0.0023 
	| Avg Length: 6.7891 | Avg Reward: 0.9367 
	| Avg Length: 6.6198 | Avg Reward: 0.9413
	| OG  Acc: 1.00  | Masked Acc: 0.97 | OG  F1: 1.00 | Masked F1: 0.97
Epoch 95
	| Avg Actor Loss: 0.0125 | Avg Critic Loss: 0.0023 
	| Avg Length: 8.1133 | Avg Reward: 0.9312 
	| Avg Length: 6.5822 | Avg Reward: 0.9420
	| OG  Acc: 1.00  | Masked Acc: 0.97 | OG  F1: 1.00 | Masked F1: 0.97
Epoch 96
	| Avg Actor Loss: 0.0124 | Avg Critic Loss: 0.0021 
	| Avg Length: 6.2647 | Avg Reward: 0.9271 
	| Avg Length: 6.6700 | Avg Reward: 0.9417
	| OG  Acc: 1.00  | Masked Acc: 0.97 | OG  F1: 1.00 | Masked F1: 0.97
Epoch 97
	| Avg Actor Loss: 0.0207 | Avg Critic Loss: 0.0021 
	| Avg Length: 7.6953 | Avg Reward: 0.9325 
	| Avg Length: 6.8784 | Avg Reward: 0.9411
	| OG  Acc: 1.00  | Masked Acc: 0.97 | OG  F1: 1.00 | Masked F1: 0.97
Epoch 98
	| Avg Actor Loss: 0.0222 | Avg Critic Loss: 0.0019 
	| Avg Length: 7.6445 | Avg Reward: 0.9297 
	| Avg Length: 6.7972 | Avg Reward: 0.9420
	| OG  Acc: 1.00  | Masked Acc: 0.97 | OG  F1: 1.00 | Masked F1: 0.97
Epoch 99
	| Avg Actor Loss: 0.0265 | Avg Critic Loss: 0.0019 
	| Avg Length: 7.2461 | Avg Reward: 0.9325 
	| Avg Length: 6.6894 | Avg Reward: 0.9426
	| OG  Acc: 1.00  | Masked Acc: 0.97 | OG  F1: 1.00 | Masked F1: 0.97
Epoch 100
	| Avg Actor Loss: 0.0266 | Avg Critic Loss: 0.0021 
	| Avg Length: 7.4044 | Avg Reward: 0.9324 
	| Avg Length: 6.8720 | Avg Reward: 0.9403
	| OG  Acc: 1.00  | Masked Acc: 0.97 | OG  F1: 1.00 | Masked F1: 0.97
Epoch 101
	| Avg Actor Loss: 0.0390 | Avg Critic Loss: 0.0021 
	| Avg Length: 7.0625 | Avg Reward: 0.9346 
	| Avg Length: 6.8760 | Avg Reward: 0.9416
	| OG  Acc: 1.00  | Masked Acc: 0.97 | OG  F1: 1.00 | Masked F1: 0.97
Epoch 102
	| Avg Actor Loss: 0.0168 | Avg Critic Loss: 0.0020 
	| Avg Length: 7.6406 | Avg Reward: 0.9287 
	| Avg Length: 6.6642 | Avg Reward: 0.9433
	| OG  Acc: 1.00  | Masked Acc: 0.97 | OG  F1: 1.00 | Masked F1: 0.97
Epoch 103
	| Avg Actor Loss: 0.0251 | Avg Critic Loss: 0.0020 
	| Avg Length: 6.9219 | Avg Reward: 0.9356 
	| Avg Length: 6.8000 | Avg Reward: 0.9433
	| OG  Acc: 1.00  | Masked Acc: 0.98 | OG  F1: 1.00 | Masked F1: 0.98
Epoch 104
	| Avg Actor Loss: 0.0396 | Avg Critic Loss: 0.0021 
	| Avg Length: 5.8897 | Avg Reward: 0.9518 
	| Avg Length: 7.2142 | Avg Reward: 0.9412
	| OG  Acc: 1.00  | Masked Acc: 0.98 | OG  F1: 1.00 | Masked F1: 0.98
Epoch 105
	| Avg Actor Loss: 0.0163 | Avg Critic Loss: 0.0020 
	| Avg Length: 9.3516 | Avg Reward: 0.9266 
	| Avg Length: 7.1784 | Avg Reward: 0.9421
	| OG  Acc: 1.00  | Masked Acc: 0.98 | OG  F1: 1.00 | Masked F1: 0.98
Epoch 106
	| Avg Actor Loss: 0.0175 | Avg Critic Loss: 0.0018 
	| Avg Length: 8.1445 | Avg Reward: 0.9262 
	| Avg Length: 7.1244 | Avg Reward: 0.9417
	| OG  Acc: 1.00  | Masked Acc: 0.98 | OG  F1: 1.00 | Masked F1: 0.98
Epoch 107
	| Avg Actor Loss: 0.0184 | Avg Critic Loss: 0.0021 
	| Avg Length: 7.4883 | Avg Reward: 0.9324 
	| Avg Length: 7.4124 | Avg Reward: 0.9413
	| OG  Acc: 1.00  | Masked Acc: 0.98 | OG  F1: 1.00 | Masked F1: 0.98
Epoch 108
	| Avg Actor Loss: 0.0211 | Avg Critic Loss: 0.0019 
	| Avg Length: 7.5588 | Avg Reward: 0.9328 
	| Avg Length: 7.4114 | Avg Reward: 0.9417
	| OG  Acc: 1.00  | Masked Acc: 0.98 | OG  F1: 1.00 | Masked F1: 0.98
Epoch 109
	| Avg Actor Loss: 0.0250 | Avg Critic Loss: 0.0016 
	| Avg Length: 7.7852 | Avg Reward: 0.9336 
	| Avg Length: 7.3102 | Avg Reward: 0.9423
	| OG  Acc: 1.00  | Masked Acc: 0.98 | OG  F1: 1.00 | Masked F1: 0.98
Epoch 110
	| Avg Actor Loss: 0.0234 | Avg Critic Loss: 0.0015 
	| Avg Length: 7.7188 | Avg Reward: 0.9351 
	| Avg Length: 7.1824 | Avg Reward: 0.9428
	| OG  Acc: 1.00  | Masked Acc: 0.98 | OG  F1: 1.00 | Masked F1: 0.98
Epoch 111
	| Avg Actor Loss: 0.0399 | Avg Critic Loss: 0.0018 
	| Avg Length: 7.9453 | Avg Reward: 0.9327 
	| Avg Length: 7.0326 | Avg Reward: 0.9436
	| OG  Acc: 1.00  | Masked Acc: 0.98 | OG  F1: 1.00 | Masked F1: 0.98
Epoch 112
	| Avg Actor Loss: 0.0207 | Avg Critic Loss: 0.0019 
	| Avg Length: 7.4044 | Avg Reward: 0.9239 
	| Avg Length: 7.1038 | Avg Reward: 0.9438
	| OG  Acc: 1.00  | Masked Acc: 0.98 | OG  F1: 1.00 | Masked F1: 0.98
Epoch 113
	| Avg Actor Loss: 0.0217 | Avg Critic Loss: 0.0019 
	| Avg Length: 6.5195 | Avg Reward: 0.9376 
	| Avg Length: 6.9640 | Avg Reward: 0.9434
	| OG  Acc: 1.00  | Masked Acc: 0.98 | OG  F1: 1.00 | Masked F1: 0.98
Epoch 114
	| Avg Actor Loss: 0.0151 | Avg Critic Loss: 0.0019 
	| Avg Length: 7.6250 | Avg Reward: 0.9271 
	| Avg Length: 6.8212 | Avg Reward: 0.9447
	| OG  Acc: 1.00  | Masked Acc: 0.98 | OG  F1: 1.00 | Masked F1: 0.98
Epoch 115
	| Avg Actor Loss: 0.0204 | Avg Critic Loss: 0.0020 
	| Avg Length: 7.5977 | Avg Reward: 0.9319 
	| Avg Length: 6.8934 | Avg Reward: 0.9447
	| OG  Acc: 1.00  | Masked Acc: 0.98 | OG  F1: 1.00 | Masked F1: 0.98
Epoch 116
	| Avg Actor Loss: 0.0201 | Avg Critic Loss: 0.0018 
	| Avg Length: 8.2721 | Avg Reward: 0.9258 
	| Avg Length: 6.9558 | Avg Reward: 0.9443
	| OG  Acc: 1.00  | Masked Acc: 0.98 | OG  F1: 1.00 | Masked F1: 0.98
Epoch 117
	| Avg Actor Loss: 0.0099 | Avg Critic Loss: 0.0020 
	| Avg Length: 7.3984 | Avg Reward: 0.9324 
	| Avg Length: 7.0440 | Avg Reward: 0.9439
	| OG  Acc: 1.00  | Masked Acc: 0.98 | OG  F1: 1.00 | Masked F1: 0.98
Epoch 118
	| Avg Actor Loss: 0.0167 | Avg Critic Loss: 0.0017 
	| Avg Length: 8.3320 | Avg Reward: 0.9263 
	| Avg Length: 6.9440 | Avg Reward: 0.9448
	| OG  Acc: 1.00  | Masked Acc: 0.98 | OG  F1: 1.00 | Masked F1: 0.98
Epoch 119
	| Avg Actor Loss: 0.0222 | Avg Critic Loss: 0.0018 
	| Avg Length: 7.1562 | Avg Reward: 0.9300 
	| Avg Length: 6.9366 | Avg Reward: 0.9445
	| OG  Acc: 1.00  | Masked Acc: 0.98 | OG  F1: 1.00 | Masked F1: 0.98
Epoch 120
	| Avg Actor Loss: 0.0497 | Avg Critic Loss: 0.0018 
	| Avg Length: 6.8750 | Avg Reward: 0.9363 
	| Avg Length: 6.7828 | Avg Reward: 0.9452
	| OG  Acc: 1.00  | Masked Acc: 0.98 | OG  F1: 1.00 | Masked F1: 0.98
Epoch 121
	| Avg Actor Loss: 0.0274 | Avg Critic Loss: 0.0019 
	| Avg Length: 7.0039 | Avg Reward: 0.9295 
	| Avg Length: 6.9566 | Avg Reward: 0.9443
	| OG  Acc: 1.00  | Masked Acc: 0.98 | OG  F1: 1.00 | Masked F1: 0.98
Epoch 122
	| Avg Actor Loss: 0.0230 | Avg Critic Loss: 0.0019 
	| Avg Length: 6.9648 | Avg Reward: 0.9352 
	| Avg Length: 7.1326 | Avg Reward: 0.9439
	| OG  Acc: 1.00  | Masked Acc: 0.98 | OG  F1: 1.00 | Masked F1: 0.98
Epoch 123
	| Avg Actor Loss: 0.0191 | Avg Critic Loss: 0.0019 
	| Avg Length: 6.8047 | Avg Reward: 0.9372 
	| Avg Length: 7.1246 | Avg Reward: 0.9441
	| OG  Acc: 1.00  | Masked Acc: 0.98 | OG  F1: 1.00 | Masked F1: 0.98
Epoch 124
	| Avg Actor Loss: 0.0468 | Avg Critic Loss: 0.0016 
	| Avg Length: 7.8529 | Avg Reward: 0.9088 
	| Avg Length: 7.3612 | Avg Reward: 0.9421
	| OG  Acc: 1.00  | Masked Acc: 0.98 | OG  F1: 1.00 | Masked F1: 0.98
Epoch 125
	| Avg Actor Loss: 0.0200 | Avg Critic Loss: 0.0018 
	| Avg Length: 7.6875 | Avg Reward: 0.9256 
	| Avg Length: 7.0966 | Avg Reward: 0.9438
	| OG  Acc: 1.00  | Masked Acc: 0.98 | OG  F1: 1.00 | Masked F1: 0.98
Epoch 126
	| Avg Actor Loss: 0.0241 | Avg Critic Loss: 0.0017 
	| Avg Length: 7.4961 | Avg Reward: 0.9372 
	| Avg Length: 6.9954 | Avg Reward: 0.9437
	| OG  Acc: 1.00  | Masked Acc: 0.98 | OG  F1: 1.00 | Masked F1: 0.98
Epoch 127
	| Avg Actor Loss: 0.0224 | Avg Critic Loss: 0.0018 
	| Avg Length: 6.3672 | Avg Reward: 0.9419 
	| Avg Length: 6.8886 | Avg Reward: 0.9452
	| OG  Acc: 1.00  | Masked Acc: 0.98 | OG  F1: 1.00 | Masked F1: 0.98
Epoch 128
	| Avg Actor Loss: 0.0240 | Avg Critic Loss: 0.0019 
	| Avg Length: 7.8897 | Avg Reward: 0.9292 
	| Avg Length: 6.8330 | Avg Reward: 0.9458
	| OG  Acc: 1.00  | Masked Acc: 0.98 | OG  F1: 1.00 | Masked F1: 0.98
Epoch 129
	| Avg Actor Loss: 0.0246 | Avg Critic Loss: 0.0019 
	| Avg Length: 7.2383 | Avg Reward: 0.9388 
	| Avg Length: 7.1522 | Avg Reward: 0.9452
	| OG  Acc: 1.00  | Masked Acc: 0.99 | OG  F1: 1.00 | Masked F1: 0.99
Epoch 130
	| Avg Actor Loss: 0.0149 | Avg Critic Loss: 0.0018 
	| Avg Length: 8.3008 | Avg Reward: 0.9180 
	| Avg Length: 7.0208 | Avg Reward: 0.9455
	| OG  Acc: 1.00  | Masked Acc: 0.98 | OG  F1: 1.00 | Masked F1: 0.98
Epoch 131
	| Avg Actor Loss: 0.0268 | Avg Critic Loss: 0.0018 
	| Avg Length: 7.4844 | Avg Reward: 0.9362 
	| Avg Length: 7.1590 | Avg Reward: 0.9445
	| OG  Acc: 1.00  | Masked Acc: 0.98 | OG  F1: 1.00 | Masked F1: 0.99
Epoch 132
	| Avg Actor Loss: 0.0237 | Avg Critic Loss: 0.0018 
	| Avg Length: 8.3529 | Avg Reward: 0.9271 
	| Avg Length: 7.2562 | Avg Reward: 0.9448
	| OG  Acc: 1.00  | Masked Acc: 0.99 | OG  F1: 1.00 | Masked F1: 0.99
Epoch 133
	| Avg Actor Loss: 0.0198 | Avg Critic Loss: 0.0018 
	| Avg Length: 8.2383 | Avg Reward: 0.9155 
	| Avg Length: 7.2428 | Avg Reward: 0.9448
	| OG  Acc: 1.00  | Masked Acc: 0.99 | OG  F1: 1.00 | Masked F1: 0.99
Epoch 134
	| Avg Actor Loss: 0.0231 | Avg Critic Loss: 0.0016 
	| Avg Length: 8.8242 | Avg Reward: 0.9341 
	| Avg Length: 7.2220 | Avg Reward: 0.9445
	| OG  Acc: 1.00  | Masked Acc: 0.98 | OG  F1: 1.00 | Masked F1: 0.99
Epoch 135
	| Avg Actor Loss: 0.0240 | Avg Critic Loss: 0.0016 
	| Avg Length: 7.3555 | Avg Reward: 0.9342 
	| Avg Length: 7.1186 | Avg Reward: 0.9454
	| OG  Acc: 1.00  | Masked Acc: 0.99 | OG  F1: 1.00 | Masked F1: 0.99
Epoch 136
	| Avg Actor Loss: 0.0514 | Avg Critic Loss: 0.0016 
	| Avg Length: 7.9559 | Avg Reward: 0.9220 
	| Avg Length: 7.1248 | Avg Reward: 0.9450
	| OG  Acc: 1.00  | Masked Acc: 0.99 | OG  F1: 1.00 | Masked F1: 0.99
Epoch 137
	| Avg Actor Loss: 0.0140 | Avg Critic Loss: 0.0017 
	| Avg Length: 6.9570 | Avg Reward: 0.9435 
	| Avg Length: 7.2626 | Avg Reward: 0.9445
	| OG  Acc: 1.00  | Masked Acc: 0.99 | OG  F1: 1.00 | Masked F1: 0.99
Epoch 138
	| Avg Actor Loss: 0.0237 | Avg Critic Loss: 0.0016 
	| Avg Length: 7.5234 | Avg Reward: 0.9373 
	| Avg Length: 7.2384 | Avg Reward: 0.9446
	| OG  Acc: 1.00  | Masked Acc: 0.99 | OG  F1: 1.00 | Masked F1: 0.99
Epoch 139
	| Avg Actor Loss: 0.0210 | Avg Critic Loss: 0.0016 
	| Avg Length: 7.0117 | Avg Reward: 0.9440 
	| Avg Length: 7.2126 | Avg Reward: 0.9444
	| OG  Acc: 1.00  | Masked Acc: 0.98 | OG  F1: 1.00 | Masked F1: 0.99
Epoch 140
	| Avg Actor Loss: 0.0135 | Avg Critic Loss: 0.0016 
	| Avg Length: 8.5074 | Avg Reward: 0.9306 
	| Avg Length: 7.0398 | Avg Reward: 0.9450
	| OG  Acc: 1.00  | Masked Acc: 0.98 | OG  F1: 1.00 | Masked F1: 0.98
Epoch 141
	| Avg Actor Loss: 0.0162 | Avg Critic Loss: 0.0017 
	| Avg Length: 7.7148 | Avg Reward: 0.9313 
	| Avg Length: 6.9300 | Avg Reward: 0.9456
	| OG  Acc: 1.00  | Masked Acc: 0.98 | OG  F1: 1.00 | Masked F1: 0.98
Epoch 142
	| Avg Actor Loss: 0.0440 | Avg Critic Loss: 0.0018 
	| Avg Length: 6.5508 | Avg Reward: 0.9344 
	| Avg Length: 7.1372 | Avg Reward: 0.9457
	| OG  Acc: 1.00  | Masked Acc: 0.99 | OG  F1: 1.00 | Masked F1: 0.99
Epoch 143
	| Avg Actor Loss: 0.0359 | Avg Critic Loss: 0.0017 
	| Avg Length: 8.7148 | Avg Reward: 0.9265 
	| Avg Length: 7.1742 | Avg Reward: 0.9456
	| OG  Acc: 1.00  | Masked Acc: 0.99 | OG  F1: 1.00 | Masked F1: 0.99
Epoch 144
	| Avg Actor Loss: 0.0210 | Avg Critic Loss: 0.0017 
	| Avg Length: 9.0809 | Avg Reward: 0.9311 
	| Avg Length: 7.1914 | Avg Reward: 0.9453
	| OG  Acc: 1.00  | Masked Acc: 0.99 | OG  F1: 1.00 | Masked F1: 0.99
Epoch 145
	| Avg Actor Loss: 0.0192 | Avg Critic Loss: 0.0016 
	| Avg Length: 8.8203 | Avg Reward: 0.9234 
	| Avg Length: 7.2444 | Avg Reward: 0.9456
	| OG  Acc: 1.00  | Masked Acc: 0.99 | OG  F1: 1.00 | Masked F1: 0.99
Epoch 146
	| Avg Actor Loss: 0.0209 | Avg Critic Loss: 0.0015 
	| Avg Length: 6.8867 | Avg Reward: 0.9368 
	| Avg Length: 7.1018 | Avg Reward: 0.9458
	| OG  Acc: 1.00  | Masked Acc: 0.99 | OG  F1: 1.00 | Masked F1: 0.99
Epoch 147
	| Avg Actor Loss: 0.0222 | Avg Critic Loss: 0.0015 
	| Avg Length: 7.0430 | Avg Reward: 0.9381 
	| Avg Length: 7.1488 | Avg Reward: 0.9455
	| OG  Acc: 1.00  | Masked Acc: 0.99 | OG  F1: 1.00 | Masked F1: 0.99
Epoch 148
	| Avg Actor Loss: 0.0303 | Avg Critic Loss: 0.0016 
	| Avg Length: 7.0221 | Avg Reward: 0.9448 
	| Avg Length: 7.2612 | Avg Reward: 0.9454
	| OG  Acc: 1.00  | Masked Acc: 0.99 | OG  F1: 1.00 | Masked F1: 0.99
Epoch 149
	| Avg Actor Loss: 0.0195 | Avg Critic Loss: 0.0015 
	| Avg Length: 8.2344 | Avg Reward: 0.9297 
	| Avg Length: 7.1480 | Avg Reward: 0.9459
	| OG  Acc: 1.00  | Masked Acc: 0.99 | OG  F1: 1.00 | Masked F1: 0.99
Epoch 150
	| Avg Actor Loss: 0.0123 | Avg Critic Loss: 0.0014 
	| Avg Length: 6.6094 | Avg Reward: 0.9378 
	| Avg Length: 7.0174 | Avg Reward: 0.9457
	| OG  Acc: 1.00  | Masked Acc: 0.98 | OG  F1: 1.00 | Masked F1: 0.99
Epoch 151
	| Avg Actor Loss: 0.0167 | Avg Critic Loss: 0.0017 
	| Avg Length: 6.9648 | Avg Reward: 0.9377 
	| Avg Length: 7.0778 | Avg Reward: 0.9462
	| OG  Acc: 1.00  | Masked Acc: 0.99 | OG  F1: 1.00 | Masked F1: 0.99
Epoch 152
	| Avg Actor Loss: 0.0210 | Avg Critic Loss: 0.0016 
	| Avg Length: 6.7574 | Avg Reward: 0.9351 
	| Avg Length: 7.0770 | Avg Reward: 0.9462
	| OG  Acc: 1.00  | Masked Acc: 0.99 | OG  F1: 1.00 | Masked F1: 0.99
Epoch 153
	| Avg Actor Loss: 0.0162 | Avg Critic Loss: 0.0016 
	| Avg Length: 7.3594 | Avg Reward: 0.9303 
	| Avg Length: 6.9674 | Avg Reward: 0.9469
	| OG  Acc: 1.00  | Masked Acc: 0.99 | OG  F1: 1.00 | Masked F1: 0.99
Epoch 154
	| Avg Actor Loss: 0.0242 | Avg Critic Loss: 0.0016 
	| Avg Length: 7.4922 | Avg Reward: 0.9402 
	| Avg Length: 6.9492 | Avg Reward: 0.9471
	| OG  Acc: 1.00  | Masked Acc: 0.99 | OG  F1: 1.00 | Masked F1: 0.99
Epoch 155
	| Avg Actor Loss: 0.0161 | Avg Critic Loss: 0.0018 
	| Avg Length: 7.1367 | Avg Reward: 0.9340 
	| Avg Length: 7.1590 | Avg Reward: 0.9461
	| OG  Acc: 1.00  | Masked Acc: 0.99 | OG  F1: 1.00 | Masked F1: 0.99
Epoch 156
	| Avg Actor Loss: 0.0141 | Avg Critic Loss: 0.0016 
	| Avg Length: 8.5588 | Avg Reward: 0.9288 
	| Avg Length: 7.0948 | Avg Reward: 0.9464
	| OG  Acc: 1.00  | Masked Acc: 0.99 | OG  F1: 1.00 | Masked F1: 0.99
Epoch 157
	| Avg Actor Loss: 0.0310 | Avg Critic Loss: 0.0015 
	| Avg Length: 7.8320 | Avg Reward: 0.9384 
	| Avg Length: 6.9904 | Avg Reward: 0.9467
	| OG  Acc: 1.00  | Masked Acc: 0.99 | OG  F1: 1.00 | Masked F1: 0.99
Epoch 158
	| Avg Actor Loss: 0.0254 | Avg Critic Loss: 0.0017 
	| Avg Length: 6.4727 | Avg Reward: 0.9449 
	| Avg Length: 7.1356 | Avg Reward: 0.9466
	| OG  Acc: 1.00  | Masked Acc: 0.99 | OG  F1: 1.00 | Masked F1: 0.99
Epoch 159
	| Avg Actor Loss: 0.0362 | Avg Critic Loss: 0.0016 
	| Avg Length: 8.6250 | Avg Reward: 0.9289 
	| Avg Length: 7.1514 | Avg Reward: 0.9468
	| OG  Acc: 1.00  | Masked Acc: 0.99 | OG  F1: 1.00 | Masked F1: 0.99
Epoch 160
	| Avg Actor Loss: 0.0261 | Avg Critic Loss: 0.0016 
	| Avg Length: 8.0368 | Avg Reward: 0.9350 
	| Avg Length: 7.0480 | Avg Reward: 0.9472
	| OG  Acc: 1.00  | Masked Acc: 0.99 | OG  F1: 1.00 | Masked F1: 0.99
Epoch 161
	| Avg Actor Loss: 0.0165 | Avg Critic Loss: 0.0016 
	| Avg Length: 7.4297 | Avg Reward: 0.9307 
	| Avg Length: 7.0116 | Avg Reward: 0.9461
	| OG  Acc: 1.00  | Masked Acc: 0.99 | OG  F1: 1.00 | Masked F1: 0.99
Epoch 162
	| Avg Actor Loss: 0.0242 | Avg Critic Loss: 0.0013 
	| Avg Length: 6.7188 | Avg Reward: 0.9470 
	| Avg Length: 6.9890 | Avg Reward: 0.9470
	| OG  Acc: 1.00  | Masked Acc: 0.99 | OG  F1: 1.00 | Masked F1: 0.99
Epoch 163
	| Avg Actor Loss: 0.0293 | Avg Critic Loss: 0.0017 
	| Avg Length: 7.1914 | Avg Reward: 0.9324 
	| Avg Length: 7.1224 | Avg Reward: 0.9466
	| OG  Acc: 1.00  | Masked Acc: 0.99 | OG  F1: 1.00 | Masked F1: 0.99
Epoch 164
	| Avg Actor Loss: 0.0192 | Avg Critic Loss: 0.0016 
	| Avg Length: 8.5074 | Avg Reward: 0.9304 
	| Avg Length: 7.2052 | Avg Reward: 0.9457
	| OG  Acc: 1.00  | Masked Acc: 0.99 | OG  F1: 1.00 | Masked F1: 0.99
Epoch 165
	| Avg Actor Loss: 0.0278 | Avg Critic Loss: 0.0016 
	| Avg Length: 8.5234 | Avg Reward: 0.9314 
	| Avg Length: 7.2940 | Avg Reward: 0.9457
	| OG  Acc: 1.00  | Masked Acc: 0.99 | OG  F1: 1.00 | Masked F1: 0.99
Epoch 166
	| Avg Actor Loss: 0.0237 | Avg Critic Loss: 0.0016 
	| Avg Length: 7.1445 | Avg Reward: 0.9430 
	| Avg Length: 7.3706 | Avg Reward: 0.9453
	| OG  Acc: 1.00  | Masked Acc: 0.99 | OG  F1: 1.00 | Masked F1: 0.99
Epoch 167
	| Avg Actor Loss: 0.0188 | Avg Critic Loss: 0.0015 
	| Avg Length: 7.8828 | Avg Reward: 0.9342 
	| Avg Length: 7.3394 | Avg Reward: 0.9457
	| OG  Acc: 1.00  | Masked Acc: 0.99 | OG  F1: 1.00 | Masked F1: 0.99
Epoch 168
	| Avg Actor Loss: 0.0466 | Avg Critic Loss: 0.0015 
	| Avg Length: 7.5368 | Avg Reward: 0.9404 
	| Avg Length: 7.4616 | Avg Reward: 0.9435
	| OG  Acc: 1.00  | Masked Acc: 0.99 | OG  F1: 1.00 | Masked F1: 0.99
Epoch 169
	| Avg Actor Loss: 0.0207 | Avg Critic Loss: 0.0014 
	| Avg Length: 8.4688 | Avg Reward: 0.9304 
	| Avg Length: 7.4266 | Avg Reward: 0.9450
	| OG  Acc: 1.00  | Masked Acc: 0.99 | OG  F1: 1.00 | Masked F1: 0.99
Epoch 170
	| Avg Actor Loss: 0.0871 | Avg Critic Loss: 0.0012 
	| Avg Length: 7.6836 | Avg Reward: 0.9299 
	| Avg Length: 7.5472 | Avg Reward: 0.9443
	| OG  Acc: 1.00  | Masked Acc: 0.99 | OG  F1: 1.00 | Masked F1: 0.99
Epoch 171
	| Avg Actor Loss: 0.0206 | Avg Critic Loss: 0.0017 
	| Avg Length: 8.8320 | Avg Reward: 0.9333 
	| Avg Length: 7.4186 | Avg Reward: 0.9452
	| OG  Acc: 1.00  | Masked Acc: 0.99 | OG  F1: 1.00 | Masked F1: 0.99
Epoch 172
	| Avg Actor Loss: 0.0194 | Avg Critic Loss: 0.0015 
	| Avg Length: 8.0735 | Avg Reward: 0.9301 
	| Avg Length: 7.3606 | Avg Reward: 0.9456
	| OG  Acc: 1.00  | Masked Acc: 0.99 | OG  F1: 1.00 | Masked F1: 0.99
Epoch 173
	| Avg Actor Loss: 0.0230 | Avg Critic Loss: 0.0015 
	| Avg Length: 8.5664 | Avg Reward: 0.9305 
	| Avg Length: 7.2958 | Avg Reward: 0.9456
	| OG  Acc: 1.00  | Masked Acc: 0.99 | OG  F1: 1.00 | Masked F1: 0.99
Epoch 174
	| Avg Actor Loss: 0.0171 | Avg Critic Loss: 0.0016 
	| Avg Length: 7.6719 | Avg Reward: 0.9381 
	| Avg Length: 7.3082 | Avg Reward: 0.9456
	| OG  Acc: 1.00  | Masked Acc: 0.99 | OG  F1: 1.00 | Masked F1: 0.99
Epoch 175
	| Avg Actor Loss: 0.0161 | Avg Critic Loss: 0.0015 
	| Avg Length: 7.3633 | Avg Reward: 0.9381 
	| Avg Length: 7.2524 | Avg Reward: 0.9456
	| OG  Acc: 1.00  | Masked Acc: 0.99 | OG  F1: 1.00 | Masked F1: 0.99
Epoch 176
	| Avg Actor Loss: 0.0261 | Avg Critic Loss: 0.0016 
	| Avg Length: 8.5000 | Avg Reward: 0.9278 
	| Avg Length: 7.2378 | Avg Reward: 0.9451
	| OG  Acc: 1.00  | Masked Acc: 0.99 | OG  F1: 1.00 | Masked F1: 0.99
Epoch 177
	| Avg Actor Loss: 0.0206 | Avg Critic Loss: 0.0014 
	| Avg Length: 8.8203 | Avg Reward: 0.9269 
	| Avg Length: 7.2300 | Avg Reward: 0.9457
	| OG  Acc: 1.00  | Masked Acc: 0.99 | OG  F1: 1.00 | Masked F1: 0.99
Epoch 178
	| Avg Actor Loss: 0.0207 | Avg Critic Loss: 0.0015 
	| Avg Length: 8.4141 | Avg Reward: 0.9277 
	| Avg Length: 7.1490 | Avg Reward: 0.9460
	| OG  Acc: 1.00  | Masked Acc: 0.99 | OG  F1: 1.00 | Masked F1: 0.99
Epoch 179
	| Avg Actor Loss: 0.0188 | Avg Critic Loss: 0.0015 
	| Avg Length: 7.0898 | Avg Reward: 0.9472 
	| Avg Length: 7.1144 | Avg Reward: 0.9461
	| OG  Acc: 1.00  | Masked Acc: 0.99 | OG  F1: 1.00 | Masked F1: 0.99
Epoch 180
	| Avg Actor Loss: 0.0195 | Avg Critic Loss: 0.0015 
	| Avg Length: 8.4706 | Avg Reward: 0.9264 
	| Avg Length: 7.1306 | Avg Reward: 0.9464
	| OG  Acc: 1.00  | Masked Acc: 0.99 | OG  F1: 1.00 | Masked F1: 0.99
Epoch 181
	| Avg Actor Loss: 0.0257 | Avg Critic Loss: 0.0015 
	| Avg Length: 7.7422 | Avg Reward: 0.9311 
	| Avg Length: 7.0174 | Avg Reward: 0.9472
	| OG  Acc: 1.00  | Masked Acc: 0.99 | OG  F1: 1.00 | Masked F1: 0.99
Epoch 182
	| Avg Actor Loss: 0.0230 | Avg Critic Loss: 0.0016 
	| Avg Length: 6.6055 | Avg Reward: 0.9408 
	| Avg Length: 7.0618 | Avg Reward: 0.9464
	| OG  Acc: 1.00  | Masked Acc: 0.99 | OG  F1: 1.00 | Masked F1: 0.99
Epoch 183
	| Avg Actor Loss: 0.0293 | Avg Critic Loss: 0.0016 
	| Avg Length: 6.7969 | Avg Reward: 0.9360 
	| Avg Length: 7.1156 | Avg Reward: 0.9462
	| OG  Acc: 1.00  | Masked Acc: 0.99 | OG  F1: 1.00 | Masked F1: 0.99
Epoch 184
	| Avg Actor Loss: 0.0214 | Avg Critic Loss: 0.0016 
	| Avg Length: 9.0221 | Avg Reward: 0.9295 
	| Avg Length: 7.0834 | Avg Reward: 0.9464
	| OG  Acc: 1.00  | Masked Acc: 0.99 | OG  F1: 1.00 | Masked F1: 0.99
Epoch 185
	| Avg Actor Loss: 0.0197 | Avg Critic Loss: 0.0015 
	| Avg Length: 7.2422 | Avg Reward: 0.9339 
	| Avg Length: 7.0916 | Avg Reward: 0.9465
	| OG  Acc: 1.00  | Masked Acc: 0.99 | OG  F1: 1.00 | Masked F1: 0.99
Epoch 186
	| Avg Actor Loss: 0.0204 | Avg Critic Loss: 0.0014 
	| Avg Length: 7.9570 | Avg Reward: 0.9303 
	| Avg Length: 7.0810 | Avg Reward: 0.9469
	| OG  Acc: 1.00  | Masked Acc: 0.99 | OG  F1: 1.00 | Masked F1: 0.99
Epoch 187
	| Avg Actor Loss: 0.0307 | Avg Critic Loss: 0.0016 
	| Avg Length: 8.6758 | Avg Reward: 0.9214 
	| Avg Length: 7.1306 | Avg Reward: 0.9468
	| OG  Acc: 1.00  | Masked Acc: 0.99 | OG  F1: 1.00 | Masked F1: 0.99
Epoch 188
	| Avg Actor Loss: 0.0203 | Avg Critic Loss: 0.0017 
	| Avg Length: 8.7132 | Avg Reward: 0.9197 
	| Avg Length: 7.2138 | Avg Reward: 0.9466
	| OG  Acc: 1.00  | Masked Acc: 0.99 | OG  F1: 1.00 | Masked F1: 0.99
Epoch 189
	| Avg Actor Loss: 0.0236 | Avg Critic Loss: 0.0014 
	| Avg Length: 7.9336 | Avg Reward: 0.9295 
	| Avg Length: 7.2498 | Avg Reward: 0.9461
	| OG  Acc: 1.00  | Masked Acc: 0.99 | OG  F1: 1.00 | Masked F1: 0.99
Epoch 190
	| Avg Actor Loss: 0.0202 | Avg Critic Loss: 0.0013 
	| Avg Length: 7.7305 | Avg Reward: 0.9367 
	| Avg Length: 7.2440 | Avg Reward: 0.9459
	| OG  Acc: 1.00  | Masked Acc: 0.99 | OG  F1: 1.00 | Masked F1: 0.99
Epoch 191
	| Avg Actor Loss: 0.0257 | Avg Critic Loss: 0.0013 
	| Avg Length: 8.0273 | Avg Reward: 0.9337 
	| Avg Length: 7.2008 | Avg Reward: 0.9464
	| OG  Acc: 1.00  | Masked Acc: 0.99 | OG  F1: 1.00 | Masked F1: 0.99
Epoch 192
	| Avg Actor Loss: 0.0233 | Avg Critic Loss: 0.0015 
	| Avg Length: 7.5294 | Avg Reward: 0.9302 
	| Avg Length: 7.1218 | Avg Reward: 0.9469
	| OG  Acc: 1.00  | Masked Acc: 0.99 | OG  F1: 1.00 | Masked F1: 0.99
Epoch 193
	| Avg Actor Loss: 0.0206 | Avg Critic Loss: 0.0015 
	| Avg Length: 7.7773 | Avg Reward: 0.9373 
	| Avg Length: 7.1270 | Avg Reward: 0.9469
	| OG  Acc: 1.00  | Masked Acc: 0.99 | OG  F1: 1.00 | Masked F1: 0.99
Epoch 194
	| Avg Actor Loss: 0.0181 | Avg Critic Loss: 0.0015 
	| Avg Length: 6.5625 | Avg Reward: 0.9445 
	| Avg Length: 7.1616 | Avg Reward: 0.9468
	| OG  Acc: 1.00  | Masked Acc: 0.99 | OG  F1: 1.00 | Masked F1: 0.99
Epoch 195
	| Avg Actor Loss: 0.0166 | Avg Critic Loss: 0.0015 
	| Avg Length: 5.9570 | Avg Reward: 0.9507 
	| Avg Length: 7.1822 | Avg Reward: 0.9468
	| OG  Acc: 1.00  | Masked Acc: 0.99 | OG  F1: 1.00 | Masked F1: 0.99
Epoch 196
	| Avg Actor Loss: 0.0193 | Avg Critic Loss: 0.0016 
	| Avg Length: 8.1618 | Avg Reward: 0.9307 
	| Avg Length: 7.1426 | Avg Reward: 0.9469
	| OG  Acc: 1.00  | Masked Acc: 0.99 | OG  F1: 1.00 | Masked F1: 0.99
Epoch 197
	| Avg Actor Loss: 0.0216 | Avg Critic Loss: 0.0014 
	| Avg Length: 7.2227 | Avg Reward: 0.9388 
	| Avg Length: 7.1386 | Avg Reward: 0.9469
	| OG  Acc: 1.00  | Masked Acc: 0.99 | OG  F1: 1.00 | Masked F1: 0.99
Epoch 198
	| Avg Actor Loss: 0.0242 | Avg Critic Loss: 0.0014 
	| Avg Length: 7.4062 | Avg Reward: 0.9335 
	| Avg Length: 7.1526 | Avg Reward: 0.9464
	| OG  Acc: 1.00  | Masked Acc: 0.99 | OG  F1: 1.00 | Masked F1: 0.99
Epoch 199
	| Avg Actor Loss: 0.0278 | Avg Critic Loss: 0.0016 
	| Avg Length: 7.5312 | Avg Reward: 0.9371 
	| Avg Length: 7.1938 | Avg Reward: 0.9458
	| OG  Acc: 1.00  | Masked Acc: 0.99 | OG  F1: 1.00 | Masked F1: 0.99
Epoch 200
	| Avg Actor Loss: 0.0207 | Avg Critic Loss: 0.0016 
	| Avg Length: 7.7353 | Avg Reward: 0.9384 
	| Avg Length: 7.1622 | Avg Reward: 0.9461
	| OG  Acc: 1.00  | Masked Acc: 0.99 | OG  F1: 1.00 | Masked F1: 0.99
 F1: 0.99
