Epoch 01
	| Avg Actor Loss: -0.0014 | Avg Critic Loss: 0.0122 
	| Avg Length: 1.5859 | Avg Reward: 0.5339 
	| Avg Length: 1.0000 | Avg Reward: 0.5298
	| OG  Acc: 1.00  | Masked Acc: 0.34 | OG  F1: 1.00 | Masked F1: 0.18
Epoch 02
	| Avg Actor Loss: -0.0054 | Avg Critic Loss: 0.0043 
	| Avg Length: 1.4805 | Avg Reward: 0.5278 
	| Avg Length: 1.0000 | Avg Reward: 0.5293
	| OG  Acc: 1.00  | Masked Acc: 0.34 | OG  F1: 1.00 | Masked F1: 0.18
Epoch 03
	| Avg Actor Loss: -0.0077 | Avg Critic Loss: 0.0033 
	| Avg Length: 1.5625 | Avg Reward: 0.5176 
	| Avg Length: 1.0000 | Avg Reward: 0.5298
	| OG  Acc: 1.00  | Masked Acc: 0.34 | OG  F1: 1.00 | Masked F1: 0.18
Epoch 04
	| Avg Actor Loss: -0.0115 | Avg Critic Loss: 0.0033 
	| Avg Length: 1.5809 | Avg Reward: 0.5127 
	| Avg Length: 1.0000 | Avg Reward: 0.5315
	| OG  Acc: 1.00  | Masked Acc: 0.34 | OG  F1: 1.00 | Masked F1: 0.19
Epoch 05
	| Avg Actor Loss: -0.0113 | Avg Critic Loss: 0.0030 
	| Avg Length: 1.5703 | Avg Reward: 0.5417 
	| Avg Length: 1.0000 | Avg Reward: 0.5322
	| OG  Acc: 1.00  | Masked Acc: 0.34 | OG  F1: 1.00 | Masked F1: 0.19
Epoch 06
	| Avg Actor Loss: -0.0141 | Avg Critic Loss: 0.0033 
	| Avg Length: 1.4414 | Avg Reward: 0.5487 
	| Avg Length: 1.0000 | Avg Reward: 0.5322
	| OG  Acc: 1.00  | Masked Acc: 0.34 | OG  F1: 1.00 | Masked F1: 0.19
Epoch 07
	| Avg Actor Loss: -0.0130 | Avg Critic Loss: 0.0037 
	| Avg Length: 1.4531 | Avg Reward: 0.5543 
	| Avg Length: 1.0000 | Avg Reward: 0.5334
	| OG  Acc: 1.00  | Masked Acc: 0.35 | OG  F1: 1.00 | Masked F1: 0.19
Epoch 08
	| Avg Actor Loss: -0.0079 | Avg Critic Loss: 0.0034 
	| Avg Length: 1.3603 | Avg Reward: 0.6037 
	| Avg Length: 1.0374 | Avg Reward: 0.5384
	| OG  Acc: 1.00  | Masked Acc: 0.35 | OG  F1: 1.00 | Masked F1: 0.21
Epoch 09
	| Avg Actor Loss: -0.0176 | Avg Critic Loss: 0.0038 
	| Avg Length: 1.3945 | Avg Reward: 0.5847 
	| Avg Length: 1.0714 | Avg Reward: 0.5437
	| OG  Acc: 1.00  | Masked Acc: 0.36 | OG  F1: 1.00 | Masked F1: 0.22
Epoch 10
	| Avg Actor Loss: -0.0152 | Avg Critic Loss: 0.0041 
	| Avg Length: 1.4609 | Avg Reward: 0.5770 
	| Avg Length: 1.0892 | Avg Reward: 0.5486
	| OG  Acc: 1.00  | Masked Acc: 0.37 | OG  F1: 1.00 | Masked F1: 0.24
Epoch 11
	| Avg Actor Loss: -0.0123 | Avg Critic Loss: 0.0036 
	| Avg Length: 1.4062 | Avg Reward: 0.5739 
	| Avg Length: 1.1340 | Avg Reward: 0.5566
	| OG  Acc: 1.00  | Masked Acc: 0.38 | OG  F1: 1.00 | Masked F1: 0.26
Epoch 12
	| Avg Actor Loss: -0.0128 | Avg Critic Loss: 0.0046 
	| Avg Length: 1.4118 | Avg Reward: 0.5484 
	| Avg Length: 1.1740 | Avg Reward: 0.5607
	| OG  Acc: 1.00  | Masked Acc: 0.38 | OG  F1: 1.00 | Masked F1: 0.27
Epoch 13
	| Avg Actor Loss: -0.0066 | Avg Critic Loss: 0.0042 
	| Avg Length: 1.4258 | Avg Reward: 0.5287 
	| Avg Length: 1.2022 | Avg Reward: 0.5586
	| OG  Acc: 1.00  | Masked Acc: 0.38 | OG  F1: 1.00 | Masked F1: 0.26
Epoch 14
	| Avg Actor Loss: -0.0070 | Avg Critic Loss: 0.0052 
	| Avg Length: 1.3828 | Avg Reward: 0.5505 
	| Avg Length: 1.2682 | Avg Reward: 0.5667
	| OG  Acc: 1.00  | Masked Acc: 0.39 | OG  F1: 1.00 | Masked F1: 0.29
Epoch 15
	| Avg Actor Loss: -0.0135 | Avg Critic Loss: 0.0045 
	| Avg Length: 1.6484 | Avg Reward: 0.5560 
	| Avg Length: 1.3588 | Avg Reward: 0.5797
	| OG  Acc: 1.00  | Masked Acc: 0.41 | OG  F1: 1.00 | Masked F1: 0.32
Epoch 16
	| Avg Actor Loss: -0.0096 | Avg Critic Loss: 0.0051 
	| Avg Length: 1.5515 | Avg Reward: 0.5381 
	| Avg Length: 1.4118 | Avg Reward: 0.5943
	| OG  Acc: 1.00  | Masked Acc: 0.43 | OG  F1: 1.00 | Masked F1: 0.36
Epoch 17
	| Avg Actor Loss: -0.0033 | Avg Critic Loss: 0.0055 
	| Avg Length: 1.8594 | Avg Reward: 0.5704 
	| Avg Length: 1.5302 | Avg Reward: 0.5955
	| OG  Acc: 1.00  | Masked Acc: 0.44 | OG  F1: 1.00 | Masked F1: 0.36
Epoch 18
	| Avg Actor Loss: -0.0062 | Avg Critic Loss: 0.0058 
	| Avg Length: 1.9844 | Avg Reward: 0.6118 
	| Avg Length: 1.6634 | Avg Reward: 0.6008
	| OG  Acc: 1.00  | Masked Acc: 0.45 | OG  F1: 1.00 | Masked F1: 0.37
Epoch 19
	| Avg Actor Loss: -0.0058 | Avg Critic Loss: 0.0059 
	| Avg Length: 2.1523 | Avg Reward: 0.5811 
	| Avg Length: 1.7174 | Avg Reward: 0.6073
	| OG  Acc: 1.00  | Masked Acc: 0.45 | OG  F1: 1.00 | Masked F1: 0.39
Epoch 20
	| Avg Actor Loss: 0.0003 | Avg Critic Loss: 0.0052 
	| Avg Length: 2.7574 | Avg Reward: 0.6398 
	| Avg Length: 1.7720 | Avg Reward: 0.6122
	| OG  Acc: 1.00  | Masked Acc: 0.46 | OG  F1: 1.00 | Masked F1: 0.40
Epoch 21
	| Avg Actor Loss: -0.0140 | Avg Critic Loss: 0.0064 
	| Avg Length: 1.9258 | Avg Reward: 0.6070 
	| Avg Length: 1.8960 | Avg Reward: 0.6177
	| OG  Acc: 1.00  | Masked Acc: 0.47 | OG  F1: 1.00 | Masked F1: 0.41
Epoch 22
	| Avg Actor Loss: -0.0053 | Avg Critic Loss: 0.0068 
	| Avg Length: 2.5352 | Avg Reward: 0.6196 
	| Avg Length: 2.0742 | Avg Reward: 0.6304
	| OG  Acc: 1.00  | Masked Acc: 0.49 | OG  F1: 1.00 | Masked F1: 0.44
Epoch 23
	| Avg Actor Loss: -0.0100 | Avg Critic Loss: 0.0077 
	| Avg Length: 2.9102 | Avg Reward: 0.6088 
	| Avg Length: 2.0724 | Avg Reward: 0.6317
	| OG  Acc: 1.00  | Masked Acc: 0.49 | OG  F1: 1.00 | Masked F1: 0.45
Epoch 24
	| Avg Actor Loss: 0.0119 | Avg Critic Loss: 0.0077 
	| Avg Length: 2.5441 | Avg Reward: 0.6239 
	| Avg Length: 2.3446 | Avg Reward: 0.6439
	| OG  Acc: 1.00  | Masked Acc: 0.51 | OG  F1: 1.00 | Masked F1: 0.47
Epoch 25
	| Avg Actor Loss: 0.0063 | Avg Critic Loss: 0.0087 
	| Avg Length: 3.1758 | Avg Reward: 0.6175 
	| Avg Length: 2.5206 | Avg Reward: 0.6442
	| OG  Acc: 1.00  | Masked Acc: 0.51 | OG  F1: 1.00 | Masked F1: 0.47
Epoch 26
	| Avg Actor Loss: -0.0135 | Avg Critic Loss: 0.0101 
	| Avg Length: 3.6094 | Avg Reward: 0.6286 
	| Avg Length: 2.6808 | Avg Reward: 0.6544
	| OG  Acc: 1.00  | Masked Acc: 0.53 | OG  F1: 1.00 | Masked F1: 0.50
Epoch 27
	| Avg Actor Loss: -0.0031 | Avg Critic Loss: 0.0102 
	| Avg Length: 3.1641 | Avg Reward: 0.6280 
	| Avg Length: 2.8550 | Avg Reward: 0.6665
	| OG  Acc: 1.00  | Masked Acc: 0.54 | OG  F1: 1.00 | Masked F1: 0.52
Epoch 28
	| Avg Actor Loss: 0.0001 | Avg Critic Loss: 0.0104 
	| Avg Length: 3.0147 | Avg Reward: 0.6122 
	| Avg Length: 3.2134 | Avg Reward: 0.6730
	| OG  Acc: 1.00  | Masked Acc: 0.56 | OG  F1: 1.00 | Masked F1: 0.53
Epoch 29
	| Avg Actor Loss: -0.0127 | Avg Critic Loss: 0.0120 
	| Avg Length: 4.3594 | Avg Reward: 0.6949 
	| Avg Length: 3.4240 | Avg Reward: 0.6836
	| OG  Acc: 1.00  | Masked Acc: 0.57 | OG  F1: 1.00 | Masked F1: 0.55
Epoch 30
	| Avg Actor Loss: -0.0103 | Avg Critic Loss: 0.0115 
	| Avg Length: 4.9219 | Avg Reward: 0.6574 
	| Avg Length: 3.6074 | Avg Reward: 0.6914
	| OG  Acc: 1.00  | Masked Acc: 0.58 | OG  F1: 1.00 | Masked F1: 0.57
Epoch 31
	| Avg Actor Loss: 0.0323 | Avg Critic Loss: 0.0120 
	| Avg Length: 4.7852 | Avg Reward: 0.6833 
	| Avg Length: 4.2206 | Avg Reward: 0.7082
	| OG  Acc: 1.00  | Masked Acc: 0.61 | OG  F1: 1.00 | Masked F1: 0.60
Epoch 32
	| Avg Actor Loss: 0.1769 | Avg Critic Loss: 0.0118 
	| Avg Length: 5.8750 | Avg Reward: 0.6529 
	| Avg Length: 3.3580 | Avg Reward: 0.6353
	| OG  Acc: 1.00  | Masked Acc: 0.50 | OG  F1: 1.00 | Masked F1: 0.46
Epoch 33
	| Avg Actor Loss: 0.1429 | Avg Critic Loss: 0.0054 
	| Avg Length: 3.4844 | Avg Reward: 0.6033 
	| Avg Length: 1.0776 | Avg Reward: 0.5354
	| OG  Acc: 1.00  | Masked Acc: 0.35 | OG  F1: 1.00 | Masked F1: 0.20
Epoch 34
	| Avg Actor Loss: -0.0103 | Avg Critic Loss: 0.0040 
	| Avg Length: 1.3594 | Avg Reward: 0.5227 
	| Avg Length: 1.1422 | Avg Reward: 0.5430
	| OG  Acc: 1.00  | Masked Acc: 0.36 | OG  F1: 1.00 | Masked F1: 0.22
Epoch 35
	| Avg Actor Loss: -0.0132 | Avg Critic Loss: 0.0025 
	| Avg Length: 1.4219 | Avg Reward: 0.5802 
	| Avg Length: 1.2166 | Avg Reward: 0.5499
	| OG  Acc: 1.00  | Masked Acc: 0.37 | OG  F1: 1.00 | Masked F1: 0.24
Epoch 36
	| Avg Actor Loss: -0.0087 | Avg Critic Loss: 0.0024 
	| Avg Length: 1.4853 | Avg Reward: 0.5588 
	| Avg Length: 1.2810 | Avg Reward: 0.5552
	| OG  Acc: 1.00  | Masked Acc: 0.38 | OG  F1: 1.00 | Masked F1: 0.26
Epoch 37
	| Avg Actor Loss: 0.0700 | Avg Critic Loss: 0.0022 
	| Avg Length: 1.6797 | Avg Reward: 0.5532 
	| Avg Length: 1.3870 | Avg Reward: 0.5611
	| OG  Acc: 1.00  | Masked Acc: 0.39 | OG  F1: 1.00 | Masked F1: 0.27
Epoch 38
	| Avg Actor Loss: -0.0155 | Avg Critic Loss: 0.0025 
	| Avg Length: 1.8281 | Avg Reward: 0.5499 
	| Avg Length: 1.4700 | Avg Reward: 0.5646
	| OG  Acc: 1.00  | Masked Acc: 0.39 | OG  F1: 1.00 | Masked F1: 0.28
Epoch 39
	| Avg Actor Loss: -0.0158 | Avg Critic Loss: 0.0030 
	| Avg Length: 1.9258 | Avg Reward: 0.5649 
	| Avg Length: 1.5440 | Avg Reward: 0.5684
	| OG  Acc: 1.00  | Masked Acc: 0.40 | OG  F1: 1.00 | Masked F1: 0.29
Epoch 40
	| Avg Actor Loss: -0.0109 | Avg Critic Loss: 0.0022 
	| Avg Length: 1.7647 | Avg Reward: 0.5576 
	| Avg Length: 1.6192 | Avg Reward: 0.5723
	| OG  Acc: 1.00  | Masked Acc: 0.40 | OG  F1: 1.00 | Masked F1: 0.30
Epoch 41
	| Avg Actor Loss: -0.0102 | Avg Critic Loss: 0.0025 
	| Avg Length: 2.3398 | Avg Reward: 0.5915 
	| Avg Length: 1.7910 | Avg Reward: 0.5764
	| OG  Acc: 1.00  | Masked Acc: 0.41 | OG  F1: 1.00 | Masked F1: 0.32
Epoch 42
	| Avg Actor Loss: -0.0098 | Avg Critic Loss: 0.0020 
	| Avg Length: 2.2930 | Avg Reward: 0.5859 
	| Avg Length: 1.9550 | Avg Reward: 0.5814
	| OG  Acc: 1.00  | Masked Acc: 0.42 | OG  F1: 1.00 | Masked F1: 0.33
Epoch 43
	| Avg Actor Loss: -0.0064 | Avg Critic Loss: 0.0021 
	| Avg Length: 2.5703 | Avg Reward: 0.6149 
	| Avg Length: 2.0884 | Avg Reward: 0.5832
	| OG  Acc: 1.00  | Masked Acc: 0.42 | OG  F1: 1.00 | Masked F1: 0.33
Epoch 44
	| Avg Actor Loss: -0.0081 | Avg Critic Loss: 0.0017 
	| Avg Length: 2.4044 | Avg Reward: 0.5702 
	| Avg Length: 2.2246 | Avg Reward: 0.5884
	| OG  Acc: 1.00  | Masked Acc: 0.43 | OG  F1: 1.00 | Masked F1: 0.35
Epoch 45
	| Avg Actor Loss: -0.0047 | Avg Critic Loss: 0.0020 
	| Avg Length: 2.7930 | Avg Reward: 0.5688 
	| Avg Length: 2.3614 | Avg Reward: 0.5913
	| OG  Acc: 1.00  | Masked Acc: 0.43 | OG  F1: 1.00 | Masked F1: 0.36
Epoch 46
	| Avg Actor Loss: -0.0066 | Avg Critic Loss: 0.0022 
	| Avg Length: 3.1875 | Avg Reward: 0.5885 
	| Avg Length: 2.5262 | Avg Reward: 0.5943
	| OG  Acc: 1.00  | Masked Acc: 0.44 | OG  F1: 1.00 | Masked F1: 0.36
Epoch 47
	| Avg Actor Loss: -0.0100 | Avg Critic Loss: 0.0023 
	| Avg Length: 3.5469 | Avg Reward: 0.6163 
	| Avg Length: 2.6220 | Avg Reward: 0.5995
	| OG  Acc: 1.00  | Masked Acc: 0.45 | OG  F1: 1.00 | Masked F1: 0.38
Epoch 48
	| Avg Actor Loss: -0.0043 | Avg Critic Loss: 0.0025 
	| Avg Length: 2.6471 | Avg Reward: 0.5969 
	| Avg Length: 3.1884 | Avg Reward: 0.6077
	| OG  Acc: 1.00  | Masked Acc: 0.46 | OG  F1: 1.00 | Masked F1: 0.40
Epoch 49
	| Avg Actor Loss: -0.0077 | Avg Critic Loss: 0.0033 
	| Avg Length: 3.9922 | Avg Reward: 0.6065 
	| Avg Length: 3.4496 | Avg Reward: 0.6135
	| OG  Acc: 1.00  | Masked Acc: 0.47 | OG  F1: 1.00 | Masked F1: 0.41
Epoch 50
	| Avg Actor Loss: -0.0051 | Avg Critic Loss: 0.0039 
	| Avg Length: 4.7227 | Avg Reward: 0.6129 
	| Avg Length: 4.1430 | Avg Reward: 0.6254
	| OG  Acc: 1.00  | Masked Acc: 0.49 | OG  F1: 1.00 | Masked F1: 0.44
Epoch 51
	| Avg Actor Loss: -0.0099 | Avg Critic Loss: 0.0038 
	| Avg Length: 4.9805 | Avg Reward: 0.6348 
	| Avg Length: 5.0556 | Avg Reward: 0.6378
	| OG  Acc: 1.00  | Masked Acc: 0.51 | OG  F1: 1.00 | Masked F1: 0.47
Epoch 52
	| Avg Actor Loss: -0.0065 | Avg Critic Loss: 0.0049 
	| Avg Length: 7.7132 | Avg Reward: 0.6377 
	| Avg Length: 6.4436 | Avg Reward: 0.6559
	| OG  Acc: 1.00  | Masked Acc: 0.54 | OG  F1: 1.00 | Masked F1: 0.52
Epoch 53
	| Avg Actor Loss: -0.0287 | Avg Critic Loss: 0.0059 
	| Avg Length: 8.1602 | Avg Reward: 0.6504 
	| Avg Length: 27.9572 | Avg Reward: 0.6132
	| OG  Acc: 1.00  | Masked Acc: 0.58 | OG  F1: 1.00 | Masked F1: 0.56
Epoch 54
	| Avg Actor Loss: -0.0382 | Avg Critic Loss: 0.0149 
	| Avg Length: 35.1289 | Avg Reward: 0.6398 
	| Avg Length: 29.3856 | Avg Reward: 0.6425
	| OG  Acc: 1.00  | Masked Acc: 0.62 | OG  F1: 1.00 | Masked F1: 0.62
Epoch 55
	| Avg Actor Loss: -0.0517 | Avg Critic Loss: 0.0146 
	| Avg Length: 36.2305 | Avg Reward: 0.6502 
	| Avg Length: 29.0090 | Avg Reward: 0.6756
	| OG  Acc: 1.00  | Masked Acc: 0.67 | OG  F1: 1.00 | Masked F1: 0.67
Epoch 56
	| Avg Actor Loss: -0.0481 | Avg Critic Loss: 0.0146 
	| Avg Length: 32.3162 | Avg Reward: 0.6714 
	| Avg Length: 30.0806 | Avg Reward: 0.7110
	| OG  Acc: 1.00  | Masked Acc: 0.72 | OG  F1: 1.00 | Masked F1: 0.73
Epoch 57
	| Avg Actor Loss: -0.0416 | Avg Critic Loss: 0.0137 
	| Avg Length: 36.4102 | Avg Reward: 0.7098 
	| Avg Length: 31.7400 | Avg Reward: 0.7411
	| OG  Acc: 1.00  | Masked Acc: 0.78 | OG  F1: 1.00 | Masked F1: 0.78
Epoch 58
	| Avg Actor Loss: -0.0412 | Avg Critic Loss: 0.0132 
	| Avg Length: 38.8594 | Avg Reward: 0.7207 
	| Avg Length: 33.9550 | Avg Reward: 0.7656
	| OG  Acc: 1.00  | Masked Acc: 0.82 | OG  F1: 1.00 | Masked F1: 0.82
Epoch 59
	| Avg Actor Loss: -0.0260 | Avg Critic Loss: 0.0119 
	| Avg Length: 38.9180 | Avg Reward: 0.7269 
	| Avg Length: 35.7972 | Avg Reward: 0.7843
	| OG  Acc: 1.00  | Masked Acc: 0.85 | OG  F1: 1.00 | Masked F1: 0.86
Epoch 60
	| Avg Actor Loss: -0.0215 | Avg Critic Loss: 0.0103 
	| Avg Length: 40.2647 | Avg Reward: 0.7911 
	| Avg Length: 37.9518 | Avg Reward: 0.7983
	| OG  Acc: 1.00  | Masked Acc: 0.88 | OG  F1: 1.00 | Masked F1: 0.89
Epoch 61
	| Avg Actor Loss: -0.0245 | Avg Critic Loss: 0.0100 
	| Avg Length: 43.2266 | Avg Reward: 0.7524 
	| Avg Length: 39.6938 | Avg Reward: 0.8085
	| OG  Acc: 1.00  | Masked Acc: 0.91 | OG  F1: 1.00 | Masked F1: 0.91
Epoch 62
	| Avg Actor Loss: -0.0097 | Avg Critic Loss: 0.0091 
	| Avg Length: 43.2305 | Avg Reward: 0.7559 
	| Avg Length: 40.4344 | Avg Reward: 0.8139
	| OG  Acc: 1.00  | Masked Acc: 0.92 | OG  F1: 1.00 | Masked F1: 0.92
Epoch 63
	| Avg Actor Loss: -0.0120 | Avg Critic Loss: 0.0085 
	| Avg Length: 44.2383 | Avg Reward: 0.7978 
	| Avg Length: 42.2016 | Avg Reward: 0.8210
	| OG  Acc: 1.00  | Masked Acc: 0.94 | OG  F1: 1.00 | Masked F1: 0.94
Epoch 64
	| Avg Actor Loss: -0.0077 | Avg Critic Loss: 0.0087 
	| Avg Length: 43.3750 | Avg Reward: 0.7715 
	| Avg Length: 43.1772 | Avg Reward: 0.8196
	| OG  Acc: 1.00  | Masked Acc: 0.94 | OG  F1: 1.00 | Masked F1: 0.94
Epoch 65
	| Avg Actor Loss: -0.0051 | Avg Critic Loss: 0.0079 
	| Avg Length: 47.3281 | Avg Reward: 0.7735 
	| Avg Length: 44.6058 | Avg Reward: 0.8205
	| OG  Acc: 1.00  | Masked Acc: 0.94 | OG  F1: 1.00 | Masked F1: 0.95
Epoch 66
	| Avg Actor Loss: -0.0030 | Avg Critic Loss: 0.0066 
	| Avg Length: 43.6953 | Avg Reward: 0.7851 
	| Avg Length: 45.3266 | Avg Reward: 0.8227
	| OG  Acc: 1.00  | Masked Acc: 0.95 | OG  F1: 1.00 | Masked F1: 0.95
Epoch 67
	| Avg Actor Loss: -0.0045 | Avg Critic Loss: 0.0058 
	| Avg Length: 47.9961 | Avg Reward: 0.7895 
	| Avg Length: 45.3950 | Avg Reward: 0.8237
	| OG  Acc: 1.00  | Masked Acc: 0.95 | OG  F1: 1.00 | Masked F1: 0.95
Epoch 68
	| Avg Actor Loss: -0.0024 | Avg Critic Loss: 0.0057 
	| Avg Length: 45.9706 | Avg Reward: 0.7972 
	| Avg Length: 46.0672 | Avg Reward: 0.8291
	| OG  Acc: 1.00  | Masked Acc: 0.96 | OG  F1: 1.00 | Masked F1: 0.96
Epoch 69
	| Avg Actor Loss: 0.0021 | Avg Critic Loss: 0.0045 
	| Avg Length: 47.5586 | Avg Reward: 0.8065 
	| Avg Length: 44.8718 | Avg Reward: 0.8328
	| OG  Acc: 1.00  | Masked Acc: 0.96 | OG  F1: 1.00 | Masked F1: 0.96
Epoch 70
	| Avg Actor Loss: -0.0005 | Avg Critic Loss: 0.0055 
	| Avg Length: 47.1758 | Avg Reward: 0.8054 
	| Avg Length: 45.4068 | Avg Reward: 0.8349
	| OG  Acc: 1.00  | Masked Acc: 0.97 | OG  F1: 1.00 | Masked F1: 0.97
Epoch 71
	| Avg Actor Loss: -0.0012 | Avg Critic Loss: 0.0050 
	| Avg Length: 44.9805 | Avg Reward: 0.8210 
	| Avg Length: 45.4004 | Avg Reward: 0.8406
	| OG  Acc: 1.00  | Masked Acc: 0.98 | OG  F1: 1.00 | Masked F1: 0.98
Epoch 72
	| Avg Actor Loss: 0.0035 | Avg Critic Loss: 0.0054 
	| Avg Length: 49.8971 | Avg Reward: 0.7932 
	| Avg Length: 46.6690 | Avg Reward: 0.8421
	| OG  Acc: 1.00  | Masked Acc: 0.99 | OG  F1: 1.00 | Masked F1: 0.99
Epoch 73
	| Avg Actor Loss: 0.0035 | Avg Critic Loss: 0.0042 
	| Avg Length: 47.5312 | Avg Reward: 0.8320 
	| Avg Length: 46.1586 | Avg Reward: 0.8468
	| OG  Acc: 1.00  | Masked Acc: 0.99 | OG  F1: 1.00 | Masked F1: 0.99
Epoch 74
	| Avg Actor Loss: 0.0099 | Avg Critic Loss: 0.0045 
	| Avg Length: 47.5234 | Avg Reward: 0.8213 
	| Avg Length: 46.5234 | Avg Reward: 0.8476
	| OG  Acc: 1.00  | Masked Acc: 0.99 | OG  F1: 1.00 | Masked F1: 0.99
Epoch 75
	| Avg Actor Loss: 0.0071 | Avg Critic Loss: 0.0043 
	| Avg Length: 45.1211 | Avg Reward: 0.8406 
	| Avg Length: 46.2544 | Avg Reward: 0.8486
	| OG  Acc: 1.00  | Masked Acc: 0.99 | OG  F1: 1.00 | Masked F1: 0.99
Epoch 76
	| Avg Actor Loss: 0.0102 | Avg Critic Loss: 0.0034 
	| Avg Length: 49.5294 | Avg Reward: 0.8274 
	| Avg Length: 46.2802 | Avg Reward: 0.8487
	| OG  Acc: 1.00  | Masked Acc: 0.99 | OG  F1: 1.00 | Masked F1: 0.99
Epoch 77
	| Avg Actor Loss: 0.0033 | Avg Critic Loss: 0.0038 
	| Avg Length: 44.4102 | Avg Reward: 0.8447 
	| Avg Length: 46.2850 | Avg Reward: 0.8487
	| OG  Acc: 1.00  | Masked Acc: 0.99 | OG  F1: 1.00 | Masked F1: 0.99
Epoch 78
	| Avg Actor Loss: 0.0101 | Avg Critic Loss: 0.0036 
	| Avg Length: 45.4961 | Avg Reward: 0.8331 
	| Avg Length: 46.6546 | Avg Reward: 0.8484
	| OG  Acc: 1.00  | Masked Acc: 0.99 | OG  F1: 1.00 | Masked F1: 0.99
Epoch 79
	| Avg Actor Loss: 0.0072 | Avg Critic Loss: 0.0028 
	| Avg Length: 44.0391 | Avg Reward: 0.8495 
	| Avg Length: 46.0780 | Avg Reward: 0.8505
	| OG  Acc: 1.00  | Masked Acc: 0.99 | OG  F1: 1.00 | Masked F1: 0.99
Epoch 80
	| Avg Actor Loss: 0.0036 | Avg Critic Loss: 0.0023 
	| Avg Length: 48.8456 | Avg Reward: 0.8419 
	| Avg Length: 45.7244 | Avg Reward: 0.8513
	| OG  Acc: 1.00  | Masked Acc: 0.99 | OG  F1: 1.00 | Masked F1: 0.99
Epoch 81
	| Avg Actor Loss: 0.0145 | Avg Critic Loss: 0.0030 
	| Avg Length: 43.7891 | Avg Reward: 0.8528 
	| Avg Length: 45.2684 | Avg Reward: 0.8503
	| OG  Acc: 1.00  | Masked Acc: 0.99 | OG  F1: 1.00 | Masked F1: 0.99
Epoch 82
	| Avg Actor Loss: 0.0029 | Avg Critic Loss: 0.0033 
	| Avg Length: 49.8359 | Avg Reward: 0.8277 
	| Avg Length: 45.2850 | Avg Reward: 0.8511
	| OG  Acc: 1.00  | Masked Acc: 0.99 | OG  F1: 1.00 | Masked F1: 0.99
Epoch 83
	| Avg Actor Loss: -0.0002 | Avg Critic Loss: 0.0026 
	| Avg Length: 46.5547 | Avg Reward: 0.8367 
	| Avg Length: 45.0580 | Avg Reward: 0.8531
	| OG  Acc: 1.00  | Masked Acc: 0.99 | OG  F1: 1.00 | Masked F1: 0.99
Epoch 84
	| Avg Actor Loss: -0.0005 | Avg Critic Loss: 0.0026 
	| Avg Length: 47.6250 | Avg Reward: 0.8307 
	| Avg Length: 45.2058 | Avg Reward: 0.8523
	| OG  Acc: 1.00  | Masked Acc: 0.99 | OG  F1: 1.00 | Masked F1: 0.99
Epoch 85
	| Avg Actor Loss: 0.0057 | Avg Critic Loss: 0.0025 
	| Avg Length: 46.5781 | Avg Reward: 0.8409 
	| Avg Length: 44.8842 | Avg Reward: 0.8539
	| OG  Acc: 1.00  | Masked Acc: 0.99 | OG  F1: 1.00 | Masked F1: 0.99
Epoch 86
	| Avg Actor Loss: 0.0006 | Avg Critic Loss: 0.0021 
	| Avg Length: 45.4688 | Avg Reward: 0.8398 
	| Avg Length: 45.3980 | Avg Reward: 0.8532
	| OG  Acc: 1.00  | Masked Acc: 0.99 | OG  F1: 1.00 | Masked F1: 1.00
Epoch 87
	| Avg Actor Loss: 0.0106 | Avg Critic Loss: 0.0021 
	| Avg Length: 45.9805 | Avg Reward: 0.8493 
	| Avg Length: 45.1284 | Avg Reward: 0.8552
	| OG  Acc: 1.00  | Masked Acc: 1.00 | OG  F1: 1.00 | Masked F1: 1.00
Epoch 88
	| Avg Actor Loss: -0.0052 | Avg Critic Loss: 0.0020 
	| Avg Length: 44.2941 | Avg Reward: 0.8491 
	| Avg Length: 44.1878 | Avg Reward: 0.8574
	| OG  Acc: 1.00  | Masked Acc: 1.00 | OG  F1: 1.00 | Masked F1: 1.00
Epoch 89
	| Avg Actor Loss: 0.0074 | Avg Critic Loss: 0.0024 
	| Avg Length: 49.1523 | Avg Reward: 0.8398 
	| Avg Length: 43.2068 | Avg Reward: 0.8602
	| OG  Acc: 1.00  | Masked Acc: 1.00 | OG  F1: 1.00 | Masked F1: 1.00
Epoch 90
	| Avg Actor Loss: 0.0068 | Avg Critic Loss: 0.0028 
	| Avg Length: 42.6797 | Avg Reward: 0.8538 
	| Avg Length: 43.9618 | Avg Reward: 0.8582
	| OG  Acc: 1.00  | Masked Acc: 1.00 | OG  F1: 1.00 | Masked F1: 1.00
Epoch 91
	| Avg Actor Loss: -0.0011 | Avg Critic Loss: 0.0018 
	| Avg Length: 45.3477 | Avg Reward: 0.8396 
	| Avg Length: 43.5624 | Avg Reward: 0.8595
	| OG  Acc: 1.00  | Masked Acc: 1.00 | OG  F1: 1.00 | Masked F1: 1.00
Epoch 92
	| Avg Actor Loss: 0.0015 | Avg Critic Loss: 0.0018 
	| Avg Length: 44.8603 | Avg Reward: 0.8474 
	| Avg Length: 43.3658 | Avg Reward: 0.8604
	| OG  Acc: 1.00  | Masked Acc: 1.00 | OG  F1: 1.00 | Masked F1: 1.00
Epoch 93
	| Avg Actor Loss: 0.0012 | Avg Critic Loss: 0.0022 
	| Avg Length: 45.2656 | Avg Reward: 0.8479 
	| Avg Length: 43.4576 | Avg Reward: 0.8601
	| OG  Acc: 1.00  | Masked Acc: 1.00 | OG  F1: 1.00 | Masked F1: 1.00
Epoch 94
	| Avg Actor Loss: -0.0056 | Avg Critic Loss: 0.0017 
	| Avg Length: 42.6602 | Avg Reward: 0.8615 
	| Avg Length: 42.8946 | Avg Reward: 0.8620
	| OG  Acc: 1.00  | Masked Acc: 1.00 | OG  F1: 1.00 | Masked F1: 1.00
Epoch 95
	| Avg Actor Loss: 0.0021 | Avg Critic Loss: 0.0017 
	| Avg Length: 43.6680 | Avg Reward: 0.8606 
	| Avg Length: 42.3968 | Avg Reward: 0.8633
	| OG  Acc: 1.00  | Masked Acc: 1.00 | OG  F1: 1.00 | Masked F1: 1.00
Epoch 96
	| Avg Actor Loss: -0.0045 | Avg Critic Loss: 0.0021 
	| Avg Length: 41.9265 | Avg Reward: 0.8566 
	| Avg Length: 41.7308 | Avg Reward: 0.8654
	| OG  Acc: 1.00  | Masked Acc: 1.00 | OG  F1: 1.00 | Masked F1: 1.00
Epoch 97
	| Avg Actor Loss: 0.0062 | Avg Critic Loss: 0.0018 
	| Avg Length: 42.2422 | Avg Reward: 0.8577 
	| Avg Length: 41.0312 | Avg Reward: 0.8673
	| OG  Acc: 1.00  | Masked Acc: 1.00 | OG  F1: 1.00 | Masked F1: 1.00
Epoch 98
	| Avg Actor Loss: 0.0016 | Avg Critic Loss: 0.0021 
	| Avg Length: 45.2969 | Avg Reward: 0.8495 
	| Avg Length: 40.7460 | Avg Reward: 0.8686
	| OG  Acc: 1.00  | Masked Acc: 1.00 | OG  F1: 1.00 | Masked F1: 1.00
Epoch 99
	| Avg Actor Loss: -0.0079 | Avg Critic Loss: 0.0014 
	| Avg Length: 42.7734 | Avg Reward: 0.8596 
	| Avg Length: 39.8030 | Avg Reward: 0.8706
	| OG  Acc: 1.00  | Masked Acc: 1.00 | OG  F1: 1.00 | Masked F1: 1.00
Epoch 100
	| Avg Actor Loss: -0.0005 | Avg Critic Loss: 0.0027 
	| Avg Length: 40.5735 | Avg Reward: 0.8558 
	| Avg Length: 39.2322 | Avg Reward: 0.8731
	| OG  Acc: 1.00  | Masked Acc: 1.00 | OG  F1: 1.00 | Masked F1: 1.00
Epoch 101
	| Avg Actor Loss: -0.0013 | Avg Critic Loss: 0.0021 
	| Avg Length: 38.9648 | Avg Reward: 0.8676 
	| Avg Length: 38.7742 | Avg Reward: 0.8738
	| OG  Acc: 1.00  | Masked Acc: 1.00 | OG  F1: 1.00 | Masked F1: 1.00
Epoch 102
	| Avg Actor Loss: -0.0068 | Avg Critic Loss: 0.0021 
	| Avg Length: 39.1094 | Avg Reward: 0.8659 
	| Avg Length: 38.4436 | Avg Reward: 0.8755
	| OG  Acc: 1.00  | Masked Acc: 1.00 | OG  F1: 1.00 | Masked F1: 1.00
Epoch 103
	| Avg Actor Loss: -0.0170 | Avg Critic Loss: 0.0016 
	| Avg Length: 38.5391 | Avg Reward: 0.8739 
	| Avg Length: 37.2752 | Avg Reward: 0.8778
	| OG  Acc: 1.00  | Masked Acc: 1.00 | OG  F1: 1.00 | Masked F1: 1.00
Epoch 104
	| Avg Actor Loss: -0.0085 | Avg Critic Loss: 0.0020 
	| Avg Length: 33.5294 | Avg Reward: 0.8709 
	| Avg Length: 36.4328 | Avg Reward: 0.8815
	| OG  Acc: 1.00  | Masked Acc: 1.00 | OG  F1: 1.00 | Masked F1: 1.00
Epoch 105
	| Avg Actor Loss: -0.0108 | Avg Critic Loss: 0.0017 
	| Avg Length: 37.0117 | Avg Reward: 0.8740 
	| Avg Length: 35.3168 | Avg Reward: 0.8842
	| OG  Acc: 1.00  | Masked Acc: 1.00 | OG  F1: 1.00 | Masked F1: 1.00
Epoch 106
	| Avg Actor Loss: 0.0043 | Avg Critic Loss: 0.0025 
	| Avg Length: 33.3828 | Avg Reward: 0.8802 
	| Avg Length: 35.2046 | Avg Reward: 0.8851
	| OG  Acc: 1.00  | Masked Acc: 1.00 | OG  F1: 1.00 | Masked F1: 1.00
Epoch 107
	| Avg Actor Loss: 0.0053 | Avg Critic Loss: 0.0028 
	| Avg Length: 34.2734 | Avg Reward: 0.8731 
	| Avg Length: 34.8866 | Avg Reward: 0.8862
	| OG  Acc: 1.00  | Masked Acc: 1.00 | OG  F1: 1.00 | Masked F1: 1.00
Epoch 108
	| Avg Actor Loss: 0.0060 | Avg Critic Loss: 0.0024 
	| Avg Length: 33.9044 | Avg Reward: 0.8726 
	| Avg Length: 34.4760 | Avg Reward: 0.8873
	| OG  Acc: 1.00  | Masked Acc: 1.00 | OG  F1: 1.00 | Masked F1: 1.00
Epoch 109
	| Avg Actor Loss: 0.0056 | Avg Critic Loss: 0.0028 
	| Avg Length: 36.6875 | Avg Reward: 0.8725 
	| Avg Length: 34.0716 | Avg Reward: 0.8885
	| OG  Acc: 1.00  | Masked Acc: 1.00 | OG  F1: 1.00 | Masked F1: 1.00
Epoch 110
	| Avg Actor Loss: 0.0109 | Avg Critic Loss: 0.0025 
	| Avg Length: 35.1172 | Avg Reward: 0.8752 
	| Avg Length: 34.0260 | Avg Reward: 0.8887
	| OG  Acc: 1.00  | Masked Acc: 1.00 | OG  F1: 1.00 | Masked F1: 1.00
Epoch 111
	| Avg Actor Loss: 0.0106 | Avg Critic Loss: 0.0029 
	| Avg Length: 35.4414 | Avg Reward: 0.8751 
	| Avg Length: 34.1824 | Avg Reward: 0.8883
	| OG  Acc: 1.00  | Masked Acc: 1.00 | OG  F1: 1.00 | Masked F1: 1.00
Epoch 112
	| Avg Actor Loss: 0.0086 | Avg Critic Loss: 0.0021 
	| Avg Length: 34.2794 | Avg Reward: 0.8900 
	| Avg Length: 33.6626 | Avg Reward: 0.8896
	| OG  Acc: 1.00  | Masked Acc: 1.00 | OG  F1: 1.00 | Masked F1: 1.00
Epoch 113
	| Avg Actor Loss: 0.0113 | Avg Critic Loss: 0.0033 
	| Avg Length: 36.0273 | Avg Reward: 0.8653 
	| Avg Length: 33.5916 | Avg Reward: 0.8902
	| OG  Acc: 1.00  | Masked Acc: 1.00 | OG  F1: 1.00 | Masked F1: 1.00
Epoch 114
	| Avg Actor Loss: 0.0222 | Avg Critic Loss: 0.0030 
	| Avg Length: 30.5078 | Avg Reward: 0.8927 
	| Avg Length: 34.4928 | Avg Reward: 0.8874
	| OG  Acc: 1.00  | Masked Acc: 1.00 | OG  F1: 1.00 | Masked F1: 1.00
Epoch 115
	| Avg Actor Loss: 0.0160 | Avg Critic Loss: 0.0034 
	| Avg Length: 33.5586 | Avg Reward: 0.8764 
	| Avg Length: 34.8872 | Avg Reward: 0.8851
	| OG  Acc: 1.00  | Masked Acc: 1.00 | OG  F1: 1.00 | Masked F1: 1.00
Epoch 116
	| Avg Actor Loss: 0.0090 | Avg Critic Loss: 0.0035 
	| Avg Length: 33.6691 | Avg Reward: 0.8750 
	| Avg Length: 35.1458 | Avg Reward: 0.8853
	| OG  Acc: 1.00  | Masked Acc: 1.00 | OG  F1: 1.00 | Masked F1: 1.00
Epoch 117
	| Avg Actor Loss: 0.0088 | Avg Critic Loss: 0.0035 
	| Avg Length: 33.4258 | Avg Reward: 0.8723 
	| Avg Length: 35.0448 | Avg Reward: 0.8856
	| OG  Acc: 1.00  | Masked Acc: 1.00 | OG  F1: 1.00 | Masked F1: 1.00
Epoch 118
	| Avg Actor Loss: 0.0073 | Avg Critic Loss: 0.0028 
	| Avg Length: 36.0234 | Avg Reward: 0.8781 
	| Avg Length: 34.8742 | Avg Reward: 0.8859
	| OG  Acc: 1.00  | Masked Acc: 1.00 | OG  F1: 1.00 | Masked F1: 1.00
Epoch 119
	| Avg Actor Loss: 0.0081 | Avg Critic Loss: 0.0029 
	| Avg Length: 34.2773 | Avg Reward: 0.8715 
	| Avg Length: 34.5732 | Avg Reward: 0.8871
	| OG  Acc: 1.00  | Masked Acc: 1.00 | OG  F1: 1.00 | Masked F1: 1.00
Epoch 120
	| Avg Actor Loss: 0.0116 | Avg Critic Loss: 0.0028 
	| Avg Length: 32.6912 | Avg Reward: 0.8946 
	| Avg Length: 34.3918 | Avg Reward: 0.8872
	| OG  Acc: 1.00  | Masked Acc: 1.00 | OG  F1: 1.00 | Masked F1: 1.00
Epoch 121
	| Avg Actor Loss: 0.0070 | Avg Critic Loss: 0.0027 
	| Avg Length: 34.4609 | Avg Reward: 0.8776 
	| Avg Length: 34.0432 | Avg Reward: 0.8885
	| OG  Acc: 1.00  | Masked Acc: 1.00 | OG  F1: 1.00 | Masked F1: 1.00
Epoch 122
	| Avg Actor Loss: 0.0089 | Avg Critic Loss: 0.0030 
	| Avg Length: 34.0078 | Avg Reward: 0.8842 
	| Avg Length: 34.1696 | Avg Reward: 0.8880
	| OG  Acc: 1.00  | Masked Acc: 1.00 | OG  F1: 1.00 | Masked F1: 1.00
Epoch 123
	| Avg Actor Loss: 0.0185 | Avg Critic Loss: 0.0020 
	| Avg Length: 33.4922 | Avg Reward: 0.8871 
	| Avg Length: 33.9890 | Avg Reward: 0.8886
	| OG  Acc: 1.00  | Masked Acc: 1.00 | OG  F1: 1.00 | Masked F1: 1.00
Epoch 124
	| Avg Actor Loss: 0.0196 | Avg Critic Loss: 0.0029 
	| Avg Length: 32.7868 | Avg Reward: 0.8879 
	| Avg Length: 34.1108 | Avg Reward: 0.8881
	| OG  Acc: 1.00  | Masked Acc: 1.00 | OG  F1: 1.00 | Masked F1: 1.00
Epoch 125
	| Avg Actor Loss: 0.0227 | Avg Critic Loss: 0.0028 
	| Avg Length: 34.9180 | Avg Reward: 0.8805 
	| Avg Length: 34.0618 | Avg Reward: 0.8885
	| OG  Acc: 1.00  | Masked Acc: 1.00 | OG  F1: 1.00 | Masked F1: 1.00
Epoch 126
	| Avg Actor Loss: 0.0177 | Avg Critic Loss: 0.0032 
	| Avg Length: 30.5273 | Avg Reward: 0.8831 
	| Avg Length: 34.5336 | Avg Reward: 0.8871
	| OG  Acc: 1.00  | Masked Acc: 1.00 | OG  F1: 1.00 | Masked F1: 1.00
Epoch 127
	| Avg Actor Loss: 0.0436 | Avg Critic Loss: 0.0029 
	| Avg Length: 35.2539 | Avg Reward: 0.8778 
	| Avg Length: 34.7150 | Avg Reward: 0.8866
	| OG  Acc: 1.00  | Masked Acc: 1.00 | OG  F1: 1.00 | Masked F1: 1.00
Epoch 128
	| Avg Actor Loss: 0.0355 | Avg Critic Loss: 0.0022 
	| Avg Length: 30.1912 | Avg Reward: 0.8956 
	| Avg Length: 34.7414 | Avg Reward: 0.8864
	| OG  Acc: 1.00  | Masked Acc: 1.00 | OG  F1: 1.00 | Masked F1: 1.00
Epoch 129
	| Avg Actor Loss: 0.0220 | Avg Critic Loss: 0.0031 
	| Avg Length: 35.0781 | Avg Reward: 0.8746 
	| Avg Length: 35.2628 | Avg Reward: 0.8849
	| OG  Acc: 1.00  | Masked Acc: 1.00 | OG  F1: 1.00 | Masked F1: 1.00
Epoch 130
	| Avg Actor Loss: 0.0160 | Avg Critic Loss: 0.0027 
	| Avg Length: 36.0430 | Avg Reward: 0.8801 
	| Avg Length: 35.3166 | Avg Reward: 0.8846
	| OG  Acc: 1.00  | Masked Acc: 1.00 | OG  F1: 1.00 | Masked F1: 1.00
Epoch 131
	| Avg Actor Loss: 0.0206 | Avg Critic Loss: 0.0030 
	| Avg Length: 31.6562 | Avg Reward: 0.8951 
	| Avg Length: 35.8632 | Avg Reward: 0.8832
	| OG  Acc: 1.00  | Masked Acc: 1.00 | OG  F1: 1.00 | Masked F1: 1.00
Epoch 132
	| Avg Actor Loss: 0.0257 | Avg Critic Loss: 0.0017 
	| Avg Length: 38.2794 | Avg Reward: 0.8736 
	| Avg Length: 35.6164 | Avg Reward: 0.8838
	| OG  Acc: 1.00  | Masked Acc: 1.00 | OG  F1: 1.00 | Masked F1: 1.00
Epoch 133
	| Avg Actor Loss: 0.0167 | Avg Critic Loss: 0.0022 
	| Avg Length: 38.9922 | Avg Reward: 0.8658 
	| Avg Length: 35.2416 | Avg Reward: 0.8851
	| OG  Acc: 1.00  | Masked Acc: 1.00 | OG  F1: 1.00 | Masked F1: 1.00
Epoch 134
	| Avg Actor Loss: 0.0173 | Avg Critic Loss: 0.0027 
	| Avg Length: 34.1602 | Avg Reward: 0.8789 
	| Avg Length: 35.4148 | Avg Reward: 0.8848
	| OG  Acc: 1.00  | Masked Acc: 1.00 | OG  F1: 1.00 | Masked F1: 1.00
Epoch 135
	| Avg Actor Loss: 0.0119 | Avg Critic Loss: 0.0030 
	| Avg Length: 37.0586 | Avg Reward: 0.8561 
	| Avg Length: 35.6182 | Avg Reward: 0.8838
	| OG  Acc: 1.00  | Masked Acc: 1.00 | OG  F1: 1.00 | Masked F1: 1.00
Epoch 136
	| Avg Actor Loss: 0.0126 | Avg Critic Loss: 0.0021 
	| Avg Length: 33.9559 | Avg Reward: 0.8718 
	| Avg Length: 35.7444 | Avg Reward: 0.8834
	| OG  Acc: 1.00  | Masked Acc: 1.00 | OG  F1: 1.00 | Masked F1: 1.00
Epoch 137
	| Avg Actor Loss: 0.0566 | Avg Critic Loss: 0.0025 
	| Avg Length: 34.1094 | Avg Reward: 0.8813 
	| Avg Length: 36.1262 | Avg Reward: 0.8822
	| OG  Acc: 1.00  | Masked Acc: 1.00 | OG  F1: 1.00 | Masked F1: 1.00
Epoch 138
	| Avg Actor Loss: 0.0288 | Avg Critic Loss: 0.0023 
	| Avg Length: 34.1602 | Avg Reward: 0.8728 
	| Avg Length: 36.2498 | Avg Reward: 0.8824
	| OG  Acc: 1.00  | Masked Acc: 1.00 | OG  F1: 1.00 | Masked F1: 1.00
Epoch 139
	| Avg Actor Loss: 0.0115 | Avg Critic Loss: 0.0032 
	| Avg Length: 36.5156 | Avg Reward: 0.8743 
	| Avg Length: 36.2628 | Avg Reward: 0.8816
	| OG  Acc: 1.00  | Masked Acc: 1.00 | OG  F1: 1.00 | Masked F1: 1.00
Epoch 140
	| Avg Actor Loss: 0.0068 | Avg Critic Loss: 0.0035 
	| Avg Length: 36.7721 | Avg Reward: 0.8761 
	| Avg Length: 36.6916 | Avg Reward: 0.8808
	| OG  Acc: 1.00  | Masked Acc: 1.00 | OG  F1: 1.00 | Masked F1: 1.00
Epoch 141
	| Avg Actor Loss: 0.0151 | Avg Critic Loss: 0.0026 
	| Avg Length: 37.8438 | Avg Reward: 0.8723 
	| Avg Length: 36.5350 | Avg Reward: 0.8813
	| OG  Acc: 1.00  | Masked Acc: 1.00 | OG  F1: 1.00 | Masked F1: 1.00
Epoch 142
	| Avg Actor Loss: 0.0233 | Avg Critic Loss: 0.0027 
	| Avg Length: 36.0625 | Avg Reward: 0.8767 
	| Avg Length: 36.9130 | Avg Reward: 0.8798
	| OG  Acc: 1.00  | Masked Acc: 1.00 | OG  F1: 1.00 | Masked F1: 1.00
Epoch 143
	| Avg Actor Loss: 0.0187 | Avg Critic Loss: 0.0030 
	| Avg Length: 38.9414 | Avg Reward: 0.8718 
	| Avg Length: 37.1508 | Avg Reward: 0.8792
	| OG  Acc: 1.00  | Masked Acc: 1.00 | OG  F1: 1.00 | Masked F1: 1.00
Epoch 144
	| Avg Actor Loss: 0.0146 | Avg Critic Loss: 0.0026 
	| Avg Length: 36.6985 | Avg Reward: 0.8765 
	| Avg Length: 37.4504 | Avg Reward: 0.8786
	| OG  Acc: 1.00  | Masked Acc: 1.00 | OG  F1: 1.00 | Masked F1: 1.00
Epoch 145
	| Avg Actor Loss: 0.0200 | Avg Critic Loss: 0.0027 
	| Avg Length: 35.8359 | Avg Reward: 0.8702 
	| Avg Length: 37.6150 | Avg Reward: 0.8779
	| OG  Acc: 1.00  | Masked Acc: 1.00 | OG  F1: 1.00 | Masked F1: 1.00
Epoch 146
	| Avg Actor Loss: 0.0180 | Avg Critic Loss: 0.0032 
	| Avg Length: 35.0391 | Avg Reward: 0.8663 
	| Avg Length: 38.2180 | Avg Reward: 0.8757
	| OG  Acc: 1.00  | Masked Acc: 1.00 | OG  F1: 1.00 | Masked F1: 1.00
Epoch 147
	| Avg Actor Loss: 0.0145 | Avg Critic Loss: 0.0024 
	| Avg Length: 36.0859 | Avg Reward: 0.8743 
	| Avg Length: 38.4044 | Avg Reward: 0.8753
	| OG  Acc: 1.00  | Masked Acc: 1.00 | OG  F1: 1.00 | Masked F1: 1.00
Epoch 148
	| Avg Actor Loss: 0.0205 | Avg Critic Loss: 0.0021 
	| Avg Length: 38.6691 | Avg Reward: 0.8674 
	| Avg Length: 38.7582 | Avg Reward: 0.8744
	| OG  Acc: 1.00  | Masked Acc: 1.00 | OG  F1: 1.00 | Masked F1: 1.00
Epoch 149
	| Avg Actor Loss: 0.0173 | Avg Critic Loss: 0.0023 
	| Avg Length: 36.3867 | Avg Reward: 0.8783 
	| Avg Length: 38.6408 | Avg Reward: 0.8744
	| OG  Acc: 1.00  | Masked Acc: 1.00 | OG  F1: 1.00 | Masked F1: 1.00
Epoch 150
	| Avg Actor Loss: 0.0220 | Avg Critic Loss: 0.0024 
	| Avg Length: 34.8906 | Avg Reward: 0.8717 
	| Avg Length: 38.7260 | Avg Reward: 0.8744
	| OG  Acc: 1.00  | Masked Acc: 1.00 | OG  F1: 1.00 | Masked F1: 1.00
Epoch 151
	| Avg Actor Loss: 0.0167 | Avg Critic Loss: 0.0023 
	| Avg Length: 37.4023 | Avg Reward: 0.8620 
	| Avg Length: 38.5434 | Avg Reward: 0.8750
	| OG  Acc: 1.00  | Masked Acc: 1.00 | OG  F1: 1.00 | Masked F1: 1.00
Epoch 152
	| Avg Actor Loss: 0.0159 | Avg Critic Loss: 0.0025 
	| Avg Length: 38.2132 | Avg Reward: 0.8778 
	| Avg Length: 38.3668 | Avg Reward: 0.8754
	| OG  Acc: 1.00  | Masked Acc: 1.00 | OG  F1: 1.00 | Masked F1: 1.00
Epoch 153
	| Avg Actor Loss: 0.0130 | Avg Critic Loss: 0.0027 
	| Avg Length: 35.4883 | Avg Reward: 0.8561 
	| Avg Length: 38.2518 | Avg Reward: 0.8755
	| OG  Acc: 1.00  | Masked Acc: 1.00 | OG  F1: 1.00 | Masked F1: 1.00
Epoch 154
	| Avg Actor Loss: 0.0129 | Avg Critic Loss: 0.0028 
	| Avg Length: 35.5820 | Avg Reward: 0.8758 
	| Avg Length: 38.1980 | Avg Reward: 0.8760
	| OG  Acc: 1.00  | Masked Acc: 1.00 | OG  F1: 1.00 | Masked F1: 1.00
