Epoch 01
	| Avg Actor Loss: -0.0082 | Avg Critic Loss: 0.0513 
	| Avg Length: 2.2500 | Avg Reward: 0.6100 
	| Avg Length: 1.0000 | Avg Reward: 0.5504
	| OG  Acc: 1.00  | Masked Acc: 0.50 | OG  F1: 1.00 | Masked F1: 0.66
Epoch 02
	| Avg Actor Loss: -0.0107 | Avg Critic Loss: 0.0278 
	| Avg Length: 2.2734 | Avg Reward: 0.5314 
	| Avg Length: 1.0000 | Avg Reward: 0.5628
	| OG  Acc: 1.00  | Masked Acc: 0.52 | OG  F1: 1.00 | Masked F1: 0.67
Epoch 03
	| Avg Actor Loss: -0.0122 | Avg Critic Loss: 0.0254 
	| Avg Length: 1.9766 | Avg Reward: 0.5023 
	| Avg Length: 1.0000 | Avg Reward: 0.5632
	| OG  Acc: 1.00  | Masked Acc: 0.52 | OG  F1: 1.00 | Masked F1: 0.67
Epoch 04
	| Avg Actor Loss: -0.0094 | Avg Critic Loss: 0.0241 
	| Avg Length: 1.9926 | Avg Reward: 0.5300 
	| Avg Length: 1.0000 | Avg Reward: 0.5617
	| OG  Acc: 1.00  | Masked Acc: 0.52 | OG  F1: 1.00 | Masked F1: 0.67
Epoch 05
	| Avg Actor Loss: -0.0142 | Avg Critic Loss: 0.0241 
	| Avg Length: 2.1211 | Avg Reward: 0.5680 
	| Avg Length: 1.0000 | Avg Reward: 0.5631
	| OG  Acc: 1.00  | Masked Acc: 0.52 | OG  F1: 1.00 | Masked F1: 0.67
Epoch 06
	| Avg Actor Loss: -0.0151 | Avg Critic Loss: 0.0223 
	| Avg Length: 2.1133 | Avg Reward: 0.5428 
	| Avg Length: 1.0000 | Avg Reward: 0.5642
	| OG  Acc: 1.00  | Masked Acc: 0.52 | OG  F1: 1.00 | Masked F1: 0.67
Epoch 07
	| Avg Actor Loss: -0.0179 | Avg Critic Loss: 0.0243 
	| Avg Length: 2.1016 | Avg Reward: 0.5433 
	| Avg Length: 1.0026 | Avg Reward: 0.5624
	| OG  Acc: 1.00  | Masked Acc: 0.52 | OG  F1: 1.00 | Masked F1: 0.67
Epoch 08
	| Avg Actor Loss: -0.0210 | Avg Critic Loss: 0.0252 
	| Avg Length: 2.2059 | Avg Reward: 0.5689 
	| Avg Length: 1.1030 | Avg Reward: 0.5671
	| OG  Acc: 1.00  | Masked Acc: 0.52 | OG  F1: 1.00 | Masked F1: 0.67
Epoch 09
	| Avg Actor Loss: -0.0177 | Avg Critic Loss: 0.0226 
	| Avg Length: 2.3125 | Avg Reward: 0.5674 
	| Avg Length: 1.3474 | Avg Reward: 0.5775
	| OG  Acc: 1.00  | Masked Acc: 0.53 | OG  F1: 1.00 | Masked F1: 0.68
Epoch 10
	| Avg Actor Loss: -0.0188 | Avg Critic Loss: 0.0243 
	| Avg Length: 2.4688 | Avg Reward: 0.5253 
	| Avg Length: 1.4028 | Avg Reward: 0.5838
	| OG  Acc: 1.00  | Masked Acc: 0.54 | OG  F1: 1.00 | Masked F1: 0.69
Epoch 11
	| Avg Actor Loss: -0.0163 | Avg Critic Loss: 0.0234 
	| Avg Length: 2.5898 | Avg Reward: 0.5815 
	| Avg Length: 1.4444 | Avg Reward: 0.5876
	| OG  Acc: 1.00  | Masked Acc: 0.55 | OG  F1: 1.00 | Masked F1: 0.69
Epoch 12
	| Avg Actor Loss: -0.0204 | Avg Critic Loss: 0.0237 
	| Avg Length: 2.4706 | Avg Reward: 0.6380 
	| Avg Length: 1.4752 | Avg Reward: 0.5891
	| OG  Acc: 1.00  | Masked Acc: 0.55 | OG  F1: 1.00 | Masked F1: 0.69
Epoch 13
	| Avg Actor Loss: -0.0185 | Avg Critic Loss: 0.0249 
	| Avg Length: 2.6953 | Avg Reward: 0.5963 
	| Avg Length: 1.6400 | Avg Reward: 0.5855
	| OG  Acc: 1.00  | Masked Acc: 0.55 | OG  F1: 1.00 | Masked F1: 0.69
Epoch 14
	| Avg Actor Loss: -0.0160 | Avg Critic Loss: 0.0244 
	| Avg Length: 2.9062 | Avg Reward: 0.5730 
	| Avg Length: 1.7262 | Avg Reward: 0.6153
	| OG  Acc: 1.00  | Masked Acc: 0.58 | OG  F1: 1.00 | Masked F1: 0.70
Epoch 15
	| Avg Actor Loss: -0.0197 | Avg Critic Loss: 0.0284 
	| Avg Length: 2.4688 | Avg Reward: 0.6180 
	| Avg Length: 1.7918 | Avg Reward: 0.6379
	| OG  Acc: 1.00  | Masked Acc: 0.60 | OG  F1: 1.00 | Masked F1: 0.72
Epoch 16
	| Avg Actor Loss: -0.0176 | Avg Critic Loss: 0.0257 
	| Avg Length: 2.7574 | Avg Reward: 0.6172 
	| Avg Length: 1.8482 | Avg Reward: 0.6408
	| OG  Acc: 1.00  | Masked Acc: 0.61 | OG  F1: 1.00 | Masked F1: 0.72
Epoch 17
	| Avg Actor Loss: -0.0181 | Avg Critic Loss: 0.0260 
	| Avg Length: 2.8594 | Avg Reward: 0.6434 
	| Avg Length: 1.9942 | Avg Reward: 0.6462
	| OG  Acc: 1.00  | Masked Acc: 0.61 | OG  F1: 1.00 | Masked F1: 0.72
Epoch 18
	| Avg Actor Loss: -0.0188 | Avg Critic Loss: 0.0290 
	| Avg Length: 2.9258 | Avg Reward: 0.6272 
	| Avg Length: 2.1592 | Avg Reward: 0.6519
	| OG  Acc: 1.00  | Masked Acc: 0.62 | OG  F1: 1.00 | Masked F1: 0.73
Epoch 19
	| Avg Actor Loss: -0.0191 | Avg Critic Loss: 0.0311 
	| Avg Length: 3.4141 | Avg Reward: 0.6234 
	| Avg Length: 2.3488 | Avg Reward: 0.6567
	| OG  Acc: 1.00  | Masked Acc: 0.63 | OG  F1: 1.00 | Masked F1: 0.73
Epoch 20
	| Avg Actor Loss: -0.0192 | Avg Critic Loss: 0.0326 
	| Avg Length: 3.6176 | Avg Reward: 0.6554 
	| Avg Length: 2.5132 | Avg Reward: 0.6689
	| OG  Acc: 1.00  | Masked Acc: 0.64 | OG  F1: 1.00 | Masked F1: 0.74
Epoch 21
	| Avg Actor Loss: -0.0201 | Avg Critic Loss: 0.0335 
	| Avg Length: 3.5859 | Avg Reward: 0.6709 
	| Avg Length: 2.6880 | Avg Reward: 0.6781
	| OG  Acc: 1.00  | Masked Acc: 0.65 | OG  F1: 1.00 | Masked F1: 0.74
Epoch 22
	| Avg Actor Loss: -0.0181 | Avg Critic Loss: 0.0344 
	| Avg Length: 4.4141 | Avg Reward: 0.6541 
	| Avg Length: 2.9018 | Avg Reward: 0.7008
	| OG  Acc: 1.00  | Masked Acc: 0.68 | OG  F1: 1.00 | Masked F1: 0.76
Epoch 23
	| Avg Actor Loss: -0.0217 | Avg Critic Loss: 0.0354 
	| Avg Length: 4.5195 | Avg Reward: 0.6755 
	| Avg Length: 3.1014 | Avg Reward: 0.7093
	| OG  Acc: 1.00  | Masked Acc: 0.69 | OG  F1: 1.00 | Masked F1: 0.76
Epoch 24
	| Avg Actor Loss: -0.0238 | Avg Critic Loss: 0.0359 
	| Avg Length: 4.9632 | Avg Reward: 0.6896 
	| Avg Length: 3.3554 | Avg Reward: 0.7249
	| OG  Acc: 1.00  | Masked Acc: 0.71 | OG  F1: 1.00 | Masked F1: 0.77
Epoch 25
	| Avg Actor Loss: -0.0259 | Avg Critic Loss: 0.0378 
	| Avg Length: 4.8789 | Avg Reward: 0.6933 
	| Avg Length: 3.6988 | Avg Reward: 0.7432
	| OG  Acc: 1.00  | Masked Acc: 0.73 | OG  F1: 1.00 | Masked F1: 0.79
Epoch 26
	| Avg Actor Loss: -0.0293 | Avg Critic Loss: 0.0391 
	| Avg Length: 5.4180 | Avg Reward: 0.7219 
	| Avg Length: 4.0518 | Avg Reward: 0.7701
	| OG  Acc: 1.00  | Masked Acc: 0.76 | OG  F1: 1.00 | Masked F1: 0.80
Epoch 27
	| Avg Actor Loss: -0.0247 | Avg Critic Loss: 0.0405 
	| Avg Length: 5.3242 | Avg Reward: 0.7256 
	| Avg Length: 4.3278 | Avg Reward: 0.7788
	| OG  Acc: 1.00  | Masked Acc: 0.77 | OG  F1: 1.00 | Masked F1: 0.81
Epoch 28
	| Avg Actor Loss: -0.0262 | Avg Critic Loss: 0.0396 
	| Avg Length: 6.2500 | Avg Reward: 0.6688 
	| Avg Length: 4.6512 | Avg Reward: 0.8022
	| OG  Acc: 1.00  | Masked Acc: 0.80 | OG  F1: 1.00 | Masked F1: 0.83
Epoch 29
	| Avg Actor Loss: -0.0247 | Avg Critic Loss: 0.0410 
	| Avg Length: 6.7695 | Avg Reward: 0.7500 
	| Avg Length: 4.9384 | Avg Reward: 0.8458
	| OG  Acc: 1.00  | Masked Acc: 0.85 | OG  F1: 1.00 | Masked F1: 0.87
Epoch 30
	| Avg Actor Loss: -0.0262 | Avg Critic Loss: 0.0411 
	| Avg Length: 7.1992 | Avg Reward: 0.7422 
	| Avg Length: 5.4028 | Avg Reward: 0.8760
	| OG  Acc: 1.00  | Masked Acc: 0.88 | OG  F1: 1.00 | Masked F1: 0.89
Epoch 31
	| Avg Actor Loss: -0.0256 | Avg Critic Loss: 0.0410 
	| Avg Length: 8.2266 | Avg Reward: 0.7608 
	| Avg Length: 5.8792 | Avg Reward: 0.8975
	| OG  Acc: 1.00  | Masked Acc: 0.91 | OG  F1: 1.00 | Masked F1: 0.91
Epoch 32
	| Avg Actor Loss: -0.0237 | Avg Critic Loss: 0.0388 
	| Avg Length: 7.3971 | Avg Reward: 0.8248 
	| Avg Length: 6.3690 | Avg Reward: 0.9088
	| OG  Acc: 1.00  | Masked Acc: 0.92 | OG  F1: 1.00 | Masked F1: 0.93
Epoch 33
	| Avg Actor Loss: -0.0247 | Avg Critic Loss: 0.0389 
	| Avg Length: 9.4336 | Avg Reward: 0.8108 
	| Avg Length: 6.9244 | Avg Reward: 0.9205
	| OG  Acc: 1.00  | Masked Acc: 0.93 | OG  F1: 1.00 | Masked F1: 0.94
Epoch 34
	| Avg Actor Loss: -0.0231 | Avg Critic Loss: 0.0375 
	| Avg Length: 9.6523 | Avg Reward: 0.7789 
	| Avg Length: 7.4294 | Avg Reward: 0.9270
	| OG  Acc: 1.00  | Masked Acc: 0.94 | OG  F1: 1.00 | Masked F1: 0.94
Epoch 35
	| Avg Actor Loss: -0.0254 | Avg Critic Loss: 0.0358 
	| Avg Length: 10.3047 | Avg Reward: 0.8290 
	| Avg Length: 7.9046 | Avg Reward: 0.9335
	| OG  Acc: 1.00  | Masked Acc: 0.95 | OG  F1: 1.00 | Masked F1: 0.95
Epoch 36
	| Avg Actor Loss: -0.0258 | Avg Critic Loss: 0.0352 
	| Avg Length: 10.7059 | Avg Reward: 0.8440 
	| Avg Length: 8.5070 | Avg Reward: 0.9357
	| OG  Acc: 1.00  | Masked Acc: 0.95 | OG  F1: 1.00 | Masked F1: 0.95
Epoch 37
	| Avg Actor Loss: -0.0237 | Avg Critic Loss: 0.0331 
	| Avg Length: 10.8867 | Avg Reward: 0.8450 
	| Avg Length: 9.2522 | Avg Reward: 0.9427
	| OG  Acc: 1.00  | Masked Acc: 0.96 | OG  F1: 1.00 | Masked F1: 0.96
Epoch 38
	| Avg Actor Loss: -0.0177 | Avg Critic Loss: 0.0301 
	| Avg Length: 11.0430 | Avg Reward: 0.8807 
	| Avg Length: 9.9924 | Avg Reward: 0.9471
	| OG  Acc: 1.00  | Masked Acc: 0.97 | OG  F1: 1.00 | Masked F1: 0.97
Epoch 39
	| Avg Actor Loss: -0.0180 | Avg Critic Loss: 0.0269 
	| Avg Length: 12.2344 | Avg Reward: 0.9091 
	| Avg Length: 10.8514 | Avg Reward: 0.9503
	| OG  Acc: 1.00  | Masked Acc: 0.97 | OG  F1: 1.00 | Masked F1: 0.97
Epoch 40
	| Avg Actor Loss: -0.0172 | Avg Critic Loss: 0.0258 
	| Avg Length: 14.5882 | Avg Reward: 0.8880 
	| Avg Length: 11.6824 | Avg Reward: 0.9534
	| OG  Acc: 1.00  | Masked Acc: 0.98 | OG  F1: 1.00 | Masked F1: 0.98
Epoch 41
	| Avg Actor Loss: 0.0014 | Avg Critic Loss: 0.0217 
	| Avg Length: 15.0508 | Avg Reward: 0.9160 
	| Avg Length: 12.3570 | Avg Reward: 0.9573
	| OG  Acc: 1.00  | Masked Acc: 0.98 | OG  F1: 1.00 | Masked F1: 0.98
Epoch 42
	| Avg Actor Loss: -0.0156 | Avg Critic Loss: 0.0230 
	| Avg Length: 14.8398 | Avg Reward: 0.8919 
	| Avg Length: 12.8886 | Avg Reward: 0.9593
	| OG  Acc: 1.00  | Masked Acc: 0.98 | OG  F1: 1.00 | Masked F1: 0.98
Epoch 43
	| Avg Actor Loss: -0.0105 | Avg Critic Loss: 0.0172 
	| Avg Length: 16.1953 | Avg Reward: 0.9226 
	| Avg Length: 13.6260 | Avg Reward: 0.9628
	| OG  Acc: 1.00  | Masked Acc: 0.99 | OG  F1: 1.00 | Masked F1: 0.99
Epoch 44
	| Avg Actor Loss: -0.0024 | Avg Critic Loss: 0.0172 
	| Avg Length: 18.7868 | Avg Reward: 0.9210 
	| Avg Length: 14.2714 | Avg Reward: 0.9631
	| OG  Acc: 1.00  | Masked Acc: 0.99 | OG  F1: 1.00 | Masked F1: 0.99
Epoch 45
	| Avg Actor Loss: -0.0108 | Avg Critic Loss: 0.0155 
	| Avg Length: 13.7383 | Avg Reward: 0.9181 
	| Avg Length: 15.3036 | Avg Reward: 0.9640
	| OG  Acc: 1.00  | Masked Acc: 0.99 | OG  F1: 1.00 | Masked F1: 0.99
Epoch 46
	| Avg Actor Loss: -0.0026 | Avg Critic Loss: 0.0132 
	| Avg Length: 17.8281 | Avg Reward: 0.9205 
	| Avg Length: 15.9052 | Avg Reward: 0.9642
	| OG  Acc: 1.00  | Masked Acc: 0.99 | OG  F1: 1.00 | Masked F1: 0.99
Epoch 47
	| Avg Actor Loss: -0.0060 | Avg Critic Loss: 0.0122 
	| Avg Length: 17.9609 | Avg Reward: 0.9297 
	| Avg Length: 16.1592 | Avg Reward: 0.9644
	| OG  Acc: 1.00  | Masked Acc: 0.99 | OG  F1: 1.00 | Masked F1: 0.99
Epoch 48
	| Avg Actor Loss: -0.0030 | Avg Critic Loss: 0.0106 
	| Avg Length: 17.4853 | Avg Reward: 0.9511 
	| Avg Length: 15.7014 | Avg Reward: 0.9648
	| OG  Acc: 1.00  | Masked Acc: 0.99 | OG  F1: 1.00 | Masked F1: 0.99
Epoch 49
	| Avg Actor Loss: -0.0015 | Avg Critic Loss: 0.0083 
	| Avg Length: 18.2852 | Avg Reward: 0.9459 
	| Avg Length: 16.0536 | Avg Reward: 0.9657
	| OG  Acc: 1.00  | Masked Acc: 0.99 | OG  F1: 1.00 | Masked F1: 0.99
Epoch 50
	| Avg Actor Loss: -0.0032 | Avg Critic Loss: 0.0084 
	| Avg Length: 18.2734 | Avg Reward: 0.9424 
	| Avg Length: 16.1812 | Avg Reward: 0.9654
	| OG  Acc: 1.00  | Masked Acc: 0.99 | OG  F1: 1.00 | Masked F1: 0.99
Epoch 51
	| Avg Actor Loss: -0.0010 | Avg Critic Loss: 0.0093 
	| Avg Length: 17.7344 | Avg Reward: 0.9385 
	| Avg Length: 16.4010 | Avg Reward: 0.9654
	| OG  Acc: 1.00  | Masked Acc: 1.00 | OG  F1: 1.00 | Masked F1: 1.00
Epoch 52
	| Avg Actor Loss: 0.0035 | Avg Critic Loss: 0.0079 
	| Avg Length: 17.4559 | Avg Reward: 0.9260 
	| Avg Length: 17.0310 | Avg Reward: 0.9648
	| OG  Acc: 1.00  | Masked Acc: 0.99 | OG  F1: 1.00 | Masked F1: 1.00
Epoch 53
	| Avg Actor Loss: 0.0054 | Avg Critic Loss: 0.0060 
	| Avg Length: 18.9766 | Avg Reward: 0.9522 
	| Avg Length: 17.1674 | Avg Reward: 0.9645
	| OG  Acc: 1.00  | Masked Acc: 0.99 | OG  F1: 1.00 | Masked F1: 1.00
Epoch 54
	| Avg Actor Loss: 0.0032 | Avg Critic Loss: 0.0064 
	| Avg Length: 19.0391 | Avg Reward: 0.9442 
	| Avg Length: 17.4046 | Avg Reward: 0.9646
	| OG  Acc: 1.00  | Masked Acc: 1.00 | OG  F1: 1.00 | Masked F1: 1.00
Epoch 55
	| Avg Actor Loss: -0.0018 | Avg Critic Loss: 0.0056 
	| Avg Length: 20.4180 | Avg Reward: 0.9610 
	| Avg Length: 17.0878 | Avg Reward: 0.9652
	| OG  Acc: 1.00  | Masked Acc: 1.00 | OG  F1: 1.00 | Masked F1: 1.00
Epoch 56
	| Avg Actor Loss: 0.0021 | Avg Critic Loss: 0.0048 
	| Avg Length: 18.6691 | Avg Reward: 0.9670 
	| Avg Length: 17.1314 | Avg Reward: 0.9650
	| OG  Acc: 1.00  | Masked Acc: 1.00 | OG  F1: 1.00 | Masked F1: 1.00
Epoch 57
	| Avg Actor Loss: 0.0066 | Avg Critic Loss: 0.0056 
	| Avg Length: 17.5000 | Avg Reward: 0.9509 
	| Avg Length: 17.4562 | Avg Reward: 0.9653
	| OG  Acc: 1.00  | Masked Acc: 1.00 | OG  F1: 1.00 | Masked F1: 1.00
Epoch 58
	| Avg Actor Loss: 0.0047 | Avg Critic Loss: 0.0045 
	| Avg Length: 19.4141 | Avg Reward: 0.9494 
	| Avg Length: 17.1118 | Avg Reward: 0.9657
	| OG  Acc: 1.00  | Masked Acc: 1.00 | OG  F1: 1.00 | Masked F1: 1.00
Epoch 59
	| Avg Actor Loss: 0.0008 | Avg Critic Loss: 0.0053 
	| Avg Length: 21.1758 | Avg Reward: 0.9497 
	| Avg Length: 17.6038 | Avg Reward: 0.9657
	| OG  Acc: 1.00  | Masked Acc: 1.00 | OG  F1: 1.00 | Masked F1: 1.00
Epoch 60
	| Avg Actor Loss: 0.0077 | Avg Critic Loss: 0.0045 
	| Avg Length: 19.2279 | Avg Reward: 0.9557 
	| Avg Length: 16.9064 | Avg Reward: 0.9662
	| OG  Acc: 1.00  | Masked Acc: 1.00 | OG  F1: 1.00 | Masked F1: 1.00
Epoch 61
	| Avg Actor Loss: 0.0011 | Avg Critic Loss: 0.0041 
	| Avg Length: 20.1328 | Avg Reward: 0.9462 
	| Avg Length: 17.0784 | Avg Reward: 0.9666
	| OG  Acc: 1.00  | Masked Acc: 1.00 | OG  F1: 1.00 | Masked F1: 1.00
Epoch 62
	| Avg Actor Loss: -0.0005 | Avg Critic Loss: 0.0042 
	| Avg Length: 19.7656 | Avg Reward: 0.9523 
	| Avg Length: 16.8362 | Avg Reward: 0.9673
	| OG  Acc: 1.00  | Masked Acc: 1.00 | OG  F1: 1.00 | Masked F1: 1.00
Epoch 63
	| Avg Actor Loss: 0.0012 | Avg Critic Loss: 0.0041 
	| Avg Length: 18.3594 | Avg Reward: 0.9515 
	| Avg Length: 16.8766 | Avg Reward: 0.9677
	| OG  Acc: 1.00  | Masked Acc: 1.00 | OG  F1: 1.00 | Masked F1: 1.00
Epoch 64
	| Avg Actor Loss: 0.0067 | Avg Critic Loss: 0.0048 
	| Avg Length: 18.9044 | Avg Reward: 0.9482 
	| Avg Length: 16.4488 | Avg Reward: 0.9678
	| OG  Acc: 1.00  | Masked Acc: 1.00 | OG  F1: 1.00 | Masked F1: 1.00
Epoch 65
	| Avg Actor Loss: -0.0003 | Avg Critic Loss: 0.0043 
	| Avg Length: 16.3125 | Avg Reward: 0.9572 
	| Avg Length: 16.8920 | Avg Reward: 0.9678
	| OG  Acc: 1.00  | Masked Acc: 1.00 | OG  F1: 1.00 | Masked F1: 1.00
Epoch 66
	| Avg Actor Loss: -0.0009 | Avg Critic Loss: 0.0043 
	| Avg Length: 17.6133 | Avg Reward: 0.9527 
	| Avg Length: 16.5032 | Avg Reward: 0.9686
	| OG  Acc: 1.00  | Masked Acc: 1.00 | OG  F1: 1.00 | Masked F1: 1.00
Epoch 67
	| Avg Actor Loss: 0.0025 | Avg Critic Loss: 0.0044 
	| Avg Length: 18.9766 | Avg Reward: 0.9538 
	| Avg Length: 16.2472 | Avg Reward: 0.9684
	| OG  Acc: 1.00  | Masked Acc: 1.00 | OG  F1: 1.00 | Masked F1: 1.00
Epoch 68
	| Avg Actor Loss: 0.0045 | Avg Critic Loss: 0.0044 
	| Avg Length: 19.6985 | Avg Reward: 0.9652 
	| Avg Length: 16.5390 | Avg Reward: 0.9688
	| OG  Acc: 1.00  | Masked Acc: 1.00 | OG  F1: 1.00 | Masked F1: 1.00
Epoch 69
	| Avg Actor Loss: 0.0513 | Avg Critic Loss: 0.0043 
	| Avg Length: 18.4219 | Avg Reward: 0.9575 
	| Avg Length: 17.3034 | Avg Reward: 0.9679
	| OG  Acc: 1.00  | Masked Acc: 1.00 | OG  F1: 1.00 | Masked F1: 1.00
Epoch 70
	| Avg Actor Loss: 0.0005 | Avg Critic Loss: 0.0034 
	| Avg Length: 19.0938 | Avg Reward: 0.9448 
	| Avg Length: 17.1146 | Avg Reward: 0.9685
	| OG  Acc: 1.00  | Masked Acc: 1.00 | OG  F1: 1.00 | Masked F1: 1.00
Epoch 71
	| Avg Actor Loss: 0.0036 | Avg Critic Loss: 0.0029 
	| Avg Length: 19.1445 | Avg Reward: 0.9619 
	| Avg Length: 16.1288 | Avg Reward: 0.9694
	| OG  Acc: 1.00  | Masked Acc: 1.00 | OG  F1: 1.00 | Masked F1: 1.00
Epoch 72
	| Avg Actor Loss: 0.0011 | Avg Critic Loss: 0.0038 
	| Avg Length: 15.6250 | Avg Reward: 0.9648 
	| Avg Length: 15.7676 | Avg Reward: 0.9700
	| OG  Acc: 1.00  | Masked Acc: 1.00 | OG  F1: 1.00 | Masked F1: 1.00
Epoch 73
	| Avg Actor Loss: 0.0045 | Avg Critic Loss: 0.0038 
	| Avg Length: 17.3789 | Avg Reward: 0.9556 
	| Avg Length: 15.8520 | Avg Reward: 0.9696
	| OG  Acc: 1.00  | Masked Acc: 1.00 | OG  F1: 1.00 | Masked F1: 1.00
Epoch 74
	| Avg Actor Loss: 0.0017 | Avg Critic Loss: 0.0041 
	| Avg Length: 18.0039 | Avg Reward: 0.9640 
	| Avg Length: 15.4544 | Avg Reward: 0.9702
	| OG  Acc: 1.00  | Masked Acc: 1.00 | OG  F1: 1.00 | Masked F1: 1.00
Epoch 75
	| Avg Actor Loss: 0.0006 | Avg Critic Loss: 0.0039 
	| Avg Length: 15.7695 | Avg Reward: 0.9621 
	| Avg Length: 15.6372 | Avg Reward: 0.9702
	| OG  Acc: 1.00  | Masked Acc: 1.00 | OG  F1: 1.00 | Masked F1: 1.00
Epoch 76
	| Avg Actor Loss: 0.0054 | Avg Critic Loss: 0.0030 
	| Avg Length: 17.2426 | Avg Reward: 0.9587 
	| Avg Length: 15.4298 | Avg Reward: 0.9702
	| OG  Acc: 1.00  | Masked Acc: 1.00 | OG  F1: 1.00 | Masked F1: 1.00
Epoch 77
	| Avg Actor Loss: 0.0062 | Avg Critic Loss: 0.0031 
	| Avg Length: 16.2344 | Avg Reward: 0.9537 
	| Avg Length: 15.0328 | Avg Reward: 0.9704
	| OG  Acc: 1.00  | Masked Acc: 1.00 | OG  F1: 1.00 | Masked F1: 1.00
Epoch 78
	| Avg Actor Loss: 0.0057 | Avg Critic Loss: 0.0039 
	| Avg Length: 17.5508 | Avg Reward: 0.9644 
	| Avg Length: 15.3608 | Avg Reward: 0.9704
	| OG  Acc: 1.00  | Masked Acc: 1.00 | OG  F1: 1.00 | Masked F1: 1.00
Epoch 79
	| Avg Actor Loss: 0.0059 | Avg Critic Loss: 0.0030 
	| Avg Length: 15.4648 | Avg Reward: 0.9610 
	| Avg Length: 15.1184 | Avg Reward: 0.9709
	| OG  Acc: 1.00  | Masked Acc: 1.00 | OG  F1: 1.00 | Masked F1: 1.00
Epoch 80
	| Avg Actor Loss: 0.0030 | Avg Critic Loss: 0.0037 
	| Avg Length: 15.1250 | Avg Reward: 0.9695 
	| Avg Length: 15.1196 | Avg Reward: 0.9709
	| OG  Acc: 1.00  | Masked Acc: 1.00 | OG  F1: 1.00 | Masked F1: 1.00
Epoch 81
	| Avg Actor Loss: 0.0026 | Avg Critic Loss: 0.0032 
	| Avg Length: 15.2539 | Avg Reward: 0.9689 
	| Avg Length: 14.9974 | Avg Reward: 0.9707
	| OG  Acc: 1.00  | Masked Acc: 1.00 | OG  F1: 1.00 | Masked F1: 1.00
Epoch 82
	| Avg Actor Loss: 0.0114 | Avg Critic Loss: 0.0036 
	| Avg Length: 17.0156 | Avg Reward: 0.9491 
	| Avg Length: 14.9106 | Avg Reward: 0.9709
	| OG  Acc: 1.00  | Masked Acc: 1.00 | OG  F1: 1.00 | Masked F1: 1.00
Epoch 83
	| Avg Actor Loss: 0.0003 | Avg Critic Loss: 0.0038 
	| Avg Length: 16.1953 | Avg Reward: 0.9545 
	| Avg Length: 15.2438 | Avg Reward: 0.9705
	| OG  Acc: 1.00  | Masked Acc: 1.00 | OG  F1: 1.00 | Masked F1: 1.00
Epoch 84
	| Avg Actor Loss: -0.0040 | Avg Critic Loss: 0.0030 
	| Avg Length: 15.4853 | Avg Reward: 0.9626 
	| Avg Length: 14.5530 | Avg Reward: 0.9713
	| OG  Acc: 1.00  | Masked Acc: 1.00 | OG  F1: 1.00 | Masked F1: 1.00
Epoch 85
	| Avg Actor Loss: -0.0004 | Avg Critic Loss: 0.0032 
	| Avg Length: 15.3672 | Avg Reward: 0.9642 
	| Avg Length: 14.5782 | Avg Reward: 0.9713
	| OG  Acc: 1.00  | Masked Acc: 1.00 | OG  F1: 1.00 | Masked F1: 1.00
Epoch 86
	| Avg Actor Loss: 0.0251 | Avg Critic Loss: 0.0030 
	| Avg Length: 15.9414 | Avg Reward: 0.9580 
	| Avg Length: 14.1788 | Avg Reward: 0.9709
	| OG  Acc: 1.00  | Masked Acc: 1.00 | OG  F1: 1.00 | Masked F1: 1.00
Epoch 87
	| Avg Actor Loss: -0.0047 | Avg Critic Loss: 0.0051 
	| Avg Length: 13.9805 | Avg Reward: 0.9508 
	| Avg Length: 14.5834 | Avg Reward: 0.9709
	| OG  Acc: 1.00  | Masked Acc: 1.00 | OG  F1: 1.00 | Masked F1: 1.00
Epoch 88
	| Avg Actor Loss: 0.0034 | Avg Critic Loss: 0.0033 
	| Avg Length: 18.1765 | Avg Reward: 0.9617 
	| Avg Length: 14.6134 | Avg Reward: 0.9708
	| OG  Acc: 1.00  | Masked Acc: 1.00 | OG  F1: 1.00 | Masked F1: 1.00
Epoch 89
	| Avg Actor Loss: -0.0028 | Avg Critic Loss: 0.0040 
	| Avg Length: 16.3359 | Avg Reward: 0.9607 
	| Avg Length: 14.7256 | Avg Reward: 0.9713
	| OG  Acc: 1.00  | Masked Acc: 1.00 | OG  F1: 1.00 | Masked F1: 1.00
Epoch 90
	| Avg Actor Loss: 0.0039 | Avg Critic Loss: 0.0032 
	| Avg Length: 16.5742 | Avg Reward: 0.9604 
	| Avg Length: 14.5114 | Avg Reward: 0.9712
	| OG  Acc: 1.00  | Masked Acc: 1.00 | OG  F1: 1.00 | Masked F1: 1.00
Epoch 91
	| Avg Actor Loss: 0.0023 | Avg Critic Loss: 0.0035 
	| Avg Length: 15.6797 | Avg Reward: 0.9662 
	| Avg Length: 14.8114 | Avg Reward: 0.9712
	| OG  Acc: 1.00  | Masked Acc: 1.00 | OG  F1: 1.00 | Masked F1: 1.00
Epoch 92
	| Avg Actor Loss: 0.0052 | Avg Critic Loss: 0.0032 
	| Avg Length: 14.7794 | Avg Reward: 0.9726 
	| Avg Length: 14.6018 | Avg Reward: 0.9715
	| OG  Acc: 1.00  | Masked Acc: 1.00 | OG  F1: 1.00 | Masked F1: 1.00
Epoch 93
	| Avg Actor Loss: 0.0086 | Avg Critic Loss: 0.0037 
	| Avg Length: 15.0000 | Avg Reward: 0.9601 
	| Avg Length: 14.9156 | Avg Reward: 0.9712
	| OG  Acc: 1.00  | Masked Acc: 1.00 | OG  F1: 1.00 | Masked F1: 1.00
Epoch 94
	| Avg Actor Loss: -0.0017 | Avg Critic Loss: 0.0027 
	| Avg Length: 17.0312 | Avg Reward: 0.9634 
	| Avg Length: 14.8340 | Avg Reward: 0.9714
	| OG  Acc: 1.00  | Masked Acc: 1.00 | OG  F1: 1.00 | Masked F1: 1.00
Epoch 95
	| Avg Actor Loss: 0.0148 | Avg Critic Loss: 0.0031 
	| Avg Length: 16.1758 | Avg Reward: 0.9647 
	| Avg Length: 14.7988 | Avg Reward: 0.9715
	| OG  Acc: 1.00  | Masked Acc: 1.00 | OG  F1: 1.00 | Masked F1: 1.00
Epoch 96
	| Avg Actor Loss: 0.0071 | Avg Critic Loss: 0.0033 
	| Avg Length: 17.8015 | Avg Reward: 0.9717 
	| Avg Length: 14.7978 | Avg Reward: 0.9716
	| OG  Acc: 1.00  | Masked Acc: 1.00 | OG  F1: 1.00 | Masked F1: 1.00
Epoch 97
	| Avg Actor Loss: 0.0109 | Avg Critic Loss: 0.0028 
	| Avg Length: 17.2500 | Avg Reward: 0.9667 
	| Avg Length: 15.1312 | Avg Reward: 0.9713
	| OG  Acc: 1.00  | Masked Acc: 1.00 | OG  F1: 1.00 | Masked F1: 1.00
Epoch 98
	| Avg Actor Loss: 0.0095 | Avg Critic Loss: 0.0030 
	| Avg Length: 16.2969 | Avg Reward: 0.9653 
	| Avg Length: 14.5456 | Avg Reward: 0.9719
	| OG  Acc: 1.00  | Masked Acc: 1.00 | OG  F1: 1.00 | Masked F1: 1.00
Epoch 99
	| Avg Actor Loss: 0.0013 | Avg Critic Loss: 0.0037 
	| Avg Length: 15.5977 | Avg Reward: 0.9612 
	| Avg Length: 14.6558 | Avg Reward: 0.9718
	| OG  Acc: 1.00  | Masked Acc: 1.00 | OG  F1: 1.00 | Masked F1: 1.00
Epoch 100
	| Avg Actor Loss: 0.0066 | Avg Critic Loss: 0.0030 
	| Avg Length: 14.0000 | Avg Reward: 0.9745 
	| Avg Length: 14.3856 | Avg Reward: 0.9715
	| OG  Acc: 1.00  | Masked Acc: 1.00 | OG  F1: 1.00 | Masked F1: 1.00
Epoch 101
	| Avg Actor Loss: 0.0010 | Avg Critic Loss: 0.0037 
	| Avg Length: 15.0586 | Avg Reward: 0.9597 
	| Avg Length: 14.7532 | Avg Reward: 0.9712
	| OG  Acc: 1.00  | Masked Acc: 1.00 | OG  F1: 1.00 | Masked F1: 1.00
Epoch 102
	| Avg Actor Loss: 0.0137 | Avg Critic Loss: 0.0025 
	| Avg Length: 16.3281 | Avg Reward: 0.9642 
	| Avg Length: 14.3340 | Avg Reward: 0.9719
	| OG  Acc: 1.00  | Masked Acc: 1.00 | OG  F1: 1.00 | Masked F1: 1.00
Epoch 103
	| Avg Actor Loss: 0.0118 | Avg Critic Loss: 0.0032 
	| Avg Length: 15.8750 | Avg Reward: 0.9605 
	| Avg Length: 14.4942 | Avg Reward: 0.9718
	| OG  Acc: 1.00  | Masked Acc: 1.00 | OG  F1: 1.00 | Masked F1: 1.00
Epoch 104
	| Avg Actor Loss: 0.0082 | Avg Critic Loss: 0.0029 
	| Avg Length: 15.2279 | Avg Reward: 0.9722 
	| Avg Length: 14.2942 | Avg Reward: 0.9720
	| OG  Acc: 1.00  | Masked Acc: 1.00 | OG  F1: 1.00 | Masked F1: 1.00
Epoch 105
	| Avg Actor Loss: 0.0031 | Avg Critic Loss: 0.0028 
	| Avg Length: 14.8086 | Avg Reward: 0.9668 
	| Avg Length: 14.1452 | Avg Reward: 0.9722
	| OG  Acc: 1.00  | Masked Acc: 1.00 | OG  F1: 1.00 | Masked F1: 1.00
Epoch 106
	| Avg Actor Loss: 0.0096 | Avg Critic Loss: 0.0028 
	| Avg Length: 14.7656 | Avg Reward: 0.9642 
	| Avg Length: 13.9368 | Avg Reward: 0.9722
	| OG  Acc: 1.00  | Masked Acc: 1.00 | OG  F1: 1.00 | Masked F1: 1.00
Epoch 107
	| Avg Actor Loss: 0.0011 | Avg Critic Loss: 0.0029 
	| Avg Length: 14.9414 | Avg Reward: 0.9646 
	| Avg Length: 13.7502 | Avg Reward: 0.9724
	| OG  Acc: 1.00  | Masked Acc: 1.00 | OG  F1: 1.00 | Masked F1: 1.00
Epoch 108
	| Avg Actor Loss: 0.0057 | Avg Critic Loss: 0.0030 
	| Avg Length: 16.4265 | Avg Reward: 0.9721 
	| Avg Length: 13.7866 | Avg Reward: 0.9724
	| OG  Acc: 1.00  | Masked Acc: 1.00 | OG  F1: 1.00 | Masked F1: 1.00
Epoch 109
	| Avg Actor Loss: 0.0021 | Avg Critic Loss: 0.0034 
	| Avg Length: 15.6328 | Avg Reward: 0.9661 
	| Avg Length: 13.8126 | Avg Reward: 0.9726
	| OG  Acc: 1.00  | Masked Acc: 1.00 | OG  F1: 1.00 | Masked F1: 1.00
Epoch 110
	| Avg Actor Loss: 0.0035 | Avg Critic Loss: 0.0025 
	| Avg Length: 14.6445 | Avg Reward: 0.9473 
	| Avg Length: 13.7900 | Avg Reward: 0.9726
	| OG  Acc: 1.00  | Masked Acc: 1.00 | OG  F1: 1.00 | Masked F1: 1.00
Epoch 111
	| Avg Actor Loss: 0.0089 | Avg Critic Loss: 0.0028 
	| Avg Length: 16.1875 | Avg Reward: 0.9662 
	| Avg Length: 14.1212 | Avg Reward: 0.9723
	| OG  Acc: 1.00  | Masked Acc: 1.00 | OG  F1: 1.00 | Masked F1: 1.00
Epoch 112
	| Avg Actor Loss: 0.0102 | Avg Critic Loss: 0.0033 
	| Avg Length: 15.8235 | Avg Reward: 0.9663 
	| Avg Length: 14.3466 | Avg Reward: 0.9721
	| OG  Acc: 1.00  | Masked Acc: 1.00 | OG  F1: 1.00 | Masked F1: 1.00
Epoch 113
	| Avg Actor Loss: 0.0041 | Avg Critic Loss: 0.0026 
	| Avg Length: 15.0156 | Avg Reward: 0.9671 
	| Avg Length: 14.1888 | Avg Reward: 0.9722
	| OG  Acc: 1.00  | Masked Acc: 1.00 | OG  F1: 1.00 | Masked F1: 1.00
Epoch 114
	| Avg Actor Loss: 0.0101 | Avg Critic Loss: 0.0030 
	| Avg Length: 15.3945 | Avg Reward: 0.9632 
	| Avg Length: 13.5798 | Avg Reward: 0.9726
	| OG  Acc: 1.00  | Masked Acc: 1.00 | OG  F1: 1.00 | Masked F1: 1.00
Epoch 115
	| Avg Actor Loss: 0.0086 | Avg Critic Loss: 0.0027 
	| Avg Length: 13.8828 | Avg Reward: 0.9613 
	| Avg Length: 13.6954 | Avg Reward: 0.9724
	| OG  Acc: 1.00  | Masked Acc: 1.00 | OG  F1: 1.00 | Masked F1: 1.00
Epoch 116
	| Avg Actor Loss: 0.0035 | Avg Critic Loss: 0.0035 
	| Avg Length: 14.4044 | Avg Reward: 0.9662 
	| Avg Length: 14.1662 | Avg Reward: 0.9725
	| OG  Acc: 1.00  | Masked Acc: 1.00 | OG  F1: 1.00 | Masked F1: 1.00
Epoch 117
	| Avg Actor Loss: 0.0122 | Avg Critic Loss: 0.0027 
	| Avg Length: 15.0352 | Avg Reward: 0.9619 
	| Avg Length: 14.1786 | Avg Reward: 0.9723
	| OG  Acc: 1.00  | Masked Acc: 1.00 | OG  F1: 1.00 | Masked F1: 1.00
Epoch 118
	| Avg Actor Loss: 0.0083 | Avg Critic Loss: 0.0030 
	| Avg Length: 16.6289 | Avg Reward: 0.9658 
	| Avg Length: 14.7274 | Avg Reward: 0.9724
	| OG  Acc: 1.00  | Masked Acc: 1.00 | OG  F1: 1.00 | Masked F1: 1.00
Epoch 119
	| Avg Actor Loss: 0.0064 | Avg Critic Loss: 0.0028 
	| Avg Length: 15.6875 | Avg Reward: 0.9615 
	| Avg Length: 14.4696 | Avg Reward: 0.9724
	| OG  Acc: 1.00  | Masked Acc: 1.00 | OG  F1: 1.00 | Masked F1: 1.00
Epoch 120
	| Avg Actor Loss: 0.0105 | Avg Critic Loss: 0.0025 
	| Avg Length: 15.7574 | Avg Reward: 0.9651 
	| Avg Length: 14.1340 | Avg Reward: 0.9725
	| OG  Acc: 1.00  | Masked Acc: 1.00 | OG  F1: 1.00 | Masked F1: 1.00
Epoch 121
	| Avg Actor Loss: 0.0143 | Avg Critic Loss: 0.0020 
	| Avg Length: 15.2266 | Avg Reward: 0.9699 
	| Avg Length: 12.9222 | Avg Reward: 0.9728
	| OG  Acc: 1.00  | Masked Acc: 1.00 | OG  F1: 1.00 | Masked F1: 1.00
Epoch 122
	| Avg Actor Loss: 0.0030 | Avg Critic Loss: 0.0031 
	| Avg Length: 13.8633 | Avg Reward: 0.9730 
	| Avg Length: 13.0252 | Avg Reward: 0.9732
	| OG  Acc: 1.00  | Masked Acc: 1.00 | OG  F1: 1.00 | Masked F1: 1.00
Epoch 123
	| Avg Actor Loss: 0.0049 | Avg Critic Loss: 0.0026 
	| Avg Length: 14.8125 | Avg Reward: 0.9624 
	| Avg Length: 12.9718 | Avg Reward: 0.9733
	| OG  Acc: 1.00  | Masked Acc: 1.00 | OG  F1: 1.00 | Masked F1: 1.00
Epoch 124
	| Avg Actor Loss: 0.0102 | Avg Critic Loss: 0.0022 
	| Avg Length: 14.1029 | Avg Reward: 0.9748 
	| Avg Length: 12.8278 | Avg Reward: 0.9733
	| OG  Acc: 1.00  | Masked Acc: 1.00 | OG  F1: 1.00 | Masked F1: 1.00
Epoch 125
	| Avg Actor Loss: 0.0076 | Avg Critic Loss: 0.0027 
	| Avg Length: 14.2500 | Avg Reward: 0.9702 
	| Avg Length: 12.5898 | Avg Reward: 0.9734
	| OG  Acc: 1.00  | Masked Acc: 1.00 | OG  F1: 1.00 | Masked F1: 1.00
Epoch 126
	| Avg Actor Loss: 0.0014 | Avg Critic Loss: 0.0029 
	| Avg Length: 13.8867 | Avg Reward: 0.9601 
	| Avg Length: 12.6666 | Avg Reward: 0.9737
	| OG  Acc: 1.00  | Masked Acc: 1.00 | OG  F1: 1.00 | Masked F1: 1.00
Epoch 127
	| Avg Actor Loss: 0.0069 | Avg Critic Loss: 0.0027 
	| Avg Length: 13.8945 | Avg Reward: 0.9635 
	| Avg Length: 13.1288 | Avg Reward: 0.9731
	| OG  Acc: 1.00  | Masked Acc: 1.00 | OG  F1: 1.00 | Masked F1: 1.00
Epoch 128
	| Avg Actor Loss: 0.0068 | Avg Critic Loss: 0.0026 
	| Avg Length: 12.1176 | Avg Reward: 0.9610 
	| Avg Length: 13.1734 | Avg Reward: 0.9732
	| OG  Acc: 1.00  | Masked Acc: 1.00 | OG  F1: 1.00 | Masked F1: 1.00
Epoch 129
	| Avg Actor Loss: 0.0029 | Avg Critic Loss: 0.0024 
	| Avg Length: 15.1758 | Avg Reward: 0.9580 
	| Avg Length: 13.2296 | Avg Reward: 0.9731
	| OG  Acc: 1.00  | Masked Acc: 1.00 | OG  F1: 1.00 | Masked F1: 1.00
Epoch 130
	| Avg Actor Loss: 0.0113 | Avg Critic Loss: 0.0023 
	| Avg Length: 14.4492 | Avg Reward: 0.9689 
	| Avg Length: 12.9396 | Avg Reward: 0.9734
	| OG  Acc: 1.00  | Masked Acc: 1.00 | OG  F1: 1.00 | Masked F1: 1.00
Epoch 131
	| Avg Actor Loss: 0.0062 | Avg Critic Loss: 0.0026 
	| Avg Length: 13.8320 | Avg Reward: 0.9502 
	| Avg Length: 12.9582 | Avg Reward: 0.9734
	| OG  Acc: 1.00  | Masked Acc: 1.00 | OG  F1: 1.00 | Masked F1: 1.00
Epoch 132
	| Avg Actor Loss: 0.0071 | Avg Critic Loss: 0.0033 
	| Avg Length: 15.6691 | Avg Reward: 0.9614 
	| Avg Length: 13.4318 | Avg Reward: 0.9731
	| OG  Acc: 1.00  | Masked Acc: 1.00 | OG  F1: 1.00 | Masked F1: 1.00
Epoch 133
	| Avg Actor Loss: 0.0129 | Avg Critic Loss: 0.0021 
	| Avg Length: 16.6016 | Avg Reward: 0.9646 
	| Avg Length: 13.2880 | Avg Reward: 0.9734
	| OG  Acc: 1.00  | Masked Acc: 1.00 | OG  F1: 1.00 | Masked F1: 1.00
Epoch 134
	| Avg Actor Loss: -0.0012 | Avg Critic Loss: 0.0021 
	| Avg Length: 15.0898 | Avg Reward: 0.9698 
	| Avg Length: 12.9124 | Avg Reward: 0.9733
	| OG  Acc: 1.00  | Masked Acc: 1.00 | OG  F1: 1.00 | Masked F1: 1.00
Epoch 135
	| Avg Actor Loss: 0.0041 | Avg Critic Loss: 0.0029 
	| Avg Length: 14.6992 | Avg Reward: 0.9645 
	| Avg Length: 12.7098 | Avg Reward: 0.9741
	| OG  Acc: 1.00  | Masked Acc: 1.00 | OG  F1: 1.00 | Masked F1: 1.00
Epoch 136
	| Avg Actor Loss: 0.0110 | Avg Critic Loss: 0.0036 
	| Avg Length: 15.6324 | Avg Reward: 0.9688 
	| Avg Length: 13.4222 | Avg Reward: 0.9733
	| OG  Acc: 1.00  | Masked Acc: 1.00 | OG  F1: 1.00 | Masked F1: 1.00
Epoch 137
	| Avg Actor Loss: 0.0085 | Avg Critic Loss: 0.0016 
	| Avg Length: 16.4336 | Avg Reward: 0.9679 
	| Avg Length: 13.0184 | Avg Reward: 0.9734
	| OG  Acc: 1.00  | Masked Acc: 1.00 | OG  F1: 1.00 | Masked F1: 1.00
Epoch 138
	| Avg Actor Loss: 0.0050 | Avg Critic Loss: 0.0037 
	| Avg Length: 15.1484 | Avg Reward: 0.9657 
	| Avg Length: 13.3034 | Avg Reward: 0.9733
	| OG  Acc: 1.00  | Masked Acc: 1.00 | OG  F1: 1.00 | Masked F1: 1.00
Epoch 139
	| Avg Actor Loss: 0.0120 | Avg Critic Loss: 0.0025 
	| Avg Length: 13.6797 | Avg Reward: 0.9655 
	| Avg Length: 13.2566 | Avg Reward: 0.9735
	| OG  Acc: 1.00  | Masked Acc: 1.00 | OG  F1: 1.00 | Masked F1: 1.00
Epoch 140
	| Avg Actor Loss: 0.0059 | Avg Critic Loss: 0.0035 
	| Avg Length: 15.9265 | Avg Reward: 0.9657 
	| Avg Length: 13.7654 | Avg Reward: 0.9730
	| OG  Acc: 1.00  | Masked Acc: 1.00 | OG  F1: 1.00 | Masked F1: 1.00
Epoch 141
	| Avg Actor Loss: 0.0105 | Avg Critic Loss: 0.0027 
	| Avg Length: 15.1094 | Avg Reward: 0.9712 
	| Avg Length: 13.9980 | Avg Reward: 0.9727
	| OG  Acc: 1.00  | Masked Acc: 1.00 | OG  F1: 1.00 | Masked F1: 1.00
Epoch 142
	| Avg Actor Loss: 0.0147 | Avg Critic Loss: 0.0024 
	| Avg Length: 14.4648 | Avg Reward: 0.9685 
	| Avg Length: 13.7628 | Avg Reward: 0.9731
	| OG  Acc: 1.00  | Masked Acc: 1.00 | OG  F1: 1.00 | Masked F1: 1.00
Epoch 143
	| Avg Actor Loss: 0.0053 | Avg Critic Loss: 0.0029 
	| Avg Length: 15.6406 | Avg Reward: 0.9652 
	| Avg Length: 13.6612 | Avg Reward: 0.9733
	| OG  Acc: 1.00  | Masked Acc: 1.00 | OG  F1: 1.00 | Masked F1: 1.00
Epoch 144
	| Avg Actor Loss: 0.0107 | Avg Critic Loss: 0.0027 
	| Avg Length: 13.3456 | Avg Reward: 0.9706 
	| Avg Length: 13.2564 | Avg Reward: 0.9733
	| OG  Acc: 1.00  | Masked Acc: 1.00 | OG  F1: 1.00 | Masked F1: 1.00
Epoch 145
	| Avg Actor Loss: 0.0068 | Avg Critic Loss: 0.0024 
	| Avg Length: 14.4180 | Avg Reward: 0.9642 
	| Avg Length: 13.4568 | Avg Reward: 0.9732
	| OG  Acc: 1.00  | Masked Acc: 1.00 | OG  F1: 1.00 | Masked F1: 1.00
Epoch 146
	| Avg Actor Loss: 0.0056 | Avg Critic Loss: 0.0023 
	| Avg Length: 15.6641 | Avg Reward: 0.9665 
	| Avg Length: 13.3232 | Avg Reward: 0.9731
	| OG  Acc: 1.00  | Masked Acc: 1.00 | OG  F1: 1.00 | Masked F1: 1.00
Epoch 147
	| Avg Actor Loss: 0.0040 | Avg Critic Loss: 0.0028 
	| Avg Length: 14.6836 | Avg Reward: 0.9755 
	| Avg Length: 13.3700 | Avg Reward: 0.9733
	| OG  Acc: 1.00  | Masked Acc: 1.00 | OG  F1: 1.00 | Masked F1: 1.00
Epoch 148
	| Avg Actor Loss: 0.0059 | Avg Critic Loss: 0.0025 
	| Avg Length: 15.2941 | Avg Reward: 0.9642 
	| Avg Length: 13.5278 | Avg Reward: 0.9732
	| OG  Acc: 1.00  | Masked Acc: 1.00 | OG  F1: 1.00 | Masked F1: 1.00
Epoch 149
	| Avg Actor Loss: 0.0046 | Avg Critic Loss: 0.0024 
	| Avg Length: 13.6211 | Avg Reward: 0.9664 
	| Avg Length: 13.3548 | Avg Reward: 0.9735
	| OG  Acc: 1.00  | Masked Acc: 1.00 | OG  F1: 1.00 | Masked F1: 1.00
Epoch 150
	| Avg Actor Loss: 0.0072 | Avg Critic Loss: 0.0026 
	| Avg Length: 14.8789 | Avg Reward: 0.9717 
	| Avg Length: 13.0138 | Avg Reward: 0.9738
	| OG  Acc: 1.00  | Masked Acc: 1.00 | OG  F1: 1.00 | Masked F1: 1.00
Epoch 151
	| Avg Actor Loss: 0.0071 | Avg Critic Loss: 0.0028 
	| Avg Length: 14.6328 | Avg Reward: 0.9698 
	| Avg Length: 13.1698 | Avg Reward: 0.9734
	| OG  Acc: 1.00  | Masked Acc: 1.00 | OG  F1: 1.00 | Masked F1: 1.00
Epoch 152
	| Avg Actor Loss: 0.0103 | Avg Critic Loss: 0.0018 
	| Avg Length: 16.1471 | Avg Reward: 0.9732 
	| Avg Length: 12.9094 | Avg Reward: 0.9736
	| OG  Acc: 1.00  | Masked Acc: 1.00 | OG  F1: 1.00 | Masked F1: 1.00
Epoch 153
	| Avg Actor Loss: 0.0077 | Avg Critic Loss: 0.0026 
	| Avg Length: 12.5625 | Avg Reward: 0.9665 
	| Avg Length: 12.9926 | Avg Reward: 0.9740
	| OG  Acc: 1.00  | Masked Acc: 1.00 | OG  F1: 1.00 | Masked F1: 1.00
Epoch 154
	| Avg Actor Loss: 0.0100 | Avg Critic Loss: 0.0022 
	| Avg Length: 13.9102 | Avg Reward: 0.9630 
	| Avg Length: 12.8634 | Avg Reward: 0.9740
	| OG  Acc: 1.00  | Masked Acc: 1.00 | OG  F1: 1.00 | Masked F1: 1.00
Epoch 155
	| Avg Actor Loss: 0.0034 | Avg Critic Loss: 0.0030 
	| Avg Length: 14.1445 | Avg Reward: 0.9618 
	| Avg Length: 12.9698 | Avg Reward: 0.9742
	| OG  Acc: 1.00  | Masked Acc: 1.00 | OG  F1: 1.00 | Masked F1: 1.00
Epoch 156
	| Avg Actor Loss: 0.0072 | Avg Critic Loss: 0.0036 
	| Avg Length: 13.5221 | Avg Reward: 0.9658 
	| Avg Length: 13.7392 | Avg Reward: 0.9729
	| OG  Acc: 1.00  | Masked Acc: 1.00 | OG  F1: 1.00 | Masked F1: 1.00
Epoch 157
	| Avg Actor Loss: 0.0045 | Avg Critic Loss: 0.0022 
	| Avg Length: 14.7891 | Avg Reward: 0.9689 
	| Avg Length: 13.4812 | Avg Reward: 0.9732
	| OG  Acc: 1.00  | Masked Acc: 1.00 | OG  F1: 1.00 | Masked F1: 1.00
Epoch 158
	| Avg Actor Loss: 0.0101 | Avg Critic Loss: 0.0031 
	| Avg Length: 14.5352 | Avg Reward: 0.9613 
	| Avg Length: 13.6822 | Avg Reward: 0.9732
	| OG  Acc: 1.00  | Masked Acc: 1.00 | OG  F1: 1.00 | Masked F1: 1.00
Epoch 159
	| Avg Actor Loss: 0.0063 | Avg Critic Loss: 0.0018 
	| Avg Length: 15.3672 | Avg Reward: 0.9690 
	| Avg Length: 13.4166 | Avg Reward: 0.9731
	| OG  Acc: 1.00  | Masked Acc: 1.00 | OG  F1: 1.00 | Masked F1: 1.00
Epoch 160
	| Avg Actor Loss: 0.0258 | Avg Critic Loss: 0.0028 
	| Avg Length: 15.1691 | Avg Reward: 0.9543 
	| Avg Length: 13.2142 | Avg Reward: 0.9738
	| OG  Acc: 1.00  | Masked Acc: 1.00 | OG  F1: 1.00 | Masked F1: 1.00
Epoch 161
	| Avg Actor Loss: 0.0022 | Avg Critic Loss: 0.0030 
	| Avg Length: 13.7891 | Avg Reward: 0.9723 
	| Avg Length: 13.4512 | Avg Reward: 0.9733
	| OG  Acc: 1.00  | Masked Acc: 1.00 | OG  F1: 1.00 | Masked F1: 1.00
Epoch 162
	| Avg Actor Loss: 0.0075 | Avg Critic Loss: 0.0024 
	| Avg Length: 14.0977 | Avg Reward: 0.9640 
	| Avg Length: 13.2674 | Avg Reward: 0.9735
	| OG  Acc: 1.00  | Masked Acc: 1.00 | OG  F1: 1.00 | Masked F1: 1.00
Epoch 163
	| Avg Actor Loss: 0.0069 | Avg Critic Loss: 0.0034 
	| Avg Length: 13.2656 | Avg Reward: 0.9620 
	| Avg Length: 13.4068 | Avg Reward: 0.9739
	| OG  Acc: 1.00  | Masked Acc: 1.00 | OG  F1: 1.00 | Masked F1: 1.00
Epoch 164
	| Avg Actor Loss: 0.0057 | Avg Critic Loss: 0.0028 
	| Avg Length: 13.9338 | Avg Reward: 0.9720 
	| Avg Length: 13.4110 | Avg Reward: 0.9737
	| OG  Acc: 1.00  | Masked Acc: 1.00 | OG  F1: 1.00 | Masked F1: 1.00
Epoch 165
	| Avg Actor Loss: 0.0088 | Avg Critic Loss: 0.0027 
	| Avg Length: 14.4453 | Avg Reward: 0.9629 
	| Avg Length: 13.7230 | Avg Reward: 0.9736
	| OG  Acc: 1.00  | Masked Acc: 1.00 | OG  F1: 1.00 | Masked F1: 1.00
Epoch 166
	| Avg Actor Loss: 0.0110 | Avg Critic Loss: 0.0028 
	| Avg Length: 13.8008 | Avg Reward: 0.9579 
	| Avg Length: 13.9140 | Avg Reward: 0.9733
	| OG  Acc: 1.00  | Masked Acc: 1.00 | OG  F1: 1.00 | Masked F1: 1.00
Epoch 167
	| Avg Actor Loss: 0.0088 | Avg Critic Loss: 0.0023 
	| Avg Length: 14.9492 | Avg Reward: 0.9677 
	| Avg Length: 13.6968 | Avg Reward: 0.9737
	| OG  Acc: 1.00  | Masked Acc: 1.00 | OG  F1: 1.00 | Masked F1: 1.00
Epoch 168
	| Avg Actor Loss: 0.0180 | Avg Critic Loss: 0.0028 
	| Avg Length: 14.6618 | Avg Reward: 0.9691 
	| Avg Length: 13.8866 | Avg Reward: 0.9737
	| OG  Acc: 1.00  | Masked Acc: 1.00 | OG  F1: 1.00 | Masked F1: 1.00
Epoch 169
	| Avg Actor Loss: 0.0036 | Avg Critic Loss: 0.0025 
	| Avg Length: 14.0508 | Avg Reward: 0.9690 
	| Avg Length: 13.9180 | Avg Reward: 0.9736
	| OG  Acc: 1.00  | Masked Acc: 1.00 | OG  F1: 1.00 | Masked F1: 1.00
Epoch 170
	| Avg Actor Loss: 0.0053 | Avg Critic Loss: 0.0023 
	| Avg Length: 15.3281 | Avg Reward: 0.9655 
	| Avg Length: 13.5268 | Avg Reward: 0.9740
	| OG  Acc: 1.00  | Masked Acc: 1.00 | OG  F1: 1.00 | Masked F1: 1.00
Epoch 171
	| Avg Actor Loss: 0.0070 | Avg Critic Loss: 0.0020 
	| Avg Length: 14.4062 | Avg Reward: 0.9642 
	| Avg Length: 13.6384 | Avg Reward: 0.9741
	| OG  Acc: 1.00  | Masked Acc: 1.00 | OG  F1: 1.00 | Masked F1: 1.00
Epoch 172
	| Avg Actor Loss: 0.0120 | Avg Critic Loss: 0.0023 
	| Avg Length: 16.0588 | Avg Reward: 0.9720 
	| Avg Length: 13.4726 | Avg Reward: 0.9744
	| OG  Acc: 1.00  | Masked Acc: 1.00 | OG  F1: 1.00 | Masked F1: 1.00
Epoch 173
	| Avg Actor Loss: 0.0033 | Avg Critic Loss: 0.0028 
	| Avg Length: 14.5000 | Avg Reward: 0.9554 
	| Avg Length: 13.5056 | Avg Reward: 0.9743
	| OG  Acc: 1.00  | Masked Acc: 1.00 | OG  F1: 1.00 | Masked F1: 1.00
Epoch 174
	| Avg Actor Loss: 0.0154 | Avg Critic Loss: 0.0023 
	| Avg Length: 13.4219 | Avg Reward: 0.9685 
	| Avg Length: 13.6996 | Avg Reward: 0.9743
	| OG  Acc: 1.00  | Masked Acc: 1.00 | OG  F1: 1.00 | Masked F1: 1.00
Epoch 175
	| Avg Actor Loss: 0.0043 | Avg Critic Loss: 0.0019 
	| Avg Length: 13.6992 | Avg Reward: 0.9661 
	| Avg Length: 13.2958 | Avg Reward: 0.9746
	| OG  Acc: 1.00  | Masked Acc: 1.00 | OG  F1: 1.00 | Masked F1: 1.00
Epoch 176
	| Avg Actor Loss: 0.0085 | Avg Critic Loss: 0.0027 
	| Avg Length: 12.4779 | Avg Reward: 0.9706 
	| Avg Length: 13.4688 | Avg Reward: 0.9743
	| OG  Acc: 1.00  | Masked Acc: 1.00 | OG  F1: 1.00 | Masked F1: 1.00
Epoch 177
	| Avg Actor Loss: 0.0101 | Avg Critic Loss: 0.0027 
	| Avg Length: 15.1406 | Avg Reward: 0.9673 
	| Avg Length: 13.6928 | Avg Reward: 0.9741
	| OG  Acc: 1.00  | Masked Acc: 1.00 | OG  F1: 1.00 | Masked F1: 1.00
Epoch 178
	| Avg Actor Loss: 0.0061 | Avg Critic Loss: 0.0023 
	| Avg Length: 15.6992 | Avg Reward: 0.9748 
	| Avg Length: 13.5330 | Avg Reward: 0.9741
	| OG  Acc: 1.00  | Masked Acc: 1.00 | OG  F1: 1.00 | Masked F1: 1.00
Epoch 179
	| Avg Actor Loss: 0.0079 | Avg Critic Loss: 0.0022 
	| Avg Length: 14.2227 | Avg Reward: 0.9723 
	| Avg Length: 13.4440 | Avg Reward: 0.9744
	| OG  Acc: 1.00  | Masked Acc: 1.00 | OG  F1: 1.00 | Masked F1: 1.00
Epoch 180
	| Avg Actor Loss: 0.0093 | Avg Critic Loss: 0.0019 
	| Avg Length: 13.0147 | Avg Reward: 0.9574 
	| Avg Length: 13.3132 | Avg Reward: 0.9746
	| OG  Acc: 1.00  | Masked Acc: 1.00 | OG  F1: 1.00 | Masked F1: 1.00
Epoch 181
	| Avg Actor Loss: 0.0094 | Avg Critic Loss: 0.0026 
	| Avg Length: 14.9648 | Avg Reward: 0.9666 
	| Avg Length: 13.6318 | Avg Reward: 0.9743
	| OG  Acc: 1.00  | Masked Acc: 1.00 | OG  F1: 1.00 | Masked F1: 1.00
Epoch 182
	| Avg Actor Loss: 0.0075 | Avg Critic Loss: 0.0022 
	| Avg Length: 14.2422 | Avg Reward: 0.9627 
	| Avg Length: 13.6668 | Avg Reward: 0.9744
	| OG  Acc: 1.00  | Masked Acc: 1.00 | OG  F1: 1.00 | Masked F1: 1.00
Epoch 183
	| Avg Actor Loss: 0.0088 | Avg Critic Loss: 0.0028 
	| Avg Length: 13.9141 | Avg Reward: 0.9729 
	| Avg Length: 13.5352 | Avg Reward: 0.9746
	| OG  Acc: 1.00  | Masked Acc: 1.00 | OG  F1: 1.00 | Masked F1: 1.00
Epoch 184
	| Avg Actor Loss: 0.0102 | Avg Critic Loss: 0.0026 
	| Avg Length: 14.8529 | Avg Reward: 0.9591 
	| Avg Length: 13.8210 | Avg Reward: 0.9740
	| OG  Acc: 1.00  | Masked Acc: 1.00 | OG  F1: 1.00 | Masked F1: 1.00
Epoch 185
	| Avg Actor Loss: 0.0089 | Avg Critic Loss: 0.0029 
	| Avg Length: 15.4766 | Avg Reward: 0.9653 
	| Avg Length: 13.8946 | Avg Reward: 0.9744
	| OG  Acc: 1.00  | Masked Acc: 1.00 | OG  F1: 1.00 | Masked F1: 1.00
Epoch 186
	| Avg Actor Loss: 0.0132 | Avg Critic Loss: 0.0021 
	| Avg Length: 15.5117 | Avg Reward: 0.9732 
	| Avg Length: 13.6854 | Avg Reward: 0.9743
	| OG  Acc: 1.00  | Masked Acc: 1.00 | OG  F1: 1.00 | Masked F1: 1.00
Epoch 187
	| Avg Actor Loss: 0.0073 | Avg Critic Loss: 0.0024 
	| Avg Length: 14.4805 | Avg Reward: 0.9678 
	| Avg Length: 13.5318 | Avg Reward: 0.9744
	| OG  Acc: 1.00  | Masked Acc: 1.00 | OG  F1: 1.00 | Masked F1: 1.00
Epoch 188
	| Avg Actor Loss: 0.0136 | Avg Critic Loss: 0.0023 
	| Avg Length: 13.2132 | Avg Reward: 0.9706 
	| Avg Length: 13.5872 | Avg Reward: 0.9742
	| OG  Acc: 1.00  | Masked Acc: 1.00 | OG  F1: 1.00 | Masked F1: 1.00
Epoch 189
	| Avg Actor Loss: 0.0086 | Avg Critic Loss: 0.0022 
	| Avg Length: 14.5703 | Avg Reward: 0.9666 
	| Avg Length: 13.6204 | Avg Reward: 0.9743
	| OG  Acc: 1.00  | Masked Acc: 1.00 | OG  F1: 1.00 | Masked F1: 1.00
Epoch 190
	| Avg Actor Loss: 0.0051 | Avg Critic Loss: 0.0020 
	| Avg Length: 15.4297 | Avg Reward: 0.9704 
	| Avg Length: 13.3870 | Avg Reward: 0.9743
	| OG  Acc: 1.00  | Masked Acc: 1.00 | OG  F1: 1.00 | Masked F1: 1.00
Epoch 191
	| Avg Actor Loss: 0.0116 | Avg Critic Loss: 0.0022 
	| Avg Length: 13.7500 | Avg Reward: 0.9598 
	| Avg Length: 13.2608 | Avg Reward: 0.9743
	| OG  Acc: 1.00  | Masked Acc: 1.00 | OG  F1: 1.00 | Masked F1: 1.00
Epoch 192
	| Avg Actor Loss: 0.0138 | Avg Critic Loss: 0.0024 
	| Avg Length: 15.3676 | Avg Reward: 0.9665 
	| Avg Length: 13.1356 | Avg Reward: 0.9748
	| OG  Acc: 1.00  | Masked Acc: 1.00 | OG  F1: 1.00 | Masked F1: 1.00
Epoch 193
	| Avg Actor Loss: 0.0180 | Avg Critic Loss: 0.0026 
	| Avg Length: 15.0156 | Avg Reward: 0.9674 
	| Avg Length: 13.4766 | Avg Reward: 0.9747
	| OG  Acc: 1.00  | Masked Acc: 1.00 | OG  F1: 1.00 | Masked F1: 1.00
Epoch 194
	| Avg Actor Loss: 0.0130 | Avg Critic Loss: 0.0030 
	| Avg Length: 15.1055 | Avg Reward: 0.9704 
	| Avg Length: 13.9828 | Avg Reward: 0.9743
	| OG  Acc: 1.00  | Masked Acc: 1.00 | OG  F1: 1.00 | Masked F1: 1.00
Epoch 195
	| Avg Actor Loss: 0.0102 | Avg Critic Loss: 0.0022 
	| Avg Length: 14.2422 | Avg Reward: 0.9748 
	| Avg Length: 13.7874 | Avg Reward: 0.9741
	| OG  Acc: 1.00  | Masked Acc: 1.00 | OG  F1: 1.00 | Masked F1: 1.00
Epoch 196
	| Avg Actor Loss: 0.0089 | Avg Critic Loss: 0.0024 
	| Avg Length: 14.4118 | Avg Reward: 0.9678 
	| Avg Length: 13.7262 | Avg Reward: 0.9744
	| OG  Acc: 1.00  | Masked Acc: 1.00 | OG  F1: 1.00 | Masked F1: 1.00
Epoch 197
	| Avg Actor Loss: 0.0099 | Avg Critic Loss: 0.0021 
	| Avg Length: 14.1602 | Avg Reward: 0.9726 
	| Avg Length: 13.5064 | Avg Reward: 0.9746
	| OG  Acc: 1.00  | Masked Acc: 1.00 | OG  F1: 1.00 | Masked F1: 1.00
Epoch 198
	| Avg Actor Loss: 0.0127 | Avg Critic Loss: 0.0028 
	| Avg Length: 14.0078 | Avg Reward: 0.9629 
	| Avg Length: 13.8292 | Avg Reward: 0.9746
	| OG  Acc: 1.00  | Masked Acc: 1.00 | OG  F1: 1.00 | Masked F1: 1.00
Epoch 199
	| Avg Actor Loss: 0.0246 | Avg Critic Loss: 0.0018 
	| Avg Length: 14.8516 | Avg Reward: 0.9703 
	| Avg Length: 13.4138 | Avg Reward: 0.9747
	| OG  Acc: 1.00  | Masked Acc: 1.00 | OG  F1: 1.00 | Masked F1: 1.00
Epoch 200
	| Avg Actor Loss: 0.0078 | Avg Critic Loss: 0.0033 
	| Avg Length: 13.5588 | Avg Reward: 0.9639 
	| Avg Length: 13.6866 | Avg Reward: 0.9744
	| OG  Acc: 1.00  | Masked Acc: 1.00 | OG  F1: 1.00 | Masked F1: 1.00
