Epoch 01
	| Avg Actor Loss: -0.0083 | Avg Critic Loss: 0.0527 
	| Avg Length: 1.8086 | Avg Reward: 0.6096 
	| Avg Length: 1.0000 | Avg Reward: 0.6062
	| OG  Acc: 1.00  | Masked Acc: 0.51 | OG  F1: 1.00 | Masked F1: 0.67
Epoch 02
	| Avg Actor Loss: -0.0069 | Avg Critic Loss: 0.0244 
	| Avg Length: 1.8164 | Avg Reward: 0.5913 
	| Avg Length: 1.0000 | Avg Reward: 0.5993
	| OG  Acc: 1.00  | Masked Acc: 0.50 | OG  F1: 1.00 | Masked F1: 0.66
Epoch 03
	| Avg Actor Loss: -0.0095 | Avg Critic Loss: 0.0204 
	| Avg Length: 1.9648 | Avg Reward: 0.5763 
	| Avg Length: 1.0000 | Avg Reward: 0.6004
	| OG  Acc: 1.00  | Masked Acc: 0.51 | OG  F1: 1.00 | Masked F1: 0.66
Epoch 04
	| Avg Actor Loss: -0.0108 | Avg Critic Loss: 0.0190 
	| Avg Length: 1.8750 | Avg Reward: 0.5679 
	| Avg Length: 1.0000 | Avg Reward: 0.6095
	| OG  Acc: 1.00  | Masked Acc: 0.52 | OG  F1: 1.00 | Masked F1: 0.67
Epoch 05
	| Avg Actor Loss: -0.0133 | Avg Critic Loss: 0.0184 
	| Avg Length: 1.8594 | Avg Reward: 0.6417 
	| Avg Length: 1.0000 | Avg Reward: 0.6178
	| OG  Acc: 1.00  | Masked Acc: 0.53 | OG  F1: 1.00 | Masked F1: 0.68
Epoch 06
	| Avg Actor Loss: -0.0151 | Avg Critic Loss: 0.0175 
	| Avg Length: 1.9141 | Avg Reward: 0.5999 
	| Avg Length: 1.0000 | Avg Reward: 0.6184
	| OG  Acc: 1.00  | Masked Acc: 0.53 | OG  F1: 1.00 | Masked F1: 0.68
Epoch 07
	| Avg Actor Loss: -0.0144 | Avg Critic Loss: 0.0186 
	| Avg Length: 1.9922 | Avg Reward: 0.5968 
	| Avg Length: 1.0000 | Avg Reward: 0.6162
	| OG  Acc: 1.00  | Masked Acc: 0.52 | OG  F1: 1.00 | Masked F1: 0.68
Epoch 08
	| Avg Actor Loss: -0.0175 | Avg Critic Loss: 0.0179 
	| Avg Length: 2.0735 | Avg Reward: 0.5724 
	| Avg Length: 1.0000 | Avg Reward: 0.6293
	| OG  Acc: 1.00  | Masked Acc: 0.54 | OG  F1: 1.00 | Masked F1: 0.68
Epoch 09
	| Avg Actor Loss: -0.0175 | Avg Critic Loss: 0.0193 
	| Avg Length: 1.9922 | Avg Reward: 0.5625 
	| Avg Length: 1.0000 | Avg Reward: 0.6391
	| OG  Acc: 1.00  | Masked Acc: 0.56 | OG  F1: 1.00 | Masked F1: 0.69
Epoch 10
	| Avg Actor Loss: -0.0164 | Avg Critic Loss: 0.0177 
	| Avg Length: 2.0273 | Avg Reward: 0.6147 
	| Avg Length: 1.0958 | Avg Reward: 0.6465
	| OG  Acc: 1.00  | Masked Acc: 0.56 | OG  F1: 1.00 | Masked F1: 0.69
Epoch 11
	| Avg Actor Loss: -0.0160 | Avg Critic Loss: 0.0207 
	| Avg Length: 2.2031 | Avg Reward: 0.6471 
	| Avg Length: 1.1004 | Avg Reward: 0.6442
	| OG  Acc: 1.00  | Masked Acc: 0.56 | OG  F1: 1.00 | Masked F1: 0.69
Epoch 12
	| Avg Actor Loss: -0.0189 | Avg Critic Loss: 0.0189 
	| Avg Length: 2.4632 | Avg Reward: 0.6032 
	| Avg Length: 1.2444 | Avg Reward: 0.6498
	| OG  Acc: 1.00  | Masked Acc: 0.57 | OG  F1: 1.00 | Masked F1: 0.70
Epoch 13
	| Avg Actor Loss: -0.0175 | Avg Critic Loss: 0.0198 
	| Avg Length: 2.1836 | Avg Reward: 0.6338 
	| Avg Length: 1.3496 | Avg Reward: 0.6496
	| OG  Acc: 1.00  | Masked Acc: 0.57 | OG  F1: 1.00 | Masked F1: 0.70
Epoch 14
	| Avg Actor Loss: -0.0243 | Avg Critic Loss: 0.0205 
	| Avg Length: 2.3984 | Avg Reward: 0.6602 
	| Avg Length: 1.3472 | Avg Reward: 0.6515
	| OG  Acc: 1.00  | Masked Acc: 0.57 | OG  F1: 1.00 | Masked F1: 0.70
Epoch 15
	| Avg Actor Loss: -0.0194 | Avg Critic Loss: 0.0208 
	| Avg Length: 2.3320 | Avg Reward: 0.6825 
	| Avg Length: 1.3922 | Avg Reward: 0.6668
	| OG  Acc: 1.00  | Masked Acc: 0.59 | OG  F1: 1.00 | Masked F1: 0.71
Epoch 16
	| Avg Actor Loss: -0.0187 | Avg Critic Loss: 0.0217 
	| Avg Length: 2.5882 | Avg Reward: 0.6331 
	| Avg Length: 1.4996 | Avg Reward: 0.6745
	| OG  Acc: 1.00  | Masked Acc: 0.60 | OG  F1: 1.00 | Masked F1: 0.71
Epoch 17
	| Avg Actor Loss: -0.0211 | Avg Critic Loss: 0.0228 
	| Avg Length: 3.1055 | Avg Reward: 0.6541 
	| Avg Length: 1.7202 | Avg Reward: 0.7027
	| OG  Acc: 1.00  | Masked Acc: 0.64 | OG  F1: 1.00 | Masked F1: 0.73
Epoch 18
	| Avg Actor Loss: -0.0205 | Avg Critic Loss: 0.0236 
	| Avg Length: 2.9844 | Avg Reward: 0.6380 
	| Avg Length: 1.7892 | Avg Reward: 0.7121
	| OG  Acc: 1.00  | Masked Acc: 0.65 | OG  F1: 1.00 | Masked F1: 0.74
Epoch 19
	| Avg Actor Loss: -0.0204 | Avg Critic Loss: 0.0247 
	| Avg Length: 2.9492 | Avg Reward: 0.7082 
	| Avg Length: 1.8606 | Avg Reward: 0.7155
	| OG  Acc: 1.00  | Masked Acc: 0.66 | OG  F1: 1.00 | Masked F1: 0.74
Epoch 20
	| Avg Actor Loss: -0.0210 | Avg Critic Loss: 0.0248 
	| Avg Length: 3.2868 | Avg Reward: 0.5809 
	| Avg Length: 1.9604 | Avg Reward: 0.7212
	| OG  Acc: 1.00  | Masked Acc: 0.66 | OG  F1: 1.00 | Masked F1: 0.75
Epoch 21
	| Avg Actor Loss: -0.0213 | Avg Critic Loss: 0.0257 
	| Avg Length: 3.2812 | Avg Reward: 0.7121 
	| Avg Length: 2.1384 | Avg Reward: 0.7353
	| OG  Acc: 1.00  | Masked Acc: 0.68 | OG  F1: 1.00 | Masked F1: 0.76
Epoch 22
	| Avg Actor Loss: -0.0241 | Avg Critic Loss: 0.0268 
	| Avg Length: 3.4531 | Avg Reward: 0.6721 
	| Avg Length: 2.2562 | Avg Reward: 0.7496
	| OG  Acc: 1.00  | Masked Acc: 0.70 | OG  F1: 1.00 | Masked F1: 0.77
Epoch 23
	| Avg Actor Loss: -0.0213 | Avg Critic Loss: 0.0269 
	| Avg Length: 3.4961 | Avg Reward: 0.7100 
	| Avg Length: 2.4214 | Avg Reward: 0.7539
	| OG  Acc: 1.00  | Masked Acc: 0.70 | OG  F1: 1.00 | Masked F1: 0.77
Epoch 24
	| Avg Actor Loss: -0.0269 | Avg Critic Loss: 0.0291 
	| Avg Length: 3.7647 | Avg Reward: 0.7270 
	| Avg Length: 2.4904 | Avg Reward: 0.7567
	| OG  Acc: 1.00  | Masked Acc: 0.71 | OG  F1: 1.00 | Masked F1: 0.78
Epoch 25
	| Avg Actor Loss: -0.0219 | Avg Critic Loss: 0.0282 
	| Avg Length: 3.9727 | Avg Reward: 0.7298 
	| Avg Length: 2.6880 | Avg Reward: 0.7652
	| OG  Acc: 1.00  | Masked Acc: 0.72 | OG  F1: 1.00 | Masked F1: 0.78
Epoch 26
	| Avg Actor Loss: -0.0239 | Avg Critic Loss: 0.0298 
	| Avg Length: 4.6016 | Avg Reward: 0.7229 
	| Avg Length: 2.8886 | Avg Reward: 0.7722
	| OG  Acc: 1.00  | Masked Acc: 0.73 | OG  F1: 1.00 | Masked F1: 0.79
Epoch 27
	| Avg Actor Loss: -0.0234 | Avg Critic Loss: 0.0297 
	| Avg Length: 4.4219 | Avg Reward: 0.7493 
	| Avg Length: 3.0536 | Avg Reward: 0.7795
	| OG  Acc: 1.00  | Masked Acc: 0.74 | OG  F1: 1.00 | Masked F1: 0.79
Epoch 28
	| Avg Actor Loss: -0.0224 | Avg Critic Loss: 0.0298 
	| Avg Length: 4.4191 | Avg Reward: 0.7673 
	| Avg Length: 3.2288 | Avg Reward: 0.8008
	| OG  Acc: 1.00  | Masked Acc: 0.77 | OG  F1: 1.00 | Masked F1: 0.81
Epoch 29
	| Avg Actor Loss: -0.0261 | Avg Critic Loss: 0.0305 
	| Avg Length: 4.4648 | Avg Reward: 0.7891 
	| Avg Length: 3.5316 | Avg Reward: 0.8147
	| OG  Acc: 1.00  | Masked Acc: 0.79 | OG  F1: 1.00 | Masked F1: 0.82
Epoch 30
	| Avg Actor Loss: -0.0301 | Avg Critic Loss: 0.0312 
	| Avg Length: 4.6094 | Avg Reward: 0.7785 
	| Avg Length: 3.9770 | Avg Reward: 0.8322
	| OG  Acc: 1.00  | Masked Acc: 0.81 | OG  F1: 1.00 | Masked F1: 0.84
Epoch 31
	| Avg Actor Loss: -0.0241 | Avg Critic Loss: 0.0317 
	| Avg Length: 5.4648 | Avg Reward: 0.7587 
	| Avg Length: 4.1346 | Avg Reward: 0.8468
	| OG  Acc: 1.00  | Masked Acc: 0.83 | OG  F1: 1.00 | Masked F1: 0.85
Epoch 32
	| Avg Actor Loss: -0.0214 | Avg Critic Loss: 0.0310 
	| Avg Length: 6.0662 | Avg Reward: 0.7944 
	| Avg Length: 4.3310 | Avg Reward: 0.8518
	| OG  Acc: 1.00  | Masked Acc: 0.84 | OG  F1: 1.00 | Masked F1: 0.86
Epoch 33
	| Avg Actor Loss: -0.0195 | Avg Critic Loss: 0.0292 
	| Avg Length: 5.4492 | Avg Reward: 0.7933 
	| Avg Length: 4.5522 | Avg Reward: 0.8617
	| OG  Acc: 1.00  | Masked Acc: 0.85 | OG  F1: 1.00 | Masked F1: 0.87
Epoch 34
	| Avg Actor Loss: -0.0216 | Avg Critic Loss: 0.0298 
	| Avg Length: 5.7109 | Avg Reward: 0.8212 
	| Avg Length: 4.8328 | Avg Reward: 0.8723
	| OG  Acc: 1.00  | Masked Acc: 0.87 | OG  F1: 1.00 | Masked F1: 0.88
Epoch 35
	| Avg Actor Loss: -0.0195 | Avg Critic Loss: 0.0280 
	| Avg Length: 6.5820 | Avg Reward: 0.8136 
	| Avg Length: 5.2958 | Avg Reward: 0.8871
	| OG  Acc: 1.00  | Masked Acc: 0.89 | OG  F1: 1.00 | Masked F1: 0.90
Epoch 36
	| Avg Actor Loss: -0.0186 | Avg Critic Loss: 0.0291 
	| Avg Length: 7.2574 | Avg Reward: 0.8134 
	| Avg Length: 5.6136 | Avg Reward: 0.8981
	| OG  Acc: 1.00  | Masked Acc: 0.90 | OG  F1: 1.00 | Masked F1: 0.91
Epoch 37
	| Avg Actor Loss: -0.0182 | Avg Critic Loss: 0.0264 
	| Avg Length: 7.9961 | Avg Reward: 0.8602 
	| Avg Length: 6.0034 | Avg Reward: 0.9088
	| OG  Acc: 1.00  | Masked Acc: 0.91 | OG  F1: 1.00 | Masked F1: 0.92
Epoch 38
	| Avg Actor Loss: -0.0193 | Avg Critic Loss: 0.0262 
	| Avg Length: 8.0078 | Avg Reward: 0.8582 
	| Avg Length: 6.5122 | Avg Reward: 0.9197
	| OG  Acc: 1.00  | Masked Acc: 0.93 | OG  F1: 1.00 | Masked F1: 0.94
Epoch 39
	| Avg Actor Loss: -0.0141 | Avg Critic Loss: 0.0225 
	| Avg Length: 9.1758 | Avg Reward: 0.8514 
	| Avg Length: 6.9170 | Avg Reward: 0.9285
	| OG  Acc: 1.00  | Masked Acc: 0.94 | OG  F1: 1.00 | Masked F1: 0.94
Epoch 40
	| Avg Actor Loss: -0.0092 | Avg Critic Loss: 0.0220 
	| Avg Length: 8.4926 | Avg Reward: 0.8982 
	| Avg Length: 7.1992 | Avg Reward: 0.9374
	| OG  Acc: 1.00  | Masked Acc: 0.95 | OG  F1: 1.00 | Masked F1: 0.96
Epoch 41
	| Avg Actor Loss: -0.0159 | Avg Critic Loss: 0.0205 
	| Avg Length: 9.3984 | Avg Reward: 0.8780 
	| Avg Length: 7.6616 | Avg Reward: 0.9457
	| OG  Acc: 1.00  | Masked Acc: 0.97 | OG  F1: 1.00 | Masked F1: 0.97
Epoch 42
	| Avg Actor Loss: -0.0076 | Avg Critic Loss: 0.0188 
	| Avg Length: 8.5859 | Avg Reward: 0.9125 
	| Avg Length: 8.0200 | Avg Reward: 0.9491
	| OG  Acc: 1.00  | Masked Acc: 0.97 | OG  F1: 1.00 | Masked F1: 0.97
Epoch 43
	| Avg Actor Loss: -0.0057 | Avg Critic Loss: 0.0179 
	| Avg Length: 9.3711 | Avg Reward: 0.8925 
	| Avg Length: 8.5102 | Avg Reward: 0.9545
	| OG  Acc: 1.00  | Masked Acc: 0.98 | OG  F1: 1.00 | Masked F1: 0.98
Epoch 44
	| Avg Actor Loss: -0.0033 | Avg Critic Loss: 0.0169 
	| Avg Length: 9.8824 | Avg Reward: 0.9171 
	| Avg Length: 9.3022 | Avg Reward: 0.9537
	| OG  Acc: 1.00  | Masked Acc: 0.98 | OG  F1: 1.00 | Masked F1: 0.98
Epoch 45
	| Avg Actor Loss: -0.0069 | Avg Critic Loss: 0.0151 
	| Avg Length: 10.8359 | Avg Reward: 0.9222 
	| Avg Length: 9.8890 | Avg Reward: 0.9554
	| OG  Acc: 1.00  | Masked Acc: 0.98 | OG  F1: 1.00 | Masked F1: 0.98
Epoch 46
	| Avg Actor Loss: -0.0019 | Avg Critic Loss: 0.0139 
	| Avg Length: 11.9727 | Avg Reward: 0.9210 
	| Avg Length: 10.2134 | Avg Reward: 0.9562
	| OG  Acc: 1.00  | Masked Acc: 0.98 | OG  F1: 1.00 | Masked F1: 0.98
Epoch 47
	| Avg Actor Loss: 0.0019 | Avg Critic Loss: 0.0119 
	| Avg Length: 12.6680 | Avg Reward: 0.9205 
	| Avg Length: 11.1254 | Avg Reward: 0.9554
	| OG  Acc: 1.00  | Masked Acc: 0.99 | OG  F1: 1.00 | Masked F1: 0.99
Epoch 48
	| Avg Actor Loss: 0.0014 | Avg Critic Loss: 0.0098 
	| Avg Length: 11.1176 | Avg Reward: 0.9203 
	| Avg Length: 11.2040 | Avg Reward: 0.9566
	| OG  Acc: 1.00  | Masked Acc: 0.99 | OG  F1: 1.00 | Masked F1: 0.99
Epoch 49
	| Avg Actor Loss: -0.0061 | Avg Critic Loss: 0.0103 
	| Avg Length: 13.3281 | Avg Reward: 0.9357 
	| Avg Length: 11.5888 | Avg Reward: 0.9585
	| OG  Acc: 1.00  | Masked Acc: 0.99 | OG  F1: 1.00 | Masked F1: 0.99
Epoch 50
	| Avg Actor Loss: 0.0075 | Avg Critic Loss: 0.0078 
	| Avg Length: 13.8398 | Avg Reward: 0.9437 
	| Avg Length: 11.7010 | Avg Reward: 0.9580
	| OG  Acc: 1.00  | Masked Acc: 0.99 | OG  F1: 1.00 | Masked F1: 0.99
Epoch 51
	| Avg Actor Loss: 0.0116 | Avg Critic Loss: 0.0077 
	| Avg Length: 12.8633 | Avg Reward: 0.9312 
	| Avg Length: 12.6256 | Avg Reward: 0.9563
	| OG  Acc: 1.00  | Masked Acc: 0.99 | OG  F1: 1.00 | Masked F1: 0.99
Epoch 52
	| Avg Actor Loss: -0.0047 | Avg Critic Loss: 0.0076 
	| Avg Length: 12.8676 | Avg Reward: 0.9401 
	| Avg Length: 12.1178 | Avg Reward: 0.9570
	| OG  Acc: 1.00  | Masked Acc: 0.99 | OG  F1: 1.00 | Masked F1: 0.99
Epoch 53
	| Avg Actor Loss: -0.0027 | Avg Critic Loss: 0.0069 
	| Avg Length: 13.7656 | Avg Reward: 0.9454 
	| Avg Length: 12.0576 | Avg Reward: 0.9580
	| OG  Acc: 1.00  | Masked Acc: 0.99 | OG  F1: 1.00 | Masked F1: 0.99
Epoch 54
	| Avg Actor Loss: 0.0019 | Avg Critic Loss: 0.0066 
	| Avg Length: 14.1367 | Avg Reward: 0.9370 
	| Avg Length: 12.3574 | Avg Reward: 0.9596
	| OG  Acc: 1.00  | Masked Acc: 1.00 | OG  F1: 1.00 | Masked F1: 1.00
Epoch 55
	| Avg Actor Loss: 0.0040 | Avg Critic Loss: 0.0064 
	| Avg Length: 13.8828 | Avg Reward: 0.9235 
	| Avg Length: 13.3492 | Avg Reward: 0.9582
	| OG  Acc: 1.00  | Masked Acc: 1.00 | OG  F1: 1.00 | Masked F1: 1.00
Epoch 56
	| Avg Actor Loss: 0.0044 | Avg Critic Loss: 0.0051 
	| Avg Length: 16.4485 | Avg Reward: 0.9448 
	| Avg Length: 13.7280 | Avg Reward: 0.9584
	| OG  Acc: 1.00  | Masked Acc: 1.00 | OG  F1: 1.00 | Masked F1: 1.00
Epoch 57
	| Avg Actor Loss: -0.0010 | Avg Critic Loss: 0.0043 
	| Avg Length: 15.1523 | Avg Reward: 0.9426 
	| Avg Length: 12.8160 | Avg Reward: 0.9594
	| OG  Acc: 1.00  | Masked Acc: 1.00 | OG  F1: 1.00 | Masked F1: 1.00
Epoch 58
	| Avg Actor Loss: 0.0032 | Avg Critic Loss: 0.0055 
	| Avg Length: 13.2070 | Avg Reward: 0.9477 
	| Avg Length: 13.4460 | Avg Reward: 0.9585
	| OG  Acc: 1.00  | Masked Acc: 1.00 | OG  F1: 1.00 | Masked F1: 1.00
Epoch 59
	| Avg Actor Loss: 0.0022 | Avg Critic Loss: 0.0048 
	| Avg Length: 14.6875 | Avg Reward: 0.9433 
	| Avg Length: 13.3050 | Avg Reward: 0.9586
	| OG  Acc: 1.00  | Masked Acc: 1.00 | OG  F1: 1.00 | Masked F1: 1.00
Epoch 60
	| Avg Actor Loss: 0.0050 | Avg Critic Loss: 0.0045 
	| Avg Length: 15.9485 | Avg Reward: 0.9258 
	| Avg Length: 13.0048 | Avg Reward: 0.9597
	| OG  Acc: 1.00  | Masked Acc: 1.00 | OG  F1: 1.00 | Masked F1: 1.00
Epoch 61
	| Avg Actor Loss: 0.0080 | Avg Critic Loss: 0.0043 
	| Avg Length: 13.6836 | Avg Reward: 0.9445 
	| Avg Length: 13.1968 | Avg Reward: 0.9588
	| OG  Acc: 1.00  | Masked Acc: 1.00 | OG  F1: 1.00 | Masked F1: 1.00
Epoch 62
	| Avg Actor Loss: -0.0006 | Avg Critic Loss: 0.0047 
	| Avg Length: 13.8984 | Avg Reward: 0.9371 
	| Avg Length: 13.1748 | Avg Reward: 0.9594
	| OG  Acc: 1.00  | Masked Acc: 1.00 | OG  F1: 1.00 | Masked F1: 1.00
Epoch 63
	| Avg Actor Loss: 0.0031 | Avg Critic Loss: 0.0043 
	| Avg Length: 14.8125 | Avg Reward: 0.9353 
	| Avg Length: 12.8788 | Avg Reward: 0.9600
	| OG  Acc: 1.00  | Masked Acc: 1.00 | OG  F1: 1.00 | Masked F1: 1.00
Epoch 64
	| Avg Actor Loss: 0.0056 | Avg Critic Loss: 0.0041 
	| Avg Length: 14.7721 | Avg Reward: 0.9603 
	| Avg Length: 12.9168 | Avg Reward: 0.9598
	| OG  Acc: 1.00  | Masked Acc: 1.00 | OG  F1: 1.00 | Masked F1: 1.00
Epoch 65
	| Avg Actor Loss: 0.0053 | Avg Critic Loss: 0.0048 
	| Avg Length: 15.5312 | Avg Reward: 0.9458 
	| Avg Length: 12.7228 | Avg Reward: 0.9601
	| OG  Acc: 1.00  | Masked Acc: 1.00 | OG  F1: 1.00 | Masked F1: 1.00
Epoch 66
	| Avg Actor Loss: 0.0179 | Avg Critic Loss: 0.0044 
	| Avg Length: 12.6641 | Avg Reward: 0.9451 
	| Avg Length: 12.7770 | Avg Reward: 0.9593
	| OG  Acc: 1.00  | Masked Acc: 1.00 | OG  F1: 1.00 | Masked F1: 1.00
Epoch 67
	| Avg Actor Loss: 0.0159 | Avg Critic Loss: 0.0048 
	| Avg Length: 13.6953 | Avg Reward: 0.9528 
	| Avg Length: 12.9620 | Avg Reward: 0.9597
	| OG  Acc: 1.00  | Masked Acc: 1.00 | OG  F1: 1.00 | Masked F1: 1.00
Epoch 68
	| Avg Actor Loss: 0.0055 | Avg Critic Loss: 0.0034 
	| Avg Length: 13.7941 | Avg Reward: 0.9508 
	| Avg Length: 12.4410 | Avg Reward: 0.9606
	| OG  Acc: 1.00  | Masked Acc: 1.00 | OG  F1: 1.00 | Masked F1: 1.00
Epoch 69
	| Avg Actor Loss: 0.0065 | Avg Critic Loss: 0.0049 
	| Avg Length: 13.0469 | Avg Reward: 0.9522 
	| Avg Length: 12.7956 | Avg Reward: 0.9600
	| OG  Acc: 1.00  | Masked Acc: 1.00 | OG  F1: 1.00 | Masked F1: 1.00
Epoch 70
	| Avg Actor Loss: 0.0023 | Avg Critic Loss: 0.0035 
	| Avg Length: 15.8711 | Avg Reward: 0.9486 
	| Avg Length: 12.3498 | Avg Reward: 0.9606
	| OG  Acc: 1.00  | Masked Acc: 1.00 | OG  F1: 1.00 | Masked F1: 1.00
Epoch 71
	| Avg Actor Loss: 0.0035 | Avg Critic Loss: 0.0039 
	| Avg Length: 13.3516 | Avg Reward: 0.9388 
	| Avg Length: 12.1078 | Avg Reward: 0.9613
	| OG  Acc: 1.00  | Masked Acc: 1.00 | OG  F1: 1.00 | Masked F1: 1.00
Epoch 72
	| Avg Actor Loss: 0.0047 | Avg Critic Loss: 0.0040 
	| Avg Length: 15.0809 | Avg Reward: 0.9589 
	| Avg Length: 11.9988 | Avg Reward: 0.9618
	| OG  Acc: 1.00  | Masked Acc: 1.00 | OG  F1: 1.00 | Masked F1: 1.00
Epoch 73
	| Avg Actor Loss: 0.0045 | Avg Critic Loss: 0.0039 
	| Avg Length: 12.9844 | Avg Reward: 0.9475 
	| Avg Length: 11.9878 | Avg Reward: 0.9616
	| OG  Acc: 1.00  | Masked Acc: 1.00 | OG  F1: 1.00 | Masked F1: 1.00
Epoch 74
	| Avg Actor Loss: 0.0046 | Avg Critic Loss: 0.0040 
	| Avg Length: 12.5000 | Avg Reward: 0.9450 
	| Avg Length: 12.0488 | Avg Reward: 0.9616
	| OG  Acc: 1.00  | Masked Acc: 1.00 | OG  F1: 1.00 | Masked F1: 1.00
Epoch 75
	| Avg Actor Loss: 0.0046 | Avg Critic Loss: 0.0040 
	| Avg Length: 13.1016 | Avg Reward: 0.9566 
	| Avg Length: 12.3010 | Avg Reward: 0.9612
	| OG  Acc: 1.00  | Masked Acc: 1.00 | OG  F1: 1.00 | Masked F1: 1.00
Epoch 76
	| Avg Actor Loss: 0.0096 | Avg Critic Loss: 0.0030 
	| Avg Length: 12.0515 | Avg Reward: 0.9521 
	| Avg Length: 12.1518 | Avg Reward: 0.9614
	| OG  Acc: 1.00  | Masked Acc: 1.00 | OG  F1: 1.00 | Masked F1: 1.00
Epoch 77
	| Avg Actor Loss: 0.0177 | Avg Critic Loss: 0.0041 
	| Avg Length: 12.6719 | Avg Reward: 0.9402 
	| Avg Length: 11.7416 | Avg Reward: 0.9623
	| OG  Acc: 1.00  | Masked Acc: 1.00 | OG  F1: 1.00 | Masked F1: 1.00
Epoch 78
	| Avg Actor Loss: 0.0055 | Avg Critic Loss: 0.0039 
	| Avg Length: 12.3945 | Avg Reward: 0.9594 
	| Avg Length: 11.7212 | Avg Reward: 0.9620
	| OG  Acc: 1.00  | Masked Acc: 1.00 | OG  F1: 1.00 | Masked F1: 1.00
Epoch 79
	| Avg Actor Loss: 0.0118 | Avg Critic Loss: 0.0039 
	| Avg Length: 12.9297 | Avg Reward: 0.9483 
	| Avg Length: 11.4080 | Avg Reward: 0.9627
	| OG  Acc: 1.00  | Masked Acc: 1.00 | OG  F1: 1.00 | Masked F1: 1.00
Epoch 80
	| Avg Actor Loss: 0.0076 | Avg Critic Loss: 0.0039 
	| Avg Length: 11.5294 | Avg Reward: 0.9442 
	| Avg Length: 11.3080 | Avg Reward: 0.9631
	| OG  Acc: 1.00  | Masked Acc: 1.00 | OG  F1: 1.00 | Masked F1: 1.00
Epoch 81
	| Avg Actor Loss: 0.0044 | Avg Critic Loss: 0.0044 
	| Avg Length: 13.1484 | Avg Reward: 0.9512 
	| Avg Length: 11.5494 | Avg Reward: 0.9625
	| OG  Acc: 1.00  | Masked Acc: 1.00 | OG  F1: 1.00 | Masked F1: 1.00
Epoch 82
	| Avg Actor Loss: 0.0094 | Avg Critic Loss: 0.0038 
	| Avg Length: 11.3555 | Avg Reward: 0.9509 
	| Avg Length: 11.8658 | Avg Reward: 0.9623
	| OG  Acc: 1.00  | Masked Acc: 1.00 | OG  F1: 1.00 | Masked F1: 1.00
Epoch 83
	| Avg Actor Loss: 0.0053 | Avg Critic Loss: 0.0034 
	| Avg Length: 12.0234 | Avg Reward: 0.9536 
	| Avg Length: 11.8592 | Avg Reward: 0.9618
	| OG  Acc: 1.00  | Masked Acc: 1.00 | OG  F1: 1.00 | Masked F1: 1.00
Epoch 84
	| Avg Actor Loss: 0.0083 | Avg Critic Loss: 0.0035 
	| Avg Length: 13.3235 | Avg Reward: 0.9313 
	| Avg Length: 11.4026 | Avg Reward: 0.9630
	| OG  Acc: 1.00  | Masked Acc: 1.00 | OG  F1: 1.00 | Masked F1: 1.00
Epoch 85
	| Avg Actor Loss: 0.0060 | Avg Critic Loss: 0.0042 
	| Avg Length: 11.0352 | Avg Reward: 0.9529 
	| Avg Length: 11.3868 | Avg Reward: 0.9630
	| OG  Acc: 1.00  | Masked Acc: 1.00 | OG  F1: 1.00 | Masked F1: 1.00
Epoch 86
	| Avg Actor Loss: 0.0076 | Avg Critic Loss: 0.0033 
	| Avg Length: 11.4414 | Avg Reward: 0.9645 
	| Avg Length: 11.3874 | Avg Reward: 0.9629
	| OG  Acc: 1.00  | Masked Acc: 1.00 | OG  F1: 1.00 | Masked F1: 1.00
Epoch 87
	| Avg Actor Loss: 0.0042 | Avg Critic Loss: 0.0033 
	| Avg Length: 12.7070 | Avg Reward: 0.9598 
	| Avg Length: 11.4054 | Avg Reward: 0.9628
	| OG  Acc: 1.00  | Masked Acc: 1.00 | OG  F1: 1.00 | Masked F1: 1.00
Epoch 88
	| Avg Actor Loss: 0.0032 | Avg Critic Loss: 0.0037 
	| Avg Length: 12.2721 | Avg Reward: 0.9505 
	| Avg Length: 11.3970 | Avg Reward: 0.9630
	| OG  Acc: 1.00  | Masked Acc: 1.00 | OG  F1: 1.00 | Masked F1: 1.00
Epoch 89
	| Avg Actor Loss: 0.0035 | Avg Critic Loss: 0.0039 
	| Avg Length: 12.4844 | Avg Reward: 0.9635 
	| Avg Length: 11.2160 | Avg Reward: 0.9634
	| OG  Acc: 1.00  | Masked Acc: 1.00 | OG  F1: 1.00 | Masked F1: 1.00
Epoch 90
	| Avg Actor Loss: 0.0139 | Avg Critic Loss: 0.0032 
	| Avg Length: 13.6758 | Avg Reward: 0.9513 
	| Avg Length: 11.5168 | Avg Reward: 0.9626
	| OG  Acc: 1.00  | Masked Acc: 1.00 | OG  F1: 1.00 | Masked F1: 1.00
Epoch 91
	| Avg Actor Loss: 0.0030 | Avg Critic Loss: 0.0040 
	| Avg Length: 12.8672 | Avg Reward: 0.9528 
	| Avg Length: 11.5092 | Avg Reward: 0.9628
	| OG  Acc: 1.00  | Masked Acc: 1.00 | OG  F1: 1.00 | Masked F1: 1.00
Epoch 92
	| Avg Actor Loss: 0.0054 | Avg Critic Loss: 0.0027 
	| Avg Length: 13.4926 | Avg Reward: 0.9582 
	| Avg Length: 11.5206 | Avg Reward: 0.9626
	| OG  Acc: 1.00  | Masked Acc: 1.00 | OG  F1: 1.00 | Masked F1: 1.00
Epoch 93
	| Avg Actor Loss: 0.0083 | Avg Critic Loss: 0.0028 
	| Avg Length: 13.4844 | Avg Reward: 0.9427 
	| Avg Length: 11.5626 | Avg Reward: 0.9626
	| OG  Acc: 1.00  | Masked Acc: 1.00 | OG  F1: 1.00 | Masked F1: 1.00
Epoch 94
	| Avg Actor Loss: -0.0004 | Avg Critic Loss: 0.0030 
	| Avg Length: 13.2383 | Avg Reward: 0.9591 
	| Avg Length: 11.2994 | Avg Reward: 0.9632
	| OG  Acc: 1.00  | Masked Acc: 1.00 | OG  F1: 1.00 | Masked F1: 1.00
Epoch 95
	| Avg Actor Loss: 0.0026 | Avg Critic Loss: 0.0031 
	| Avg Length: 12.6016 | Avg Reward: 0.9517 
	| Avg Length: 11.2382 | Avg Reward: 0.9634
	| OG  Acc: 1.00  | Masked Acc: 1.00 | OG  F1: 1.00 | Masked F1: 1.00
Epoch 96
	| Avg Actor Loss: 0.0058 | Avg Critic Loss: 0.0035 
	| Avg Length: 11.7574 | Avg Reward: 0.9326 
	| Avg Length: 11.2634 | Avg Reward: 0.9630
	| OG  Acc: 1.00  | Masked Acc: 1.00 | OG  F1: 1.00 | Masked F1: 1.00
Epoch 97
	| Avg Actor Loss: 0.0063 | Avg Critic Loss: 0.0029 
	| Avg Length: 11.9531 | Avg Reward: 0.9635 
	| Avg Length: 10.8734 | Avg Reward: 0.9640
	| OG  Acc: 1.00  | Masked Acc: 1.00 | OG  F1: 1.00 | Masked F1: 1.00
Epoch 98
	| Avg Actor Loss: 0.0060 | Avg Critic Loss: 0.0035 
	| Avg Length: 12.7266 | Avg Reward: 0.9559 
	| Avg Length: 10.8364 | Avg Reward: 0.9639
	| OG  Acc: 1.00  | Masked Acc: 1.00 | OG  F1: 1.00 | Masked F1: 1.00
Epoch 99
	| Avg Actor Loss: 0.0020 | Avg Critic Loss: 0.0032 
	| Avg Length: 12.7617 | Avg Reward: 0.9573 
	| Avg Length: 11.0084 | Avg Reward: 0.9638
	| OG  Acc: 1.00  | Masked Acc: 1.00 | OG  F1: 1.00 | Masked F1: 1.00
Epoch 100
	| Avg Actor Loss: 0.0064 | Avg Critic Loss: 0.0031 
	| Avg Length: 10.8529 | Avg Reward: 0.9540 
	| Avg Length: 10.9702 | Avg Reward: 0.9640
	| OG  Acc: 1.00  | Masked Acc: 1.00 | OG  F1: 1.00 | Masked F1: 1.00
Epoch 101
	| Avg Actor Loss: 0.0085 | Avg Critic Loss: 0.0030 
	| Avg Length: 14.1094 | Avg Reward: 0.9478 
	| Avg Length: 10.9808 | Avg Reward: 0.9640
	| OG  Acc: 1.00  | Masked Acc: 1.00 | OG  F1: 1.00 | Masked F1: 1.00
Epoch 102
	| Avg Actor Loss: 0.0020 | Avg Critic Loss: 0.0027 
	| Avg Length: 13.2227 | Avg Reward: 0.9473 
	| Avg Length: 10.4788 | Avg Reward: 0.9650
	| OG  Acc: 1.00  | Masked Acc: 1.00 | OG  F1: 1.00 | Masked F1: 1.00
Epoch 103
	| Avg Actor Loss: 0.0030 | Avg Critic Loss: 0.0031 
	| Avg Length: 11.6836 | Avg Reward: 0.9628 
	| Avg Length: 10.3184 | Avg Reward: 0.9649
	| OG  Acc: 1.00  | Masked Acc: 1.00 | OG  F1: 1.00 | Masked F1: 1.00
Epoch 104
	| Avg Actor Loss: 0.0090 | Avg Critic Loss: 0.0042 
	| Avg Length: 10.4632 | Avg Reward: 0.9527 
	| Avg Length: 11.0694 | Avg Reward: 0.9637
	| OG  Acc: 1.00  | Masked Acc: 1.00 | OG  F1: 1.00 | Masked F1: 1.00
Epoch 105
	| Avg Actor Loss: 0.0055 | Avg Critic Loss: 0.0037 
	| Avg Length: 13.2656 | Avg Reward: 0.9537 
	| Avg Length: 10.7990 | Avg Reward: 0.9640
	| OG  Acc: 1.00  | Masked Acc: 1.00 | OG  F1: 1.00 | Masked F1: 1.00
Epoch 106
	| Avg Actor Loss: 0.0067 | Avg Critic Loss: 0.0028 
	| Avg Length: 11.8711 | Avg Reward: 0.9627 
	| Avg Length: 10.6852 | Avg Reward: 0.9645
	| OG  Acc: 1.00  | Masked Acc: 1.00 | OG  F1: 1.00 | Masked F1: 1.00
Epoch 107
	| Avg Actor Loss: 0.0050 | Avg Critic Loss: 0.0027 
	| Avg Length: 11.9961 | Avg Reward: 0.9570 
	| Avg Length: 10.6488 | Avg Reward: 0.9647
	| OG  Acc: 1.00  | Masked Acc: 1.00 | OG  F1: 1.00 | Masked F1: 1.00
Epoch 108
	| Avg Actor Loss: 0.0139 | Avg Critic Loss: 0.0029 
	| Avg Length: 10.5221 | Avg Reward: 0.9555 
	| Avg Length: 10.8024 | Avg Reward: 0.9643
	| OG  Acc: 1.00  | Masked Acc: 1.00 | OG  F1: 1.00 | Masked F1: 1.00
Epoch 109
	| Avg Actor Loss: 0.0170 | Avg Critic Loss: 0.0027 
	| Avg Length: 11.7812 | Avg Reward: 0.9572 
	| Avg Length: 10.8338 | Avg Reward: 0.9648
	| OG  Acc: 1.00  | Masked Acc: 1.00 | OG  F1: 1.00 | Masked F1: 1.00
Epoch 110
	| Avg Actor Loss: 0.0061 | Avg Critic Loss: 0.0028 
	| Avg Length: 11.5078 | Avg Reward: 0.9531 
	| Avg Length: 10.6506 | Avg Reward: 0.9651
	| OG  Acc: 1.00  | Masked Acc: 1.00 | OG  F1: 1.00 | Masked F1: 1.00
Epoch 111
	| Avg Actor Loss: 0.0035 | Avg Critic Loss: 0.0035 
	| Avg Length: 12.5703 | Avg Reward: 0.9473 
	| Avg Length: 10.8244 | Avg Reward: 0.9644
	| OG  Acc: 1.00  | Masked Acc: 1.00 | OG  F1: 1.00 | Masked F1: 1.00
Epoch 112
	| Avg Actor Loss: 0.0028 | Avg Critic Loss: 0.0026 
	| Avg Length: 12.8897 | Avg Reward: 0.9546 
	| Avg Length: 10.4248 | Avg Reward: 0.9651
	| OG  Acc: 1.00  | Masked Acc: 1.00 | OG  F1: 1.00 | Masked F1: 1.00
Epoch 113
	| Avg Actor Loss: 0.0063 | Avg Critic Loss: 0.0031 
	| Avg Length: 12.3906 | Avg Reward: 0.9550 
	| Avg Length: 10.3392 | Avg Reward: 0.9653
	| OG  Acc: 1.00  | Masked Acc: 1.00 | OG  F1: 1.00 | Masked F1: 1.00
Epoch 114
	| Avg Actor Loss: 0.0055 | Avg Critic Loss: 0.0036 
	| Avg Length: 11.3320 | Avg Reward: 0.9566 
	| Avg Length: 10.4840 | Avg Reward: 0.9651
	| OG  Acc: 1.00  | Masked Acc: 1.00 | OG  F1: 1.00 | Masked F1: 1.00
Epoch 115
	| Avg Actor Loss: 0.0088 | Avg Critic Loss: 0.0025 
	| Avg Length: 12.1992 | Avg Reward: 0.9482 
	| Avg Length: 10.2868 | Avg Reward: 0.9654
	| OG  Acc: 1.00  | Masked Acc: 1.00 | OG  F1: 1.00 | Masked F1: 1.00
Epoch 116
	| Avg Actor Loss: 0.0014 | Avg Critic Loss: 0.0027 
	| Avg Length: 11.6838 | Avg Reward: 0.9591 
	| Avg Length: 10.3766 | Avg Reward: 0.9653
	| OG  Acc: 1.00  | Masked Acc: 1.00 | OG  F1: 1.00 | Masked F1: 1.00
Epoch 117
	| Avg Actor Loss: 0.0081 | Avg Critic Loss: 0.0030 
	| Avg Length: 11.9336 | Avg Reward: 0.9471 
	| Avg Length: 10.4380 | Avg Reward: 0.9651
	| OG  Acc: 1.00  | Masked Acc: 1.00 | OG  F1: 1.00 | Masked F1: 1.00
Epoch 118
	| Avg Actor Loss: 0.0101 | Avg Critic Loss: 0.0033 
	| Avg Length: 11.6992 | Avg Reward: 0.9539 
	| Avg Length: 10.8586 | Avg Reward: 0.9646
	| OG  Acc: 1.00  | Masked Acc: 1.00 | OG  F1: 1.00 | Masked F1: 1.00
Epoch 119
	| Avg Actor Loss: 0.0143 | Avg Critic Loss: 0.0024 
	| Avg Length: 10.7383 | Avg Reward: 0.9594 
	| Avg Length: 10.8610 | Avg Reward: 0.9646
	| OG  Acc: 1.00  | Masked Acc: 1.00 | OG  F1: 1.00 | Masked F1: 1.00
Epoch 120
	| Avg Actor Loss: 0.0079 | Avg Critic Loss: 0.0027 
	| Avg Length: 12.3309 | Avg Reward: 0.9556 
	| Avg Length: 11.1096 | Avg Reward: 0.9641
	| OG  Acc: 1.00  | Masked Acc: 1.00 | OG  F1: 1.00 | Masked F1: 1.00
Epoch 121
	| Avg Actor Loss: 0.0025 | Avg Critic Loss: 0.0019 
	| Avg Length: 12.8750 | Avg Reward: 0.9557 
	| Avg Length: 10.5738 | Avg Reward: 0.9649
	| OG  Acc: 1.00  | Masked Acc: 1.00 | OG  F1: 1.00 | Masked F1: 1.00
Epoch 122
	| Avg Actor Loss: 0.0066 | Avg Critic Loss: 0.0028 
	| Avg Length: 11.9531 | Avg Reward: 0.9589 
	| Avg Length: 10.8500 | Avg Reward: 0.9644
	| OG  Acc: 1.00  | Masked Acc: 1.00 | OG  F1: 1.00 | Masked F1: 1.00
Epoch 123
	| Avg Actor Loss: 0.0201 | Avg Critic Loss: 0.0025 
	| Avg Length: 11.4062 | Avg Reward: 0.9557 
	| Avg Length: 10.5710 | Avg Reward: 0.9651
	| OG  Acc: 1.00  | Masked Acc: 1.00 | OG  F1: 1.00 | Masked F1: 1.00
Epoch 124
	| Avg Actor Loss: 0.0015 | Avg Critic Loss: 0.0021 
	| Avg Length: 12.6471 | Avg Reward: 0.9403 
	| Avg Length: 10.1806 | Avg Reward: 0.9657
	| OG  Acc: 1.00  | Masked Acc: 1.00 | OG  F1: 1.00 | Masked F1: 1.00
Epoch 125
	| Avg Actor Loss: 0.0121 | Avg Critic Loss: 0.0032 
	| Avg Length: 9.9766 | Avg Reward: 0.9531 
	| Avg Length: 10.2752 | Avg Reward: 0.9658
	| OG  Acc: 1.00  | Masked Acc: 1.00 | OG  F1: 1.00 | Masked F1: 1.00
Epoch 126
	| Avg Actor Loss: 0.0183 | Avg Critic Loss: 0.0029 
	| Avg Length: 12.3164 | Avg Reward: 0.9586 
	| Avg Length: 10.4130 | Avg Reward: 0.9654
	| OG  Acc: 1.00  | Masked Acc: 1.00 | OG  F1: 1.00 | Masked F1: 1.00
Epoch 127
	| Avg Actor Loss: 0.0027 | Avg Critic Loss: 0.0026 
	| Avg Length: 11.2930 | Avg Reward: 0.9503 
	| Avg Length: 10.1894 | Avg Reward: 0.9660
	| OG  Acc: 1.00  | Masked Acc: 1.00 | OG  F1: 1.00 | Masked F1: 1.00
Epoch 128
	| Avg Actor Loss: 0.0111 | Avg Critic Loss: 0.0029 
	| Avg Length: 11.2132 | Avg Reward: 0.9633 
	| Avg Length: 10.0704 | Avg Reward: 0.9664
	| OG  Acc: 1.00  | Masked Acc: 1.00 | OG  F1: 1.00 | Masked F1: 1.00
Epoch 129
	| Avg Actor Loss: 0.0031 | Avg Critic Loss: 0.0037 
	| Avg Length: 11.7266 | Avg Reward: 0.9499 
	| Avg Length: 10.3056 | Avg Reward: 0.9657
	| OG  Acc: 1.00  | Masked Acc: 1.00 | OG  F1: 1.00 | Masked F1: 1.00
Epoch 130
	| Avg Actor Loss: 0.0072 | Avg Critic Loss: 0.0025 
	| Avg Length: 11.8555 | Avg Reward: 0.9541 
	| Avg Length: 10.3330 | Avg Reward: 0.9659
	| OG  Acc: 1.00  | Masked Acc: 1.00 | OG  F1: 1.00 | Masked F1: 1.00
Epoch 131
	| Avg Actor Loss: 0.0019 | Avg Critic Loss: 0.0024 
	| Avg Length: 10.5781 | Avg Reward: 0.9593 
	| Avg Length: 10.1980 | Avg Reward: 0.9659
	| OG  Acc: 1.00  | Masked Acc: 1.00 | OG  F1: 1.00 | Masked F1: 1.00
Epoch 132
	| Avg Actor Loss: 0.0065 | Avg Critic Loss: 0.0027 
	| Avg Length: 13.3971 | Avg Reward: 0.9473 
	| Avg Length: 10.1732 | Avg Reward: 0.9661
	| OG  Acc: 1.00  | Masked Acc: 1.00 | OG  F1: 1.00 | Masked F1: 1.00
Epoch 133
	| Avg Actor Loss: 0.0067 | Avg Critic Loss: 0.0027 
	| Avg Length: 11.0195 | Avg Reward: 0.9575 
	| Avg Length: 10.2432 | Avg Reward: 0.9660
	| OG  Acc: 1.00  | Masked Acc: 1.00 | OG  F1: 1.00 | Masked F1: 1.00
Epoch 134
	| Avg Actor Loss: 0.0082 | Avg Critic Loss: 0.0028 
	| Avg Length: 11.7031 | Avg Reward: 0.9628 
	| Avg Length: 10.2752 | Avg Reward: 0.9654
	| OG  Acc: 1.00  | Masked Acc: 1.00 | OG  F1: 1.00 | Masked F1: 1.00
Epoch 135
	| Avg Actor Loss: 0.0181 | Avg Critic Loss: 0.0028 
	| Avg Length: 11.1055 | Avg Reward: 0.9610 
	| Avg Length: 10.3412 | Avg Reward: 0.9660
	| OG  Acc: 1.00  | Masked Acc: 1.00 | OG  F1: 1.00 | Masked F1: 1.00
Epoch 136
	| Avg Actor Loss: 0.0075 | Avg Critic Loss: 0.0029 
	| Avg Length: 12.9559 | Avg Reward: 0.9577 
	| Avg Length: 10.2138 | Avg Reward: 0.9660
	| OG  Acc: 1.00  | Masked Acc: 1.00 | OG  F1: 1.00 | Masked F1: 1.00
Epoch 137
	| Avg Actor Loss: 0.0133 | Avg Critic Loss: 0.0029 
	| Avg Length: 12.3516 | Avg Reward: 0.9581 
	| Avg Length: 10.2268 | Avg Reward: 0.9656
	| OG  Acc: 1.00  | Masked Acc: 1.00 | OG  F1: 1.00 | Masked F1: 1.00
Epoch 138
	| Avg Actor Loss: 0.0065 | Avg Critic Loss: 0.0027 
	| Avg Length: 10.4570 | Avg Reward: 0.9649 
	| Avg Length: 9.9766 | Avg Reward: 0.9664
	| OG  Acc: 1.00  | Masked Acc: 1.00 | OG  F1: 1.00 | Masked F1: 1.00
Epoch 139
	| Avg Actor Loss: 0.0029 | Avg Critic Loss: 0.0027 
	| Avg Length: 10.6016 | Avg Reward: 0.9589 
	| Avg Length: 10.0468 | Avg Reward: 0.9663
	| OG  Acc: 1.00  | Masked Acc: 1.00 | OG  F1: 1.00 | Masked F1: 1.00
Epoch 140
	| Avg Actor Loss: 0.0099 | Avg Critic Loss: 0.0031 
	| Avg Length: 12.5000 | Avg Reward: 0.9574 
	| Avg Length: 10.0342 | Avg Reward: 0.9663
	| OG  Acc: 1.00  | Masked Acc: 1.00 | OG  F1: 1.00 | Masked F1: 1.00
Epoch 141
	| Avg Actor Loss: 0.0100 | Avg Critic Loss: 0.0031 
	| Avg Length: 11.4570 | Avg Reward: 0.9519 
	| Avg Length: 10.2460 | Avg Reward: 0.9659
	| OG  Acc: 1.00  | Masked Acc: 1.00 | OG  F1: 1.00 | Masked F1: 1.00
Epoch 142
	| Avg Actor Loss: 0.0162 | Avg Critic Loss: 0.0023 
	| Avg Length: 10.6914 | Avg Reward: 0.9514 
	| Avg Length: 10.2176 | Avg Reward: 0.9660
	| OG  Acc: 1.00  | Masked Acc: 1.00 | OG  F1: 1.00 | Masked F1: 1.00
Epoch 143
	| Avg Actor Loss: 0.0059 | Avg Critic Loss: 0.0031 
	| Avg Length: 10.8867 | Avg Reward: 0.9623 
	| Avg Length: 10.2360 | Avg Reward: 0.9658
	| OG  Acc: 1.00  | Masked Acc: 1.00 | OG  F1: 1.00 | Masked F1: 1.00
Epoch 144
	| Avg Actor Loss: 0.0064 | Avg Critic Loss: 0.0025 
	| Avg Length: 11.9265 | Avg Reward: 0.9509 
	| Avg Length: 9.9354 | Avg Reward: 0.9664
	| OG  Acc: 1.00  | Masked Acc: 1.00 | OG  F1: 1.00 | Masked F1: 1.00
Epoch 145
	| Avg Actor Loss: 0.0066 | Avg Critic Loss: 0.0030 
	| Avg Length: 10.0273 | Avg Reward: 0.9565 
	| Avg Length: 9.9152 | Avg Reward: 0.9665
	| OG  Acc: 1.00  | Masked Acc: 1.00 | OG  F1: 1.00 | Masked F1: 1.00
Epoch 146
	| Avg Actor Loss: 0.0037 | Avg Critic Loss: 0.0030 
	| Avg Length: 11.0977 | Avg Reward: 0.9618 
	| Avg Length: 9.9234 | Avg Reward: 0.9666
	| OG  Acc: 1.00  | Masked Acc: 1.00 | OG  F1: 1.00 | Masked F1: 1.00
Epoch 147
	| Avg Actor Loss: 0.0114 | Avg Critic Loss: 0.0027 
	| Avg Length: 10.3867 | Avg Reward: 0.9567 
	| Avg Length: 10.1126 | Avg Reward: 0.9658
	| OG  Acc: 1.00  | Masked Acc: 1.00 | OG  F1: 1.00 | Masked F1: 1.00
Epoch 148
	| Avg Actor Loss: 0.0048 | Avg Critic Loss: 0.0034 
	| Avg Length: 10.2941 | Avg Reward: 0.9460 
	| Avg Length: 10.3062 | Avg Reward: 0.9657
	| OG  Acc: 1.00  | Masked Acc: 1.00 | OG  F1: 1.00 | Masked F1: 1.00
Epoch 149
	| Avg Actor Loss: 0.0119 | Avg Critic Loss: 0.0026 
	| Avg Length: 12.0000 | Avg Reward: 0.9536 
	| Avg Length: 10.4822 | Avg Reward: 0.9657
	| OG  Acc: 1.00  | Masked Acc: 1.00 | OG  F1: 1.00 | Masked F1: 1.00
Epoch 150
	| Avg Actor Loss: -0.0007 | Avg Critic Loss: 0.0022 
	| Avg Length: 11.4258 | Avg Reward: 0.9636 
	| Avg Length: 9.8660 | Avg Reward: 0.9665
	| OG  Acc: 1.00  | Masked Acc: 1.00 | OG  F1: 1.00 | Masked F1: 1.00
Epoch 151
	| Avg Actor Loss: 0.0044 | Avg Critic Loss: 0.0025 
	| Avg Length: 10.1055 | Avg Reward: 0.9630 
	| Avg Length: 9.7972 | Avg Reward: 0.9668
	| OG  Acc: 1.00  | Masked Acc: 1.00 | OG  F1: 1.00 | Masked F1: 1.00
Epoch 152
	| Avg Actor Loss: 0.0134 | Avg Critic Loss: 0.0025 
	| Avg Length: 11.1176 | Avg Reward: 0.9601 
	| Avg Length: 9.8140 | Avg Reward: 0.9667
	| OG  Acc: 1.00  | Masked Acc: 1.00 | OG  F1: 1.00 | Masked F1: 1.00
Epoch 153
	| Avg Actor Loss: 0.0141 | Avg Critic Loss: 0.0024 
	| Avg Length: 10.6172 | Avg Reward: 0.9536 
	| Avg Length: 9.8114 | Avg Reward: 0.9668
	| OG  Acc: 1.00  | Masked Acc: 1.00 | OG  F1: 1.00 | Masked F1: 1.00
Epoch 154
	| Avg Actor Loss: 0.0179 | Avg Critic Loss: 0.0020 
	| Avg Length: 10.3125 | Avg Reward: 0.9584 
	| Avg Length: 9.8056 | Avg Reward: 0.9668
	| OG  Acc: 1.00  | Masked Acc: 1.00 | OG  F1: 1.00 | Masked F1: 1.00
Epoch 155
	| Avg Actor Loss: 0.0111 | Avg Critic Loss: 0.0025 
	| Avg Length: 10.5312 | Avg Reward: 0.9615 
	| Avg Length: 10.0986 | Avg Reward: 0.9664
	| OG  Acc: 1.00  | Masked Acc: 1.00 | OG  F1: 1.00 | Masked F1: 1.00
Epoch 156
	| Avg Actor Loss: 0.0102 | Avg Critic Loss: 0.0024 
	| Avg Length: 11.7574 | Avg Reward: 0.9610 
	| Avg Length: 10.0180 | Avg Reward: 0.9659
	| OG  Acc: 1.00  | Masked Acc: 1.00 | OG  F1: 1.00 | Masked F1: 1.00
Epoch 157
	| Avg Actor Loss: 0.0073 | Avg Critic Loss: 0.0028 
	| Avg Length: 10.6367 | Avg Reward: 0.9613 
	| Avg Length: 10.0494 | Avg Reward: 0.9658
	| OG  Acc: 1.00  | Masked Acc: 1.00 | OG  F1: 1.00 | Masked F1: 1.00
Epoch 158
	| Avg Actor Loss: 0.0037 | Avg Critic Loss: 0.0027 
	| Avg Length: 11.3750 | Avg Reward: 0.9561 
	| Avg Length: 10.1506 | Avg Reward: 0.9661
	| OG  Acc: 1.00  | Masked Acc: 1.00 | OG  F1: 1.00 | Masked F1: 1.00
Epoch 159
	| Avg Actor Loss: 0.0158 | Avg Critic Loss: 0.0025 
	| Avg Length: 11.5352 | Avg Reward: 0.9529 
	| Avg Length: 10.2396 | Avg Reward: 0.9659
	| OG  Acc: 1.00  | Masked Acc: 1.00 | OG  F1: 1.00 | Masked F1: 1.00
Epoch 160
	| Avg Actor Loss: 0.0193 | Avg Critic Loss: 0.0026 
	| Avg Length: 11.7059 | Avg Reward: 0.9676 
	| Avg Length: 10.0674 | Avg Reward: 0.9665
	| OG  Acc: 1.00  | Masked Acc: 1.00 | OG  F1: 1.00 | Masked F1: 1.00
Epoch 161
	| Avg Actor Loss: 0.0036 | Avg Critic Loss: 0.0020 
	| Avg Length: 10.4570 | Avg Reward: 0.9608 
	| Avg Length: 10.0928 | Avg Reward: 0.9663
	| OG  Acc: 1.00  | Masked Acc: 1.00 | OG  F1: 1.00 | Masked F1: 1.00
Epoch 162
	| Avg Actor Loss: 0.0067 | Avg Critic Loss: 0.0017 
	| Avg Length: 11.3906 | Avg Reward: 0.9587 
	| Avg Length: 10.0502 | Avg Reward: 0.9664
	| OG  Acc: 1.00  | Masked Acc: 1.00 | OG  F1: 1.00 | Masked F1: 1.00
Epoch 163
	| Avg Actor Loss: 0.0104 | Avg Critic Loss: 0.0018 
	| Avg Length: 10.6992 | Avg Reward: 0.9634 
	| Avg Length: 9.8108 | Avg Reward: 0.9671
	| OG  Acc: 1.00  | Masked Acc: 1.00 | OG  F1: 1.00 | Masked F1: 1.00
Epoch 164
	| Avg Actor Loss: 0.0016 | Avg Critic Loss: 0.0021 
	| Avg Length: 10.9853 | Avg Reward: 0.9539 
	| Avg Length: 9.5474 | Avg Reward: 0.9672
	| OG  Acc: 1.00  | Masked Acc: 1.00 | OG  F1: 1.00 | Masked F1: 1.00
Epoch 165
	| Avg Actor Loss: 0.0092 | Avg Critic Loss: 0.0027 
	| Avg Length: 11.0117 | Avg Reward: 0.9613 
	| Avg Length: 9.7702 | Avg Reward: 0.9669
	| OG  Acc: 1.00  | Masked Acc: 1.00 | OG  F1: 1.00 | Masked F1: 1.00
Epoch 166
	| Avg Actor Loss: 0.0063 | Avg Critic Loss: 0.0024 
	| Avg Length: 9.6289 | Avg Reward: 0.9646 
	| Avg Length: 10.0040 | Avg Reward: 0.9663
	| OG  Acc: 1.00  | Masked Acc: 1.00 | OG  F1: 1.00 | Masked F1: 1.00
Epoch 167
	| Avg Actor Loss: 0.0031 | Avg Critic Loss: 0.0017 
	| Avg Length: 10.7148 | Avg Reward: 0.9649 
	| Avg Length: 9.7222 | Avg Reward: 0.9671
	| OG  Acc: 1.00  | Masked Acc: 1.00 | OG  F1: 1.00 | Masked F1: 1.00
Epoch 168
	| Avg Actor Loss: 0.0126 | Avg Critic Loss: 0.0024 
	| Avg Length: 8.8750 | Avg Reward: 0.9630 
	| Avg Length: 9.7420 | Avg Reward: 0.9670
	| OG  Acc: 1.00  | Masked Acc: 1.00 | OG  F1: 1.00 | Masked F1: 1.00
Epoch 169
	| Avg Actor Loss: 0.0049 | Avg Critic Loss: 0.0021 
	| Avg Length: 10.4102 | Avg Reward: 0.9597 
	| Avg Length: 9.6966 | Avg Reward: 0.9671
	| OG  Acc: 1.00  | Masked Acc: 1.00 | OG  F1: 1.00 | Masked F1: 1.00
Epoch 170
	| Avg Actor Loss: 0.0098 | Avg Critic Loss: 0.0029 
	| Avg Length: 10.9648 | Avg Reward: 0.9583 
	| Avg Length: 9.9248 | Avg Reward: 0.9665
	| OG  Acc: 1.00  | Masked Acc: 1.00 | OG  F1: 1.00 | Masked F1: 1.00
Epoch 171
	| Avg Actor Loss: 0.0094 | Avg Critic Loss: 0.0024 
	| Avg Length: 9.8125 | Avg Reward: 0.9554 
	| Avg Length: 10.0108 | Avg Reward: 0.9664
	| OG  Acc: 1.00  | Masked Acc: 1.00 | OG  F1: 1.00 | Masked F1: 1.00
Epoch 172
	| Avg Actor Loss: 0.0108 | Avg Critic Loss: 0.0024 
	| Avg Length: 9.6176 | Avg Reward: 0.9694 
	| Avg Length: 10.2022 | Avg Reward: 0.9662
	| OG  Acc: 1.00  | Masked Acc: 1.00 | OG  F1: 1.00 | Masked F1: 1.00
Epoch 173
	| Avg Actor Loss: 0.0076 | Avg Critic Loss: 0.0026 
	| Avg Length: 11.6758 | Avg Reward: 0.9531 
	| Avg Length: 10.4134 | Avg Reward: 0.9657
	| OG  Acc: 1.00  | Masked Acc: 1.00 | OG  F1: 1.00 | Masked F1: 1.00
Epoch 174
	| Avg Actor Loss: 0.0078 | Avg Critic Loss: 0.0020 
	| Avg Length: 10.6875 | Avg Reward: 0.9491 
	| Avg Length: 10.2710 | Avg Reward: 0.9661
	| OG  Acc: 1.00  | Masked Acc: 1.00 | OG  F1: 1.00 | Masked F1: 1.00
Epoch 175
	| Avg Actor Loss: 0.0146 | Avg Critic Loss: 0.0020 
	| Avg Length: 10.6484 | Avg Reward: 0.9540 
	| Avg Length: 10.0674 | Avg Reward: 0.9662
	| OG  Acc: 1.00  | Masked Acc: 1.00 | OG  F1: 1.00 | Masked F1: 1.00
Epoch 176
	| Avg Actor Loss: 0.0040 | Avg Critic Loss: 0.0017 
	| Avg Length: 10.9706 | Avg Reward: 0.9539 
	| Avg Length: 9.7780 | Avg Reward: 0.9666
	| OG  Acc: 1.00  | Masked Acc: 1.00 | OG  F1: 1.00 | Masked F1: 1.00
Epoch 177
	| Avg Actor Loss: 0.0220 | Avg Critic Loss: 0.0026 
	| Avg Length: 10.1523 | Avg Reward: 0.9564 
	| Avg Length: 9.7688 | Avg Reward: 0.9670
	| OG  Acc: 1.00  | Masked Acc: 1.00 | OG  F1: 1.00 | Masked F1: 1.00
Epoch 178
	| Avg Actor Loss: 0.0072 | Avg Critic Loss: 0.0020 
	| Avg Length: 9.7812 | Avg Reward: 0.9535 
	| Avg Length: 9.8270 | Avg Reward: 0.9666
	| OG  Acc: 1.00  | Masked Acc: 1.00 | OG  F1: 1.00 | Masked F1: 1.00
Epoch 179
	| Avg Actor Loss: 0.0038 | Avg Critic Loss: 0.0024 
	| Avg Length: 12.1367 | Avg Reward: 0.9598 
	| Avg Length: 9.8308 | Avg Reward: 0.9667
	| OG  Acc: 1.00  | Masked Acc: 1.00 | OG  F1: 1.00 | Masked F1: 1.00
Epoch 180
	| Avg Actor Loss: 0.0080 | Avg Critic Loss: 0.0025 
	| Avg Length: 10.3162 | Avg Reward: 0.9630 
	| Avg Length: 9.8514 | Avg Reward: 0.9667
	| OG  Acc: 1.00  | Masked Acc: 1.00 | OG  F1: 1.00 | Masked F1: 1.00
Epoch 181
	| Avg Actor Loss: 0.0105 | Avg Critic Loss: 0.0025 
	| Avg Length: 11.4570 | Avg Reward: 0.9611 
	| Avg Length: 9.9894 | Avg Reward: 0.9664
	| OG  Acc: 1.00  | Masked Acc: 1.00 | OG  F1: 1.00 | Masked F1: 1.00
Epoch 182
	| Avg Actor Loss: 0.0020 | Avg Critic Loss: 0.0021 
	| Avg Length: 10.8359 | Avg Reward: 0.9641 
	| Avg Length: 9.9490 | Avg Reward: 0.9666
	| OG  Acc: 1.00  | Masked Acc: 1.00 | OG  F1: 1.00 | Masked F1: 1.00
Epoch 183
	| Avg Actor Loss: 0.0102 | Avg Critic Loss: 0.0020 
	| Avg Length: 10.8750 | Avg Reward: 0.9593 
	| Avg Length: 9.9850 | Avg Reward: 0.9667
	| OG  Acc: 1.00  | Masked Acc: 1.00 | OG  F1: 1.00 | Masked F1: 1.00
Epoch 184
	| Avg Actor Loss: 0.0116 | Avg Critic Loss: 0.0022 
	| Avg Length: 11.9191 | Avg Reward: 0.9554 
	| Avg Length: 10.0604 | Avg Reward: 0.9663
	| OG  Acc: 1.00  | Masked Acc: 1.00 | OG  F1: 1.00 | Masked F1: 1.00
Epoch 185
	| Avg Actor Loss: 0.0111 | Avg Critic Loss: 0.0024 
	| Avg Length: 10.3008 | Avg Reward: 0.9605 
	| Avg Length: 10.1388 | Avg Reward: 0.9662
	| OG  Acc: 1.00  | Masked Acc: 1.00 | OG  F1: 1.00 | Masked F1: 1.00
Epoch 186
	| Avg Actor Loss: 0.0080 | Avg Critic Loss: 0.0017 
	| Avg Length: 9.9375 | Avg Reward: 0.9686 
	| Avg Length: 9.9650 | Avg Reward: 0.9667
	| OG  Acc: 1.00  | Masked Acc: 1.00 | OG  F1: 1.00 | Masked F1: 1.00
Epoch 187
	| Avg Actor Loss: 0.0037 | Avg Critic Loss: 0.0023 
	| Avg Length: 11.4219 | Avg Reward: 0.9539 
	| Avg Length: 10.0234 | Avg Reward: 0.9665
	| OG  Acc: 1.00  | Masked Acc: 1.00 | OG  F1: 1.00 | Masked F1: 1.00
Epoch 188
	| Avg Actor Loss: 0.0017 | Avg Critic Loss: 0.0018 
	| Avg Length: 10.0515 | Avg Reward: 0.9674 
	| Avg Length: 9.7974 | Avg Reward: 0.9669
	| OG  Acc: 1.00  | Masked Acc: 1.00 | OG  F1: 1.00 | Masked F1: 1.00
Epoch 189
	| Avg Actor Loss: 0.0096 | Avg Critic Loss: 0.0023 
	| Avg Length: 10.3594 | Avg Reward: 0.9563 
	| Avg Length: 9.7744 | Avg Reward: 0.9671
	| OG  Acc: 1.00  | Masked Acc: 1.00 | OG  F1: 1.00 | Masked F1: 1.00
Epoch 190
	| Avg Actor Loss: 0.0108 | Avg Critic Loss: 0.0023 
	| Avg Length: 9.5664 | Avg Reward: 0.9598 
	| Avg Length: 9.7632 | Avg Reward: 0.9668
	| OG  Acc: 1.00  | Masked Acc: 1.00 | OG  F1: 1.00 | Masked F1: 1.00
Epoch 191
	| Avg Actor Loss: 0.0050 | Avg Critic Loss: 0.0021 
	| Avg Length: 11.7969 | Avg Reward: 0.9547 
	| Avg Length: 9.7988 | Avg Reward: 0.9668
	| OG  Acc: 1.00  | Masked Acc: 1.00 | OG  F1: 1.00 | Masked F1: 1.00
Epoch 192
	| Avg Actor Loss: 0.0100 | Avg Critic Loss: 0.0027 
	| Avg Length: 11.0809 | Avg Reward: 0.9623 
	| Avg Length: 10.0018 | Avg Reward: 0.9665
	| OG  Acc: 1.00  | Masked Acc: 1.00 | OG  F1: 1.00 | Masked F1: 1.00
Epoch 193
	| Avg Actor Loss: 0.0193 | Avg Critic Loss: 0.0021 
	| Avg Length: 10.8438 | Avg Reward: 0.9668 
	| Avg Length: 9.8958 | Avg Reward: 0.9668
	| OG  Acc: 1.00  | Masked Acc: 1.00 | OG  F1: 1.00 | Masked F1: 1.00
Epoch 194
	| Avg Actor Loss: 0.0094 | Avg Critic Loss: 0.0019 
	| Avg Length: 9.9922 | Avg Reward: 0.9611 
	| Avg Length: 9.8472 | Avg Reward: 0.9670
	| OG  Acc: 1.00  | Masked Acc: 1.00 | OG  F1: 1.00 | Masked F1: 1.00
Epoch 195
	| Avg Actor Loss: 0.0131 | Avg Critic Loss: 0.0023 
	| Avg Length: 9.9414 | Avg Reward: 0.9665 
	| Avg Length: 9.8202 | Avg Reward: 0.9669
	| OG  Acc: 1.00  | Masked Acc: 1.00 | OG  F1: 1.00 | Masked F1: 1.00
Epoch 196
	| Avg Actor Loss: 0.0075 | Avg Critic Loss: 0.0021 
	| Avg Length: 12.7279 | Avg Reward: 0.9602 
	| Avg Length: 9.6676 | Avg Reward: 0.9672
	| OG  Acc: 1.00  | Masked Acc: 1.00 | OG  F1: 1.00 | Masked F1: 1.00
Epoch 197
	| Avg Actor Loss: 0.0083 | Avg Critic Loss: 0.0024 
	| Avg Length: 10.4336 | Avg Reward: 0.9596 
	| Avg Length: 9.7852 | Avg Reward: 0.9668
	| OG  Acc: 1.00  | Masked Acc: 1.00 | OG  F1: 1.00 | Masked F1: 1.00
Epoch 198
	| Avg Actor Loss: 0.0177 | Avg Critic Loss: 0.0019 
	| Avg Length: 10.1016 | Avg Reward: 0.9667 
	| Avg Length: 9.8032 | Avg Reward: 0.9668
	| OG  Acc: 1.00  | Masked Acc: 1.00 | OG  F1: 1.00 | Masked F1: 1.00
Epoch 199
	| Avg Actor Loss: 0.0115 | Avg Critic Loss: 0.0027 
	| Avg Length: 11.5742 | Avg Reward: 0.9577 
	| Avg Length: 9.8874 | Avg Reward: 0.9668
	| OG  Acc: 1.00  | Masked Acc: 1.00 | OG  F1: 1.00 | Masked F1: 1.00
Epoch 200
	| Avg Actor Loss: 0.0175 | Avg Critic Loss: 0.0022 
	| Avg Length: 10.6912 | Avg Reward: 0.9608 
	| Avg Length: 9.7912 | Avg Reward: 0.9668
	| OG  Acc: 1.00  | Masked Acc: 1.00 | OG  F1: 1.00 | Masked F1: 1.00
