Epoch 01
	| Avg Actor Loss: -0.0024 | Avg Critic Loss: 0.0398 
	| Avg Length: 1.8125 | Avg Reward: 0.6443 
	| Avg Length: 1.0000 | Avg Reward: 0.6491
	| OG  Acc: 1.00  | Masked Acc: 0.51 | OG  F1: 1.00 | Masked F1: 0.67
Epoch 02
	| Avg Actor Loss: -0.0056 | Avg Critic Loss: 0.0078 
	| Avg Length: 1.7656 | Avg Reward: 0.6589 
	| Avg Length: 1.0000 | Avg Reward: 0.6491
	| OG  Acc: 1.00  | Masked Acc: 0.51 | OG  F1: 1.00 | Masked F1: 0.67
Epoch 03
	| Avg Actor Loss: -0.0078 | Avg Critic Loss: 0.0054 
	| Avg Length: 1.7695 | Avg Reward: 0.6268 
	| Avg Length: 1.0000 | Avg Reward: 0.6492
	| OG  Acc: 1.00  | Masked Acc: 0.51 | OG  F1: 1.00 | Masked F1: 0.67
Epoch 04
	| Avg Actor Loss: -0.0101 | Avg Critic Loss: 0.0044 
	| Avg Length: 1.7206 | Avg Reward: 0.6442 
	| Avg Length: 1.0000 | Avg Reward: 0.6524
	| OG  Acc: 1.00  | Masked Acc: 0.51 | OG  F1: 1.00 | Masked F1: 0.67
Epoch 05
	| Avg Actor Loss: -0.0117 | Avg Critic Loss: 0.0042 
	| Avg Length: 1.5625 | Avg Reward: 0.6482 
	| Avg Length: 1.0000 | Avg Reward: 0.6532
	| OG  Acc: 1.00  | Masked Acc: 0.51 | OG  F1: 1.00 | Masked F1: 0.67
Epoch 06
	| Avg Actor Loss: -0.0142 | Avg Critic Loss: 0.0049 
	| Avg Length: 1.6250 | Avg Reward: 0.6513 
	| Avg Length: 1.0000 | Avg Reward: 0.6538
	| OG  Acc: 1.00  | Masked Acc: 0.51 | OG  F1: 1.00 | Masked F1: 0.67
Epoch 07
	| Avg Actor Loss: -0.0122 | Avg Critic Loss: 0.0044 
	| Avg Length: 1.4609 | Avg Reward: 0.6557 
	| Avg Length: 1.0000 | Avg Reward: 0.6539
	| OG  Acc: 1.00  | Masked Acc: 0.51 | OG  F1: 1.00 | Masked F1: 0.67
Epoch 08
	| Avg Actor Loss: -0.0194 | Avg Critic Loss: 0.0050 
	| Avg Length: 1.6471 | Avg Reward: 0.6413 
	| Avg Length: 1.0000 | Avg Reward: 0.6538
	| OG  Acc: 1.00  | Masked Acc: 0.51 | OG  F1: 1.00 | Masked F1: 0.67
Epoch 09
	| Avg Actor Loss: -0.0161 | Avg Critic Loss: 0.0051 
	| Avg Length: 1.7969 | Avg Reward: 0.6826 
	| Avg Length: 1.1048 | Avg Reward: 0.6610
	| OG  Acc: 1.00  | Masked Acc: 0.52 | OG  F1: 1.00 | Masked F1: 0.68
Epoch 10
	| Avg Actor Loss: -0.0137 | Avg Critic Loss: 0.0056 
	| Avg Length: 2.0664 | Avg Reward: 0.6720 
	| Avg Length: 1.3830 | Avg Reward: 0.6732
	| OG  Acc: 1.00  | Masked Acc: 0.54 | OG  F1: 1.00 | Masked F1: 0.69
Epoch 11
	| Avg Actor Loss: -0.0142 | Avg Critic Loss: 0.0062 
	| Avg Length: 2.5898 | Avg Reward: 0.7154 
	| Avg Length: 1.5680 | Avg Reward: 0.6838
	| OG  Acc: 1.00  | Masked Acc: 0.56 | OG  F1: 1.00 | Masked F1: 0.69
Epoch 12
	| Avg Actor Loss: 0.1049 | Avg Critic Loss: 0.0061 
	| Avg Length: 2.6397 | Avg Reward: 0.6760 
	| Avg Length: 15.6834 | Avg Reward: 0.6898
	| OG  Acc: 1.00  | Masked Acc: 0.63 | OG  F1: 1.00 | Masked F1: 0.72
Epoch 13
	| Avg Actor Loss: -0.0195 | Avg Critic Loss: 0.0234 
	| Avg Length: 26.1758 | Avg Reward: 0.6972 
	| Avg Length: 17.6236 | Avg Reward: 0.7069
	| OG  Acc: 1.00  | Masked Acc: 0.66 | OG  F1: 1.00 | Masked F1: 0.74
Epoch 14
	| Avg Actor Loss: -0.0460 | Avg Critic Loss: 0.0209 
	| Avg Length: 27.1836 | Avg Reward: 0.6869 
	| Avg Length: 18.4832 | Avg Reward: 0.7309
	| OG  Acc: 1.00  | Masked Acc: 0.70 | OG  F1: 1.00 | Masked F1: 0.77
Epoch 15
	| Avg Actor Loss: -0.0453 | Avg Critic Loss: 0.0197 
	| Avg Length: 28.8047 | Avg Reward: 0.7158 
	| Avg Length: 19.5340 | Avg Reward: 0.7567
	| OG  Acc: 1.00  | Masked Acc: 0.74 | OG  F1: 1.00 | Masked F1: 0.79
Epoch 16
	| Avg Actor Loss: 0.0245 | Avg Critic Loss: 0.0166 
	| Avg Length: 32.0588 | Avg Reward: 0.7159 
	| Avg Length: 18.1078 | Avg Reward: 0.7679
	| OG  Acc: 1.00  | Masked Acc: 0.75 | OG  F1: 1.00 | Masked F1: 0.80
Epoch 17
	| Avg Actor Loss: -0.0515 | Avg Critic Loss: 0.0148 
	| Avg Length: 26.0312 | Avg Reward: 0.7769 
	| Avg Length: 19.1380 | Avg Reward: 0.8005
	| OG  Acc: 1.00  | Masked Acc: 0.81 | OG  F1: 1.00 | Masked F1: 0.84
Epoch 18
	| Avg Actor Loss: -0.0359 | Avg Critic Loss: 0.0125 
	| Avg Length: 27.4102 | Avg Reward: 0.8253 
	| Avg Length: 20.3798 | Avg Reward: 0.8258
	| OG  Acc: 1.00  | Masked Acc: 0.85 | OG  F1: 1.00 | Masked F1: 0.87
Epoch 19
	| Avg Actor Loss: -0.0318 | Avg Critic Loss: 0.0120 
	| Avg Length: 28.4766 | Avg Reward: 0.8195 
	| Avg Length: 22.0130 | Avg Reward: 0.8536
	| OG  Acc: 1.00  | Masked Acc: 0.90 | OG  F1: 1.00 | Masked F1: 0.91
Epoch 20
	| Avg Actor Loss: -0.0037 | Avg Critic Loss: 0.0106 
	| Avg Length: 28.5662 | Avg Reward: 0.8350 
	| Avg Length: 23.2066 | Avg Reward: 0.8783
	| OG  Acc: 1.00  | Masked Acc: 0.94 | OG  F1: 1.00 | Masked F1: 0.94
Epoch 21
	| Avg Actor Loss: -0.0058 | Avg Critic Loss: 0.0091 
	| Avg Length: 27.5312 | Avg Reward: 0.8544 
	| Avg Length: 24.0340 | Avg Reward: 0.8889
	| OG  Acc: 1.00  | Masked Acc: 0.96 | OG  F1: 1.00 | Masked F1: 0.96
Epoch 22
	| Avg Actor Loss: -0.0181 | Avg Critic Loss: 0.0088 
	| Avg Length: 27.9648 | Avg Reward: 0.8570 
	| Avg Length: 24.3286 | Avg Reward: 0.8979
	| OG  Acc: 1.00  | Masked Acc: 0.97 | OG  F1: 1.00 | Masked F1: 0.97
Epoch 23
	| Avg Actor Loss: -0.0029 | Avg Critic Loss: 0.0083 
	| Avg Length: 27.8789 | Avg Reward: 0.8593 
	| Avg Length: 25.9588 | Avg Reward: 0.8981
	| OG  Acc: 1.00  | Masked Acc: 0.98 | OG  F1: 1.00 | Masked F1: 0.98
Epoch 24
	| Avg Actor Loss: -0.0013 | Avg Critic Loss: 0.0073 
	| Avg Length: 28.9044 | Avg Reward: 0.8720 
	| Avg Length: 26.1444 | Avg Reward: 0.8999
	| OG  Acc: 1.00  | Masked Acc: 0.98 | OG  F1: 1.00 | Masked F1: 0.98
Epoch 25
	| Avg Actor Loss: -0.0064 | Avg Critic Loss: 0.0069 
	| Avg Length: 27.1328 | Avg Reward: 0.8717 
	| Avg Length: 26.1528 | Avg Reward: 0.9016
	| OG  Acc: 1.00  | Masked Acc: 0.99 | OG  F1: 1.00 | Masked F1: 0.99
Epoch 26
	| Avg Actor Loss: -0.0001 | Avg Critic Loss: 0.0066 
	| Avg Length: 31.0781 | Avg Reward: 0.8660 
	| Avg Length: 24.9992 | Avg Reward: 0.9063
	| OG  Acc: 1.00  | Masked Acc: 0.99 | OG  F1: 1.00 | Masked F1: 0.99
Epoch 27
	| Avg Actor Loss: 0.0106 | Avg Critic Loss: 0.0059 
	| Avg Length: 25.1211 | Avg Reward: 0.8891 
	| Avg Length: 26.0188 | Avg Reward: 0.9054
	| OG  Acc: 1.00  | Masked Acc: 0.99 | OG  F1: 1.00 | Masked F1: 0.99
Epoch 28
	| Avg Actor Loss: 0.3515 | Avg Critic Loss: 0.0058 
	| Avg Length: 26.7868 | Avg Reward: 0.8804 
	| Avg Length: 1.3394 | Avg Reward: 0.6728
	| OG  Acc: 1.00  | Masked Acc: 0.54 | OG  F1: 1.00 | Masked F1: 0.69
Epoch 29
	| Avg Actor Loss: -0.0006 | Avg Critic Loss: 0.0065 
	| Avg Length: 3.3281 | Avg Reward: 0.6990 
	| Avg Length: 1.4032 | Avg Reward: 0.6765
	| OG  Acc: 1.00  | Masked Acc: 0.55 | OG  F1: 1.00 | Masked F1: 0.69
Epoch 30
	| Avg Actor Loss: -0.0133 | Avg Critic Loss: 0.0034 
	| Avg Length: 4.4727 | Avg Reward: 0.6826 
	| Avg Length: 1.4766 | Avg Reward: 0.6796
	| OG  Acc: 1.00  | Masked Acc: 0.55 | OG  F1: 1.00 | Masked F1: 0.69
Epoch 31
	| Avg Actor Loss: -0.0168 | Avg Critic Loss: 0.0032 
	| Avg Length: 3.7969 | Avg Reward: 0.6698 
	| Avg Length: 1.5866 | Avg Reward: 0.6857
	| OG  Acc: 1.00  | Masked Acc: 0.56 | OG  F1: 1.00 | Masked F1: 0.70
Epoch 32
	| Avg Actor Loss: -0.0180 | Avg Critic Loss: 0.0034 
	| Avg Length: 3.2279 | Avg Reward: 0.6557 
	| Avg Length: 1.7532 | Avg Reward: 0.6931
	| OG  Acc: 1.00  | Masked Acc: 0.57 | OG  F1: 1.00 | Masked F1: 0.70
Epoch 33
	| Avg Actor Loss: -0.0162 | Avg Critic Loss: 0.0032 
	| Avg Length: 4.5391 | Avg Reward: 0.7017 
	| Avg Length: 1.9504 | Avg Reward: 0.6986
	| OG  Acc: 1.00  | Masked Acc: 0.58 | OG  F1: 1.00 | Masked F1: 0.71
Epoch 34
	| Avg Actor Loss: -0.0164 | Avg Critic Loss: 0.0035 
	| Avg Length: 4.0664 | Avg Reward: 0.7181 
	| Avg Length: 2.2930 | Avg Reward: 0.7058
	| OG  Acc: 1.00  | Masked Acc: 0.59 | OG  F1: 1.00 | Masked F1: 0.71
Epoch 35
	| Avg Actor Loss: -0.0156 | Avg Critic Loss: 0.0034 
	| Avg Length: 3.6562 | Avg Reward: 0.6906 
	| Avg Length: 2.5330 | Avg Reward: 0.7139
	| OG  Acc: 1.00  | Masked Acc: 0.61 | OG  F1: 1.00 | Masked F1: 0.72
Epoch 36
	| Avg Actor Loss: -0.0105 | Avg Critic Loss: 0.0035 
	| Avg Length: 4.1618 | Avg Reward: 0.7483 
	| Avg Length: 2.7692 | Avg Reward: 0.7229
	| OG  Acc: 1.00  | Masked Acc: 0.62 | OG  F1: 1.00 | Masked F1: 0.73
Epoch 37
	| Avg Actor Loss: -0.0052 | Avg Critic Loss: 0.0037 
	| Avg Length: 4.8164 | Avg Reward: 0.7493 
	| Avg Length: 3.0694 | Avg Reward: 0.7335
	| OG  Acc: 1.00  | Masked Acc: 0.64 | OG  F1: 1.00 | Masked F1: 0.73
Epoch 38
	| Avg Actor Loss: -0.0070 | Avg Critic Loss: 0.0038 
	| Avg Length: 4.9727 | Avg Reward: 0.7624 
	| Avg Length: 3.3788 | Avg Reward: 0.7420
	| OG  Acc: 1.00  | Masked Acc: 0.65 | OG  F1: 1.00 | Masked F1: 0.74
Epoch 39
	| Avg Actor Loss: -0.0004 | Avg Critic Loss: 0.0041 
	| Avg Length: 6.5352 | Avg Reward: 0.7347 
	| Avg Length: 3.5712 | Avg Reward: 0.7485
	| OG  Acc: 1.00  | Masked Acc: 0.66 | OG  F1: 1.00 | Masked F1: 0.75
Epoch 40
	| Avg Actor Loss: 0.0026 | Avg Critic Loss: 0.0045 
	| Avg Length: 4.6471 | Avg Reward: 0.7247 
	| Avg Length: 3.7660 | Avg Reward: 0.7557
	| OG  Acc: 1.00  | Masked Acc: 0.67 | OG  F1: 1.00 | Masked F1: 0.75
Epoch 41
	| Avg Actor Loss: -0.0020 | Avg Critic Loss: 0.0051 
	| Avg Length: 6.3945 | Avg Reward: 0.7652 
	| Avg Length: 4.2274 | Avg Reward: 0.7655
	| OG  Acc: 1.00  | Masked Acc: 0.69 | OG  F1: 1.00 | Masked F1: 0.76
Epoch 42
	| Avg Actor Loss: 0.0131 | Avg Critic Loss: 0.0056 
	| Avg Length: 6.7500 | Avg Reward: 0.7555 
	| Avg Length: 4.5306 | Avg Reward: 0.7754
	| OG  Acc: 1.00  | Masked Acc: 0.71 | OG  F1: 1.00 | Masked F1: 0.77
Epoch 43
	| Avg Actor Loss: 0.0424 | Avg Critic Loss: 0.0057 
	| Avg Length: 7.0312 | Avg Reward: 0.7409 
	| Avg Length: 22.6546 | Avg Reward: 0.8853
	| OG  Acc: 1.00  | Masked Acc: 0.95 | OG  F1: 1.00 | Masked F1: 0.95
Epoch 44
	| Avg Actor Loss: -0.0074 | Avg Critic Loss: 0.0151 
	| Avg Length: 29.4412 | Avg Reward: 0.8473 
	| Avg Length: 23.2286 | Avg Reward: 0.8992
	| OG  Acc: 1.00  | Masked Acc: 0.97 | OG  F1: 1.00 | Masked F1: 0.97
Epoch 45
	| Avg Actor Loss: -0.0118 | Avg Critic Loss: 0.0133 
	| Avg Length: 27.5664 | Avg Reward: 0.8506 
	| Avg Length: 23.2144 | Avg Reward: 0.9080
	| OG  Acc: 1.00  | Masked Acc: 0.98 | OG  F1: 1.00 | Masked F1: 0.98
Epoch 46
	| Avg Actor Loss: -0.0065 | Avg Critic Loss: 0.0096 
	| Avg Length: 29.5039 | Avg Reward: 0.8696 
	| Avg Length: 19.3920 | Avg Reward: 0.9194
	| OG  Acc: 1.00  | Masked Acc: 0.98 | OG  F1: 1.00 | Masked F1: 0.98
Epoch 47
	| Avg Actor Loss: 0.0022 | Avg Critic Loss: 0.0106 
	| Avg Length: 23.2812 | Avg Reward: 0.8843 
	| Avg Length: 20.9234 | Avg Reward: 0.9197
	| OG  Acc: 1.00  | Masked Acc: 0.99 | OG  F1: 1.00 | Masked F1: 0.99
Epoch 48
	| Avg Actor Loss: 0.0086 | Avg Critic Loss: 0.0093 
	| Avg Length: 21.8015 | Avg Reward: 0.8486 
	| Avg Length: 21.5540 | Avg Reward: 0.9164
	| OG  Acc: 1.00  | Masked Acc: 0.99 | OG  F1: 1.00 | Masked F1: 0.99
Epoch 49
	| Avg Actor Loss: -0.0015 | Avg Critic Loss: 0.0088 
	| Avg Length: 24.7656 | Avg Reward: 0.8849 
	| Avg Length: 21.9258 | Avg Reward: 0.9184
	| OG  Acc: 1.00  | Masked Acc: 0.99 | OG  F1: 1.00 | Masked F1: 0.99
Epoch 50
	| Avg Actor Loss: 0.0122 | Avg Critic Loss: 0.0079 
	| Avg Length: 23.6523 | Avg Reward: 0.8729 
	| Avg Length: 20.8748 | Avg Reward: 0.9206
	| OG  Acc: 1.00  | Masked Acc: 0.99 | OG  F1: 1.00 | Masked F1: 0.99
Epoch 51
	| Avg Actor Loss: 0.0108 | Avg Critic Loss: 0.0073 
	| Avg Length: 22.5156 | Avg Reward: 0.8826 
	| Avg Length: 21.3048 | Avg Reward: 0.9205
	| OG  Acc: 1.00  | Masked Acc: 0.99 | OG  F1: 1.00 | Masked F1: 0.99
Epoch 52
	| Avg Actor Loss: 0.0229 | Avg Critic Loss: 0.0061 
	| Avg Length: 23.4191 | Avg Reward: 0.8797 
	| Avg Length: 21.4372 | Avg Reward: 0.9203
	| OG  Acc: 1.00  | Masked Acc: 0.99 | OG  F1: 1.00 | Masked F1: 0.99
Epoch 53
	| Avg Actor Loss: 0.0107 | Avg Critic Loss: 0.0066 
	| Avg Length: 23.0977 | Avg Reward: 0.9012 
	| Avg Length: 21.5174 | Avg Reward: 0.9199
	| OG  Acc: 1.00  | Masked Acc: 0.99 | OG  F1: 1.00 | Masked F1: 0.99
Epoch 54
	| Avg Actor Loss: 0.0018 | Avg Critic Loss: 0.0066 
	| Avg Length: 23.3008 | Avg Reward: 0.8932 
	| Avg Length: 21.3076 | Avg Reward: 0.9215
	| OG  Acc: 1.00  | Masked Acc: 0.99 | OG  F1: 1.00 | Masked F1: 0.99
Epoch 55
	| Avg Actor Loss: 0.0141 | Avg Critic Loss: 0.0062 
	| Avg Length: 23.2969 | Avg Reward: 0.8932 
	| Avg Length: 21.0488 | Avg Reward: 0.9212
	| OG  Acc: 1.00  | Masked Acc: 0.99 | OG  F1: 1.00 | Masked F1: 0.99
Epoch 56
	| Avg Actor Loss: 0.0057 | Avg Critic Loss: 0.0069 
	| Avg Length: 23.0588 | Avg Reward: 0.9003 
	| Avg Length: 20.8364 | Avg Reward: 0.9221
	| OG  Acc: 1.00  | Masked Acc: 0.99 | OG  F1: 1.00 | Masked F1: 0.99
Epoch 57
	| Avg Actor Loss: 0.0035 | Avg Critic Loss: 0.0065 
	| Avg Length: 23.9219 | Avg Reward: 0.8919 
	| Avg Length: 20.7910 | Avg Reward: 0.9228
	| OG  Acc: 1.00  | Masked Acc: 0.99 | OG  F1: 1.00 | Masked F1: 0.99
Epoch 58
	| Avg Actor Loss: 0.0160 | Avg Critic Loss: 0.0064 
	| Avg Length: 20.9180 | Avg Reward: 0.9007 
	| Avg Length: 20.6594 | Avg Reward: 0.9226
	| OG  Acc: 1.00  | Masked Acc: 0.99 | OG  F1: 1.00 | Masked F1: 0.99
Epoch 59
	| Avg Actor Loss: 0.0059 | Avg Critic Loss: 0.0061 
	| Avg Length: 18.9531 | Avg Reward: 0.8993 
	| Avg Length: 20.8968 | Avg Reward: 0.9228
	| OG  Acc: 1.00  | Masked Acc: 1.00 | OG  F1: 1.00 | Masked F1: 1.00
Epoch 60
	| Avg Actor Loss: 0.0089 | Avg Critic Loss: 0.0050 
	| Avg Length: 22.7868 | Avg Reward: 0.8845 
	| Avg Length: 21.1990 | Avg Reward: 0.9223
	| OG  Acc: 1.00  | Masked Acc: 1.00 | OG  F1: 1.00 | Masked F1: 1.00
Epoch 61
	| Avg Actor Loss: 0.0145 | Avg Critic Loss: 0.0054 
	| Avg Length: 20.6992 | Avg Reward: 0.8978 
	| Avg Length: 21.0436 | Avg Reward: 0.9226
	| OG  Acc: 1.00  | Masked Acc: 1.00 | OG  F1: 1.00 | Masked F1: 1.00
Epoch 62
	| Avg Actor Loss: 0.0167 | Avg Critic Loss: 0.0058 
	| Avg Length: 23.2383 | Avg Reward: 0.9048 
	| Avg Length: 21.2506 | Avg Reward: 0.9221
	| OG  Acc: 1.00  | Masked Acc: 1.00 | OG  F1: 1.00 | Masked F1: 1.00
Epoch 63
	| Avg Actor Loss: 0.0053 | Avg Critic Loss: 0.0055 
	| Avg Length: 20.1797 | Avg Reward: 0.9058 
	| Avg Length: 21.2310 | Avg Reward: 0.9223
	| OG  Acc: 1.00  | Masked Acc: 1.00 | OG  F1: 1.00 | Masked F1: 1.00
Epoch 64
	| Avg Actor Loss: 0.0044 | Avg Critic Loss: 0.0052 
	| Avg Length: 23.2941 | Avg Reward: 0.9053 
	| Avg Length: 20.6236 | Avg Reward: 0.9244
	| OG  Acc: 1.00  | Masked Acc: 1.00 | OG  F1: 1.00 | Masked F1: 1.00
Epoch 65
	| Avg Actor Loss: 0.0021 | Avg Critic Loss: 0.0052 
	| Avg Length: 20.9219 | Avg Reward: 0.9066 
	| Avg Length: 20.2096 | Avg Reward: 0.9260
	| OG  Acc: 1.00  | Masked Acc: 1.00 | OG  F1: 1.00 | Masked F1: 1.00
Epoch 66
	| Avg Actor Loss: 0.0116 | Avg Critic Loss: 0.0048 
	| Avg Length: 20.9492 | Avg Reward: 0.9062 
	| Avg Length: 20.0238 | Avg Reward: 0.9266
	| OG  Acc: 1.00  | Masked Acc: 1.00 | OG  F1: 1.00 | Masked F1: 1.00
Epoch 67
	| Avg Actor Loss: 0.0064 | Avg Critic Loss: 0.0057 
	| Avg Length: 22.4102 | Avg Reward: 0.8898 
	| Avg Length: 19.9274 | Avg Reward: 0.9268
	| OG  Acc: 1.00  | Masked Acc: 1.00 | OG  F1: 1.00 | Masked F1: 1.00
Epoch 68
	| Avg Actor Loss: 0.0018 | Avg Critic Loss: 0.0047 
	| Avg Length: 18.1471 | Avg Reward: 0.9123 
	| Avg Length: 19.8822 | Avg Reward: 0.9275
	| OG  Acc: 1.00  | Masked Acc: 1.00 | OG  F1: 1.00 | Masked F1: 1.00
Epoch 69
	| Avg Actor Loss: 0.0136 | Avg Critic Loss: 0.0058 
	| Avg Length: 17.5195 | Avg Reward: 0.9021 
	| Avg Length: 20.1366 | Avg Reward: 0.9263
	| OG  Acc: 1.00  | Masked Acc: 1.00 | OG  F1: 1.00 | Masked F1: 1.00
Epoch 70
	| Avg Actor Loss: 0.0081 | Avg Critic Loss: 0.0054 
	| Avg Length: 20.3516 | Avg Reward: 0.9015 
	| Avg Length: 20.0348 | Avg Reward: 0.9267
	| OG  Acc: 1.00  | Masked Acc: 1.00 | OG  F1: 1.00 | Masked F1: 1.00
Epoch 71
	| Avg Actor Loss: 0.0020 | Avg Critic Loss: 0.0060 
	| Avg Length: 21.2539 | Avg Reward: 0.9033 
	| Avg Length: 20.1806 | Avg Reward: 0.9264
	| OG  Acc: 1.00  | Masked Acc: 1.00 | OG  F1: 1.00 | Masked F1: 1.00
Epoch 72
	| Avg Actor Loss: 0.0061 | Avg Critic Loss: 0.0048 
	| Avg Length: 22.3309 | Avg Reward: 0.9016 
	| Avg Length: 20.1422 | Avg Reward: 0.9269
	| OG  Acc: 1.00  | Masked Acc: 1.00 | OG  F1: 1.00 | Masked F1: 1.00
Epoch 73
	| Avg Actor Loss: 0.0276 | Avg Critic Loss: 0.0054 
	| Avg Length: 19.7617 | Avg Reward: 0.9229 
	| Avg Length: 20.7126 | Avg Reward: 0.9062
	| OG  Acc: 1.00  | Masked Acc: 0.97 | OG  F1: 1.00 | Masked F1: 0.97
Epoch 74
	| Avg Actor Loss: 0.1917 | Avg Critic Loss: 0.0086 
	| Avg Length: 24.1445 | Avg Reward: 0.8844 
	| Avg Length: 6.7248 | Avg Reward: 0.7127
	| OG  Acc: 1.00  | Masked Acc: 0.62 | OG  F1: 1.00 | Masked F1: 0.73
Epoch 75
	| Avg Actor Loss: 0.0102 | Avg Critic Loss: 0.0079 
	| Avg Length: 8.6953 | Avg Reward: 0.6898 
	| Avg Length: 8.4920 | Avg Reward: 0.7224
	| OG  Acc: 1.00  | Masked Acc: 0.65 | OG  F1: 1.00 | Masked F1: 0.74
Epoch 76
	| Avg Actor Loss: -0.0126 | Avg Critic Loss: 0.0064 
	| Avg Length: 9.3235 | Avg Reward: 0.7414 
	| Avg Length: 9.5476 | Avg Reward: 0.7339
	| OG  Acc: 1.00  | Masked Acc: 0.67 | OG  F1: 1.00 | Masked F1: 0.75
Epoch 77
	| Avg Actor Loss: -0.0202 | Avg Critic Loss: 0.0066 
	| Avg Length: 12.3164 | Avg Reward: 0.7569 
	| Avg Length: 11.1638 | Avg Reward: 0.7509
	| OG  Acc: 1.00  | Masked Acc: 0.70 | OG  F1: 1.00 | Masked F1: 0.77
Epoch 78
	| Avg Actor Loss: -0.0123 | Avg Critic Loss: 0.0070 
	| Avg Length: 14.3867 | Avg Reward: 0.7587 
	| Avg Length: 12.9720 | Avg Reward: 0.7721
	| OG  Acc: 1.00  | Masked Acc: 0.74 | OG  F1: 1.00 | Masked F1: 0.79
Epoch 79
	| Avg Actor Loss: -0.0137 | Avg Critic Loss: 0.0070 
	| Avg Length: 15.9805 | Avg Reward: 0.7744 
	| Avg Length: 14.6604 | Avg Reward: 0.7879
	| OG  Acc: 1.00  | Masked Acc: 0.77 | OG  F1: 1.00 | Masked F1: 0.81
Epoch 80
	| Avg Actor Loss: -0.0013 | Avg Critic Loss: 0.0073 
	| Avg Length: 18.2500 | Avg Reward: 0.7328 
	| Avg Length: 16.9880 | Avg Reward: 0.8046
	| OG  Acc: 1.00  | Masked Acc: 0.80 | OG  F1: 1.00 | Masked F1: 0.84
Epoch 81
	| Avg Actor Loss: -0.0076 | Avg Critic Loss: 0.0066 
	| Avg Length: 20.6875 | Avg Reward: 0.7898 
	| Avg Length: 19.0480 | Avg Reward: 0.8145
	| OG  Acc: 1.00  | Masked Acc: 0.83 | OG  F1: 1.00 | Masked F1: 0.85
Epoch 82
	| Avg Actor Loss: -0.0098 | Avg Critic Loss: 0.0072 
	| Avg Length: 21.1055 | Avg Reward: 0.8238 
	| Avg Length: 21.5544 | Avg Reward: 0.8244
	| OG  Acc: 1.00  | Masked Acc: 0.85 | OG  F1: 1.00 | Masked F1: 0.87
Epoch 83
	| Avg Actor Loss: -0.0198 | Avg Critic Loss: 0.0077 
	| Avg Length: 24.4883 | Avg Reward: 0.8038 
	| Avg Length: 23.2914 | Avg Reward: 0.8384
	| OG  Acc: 1.00  | Masked Acc: 0.88 | OG  F1: 1.00 | Masked F1: 0.89
Epoch 84
	| Avg Actor Loss: -0.0051 | Avg Critic Loss: 0.0069 
	| Avg Length: 26.8015 | Avg Reward: 0.8138 
	| Avg Length: 26.0166 | Avg Reward: 0.8609
	| OG  Acc: 1.00  | Masked Acc: 0.93 | OG  F1: 1.00 | Masked F1: 0.93
Epoch 85
	| Avg Actor Loss: -0.0067 | Avg Critic Loss: 0.0071 
	| Avg Length: 27.8398 | Avg Reward: 0.8391 
	| Avg Length: 27.6018 | Avg Reward: 0.8735
	| OG  Acc: 1.00  | Masked Acc: 0.95 | OG  F1: 1.00 | Masked F1: 0.95
Epoch 86
	| Avg Actor Loss: -0.0067 | Avg Critic Loss: 0.0066 
	| Avg Length: 28.4766 | Avg Reward: 0.8606 
	| Avg Length: 29.3576 | Avg Reward: 0.8783
	| OG  Acc: 1.00  | Masked Acc: 0.97 | OG  F1: 1.00 | Masked F1: 0.97
Epoch 87
	| Avg Actor Loss: -0.0078 | Avg Critic Loss: 0.0056 
	| Avg Length: 30.3242 | Avg Reward: 0.8489 
	| Avg Length: 30.7834 | Avg Reward: 0.8798
	| OG  Acc: 1.00  | Masked Acc: 0.98 | OG  F1: 1.00 | Masked F1: 0.98
Epoch 88
	| Avg Actor Loss: -0.0007 | Avg Critic Loss: 0.0055 
	| Avg Length: 32.4632 | Avg Reward: 0.8548 
	| Avg Length: 31.8230 | Avg Reward: 0.8837
	| OG  Acc: 1.00  | Masked Acc: 0.99 | OG  F1: 1.00 | Masked F1: 0.99
Epoch 89
	| Avg Actor Loss: -0.0001 | Avg Critic Loss: 0.0047 
	| Avg Length: 32.7031 | Avg Reward: 0.8669 
	| Avg Length: 32.3076 | Avg Reward: 0.8843
	| OG  Acc: 1.00  | Masked Acc: 0.99 | OG  F1: 1.00 | Masked F1: 0.99
Epoch 90
	| Avg Actor Loss: 0.0003 | Avg Critic Loss: 0.0039 
	| Avg Length: 34.5664 | Avg Reward: 0.8657 
	| Avg Length: 32.3336 | Avg Reward: 0.8837
	| OG  Acc: 1.00  | Masked Acc: 0.99 | OG  F1: 1.00 | Masked F1: 0.99
Epoch 91
	| Avg Actor Loss: -0.0015 | Avg Critic Loss: 0.0030 
	| Avg Length: 33.9102 | Avg Reward: 0.8833 
	| Avg Length: 32.1690 | Avg Reward: 0.8868
	| OG  Acc: 1.00  | Masked Acc: 0.99 | OG  F1: 1.00 | Masked F1: 0.99
Epoch 92
	| Avg Actor Loss: 0.0158 | Avg Critic Loss: 0.0034 
	| Avg Length: 28.9338 | Avg Reward: 0.8815 
	| Avg Length: 33.1440 | Avg Reward: 0.8865
	| OG  Acc: 1.00  | Masked Acc: 1.00 | OG  F1: 1.00 | Masked F1: 1.00
Epoch 93
	| Avg Actor Loss: -0.0072 | Avg Critic Loss: 0.0027 
	| Avg Length: 33.4375 | Avg Reward: 0.8853 
	| Avg Length: 32.1422 | Avg Reward: 0.8895
	| OG  Acc: 1.00  | Masked Acc: 1.00 | OG  F1: 1.00 | Masked F1: 1.00
Epoch 94
	| Avg Actor Loss: 0.0025 | Avg Critic Loss: 0.0030 
	| Avg Length: 30.5898 | Avg Reward: 0.8920 
	| Avg Length: 31.3648 | Avg Reward: 0.8922
	| OG  Acc: 1.00  | Masked Acc: 1.00 | OG  F1: 1.00 | Masked F1: 1.00
Epoch 95
	| Avg Actor Loss: 0.0053 | Avg Critic Loss: 0.0028 
	| Avg Length: 33.2344 | Avg Reward: 0.8770 
	| Avg Length: 30.6712 | Avg Reward: 0.8937
	| OG  Acc: 1.00  | Masked Acc: 1.00 | OG  F1: 1.00 | Masked F1: 1.00
Epoch 96
	| Avg Actor Loss: 0.0184 | Avg Critic Loss: 0.0030 
	| Avg Length: 24.4485 | Avg Reward: 0.8978 
	| Avg Length: 32.3900 | Avg Reward: 0.8868
	| OG  Acc: 1.00  | Masked Acc: 0.99 | OG  F1: 1.00 | Masked F1: 0.99
Epoch 97
	| Avg Actor Loss: -0.0296 | Avg Critic Loss: 0.0055 
	| Avg Length: 33.8555 | Avg Reward: 0.8748 
	| Avg Length: 26.3786 | Avg Reward: 0.9071
	| OG  Acc: 1.00  | Masked Acc: 1.00 | OG  F1: 1.00 | Masked F1: 1.00
Epoch 98
	| Avg Actor Loss: 0.0048 | Avg Critic Loss: 0.0031 
	| Avg Length: 27.9219 | Avg Reward: 0.8932 
	| Avg Length: 25.5286 | Avg Reward: 0.9109
	| OG  Acc: 1.00  | Masked Acc: 1.00 | OG  F1: 1.00 | Masked F1: 1.00
Epoch 99
	| Avg Actor Loss: -0.0073 | Avg Critic Loss: 0.0024 
	| Avg Length: 26.6602 | Avg Reward: 0.9045 
	| Avg Length: 24.7896 | Avg Reward: 0.9132
	| OG  Acc: 1.00  | Masked Acc: 1.00 | OG  F1: 1.00 | Masked F1: 1.00
Epoch 100
	| Avg Actor Loss: 0.0063 | Avg Critic Loss: 0.0029 
	| Avg Length: 25.7500 | Avg Reward: 0.9067 
	| Avg Length: 24.0838 | Avg Reward: 0.9155
	| OG  Acc: 1.00  | Masked Acc: 1.00 | OG  F1: 1.00 | Masked F1: 1.00
Epoch 101
	| Avg Actor Loss: 0.0032 | Avg Critic Loss: 0.0035 
	| Avg Length: 25.2188 | Avg Reward: 0.9078 
	| Avg Length: 23.4210 | Avg Reward: 0.9172
	| OG  Acc: 1.00  | Masked Acc: 1.00 | OG  F1: 1.00 | Masked F1: 1.00
Epoch 102
	| Avg Actor Loss: 0.0070 | Avg Critic Loss: 0.0029 
	| Avg Length: 24.7812 | Avg Reward: 0.8911 
	| Avg Length: 22.8262 | Avg Reward: 0.9193
	| OG  Acc: 1.00  | Masked Acc: 1.00 | OG  F1: 1.00 | Masked F1: 1.00
Epoch 103
	| Avg Actor Loss: 0.0067 | Avg Critic Loss: 0.0032 
	| Avg Length: 22.3008 | Avg Reward: 0.9141 
	| Avg Length: 22.2338 | Avg Reward: 0.9208
	| OG  Acc: 1.00  | Masked Acc: 1.00 | OG  F1: 1.00 | Masked F1: 1.00
Epoch 104
	| Avg Actor Loss: 0.0033 | Avg Critic Loss: 0.0037 
	| Avg Length: 24.2206 | Avg Reward: 0.8977 
	| Avg Length: 21.8094 | Avg Reward: 0.9223
	| OG  Acc: 1.00  | Masked Acc: 1.00 | OG  F1: 1.00 | Masked F1: 1.00
Epoch 105
	| Avg Actor Loss: 0.0065 | Avg Critic Loss: 0.0032 
	| Avg Length: 23.9453 | Avg Reward: 0.8981 
	| Avg Length: 21.7388 | Avg Reward: 0.9225
	| OG  Acc: 1.00  | Masked Acc: 1.00 | OG  F1: 1.00 | Masked F1: 1.00
Epoch 106
	| Avg Actor Loss: 0.0047 | Avg Critic Loss: 0.0035 
	| Avg Length: 24.8906 | Avg Reward: 0.8877 
	| Avg Length: 21.5052 | Avg Reward: 0.9232
	| OG  Acc: 1.00  | Masked Acc: 1.00 | OG  F1: 1.00 | Masked F1: 1.00
Epoch 107
	| Avg Actor Loss: 0.0042 | Avg Critic Loss: 0.0033 
	| Avg Length: 19.8242 | Avg Reward: 0.9216 
	| Avg Length: 21.2676 | Avg Reward: 0.9239
	| OG  Acc: 1.00  | Masked Acc: 1.00 | OG  F1: 1.00 | Masked F1: 1.00
Epoch 108
	| Avg Actor Loss: 0.0069 | Avg Critic Loss: 0.0039 
	| Avg Length: 21.8162 | Avg Reward: 0.9054 
	| Avg Length: 21.5114 | Avg Reward: 0.9231
	| OG  Acc: 1.00  | Masked Acc: 1.00 | OG  F1: 1.00 | Masked F1: 1.00
Epoch 109
	| Avg Actor Loss: 0.0043 | Avg Critic Loss: 0.0030 
	| Avg Length: 22.4570 | Avg Reward: 0.9068 
	| Avg Length: 21.1260 | Avg Reward: 0.9245
	| OG  Acc: 1.00  | Masked Acc: 1.00 | OG  F1: 1.00 | Masked F1: 1.00
Epoch 110
	| Avg Actor Loss: 0.0120 | Avg Critic Loss: 0.0041 
	| Avg Length: 22.5781 | Avg Reward: 0.9049 
	| Avg Length: 21.1708 | Avg Reward: 0.9244
	| OG  Acc: 1.00  | Masked Acc: 1.00 | OG  F1: 1.00 | Masked F1: 1.00
Epoch 111
	| Avg Actor Loss: 0.0104 | Avg Critic Loss: 0.0034 
	| Avg Length: 20.7500 | Avg Reward: 0.9147 
	| Avg Length: 20.6204 | Avg Reward: 0.9260
	| OG  Acc: 1.00  | Masked Acc: 1.00 | OG  F1: 1.00 | Masked F1: 1.00
Epoch 112
	| Avg Actor Loss: 0.0029 | Avg Critic Loss: 0.0042 
	| Avg Length: 22.5515 | Avg Reward: 0.9066 
	| Avg Length: 20.7390 | Avg Reward: 0.9255
	| OG  Acc: 1.00  | Masked Acc: 1.00 | OG  F1: 1.00 | Masked F1: 1.00
Epoch 113
	| Avg Actor Loss: 0.0080 | Avg Critic Loss: 0.0034 
	| Avg Length: 23.5664 | Avg Reward: 0.9019 
	| Avg Length: 20.5268 | Avg Reward: 0.9259
	| OG  Acc: 1.00  | Masked Acc: 1.00 | OG  F1: 1.00 | Masked F1: 1.00
Epoch 114
	| Avg Actor Loss: 0.0131 | Avg Critic Loss: 0.0038 
	| Avg Length: 23.1211 | Avg Reward: 0.9136 
	| Avg Length: 20.9228 | Avg Reward: 0.9251
	| OG  Acc: 1.00  | Masked Acc: 1.00 | OG  F1: 1.00 | Masked F1: 1.00
Epoch 115
	| Avg Actor Loss: 0.0087 | Avg Critic Loss: 0.0035 
	| Avg Length: 22.7617 | Avg Reward: 0.9111 
	| Avg Length: 20.6702 | Avg Reward: 0.9259
	| OG  Acc: 1.00  | Masked Acc: 1.00 | OG  F1: 1.00 | Masked F1: 1.00
Epoch 116
	| Avg Actor Loss: 0.0075 | Avg Critic Loss: 0.0034 
	| Avg Length: 20.7574 | Avg Reward: 0.9126 
	| Avg Length: 20.9258 | Avg Reward: 0.9250
	| OG  Acc: 1.00  | Masked Acc: 1.00 | OG  F1: 1.00 | Masked F1: 1.00
Epoch 117
	| Avg Actor Loss: 0.0155 | Avg Critic Loss: 0.0033 
	| Avg Length: 22.3242 | Avg Reward: 0.9092 
	| Avg Length: 20.7156 | Avg Reward: 0.9258
	| OG  Acc: 1.00  | Masked Acc: 1.00 | OG  F1: 1.00 | Masked F1: 1.00
Epoch 118
	| Avg Actor Loss: 0.0098 | Avg Critic Loss: 0.0032 
	| Avg Length: 21.2852 | Avg Reward: 0.9139 
	| Avg Length: 20.5394 | Avg Reward: 0.9263
	| OG  Acc: 1.00  | Masked Acc: 1.00 | OG  F1: 1.00 | Masked F1: 1.00
Epoch 119
	| Avg Actor Loss: 0.0007 | Avg Critic Loss: 0.0036 
	| Avg Length: 23.4609 | Avg Reward: 0.9105 
	| Avg Length: 20.3114 | Avg Reward: 0.9270
	| OG  Acc: 1.00  | Masked Acc: 1.00 | OG  F1: 1.00 | Masked F1: 1.00
Epoch 120
	| Avg Actor Loss: 0.0090 | Avg Critic Loss: 0.0036 
	| Avg Length: 21.0368 | Avg Reward: 0.9153 
	| Avg Length: 20.4016 | Avg Reward: 0.9266
	| OG  Acc: 1.00  | Masked Acc: 1.00 | OG  F1: 1.00 | Masked F1: 1.00
Epoch 121
	| Avg Actor Loss: 0.0042 | Avg Critic Loss: 0.0040 
	| Avg Length: 18.9727 | Avg Reward: 0.9175 
	| Avg Length: 20.5470 | Avg Reward: 0.9262
	| OG  Acc: 1.00  | Masked Acc: 1.00 | OG  F1: 1.00 | Masked F1: 1.00
Epoch 122
	| Avg Actor Loss: 0.0094 | Avg Critic Loss: 0.0037 
	| Avg Length: 19.8828 | Avg Reward: 0.9158 
	| Avg Length: 20.4058 | Avg Reward: 0.9265
	| OG  Acc: 1.00  | Masked Acc: 1.00 | OG  F1: 1.00 | Masked F1: 1.00
Epoch 123
	| Avg Actor Loss: 0.0058 | Avg Critic Loss: 0.0034 
	| Avg Length: 21.6992 | Avg Reward: 0.9184 
	| Avg Length: 20.1596 | Avg Reward: 0.9275
	| OG  Acc: 1.00  | Masked Acc: 1.00 | OG  F1: 1.00 | Masked F1: 1.00
Epoch 124
	| Avg Actor Loss: 0.0006 | Avg Critic Loss: 0.0043 
	| Avg Length: 19.7868 | Avg Reward: 0.9049 
	| Avg Length: 20.0274 | Avg Reward: 0.9278
	| OG  Acc: 1.00  | Masked Acc: 1.00 | OG  F1: 1.00 | Masked F1: 1.00
Epoch 125
	| Avg Actor Loss: 0.0548 | Avg Critic Loss: 0.0040 
	| Avg Length: 22.2852 | Avg Reward: 0.9182 
	| Avg Length: 20.3680 | Avg Reward: 0.9268
	| OG  Acc: 1.00  | Masked Acc: 1.00 | OG  F1: 1.00 | Masked F1: 1.00
Epoch 126
	| Avg Actor Loss: 0.0004 | Avg Critic Loss: 0.0042 
	| Avg Length: 21.9453 | Avg Reward: 0.8996 
	| Avg Length: 20.6170 | Avg Reward: 0.9262
	| OG  Acc: 1.00  | Masked Acc: 1.00 | OG  F1: 1.00 | Masked F1: 1.00
Epoch 127
	| Avg Actor Loss: 0.0068 | Avg Critic Loss: 0.0037 
	| Avg Length: 23.1406 | Avg Reward: 0.9064 
	| Avg Length: 20.2260 | Avg Reward: 0.9272
	| OG  Acc: 1.00  | Masked Acc: 1.00 | OG  F1: 1.00 | Masked F1: 1.00
Epoch 128
	| Avg Actor Loss: 0.0051 | Avg Critic Loss: 0.0041 
	| Avg Length: 20.1985 | Avg Reward: 0.9205 
	| Avg Length: 19.9576 | Avg Reward: 0.9282
	| OG  Acc: 1.00  | Masked Acc: 1.00 | OG  F1: 1.00 | Masked F1: 1.00
Epoch 129
	| Avg Actor Loss: 0.0112 | Avg Critic Loss: 0.0038 
	| Avg Length: 19.7695 | Avg Reward: 0.9134 
	| Avg Length: 19.9908 | Avg Reward: 0.9279
	| OG  Acc: 1.00  | Masked Acc: 1.00 | OG  F1: 1.00 | Masked F1: 1.00
Epoch 130
	| Avg Actor Loss: 0.0098 | Avg Critic Loss: 0.0037 
	| Avg Length: 19.1914 | Avg Reward: 0.9091 
	| Avg Length: 20.1836 | Avg Reward: 0.9274
	| OG  Acc: 1.00  | Masked Acc: 1.00 | OG  F1: 1.00 | Masked F1: 1.00
Epoch 131
	| Avg Actor Loss: 0.0084 | Avg Critic Loss: 0.0042 
	| Avg Length: 22.1406 | Avg Reward: 0.9144 
	| Avg Length: 20.6764 | Avg Reward: 0.9258
	| OG  Acc: 1.00  | Masked Acc: 1.00 | OG  F1: 1.00 | Masked F1: 1.00
Epoch 132
	| Avg Actor Loss: 0.0086 | Avg Critic Loss: 0.0033 
	| Avg Length: 21.2941 | Avg Reward: 0.9141 
	| Avg Length: 20.3650 | Avg Reward: 0.9268
	| OG  Acc: 1.00  | Masked Acc: 1.00 | OG  F1: 1.00 | Masked F1: 1.00
Epoch 133
	| Avg Actor Loss: 0.0036 | Avg Critic Loss: 0.0029 
	| Avg Length: 20.2109 | Avg Reward: 0.9169 
	| Avg Length: 20.1176 | Avg Reward: 0.9276
	| OG  Acc: 1.00  | Masked Acc: 1.00 | OG  F1: 1.00 | Masked F1: 1.00
Epoch 134
	| Avg Actor Loss: 0.0070 | Avg Critic Loss: 0.0036 
	| Avg Length: 20.6641 | Avg Reward: 0.9241 
	| Avg Length: 20.3180 | Avg Reward: 0.9269
	| OG  Acc: 1.00  | Masked Acc: 1.00 | OG  F1: 1.00 | Masked F1: 1.00
Epoch 135
	| Avg Actor Loss: 0.0118 | Avg Critic Loss: 0.0033 
	| Avg Length: 22.8281 | Avg Reward: 0.9084 
	| Avg Length: 20.1604 | Avg Reward: 0.9274
	| OG  Acc: 1.00  | Masked Acc: 1.00 | OG  F1: 1.00 | Masked F1: 1.00
Epoch 136
	| Avg Actor Loss: 0.0045 | Avg Critic Loss: 0.0039 
	| Avg Length: 21.0588 | Avg Reward: 0.9118 
	| Avg Length: 20.1682 | Avg Reward: 0.9274
	| OG  Acc: 1.00  | Masked Acc: 1.00 | OG  F1: 1.00 | Masked F1: 1.00
Epoch 137
	| Avg Actor Loss: 0.0078 | Avg Critic Loss: 0.0033 
	| Avg Length: 20.0820 | Avg Reward: 0.9119 
	| Avg Length: 20.1280 | Avg Reward: 0.9275
	| OG  Acc: 1.00  | Masked Acc: 1.00 | OG  F1: 1.00 | Masked F1: 1.00
Epoch 138
	| Avg Actor Loss: 0.0092 | Avg Critic Loss: 0.0037 
	| Avg Length: 18.8789 | Avg Reward: 0.9279 
	| Avg Length: 19.8958 | Avg Reward: 0.9282
	| OG  Acc: 1.00  | Masked Acc: 1.00 | OG  F1: 1.00 | Masked F1: 1.00
Epoch 139
	| Avg Actor Loss: 0.0059 | Avg Critic Loss: 0.0039 
	| Avg Length: 19.4883 | Avg Reward: 0.9181 
	| Avg Length: 19.8314 | Avg Reward: 0.9285
	| OG  Acc: 1.00  | Masked Acc: 1.00 | OG  F1: 1.00 | Masked F1: 1.00
Epoch 140
	| Avg Actor Loss: 0.0060 | Avg Critic Loss: 0.0038 
	| Avg Length: 19.2059 | Avg Reward: 0.9098 
	| Avg Length: 19.6786 | Avg Reward: 0.9288
	| OG  Acc: 1.00  | Masked Acc: 1.00 | OG  F1: 1.00 | Masked F1: 1.00
Epoch 141
	| Avg Actor Loss: 0.0030 | Avg Critic Loss: 0.0037 
	| Avg Length: 19.5820 | Avg Reward: 0.9185 
	| Avg Length: 19.3686 | Avg Reward: 0.9297
	| OG  Acc: 1.00  | Masked Acc: 1.00 | OG  F1: 1.00 | Masked F1: 1.00
Epoch 142
	| Avg Actor Loss: 0.0057 | Avg Critic Loss: 0.0036 
	| Avg Length: 17.0508 | Avg Reward: 0.9201 
	| Avg Length: 19.6200 | Avg Reward: 0.9290
	| OG  Acc: 1.00  | Masked Acc: 1.00 | OG  F1: 1.00 | Masked F1: 1.00
Epoch 143
	| Avg Actor Loss: 0.0159 | Avg Critic Loss: 0.0037 
	| Avg Length: 22.2227 | Avg Reward: 0.9148 
	| Avg Length: 19.5916 | Avg Reward: 0.9291
	| OG  Acc: 1.00  | Masked Acc: 1.00 | OG  F1: 1.00 | Masked F1: 1.00
Epoch 144
	| Avg Actor Loss: 0.0033 | Avg Critic Loss: 0.0036 
	| Avg Length: 16.3235 | Avg Reward: 0.9323 
	| Avg Length: 19.4380 | Avg Reward: 0.9295
	| OG  Acc: 1.00  | Masked Acc: 1.00 | OG  F1: 1.00 | Masked F1: 1.00
Epoch 145
	| Avg Actor Loss: 0.0077 | Avg Critic Loss: 0.0039 
	| Avg Length: 22.6719 | Avg Reward: 0.9048 
	| Avg Length: 19.4044 | Avg Reward: 0.9297
	| OG  Acc: 1.00  | Masked Acc: 1.00 | OG  F1: 1.00 | Masked F1: 1.00
Epoch 146
	| Avg Actor Loss: 0.0083 | Avg Critic Loss: 0.0041 
	| Avg Length: 21.7422 | Avg Reward: 0.9157 
	| Avg Length: 19.5832 | Avg Reward: 0.9291
	| OG  Acc: 1.00  | Masked Acc: 1.00 | OG  F1: 1.00 | Masked F1: 1.00
Epoch 147
	| Avg Actor Loss: 0.0076 | Avg Critic Loss: 0.0039 
	| Avg Length: 18.3945 | Avg Reward: 0.9004 
	| Avg Length: 19.7422 | Avg Reward: 0.9286
	| OG  Acc: 1.00  | Masked Acc: 1.00 | OG  F1: 1.00 | Masked F1: 1.00
Epoch 148
	| Avg Actor Loss: 0.0084 | Avg Critic Loss: 0.0041 
	| Avg Length: 19.9265 | Avg Reward: 0.9086 
	| Avg Length: 19.9106 | Avg Reward: 0.9281
	| OG  Acc: 1.00  | Masked Acc: 1.00 | OG  F1: 1.00 | Masked F1: 1.00
Epoch 149
	| Avg Actor Loss: 0.0064 | Avg Critic Loss: 0.0029 
	| Avg Length: 21.0273 | Avg Reward: 0.9199 
	| Avg Length: 19.5538 | Avg Reward: 0.9293
	| OG  Acc: 1.00  | Masked Acc: 1.00 | OG  F1: 1.00 | Masked F1: 1.00
Epoch 150
	| Avg Actor Loss: 0.0063 | Avg Critic Loss: 0.0035 
	| Avg Length: 21.8828 | Avg Reward: 0.9161 
	| Avg Length: 19.5580 | Avg Reward: 0.9291
	| OG  Acc: 1.00  | Masked Acc: 1.00 | OG  F1: 1.00 | Masked F1: 1.00
Epoch 151
	| Avg Actor Loss: 0.0110 | Avg Critic Loss: 0.0031 
	| Avg Length: 21.1914 | Avg Reward: 0.9150 
	| Avg Length: 19.3270 | Avg Reward: 0.9299
	| OG  Acc: 1.00  | Masked Acc: 1.00 | OG  F1: 1.00 | Masked F1: 1.00
Epoch 152
	| Avg Actor Loss: 0.0076 | Avg Critic Loss: 0.0040 
	| Avg Length: 21.3824 | Avg Reward: 0.9118 
	| Avg Length: 19.4554 | Avg Reward: 0.9295
	| OG  Acc: 1.00  | Masked Acc: 1.00 | OG  F1: 1.00 | Masked F1: 1.00
Epoch 153
	| Avg Actor Loss: 0.0082 | Avg Critic Loss: 0.0034 
	| Avg Length: 19.9219 | Avg Reward: 0.9177 
	| Avg Length: 19.5950 | Avg Reward: 0.9292
	| OG  Acc: 1.00  | Masked Acc: 1.00 | OG  F1: 1.00 | Masked F1: 1.00
Epoch 154
	| Avg Actor Loss: 0.0117 | Avg Critic Loss: 0.0036 
	| Avg Length: 21.2539 | Avg Reward: 0.9129 
	| Avg Length: 19.7170 | Avg Reward: 0.9287
	| OG  Acc: 1.00  | Masked Acc: 1.00 | OG  F1: 1.00 | Masked F1: 1.00
Epoch 155
	| Avg Actor Loss: 0.0045 | Avg Critic Loss: 0.0030 
	| Avg Length: 19.7305 | Avg Reward: 0.9199 
	| Avg Length: 19.7756 | Avg Reward: 0.9286
	| OG  Acc: 1.00  | Masked Acc: 1.00 | OG  F1: 1.00 | Masked F1: 1.00
Epoch 156
	| Avg Actor Loss: 0.0086 | Avg Critic Loss: 0.0035 
	| Avg Length: 22.9779 | Avg Reward: 0.9074 
	| Avg Length: 19.6056 | Avg Reward: 0.9290
	| OG  Acc: 1.00  | Masked Acc: 1.00 | OG  F1: 1.00 | Masked F1: 1.00
Epoch 157
	| Avg Actor Loss: 0.0107 | Avg Critic Loss: 0.0034 
	| Avg Length: 17.5352 | Avg Reward: 0.9183 
	| Avg Length: 19.4704 | Avg Reward: 0.9291
	| OG  Acc: 1.00  | Masked Acc: 1.00 | OG  F1: 1.00 | Masked F1: 1.00
Epoch 158
	| Avg Actor Loss: 0.0197 | Avg Critic Loss: 0.0037 
	| Avg Length: 20.9336 | Avg Reward: 0.9108 
	| Avg Length: 19.3750 | Avg Reward: 0.9297
	| OG  Acc: 1.00  | Masked Acc: 1.00 | OG  F1: 1.00 | Masked F1: 1.00
Epoch 159
	| Avg Actor Loss: 0.0069 | Avg Critic Loss: 0.0035 
	| Avg Length: 22.2188 | Avg Reward: 0.9157 
	| Avg Length: 19.5100 | Avg Reward: 0.9293
	| OG  Acc: 1.00  | Masked Acc: 1.00 | OG  F1: 1.00 | Masked F1: 1.00
Epoch 160
	| Avg Actor Loss: 0.0042 | Avg Critic Loss: 0.0041 
	| Avg Length: 20.1324 | Avg Reward: 0.9148 
	| Avg Length: 19.5386 | Avg Reward: 0.9294
	| OG  Acc: 1.00  | Masked Acc: 1.00 | OG  F1: 1.00 | Masked F1: 1.00
Epoch 161
	| Avg Actor Loss: 0.0060 | Avg Critic Loss: 0.0038 
	| Avg Length: 19.2891 | Avg Reward: 0.9220 
	| Avg Length: 19.6230 | Avg Reward: 0.9292
	| OG  Acc: 1.00  | Masked Acc: 1.00 | OG  F1: 1.00 | Masked F1: 1.00
Epoch 162
	| Avg Actor Loss: 0.0079 | Avg Critic Loss: 0.0032 
	| Avg Length: 20.6328 | Avg Reward: 0.9021 
	| Avg Length: 19.4552 | Avg Reward: 0.9296
	| OG  Acc: 1.00  | Masked Acc: 1.00 | OG  F1: 1.00 | Masked F1: 1.00
Epoch 163
	| Avg Actor Loss: 0.0021 | Avg Critic Loss: 0.0037 
	| Avg Length: 19.9609 | Avg Reward: 0.9065 
	| Avg Length: 19.5024 | Avg Reward: 0.9297
	| OG  Acc: 1.00  | Masked Acc: 1.00 | OG  F1: 1.00 | Masked F1: 1.00
Epoch 164
	| Avg Actor Loss: 0.0073 | Avg Critic Loss: 0.0038 
	| Avg Length: 21.7206 | Avg Reward: 0.9110 
	| Avg Length: 19.2948 | Avg Reward: 0.9301
	| OG  Acc: 1.00  | Masked Acc: 1.00 | OG  F1: 1.00 | Masked F1: 1.00
Epoch 165
	| Avg Actor Loss: 0.0071 | Avg Critic Loss: 0.0035 
	| Avg Length: 20.9766 | Avg Reward: 0.9146 
	| Avg Length: 19.3464 | Avg Reward: 0.9300
	| OG  Acc: 1.00  | Masked Acc: 1.00 | OG  F1: 1.00 | Masked F1: 1.00
Epoch 166
	| Avg Actor Loss: 0.0151 | Avg Critic Loss: 0.0035 
	| Avg Length: 20.3398 | Avg Reward: 0.9173 
	| Avg Length: 19.2542 | Avg Reward: 0.9303
	| OG  Acc: 1.00  | Masked Acc: 1.00 | OG  F1: 1.00 | Masked F1: 1.00
Epoch 167
	| Avg Actor Loss: 0.0051 | Avg Critic Loss: 0.0033 
	| Avg Length: 20.8828 | Avg Reward: 0.9209 
	| Avg Length: 19.2192 | Avg Reward: 0.9304
	| OG  Acc: 1.00  | Masked Acc: 1.00 | OG  F1: 1.00 | Masked F1: 1.00
Epoch 168
	| Avg Actor Loss: 0.0056 | Avg Critic Loss: 0.0034 
	| Avg Length: 18.7647 | Avg Reward: 0.9106 
	| Avg Length: 19.1090 | Avg Reward: 0.9307
	| OG  Acc: 1.00  | Masked Acc: 1.00 | OG  F1: 1.00 | Masked F1: 1.00
Epoch 169
	| Avg Actor Loss: 0.0109 | Avg Critic Loss: 0.0045 
	| Avg Length: 19.4609 | Avg Reward: 0.9128 
	| Avg Length: 19.4484 | Avg Reward: 0.9296
	| OG  Acc: 1.00  | Masked Acc: 1.00 | OG  F1: 1.00 | Masked F1: 1.00
Epoch 170
	| Avg Actor Loss: 0.0125 | Avg Critic Loss: 0.0036 
	| Avg Length: 18.3828 | Avg Reward: 0.9188 
	| Avg Length: 19.5528 | Avg Reward: 0.9293
	| OG  Acc: 1.00  | Masked Acc: 1.00 | OG  F1: 1.00 | Masked F1: 1.00
Epoch 171
	| Avg Actor Loss: 0.0073 | Avg Critic Loss: 0.0037 
	| Avg Length: 21.4023 | Avg Reward: 0.9120 
	| Avg Length: 19.5480 | Avg Reward: 0.9292
	| OG  Acc: 1.00  | Masked Acc: 1.00 | OG  F1: 1.00 | Masked F1: 1.00
Epoch 172
	| Avg Actor Loss: 0.0080 | Avg Critic Loss: 0.0031 
	| Avg Length: 21.8088 | Avg Reward: 0.9111 
	| Avg Length: 19.3592 | Avg Reward: 0.9298
	| OG  Acc: 1.00  | Masked Acc: 1.00 | OG  F1: 1.00 | Masked F1: 1.00
Epoch 173
	| Avg Actor Loss: 0.0052 | Avg Critic Loss: 0.0043 
	| Avg Length: 18.3438 | Avg Reward: 0.9229 
	| Avg Length: 19.5170 | Avg Reward: 0.9292
	| OG  Acc: 1.00  | Masked Acc: 1.00 | OG  F1: 1.00 | Masked F1: 1.00
Epoch 174
	| Avg Actor Loss: 0.0142 | Avg Critic Loss: 0.0040 
	| Avg Length: 21.5781 | Avg Reward: 0.9164 
	| Avg Length: 19.4010 | Avg Reward: 0.9297
	| OG  Acc: 1.00  | Masked Acc: 1.00 | OG  F1: 1.00 | Masked F1: 1.00
Epoch 175
	| Avg Actor Loss: 0.0076 | Avg Critic Loss: 0.0039 
	| Avg Length: 22.0586 | Avg Reward: 0.9082 
	| Avg Length: 19.6254 | Avg Reward: 0.9291
	| OG  Acc: 1.00  | Masked Acc: 1.00 | OG  F1: 1.00 | Masked F1: 1.00
Epoch 176
	| Avg Actor Loss: 0.0069 | Avg Critic Loss: 0.0034 
	| Avg Length: 22.5294 | Avg Reward: 0.9105 
	| Avg Length: 19.7898 | Avg Reward: 0.9285
	| OG  Acc: 1.00  | Masked Acc: 1.00 | OG  F1: 1.00 | Masked F1: 1.00
Epoch 177
	| Avg Actor Loss: 0.0102 | Avg Critic Loss: 0.0030 
	| Avg Length: 21.3398 | Avg Reward: 0.9133 
	| Avg Length: 19.6626 | Avg Reward: 0.9288
	| OG  Acc: 1.00  | Masked Acc: 1.00 | OG  F1: 1.00 | Masked F1: 1.00
Epoch 178
	| Avg Actor Loss: 0.0145 | Avg Critic Loss: 0.0030 
	| Avg Length: 19.6680 | Avg Reward: 0.9229 
	| Avg Length: 19.6158 | Avg Reward: 0.9291
	| OG  Acc: 1.00  | Masked Acc: 1.00 | OG  F1: 1.00 | Masked F1: 1.00
Epoch 179
	| Avg Actor Loss: 0.0145 | Avg Critic Loss: 0.0034 
	| Avg Length: 19.3516 | Avg Reward: 0.9122 
	| Avg Length: 19.4590 | Avg Reward: 0.9297
	| OG  Acc: 1.00  | Masked Acc: 1.00 | OG  F1: 1.00 | Masked F1: 1.00
Epoch 180
	| Avg Actor Loss: 0.0105 | Avg Critic Loss: 0.0034 
	| Avg Length: 20.7426 | Avg Reward: 0.9178 
	| Avg Length: 19.4090 | Avg Reward: 0.9298
	| OG  Acc: 1.00  | Masked Acc: 1.00 | OG  F1: 1.00 | Masked F1: 1.00
Epoch 181
	| Avg Actor Loss: 0.0076 | Avg Critic Loss: 0.0035 
	| Avg Length: 20.2266 | Avg Reward: 0.9166 
	| Avg Length: 19.3422 | Avg Reward: 0.9301
	| OG  Acc: 1.00  | Masked Acc: 1.00 | OG  F1: 1.00 | Masked F1: 1.00
Epoch 182
	| Avg Actor Loss: 0.0097 | Avg Critic Loss: 0.0038 
	| Avg Length: 19.0664 | Avg Reward: 0.9164 
	| Avg Length: 19.5742 | Avg Reward: 0.9293
	| OG  Acc: 1.00  | Masked Acc: 1.00 | OG  F1: 1.00 | Masked F1: 1.00
Epoch 183
	| Avg Actor Loss: 0.0116 | Avg Critic Loss: 0.0035 
	| Avg Length: 17.0273 | Avg Reward: 0.9253 
	| Avg Length: 19.4682 | Avg Reward: 0.9297
	| OG  Acc: 1.00  | Masked Acc: 1.00 | OG  F1: 1.00 | Masked F1: 1.00
Epoch 184
	| Avg Actor Loss: 0.0104 | Avg Critic Loss: 0.0038 
	| Avg Length: 18.5074 | Avg Reward: 0.9275 
	| Avg Length: 19.7284 | Avg Reward: 0.9289
	| OG  Acc: 1.00  | Masked Acc: 1.00 | OG  F1: 1.00 | Masked F1: 1.00
Epoch 185
	| Avg Actor Loss: 0.0112 | Avg Critic Loss: 0.0036 
	| Avg Length: 19.8945 | Avg Reward: 0.9144 
	| Avg Length: 19.7076 | Avg Reward: 0.9289
	| OG  Acc: 1.00  | Masked Acc: 1.00 | OG  F1: 1.00 | Masked F1: 1.00
Epoch 186
	| Avg Actor Loss: 0.0089 | Avg Critic Loss: 0.0036 
	| Avg Length: 20.2656 | Avg Reward: 0.9185 
	| Avg Length: 19.8150 | Avg Reward: 0.9286
	| OG  Acc: 1.00  | Masked Acc: 1.00 | OG  F1: 1.00 | Masked F1: 1.00
Epoch 187
	| Avg Actor Loss: 0.0109 | Avg Critic Loss: 0.0036 
	| Avg Length: 20.9453 | Avg Reward: 0.9183 
	| Avg Length: 19.7188 | Avg Reward: 0.9288
	| OG  Acc: 1.00  | Masked Acc: 1.00 | OG  F1: 1.00 | Masked F1: 1.00
Epoch 188
	| Avg Actor Loss: 0.0109 | Avg Critic Loss: 0.0030 
	| Avg Length: 22.4191 | Avg Reward: 0.9094 
	| Avg Length: 19.7752 | Avg Reward: 0.9287
	| OG  Acc: 1.00  | Masked Acc: 1.00 | OG  F1: 1.00 | Masked F1: 1.00
Epoch 189
	| Avg Actor Loss: 0.0072 | Avg Critic Loss: 0.0036 
	| Avg Length: 20.0820 | Avg Reward: 0.9112 
	| Avg Length: 19.7822 | Avg Reward: 0.9287
	| OG  Acc: 1.00  | Masked Acc: 1.00 | OG  F1: 1.00 | Masked F1: 1.00
Epoch 190
	| Avg Actor Loss: 0.0108 | Avg Critic Loss: 0.0027 
	| Avg Length: 21.4766 | Avg Reward: 0.9130 
	| Avg Length: 19.7342 | Avg Reward: 0.9289
	| OG  Acc: 1.00  | Masked Acc: 1.00 | OG  F1: 1.00 | Masked F1: 1.00
Epoch 191
	| Avg Actor Loss: 0.0063 | Avg Critic Loss: 0.0031 
	| Avg Length: 20.4570 | Avg Reward: 0.9194 
	| Avg Length: 19.5444 | Avg Reward: 0.9293
	| OG  Acc: 1.00  | Masked Acc: 1.00 | OG  F1: 1.00 | Masked F1: 1.00
Epoch 192
	| Avg Actor Loss: 0.0059 | Avg Critic Loss: 0.0042 
	| Avg Length: 20.9779 | Avg Reward: 0.9094 
	| Avg Length: 19.6378 | Avg Reward: 0.9291
	| OG  Acc: 1.00  | Masked Acc: 1.00 | OG  F1: 1.00 | Masked F1: 1.00
Epoch 193
	| Avg Actor Loss: 0.0116 | Avg Critic Loss: 0.0033 
	| Avg Length: 23.2812 | Avg Reward: 0.9059 
	| Avg Length: 19.7594 | Avg Reward: 0.9288
	| OG  Acc: 1.00  | Masked Acc: 1.00 | OG  F1: 1.00 | Masked F1: 1.00
Epoch 194
	| Avg Actor Loss: 0.0091 | Avg Critic Loss: 0.0038 
	| Avg Length: 20.7500 | Avg Reward: 0.9078 
	| Avg Length: 19.8396 | Avg Reward: 0.9285
	| OG  Acc: 1.00  | Masked Acc: 1.00 | OG  F1: 1.00 | Masked F1: 1.00
Epoch 195
	| Avg Actor Loss: 0.0068 | Avg Critic Loss: 0.0032 
	| Avg Length: 21.8438 | Avg Reward: 0.9173 
	| Avg Length: 19.4952 | Avg Reward: 0.9294
	| OG  Acc: 1.00  | Masked Acc: 1.00 | OG  F1: 1.00 | Masked F1: 1.00
Epoch 196
	| Avg Actor Loss: 0.0113 | Avg Critic Loss: 0.0041 
	| Avg Length: 21.5956 | Avg Reward: 0.9050 
	| Avg Length: 19.7876 | Avg Reward: 0.9287
	| OG  Acc: 1.00  | Masked Acc: 1.00 | OG  F1: 1.00 | Masked F1: 1.00
Epoch 197
	| Avg Actor Loss: 0.0088 | Avg Critic Loss: 0.0034 
	| Avg Length: 20.1250 | Avg Reward: 0.9198 
	| Avg Length: 19.8712 | Avg Reward: 0.9283
	| OG  Acc: 1.00  | Masked Acc: 1.00 | OG  F1: 1.00 | Masked F1: 1.00
Epoch 198
	| Avg Actor Loss: 0.0038 | Avg Critic Loss: 0.0029 
	| Avg Length: 23.6133 | Avg Reward: 0.9018 
	| Avg Length: 19.4744 | Avg Reward: 0.9296
	| OG  Acc: 1.00  | Masked Acc: 1.00 | OG  F1: 1.00 | Masked F1: 1.00
Epoch 199
	| Avg Actor Loss: 0.0101 | Avg Critic Loss: 0.0040 
	| Avg Length: 19.9336 | Avg Reward: 0.9127 
	| Avg Length: 19.6624 | Avg Reward: 0.9290
	| OG  Acc: 1.00  | Masked Acc: 1.00 | OG  F1: 1.00 | Masked F1: 1.00
Epoch 200
	| Avg Actor Loss: 0.0043 | Avg Critic Loss: 0.0031 
	| Avg Length: 19.4265 | Avg Reward: 0.9164 
	| Avg Length: 19.5112 | Avg Reward: 0.9294
	| OG  Acc: 1.00  | Masked Acc: 1.00 | OG  F1: 1.00 | Masked F1: 1.00
