Epoch 01
	| Avg Actor Loss: -0.0020 | Avg Critic Loss: 0.0729 
	| Avg Length: 26.2539 | Avg Reward: 0.6613 
	| Avg Length: 80.0000 | Avg Reward: 0.7080
	| OG  Acc: 1.00  | Masked Acc: 0.93 | OG  F1: 1.00 | Masked F1: 0.93
Epoch 02
	| Avg Actor Loss: -0.0050 | Avg Critic Loss: 0.0503 
	| Avg Length: 25.3828 | Avg Reward: 0.6284 
	| Avg Length: 65.0000 | Avg Reward: 0.7220
	| OG  Acc: 1.00  | Masked Acc: 0.89 | OG  F1: 1.00 | Masked F1: 0.89
Epoch 03
	| Avg Actor Loss: -0.0078 | Avg Critic Loss: 0.0504 
	| Avg Length: 27.6055 | Avg Reward: 0.6573 
	| Avg Length: 65.0000 | Avg Reward: 0.7220
	| OG  Acc: 1.00  | Masked Acc: 0.89 | OG  F1: 1.00 | Masked F1: 0.89
Epoch 04
	| Avg Actor Loss: -0.0127 | Avg Critic Loss: 0.0494 
	| Avg Length: 29.6618 | Avg Reward: 0.6608 
	| Avg Length: 71.0000 | Avg Reward: 0.7454
	| OG  Acc: 1.00  | Masked Acc: 0.94 | OG  F1: 1.00 | Masked F1: 0.95
Epoch 05
	| Avg Actor Loss: -0.0155 | Avg Critic Loss: 0.0470 
	| Avg Length: 28.6836 | Avg Reward: 0.6922 
	| Avg Length: 74.0000 | Avg Reward: 0.7429
	| OG  Acc: 1.00  | Masked Acc: 0.95 | OG  F1: 1.00 | Masked F1: 0.96
Epoch 06
	| Avg Actor Loss: -0.0202 | Avg Critic Loss: 0.0467 
	| Avg Length: 28.1094 | Avg Reward: 0.6318 
	| Avg Length: 68.0000 | Avg Reward: 0.7366
	| OG  Acc: 1.00  | Masked Acc: 0.92 | OG  F1: 1.00 | Masked F1: 0.92
Epoch 07
	| Avg Actor Loss: -0.0222 | Avg Critic Loss: 0.0446 
	| Avg Length: 30.3906 | Avg Reward: 0.6242 
	| Avg Length: 68.0000 | Avg Reward: 0.7375
	| OG  Acc: 1.00  | Masked Acc: 0.92 | OG  F1: 1.00 | Masked F1: 0.92
Epoch 08
	| Avg Actor Loss: -0.0197 | Avg Critic Loss: 0.0385 
	| Avg Length: 33.1838 | Avg Reward: 0.6869 
	| Avg Length: 68.0000 | Avg Reward: 0.7363
	| OG  Acc: 1.00  | Masked Acc: 0.92 | OG  F1: 1.00 | Masked F1: 0.92
Epoch 09
	| Avg Actor Loss: -0.0183 | Avg Critic Loss: 0.0368 
	| Avg Length: 34.3125 | Avg Reward: 0.6767 
	| Avg Length: 71.0000 | Avg Reward: 0.7449
	| OG  Acc: 1.00  | Masked Acc: 0.94 | OG  F1: 1.00 | Masked F1: 0.95
Epoch 10
	| Avg Actor Loss: -0.0190 | Avg Critic Loss: 0.0352 
	| Avg Length: 41.8633 | Avg Reward: 0.6799 
	| Avg Length: 71.0000 | Avg Reward: 0.7457
	| OG  Acc: 1.00  | Masked Acc: 0.94 | OG  F1: 1.00 | Masked F1: 0.95
Epoch 11
	| Avg Actor Loss: -0.0213 | Avg Critic Loss: 0.0345 
	| Avg Length: 41.6055 | Avg Reward: 0.6584 
	| Avg Length: 71.0000 | Avg Reward: 0.7451
	| OG  Acc: 1.00  | Masked Acc: 0.94 | OG  F1: 1.00 | Masked F1: 0.95
Epoch 12
	| Avg Actor Loss: -0.0169 | Avg Critic Loss: 0.0317 
	| Avg Length: 44.8456 | Avg Reward: 0.7132 
	| Avg Length: 71.0000 | Avg Reward: 0.7449
	| OG  Acc: 1.00  | Masked Acc: 0.94 | OG  F1: 1.00 | Masked F1: 0.95
Epoch 13
	| Avg Actor Loss: -0.0166 | Avg Critic Loss: 0.0295 
	| Avg Length: 50.4336 | Avg Reward: 0.7117 
	| Avg Length: 71.0000 | Avg Reward: 0.7451
	| OG  Acc: 1.00  | Masked Acc: 0.94 | OG  F1: 1.00 | Masked F1: 0.95
Epoch 14
	| Avg Actor Loss: -0.0161 | Avg Critic Loss: 0.0278 
	| Avg Length: 46.6836 | Avg Reward: 0.7175 
	| Avg Length: 71.0000 | Avg Reward: 0.7451
	| OG  Acc: 1.00  | Masked Acc: 0.94 | OG  F1: 1.00 | Masked F1: 0.95
Epoch 15
	| Avg Actor Loss: -0.0216 | Avg Critic Loss: 0.0273 
	| Avg Length: 54.0234 | Avg Reward: 0.6891 
	| Avg Length: 68.0000 | Avg Reward: 0.7362
	| OG  Acc: 1.00  | Masked Acc: 0.92 | OG  F1: 1.00 | Masked F1: 0.92
Epoch 16
	| Avg Actor Loss: -0.0170 | Avg Critic Loss: 0.0259 
	| Avg Length: 49.9338 | Avg Reward: 0.6669 
	| Avg Length: 71.0000 | Avg Reward: 0.7454
	| OG  Acc: 1.00  | Masked Acc: 0.94 | OG  F1: 1.00 | Masked F1: 0.95
Epoch 17
	| Avg Actor Loss: -0.0143 | Avg Critic Loss: 0.0237 
	| Avg Length: 54.7031 | Avg Reward: 0.7129 
	| Avg Length: 71.0000 | Avg Reward: 0.7450
	| OG  Acc: 1.00  | Masked Acc: 0.94 | OG  F1: 1.00 | Masked F1: 0.95
Epoch 18
	| Avg Actor Loss: -0.0143 | Avg Critic Loss: 0.0225 
	| Avg Length: 56.1406 | Avg Reward: 0.7056 
	| Avg Length: 71.0000 | Avg Reward: 0.7452
	| OG  Acc: 1.00  | Masked Acc: 0.94 | OG  F1: 1.00 | Masked F1: 0.95
Epoch 19
	| Avg Actor Loss: -0.0167 | Avg Critic Loss: 0.0228 
	| Avg Length: 58.9922 | Avg Reward: 0.7067 
	| Avg Length: 71.0000 | Avg Reward: 0.7455
	| OG  Acc: 1.00  | Masked Acc: 0.94 | OG  F1: 1.00 | Masked F1: 0.95
Epoch 20
	| Avg Actor Loss: -0.0147 | Avg Critic Loss: 0.0204 
	| Avg Length: 56.7279 | Avg Reward: 0.7075 
	| Avg Length: 71.0000 | Avg Reward: 0.7448
	| OG  Acc: 1.00  | Masked Acc: 0.94 | OG  F1: 1.00 | Masked F1: 0.95
Epoch 21
	| Avg Actor Loss: -0.0179 | Avg Critic Loss: 0.0195 
	| Avg Length: 59.6250 | Avg Reward: 0.7085 
	| Avg Length: 71.0000 | Avg Reward: 0.7451
	| OG  Acc: 1.00  | Masked Acc: 0.94 | OG  F1: 1.00 | Masked F1: 0.95
Epoch 22
	| Avg Actor Loss: -0.0138 | Avg Critic Loss: 0.0178 
	| Avg Length: 61.6680 | Avg Reward: 0.7185 
	| Avg Length: 71.0000 | Avg Reward: 0.7452
	| OG  Acc: 1.00  | Masked Acc: 0.94 | OG  F1: 1.00 | Masked F1: 0.95
Epoch 23
	| Avg Actor Loss: -0.0119 | Avg Critic Loss: 0.0171 
	| Avg Length: 63.7188 | Avg Reward: 0.7524 
	| Avg Length: 71.0000 | Avg Reward: 0.7452
	| OG  Acc: 1.00  | Masked Acc: 0.94 | OG  F1: 1.00 | Masked F1: 0.95
Epoch 24
	| Avg Actor Loss: -0.0133 | Avg Critic Loss: 0.0155 
	| Avg Length: 62.8162 | Avg Reward: 0.7361 
	| Avg Length: 71.0000 | Avg Reward: 0.7450
	| OG  Acc: 1.00  | Masked Acc: 0.94 | OG  F1: 1.00 | Masked F1: 0.95
Epoch 25
	| Avg Actor Loss: -0.0122 | Avg Critic Loss: 0.0152 
	| Avg Length: 62.8945 | Avg Reward: 0.7252 
	| Avg Length: 71.0000 | Avg Reward: 0.7453
	| OG  Acc: 1.00  | Masked Acc: 0.94 | OG  F1: 1.00 | Masked F1: 0.95
Epoch 26
	| Avg Actor Loss: -0.0117 | Avg Critic Loss: 0.0138 
	| Avg Length: 66.5820 | Avg Reward: 0.7136 
	| Avg Length: 71.0000 | Avg Reward: 0.7454
	| OG  Acc: 1.00  | Masked Acc: 0.94 | OG  F1: 1.00 | Masked F1: 0.95
Epoch 27
	| Avg Actor Loss: -0.0114 | Avg Critic Loss: 0.0134 
	| Avg Length: 65.4727 | Avg Reward: 0.7468 
	| Avg Length: 71.0000 | Avg Reward: 0.7455
	| OG  Acc: 1.00  | Masked Acc: 0.94 | OG  F1: 1.00 | Masked F1: 0.95
Epoch 28
	| Avg Actor Loss: -0.0104 | Avg Critic Loss: 0.0135 
	| Avg Length: 68.0809 | Avg Reward: 0.7341 
	| Avg Length: 71.0000 | Avg Reward: 0.7451
	| OG  Acc: 1.00  | Masked Acc: 0.94 | OG  F1: 1.00 | Masked F1: 0.95
Epoch 29
	| Avg Actor Loss: -0.0119 | Avg Critic Loss: 0.0155 
	| Avg Length: 65.6562 | Avg Reward: 0.7289 
	| Avg Length: 71.0000 | Avg Reward: 0.7455
	| OG  Acc: 1.00  | Masked Acc: 0.94 | OG  F1: 1.00 | Masked F1: 0.95
Epoch 30
	| Avg Actor Loss: -0.0110 | Avg Critic Loss: 0.0165 
	| Avg Length: 68.0508 | Avg Reward: 0.7290 
	| Avg Length: 71.0000 | Avg Reward: 0.7455
	| OG  Acc: 1.00  | Masked Acc: 0.94 | OG  F1: 1.00 | Masked F1: 0.95
Epoch 31
	| Avg Actor Loss: -0.0091 | Avg Critic Loss: 0.0156 
	| Avg Length: 68.8477 | Avg Reward: 0.7390 
	| Avg Length: 71.0000 | Avg Reward: 0.7453
	| OG  Acc: 1.00  | Masked Acc: 0.94 | OG  F1: 1.00 | Masked F1: 0.95
Epoch 32
	| Avg Actor Loss: -0.0088 | Avg Critic Loss: 0.0150 
	| Avg Length: 67.5294 | Avg Reward: 0.7027 
	| Avg Length: 71.0000 | Avg Reward: 0.7455
	| OG  Acc: 1.00  | Masked Acc: 0.94 | OG  F1: 1.00 | Masked F1: 0.95
Epoch 33
	| Avg Actor Loss: -0.0082 | Avg Critic Loss: 0.0125 
	| Avg Length: 67.5117 | Avg Reward: 0.7238 
	| Avg Length: 71.0000 | Avg Reward: 0.7451
	| OG  Acc: 1.00  | Masked Acc: 0.94 | OG  F1: 1.00 | Masked F1: 0.95
Epoch 34
	| Avg Actor Loss: -0.0093 | Avg Critic Loss: 0.0118 
	| Avg Length: 69.3867 | Avg Reward: 0.7499 
	| Avg Length: 71.0000 | Avg Reward: 0.7450
	| OG  Acc: 1.00  | Masked Acc: 0.94 | OG  F1: 1.00 | Masked F1: 0.95
Epoch 35
	| Avg Actor Loss: -0.0073 | Avg Critic Loss: 0.0129 
	| Avg Length: 68.6211 | Avg Reward: 0.7382 
	| Avg Length: 71.0000 | Avg Reward: 0.7453
	| OG  Acc: 1.00  | Masked Acc: 0.94 | OG  F1: 1.00 | Masked F1: 0.95
Epoch 36
	| Avg Actor Loss: -0.0071 | Avg Critic Loss: 0.0118 
	| Avg Length: 70.9044 | Avg Reward: 0.7211 
	| Avg Length: 71.0000 | Avg Reward: 0.7446
	| OG  Acc: 1.00  | Masked Acc: 0.94 | OG  F1: 1.00 | Masked F1: 0.95
Epoch 37
	| Avg Actor Loss: -0.0099 | Avg Critic Loss: 0.0095 
	| Avg Length: 70.8359 | Avg Reward: 0.7273 
	| Avg Length: 71.0000 | Avg Reward: 0.7450
	| OG  Acc: 1.00  | Masked Acc: 0.94 | OG  F1: 1.00 | Masked F1: 0.95
Epoch 38
	| Avg Actor Loss: -0.0092 | Avg Critic Loss: 0.0097 
	| Avg Length: 70.4336 | Avg Reward: 0.7503 
	| Avg Length: 71.0000 | Avg Reward: 0.7449
	| OG  Acc: 1.00  | Masked Acc: 0.94 | OG  F1: 1.00 | Masked F1: 0.95
Epoch 39
	| Avg Actor Loss: -0.0059 | Avg Critic Loss: 0.0087 
	| Avg Length: 70.1367 | Avg Reward: 0.7313 
	| Avg Length: 71.0000 | Avg Reward: 0.7453
	| OG  Acc: 1.00  | Masked Acc: 0.94 | OG  F1: 1.00 | Masked F1: 0.95
Epoch 40
	| Avg Actor Loss: -0.0104 | Avg Critic Loss: 0.0093 
	| Avg Length: 69.3603 | Avg Reward: 0.7425 
	| Avg Length: 71.0000 | Avg Reward: 0.7454
	| OG  Acc: 1.00  | Masked Acc: 0.94 | OG  F1: 1.00 | Masked F1: 0.95
Epoch 41
	| Avg Actor Loss: -0.0101 | Avg Critic Loss: 0.0086 
	| Avg Length: 70.9531 | Avg Reward: 0.7276 
	| Avg Length: 71.0000 | Avg Reward: 0.7451
	| OG  Acc: 1.00  | Masked Acc: 0.94 | OG  F1: 1.00 | Masked F1: 0.95
Epoch 42
	| Avg Actor Loss: -0.0093 | Avg Critic Loss: 0.0078 
	| Avg Length: 70.5664 | Avg Reward: 0.7335 
	| Avg Length: 72.0000 | Avg Reward: 0.7451
	| OG  Acc: 1.00  | Masked Acc: 0.95 | OG  F1: 1.00 | Masked F1: 0.95
Epoch 43
	| Avg Actor Loss: -0.0078 | Avg Critic Loss: 0.0075 
	| Avg Length: 71.2461 | Avg Reward: 0.7234 
	| Avg Length: 72.0000 | Avg Reward: 0.7455
	| OG  Acc: 1.00  | Masked Acc: 0.95 | OG  F1: 1.00 | Masked F1: 0.95
Epoch 44
	| Avg Actor Loss: -0.0079 | Avg Critic Loss: 0.0067 
	| Avg Length: 70.1471 | Avg Reward: 0.7523 
	| Avg Length: 72.0000 | Avg Reward: 0.7459
	| OG  Acc: 1.00  | Masked Acc: 0.95 | OG  F1: 1.00 | Masked F1: 0.95
Epoch 45
	| Avg Actor Loss: -0.0092 | Avg Critic Loss: 0.0067 
	| Avg Length: 70.8398 | Avg Reward: 0.7298 
	| Avg Length: 72.0000 | Avg Reward: 0.7453
	| OG  Acc: 1.00  | Masked Acc: 0.95 | OG  F1: 1.00 | Masked F1: 0.95
Epoch 46
	| Avg Actor Loss: -0.0099 | Avg Critic Loss: 0.0064 
	| Avg Length: 72.1328 | Avg Reward: 0.7428 
	| Avg Length: 72.0000 | Avg Reward: 0.7450
	| OG  Acc: 1.00  | Masked Acc: 0.95 | OG  F1: 1.00 | Masked F1: 0.95
Epoch 47
	| Avg Actor Loss: -0.0071 | Avg Critic Loss: 0.0067 
	| Avg Length: 71.8945 | Avg Reward: 0.7362 
	| Avg Length: 72.0000 | Avg Reward: 0.7456
	| OG  Acc: 1.00  | Masked Acc: 0.95 | OG  F1: 1.00 | Masked F1: 0.95
Epoch 48
	| Avg Actor Loss: -0.0072 | Avg Critic Loss: 0.0067 
	| Avg Length: 71.9853 | Avg Reward: 0.7336 
	| Avg Length: 72.0000 | Avg Reward: 0.7454
	| OG  Acc: 1.00  | Masked Acc: 0.95 | OG  F1: 1.00 | Masked F1: 0.95
Epoch 49
	| Avg Actor Loss: -0.0073 | Avg Critic Loss: 0.0063 
	| Avg Length: 72.1992 | Avg Reward: 0.7393 
	| Avg Length: 72.0000 | Avg Reward: 0.7450
	| OG  Acc: 1.00  | Masked Acc: 0.95 | OG  F1: 1.00 | Masked F1: 0.95
Epoch 50
	| Avg Actor Loss: -0.0083 | Avg Critic Loss: 0.0057 
	| Avg Length: 72.1172 | Avg Reward: 0.7386 
	| Avg Length: 72.0000 | Avg Reward: 0.7455
	| OG  Acc: 1.00  | Masked Acc: 0.95 | OG  F1: 1.00 | Masked F1: 0.95
Epoch 51
	| Avg Actor Loss: -0.0065 | Avg Critic Loss: 0.0061 
	| Avg Length: 71.6953 | Avg Reward: 0.7524 
	| Avg Length: 72.0000 | Avg Reward: 0.7457
	| OG  Acc: 1.00  | Masked Acc: 0.95 | OG  F1: 1.00 | Masked F1: 0.95
Epoch 52
	| Avg Actor Loss: -0.0076 | Avg Critic Loss: 0.0054 
	| Avg Length: 71.8162 | Avg Reward: 0.7224 
	| Avg Length: 72.0000 | Avg Reward: 0.7453
	| OG  Acc: 1.00  | Masked Acc: 0.95 | OG  F1: 1.00 | Masked F1: 0.95
Epoch 53
	| Avg Actor Loss: -0.0061 | Avg Critic Loss: 0.0049 
	| Avg Length: 72.6562 | Avg Reward: 0.7370 
	| Avg Length: 73.0000 | Avg Reward: 0.7457
	| OG  Acc: 1.00  | Masked Acc: 0.95 | OG  F1: 1.00 | Masked F1: 0.95
Epoch 54
	| Avg Actor Loss: -0.0051 | Avg Critic Loss: 0.0059 
	| Avg Length: 72.0273 | Avg Reward: 0.7399 
	| Avg Length: 73.0000 | Avg Reward: 0.7456
	| OG  Acc: 1.00  | Masked Acc: 0.95 | OG  F1: 1.00 | Masked F1: 0.95
Epoch 55
	| Avg Actor Loss: -0.0043 | Avg Critic Loss: 0.0051 
	| Avg Length: 71.6836 | Avg Reward: 0.7478 
	| Avg Length: 73.0000 | Avg Reward: 0.7460
	| OG  Acc: 1.00  | Masked Acc: 0.95 | OG  F1: 1.00 | Masked F1: 0.95
Epoch 56
	| Avg Actor Loss: -0.0071 | Avg Critic Loss: 0.0049 
	| Avg Length: 72.2500 | Avg Reward: 0.7551 
	| Avg Length: 73.0000 | Avg Reward: 0.7455
	| OG  Acc: 1.00  | Masked Acc: 0.95 | OG  F1: 1.00 | Masked F1: 0.95
Epoch 57
	| Avg Actor Loss: -0.0061 | Avg Critic Loss: 0.0046 
	| Avg Length: 71.3633 | Avg Reward: 0.7398 
	| Avg Length: 73.0000 | Avg Reward: 0.7458
	| OG  Acc: 1.00  | Masked Acc: 0.95 | OG  F1: 1.00 | Masked F1: 0.95
Epoch 58
	| Avg Actor Loss: -0.0071 | Avg Critic Loss: 0.0049 
	| Avg Length: 72.9453 | Avg Reward: 0.7402 
	| Avg Length: 73.0000 | Avg Reward: 0.7460
	| OG  Acc: 1.00  | Masked Acc: 0.95 | OG  F1: 1.00 | Masked F1: 0.95
Epoch 59
	| Avg Actor Loss: -0.0060 | Avg Critic Loss: 0.0050 
	| Avg Length: 72.0508 | Avg Reward: 0.7424 
	| Avg Length: 73.0000 | Avg Reward: 0.7457
	| OG  Acc: 1.00  | Masked Acc: 0.95 | OG  F1: 1.00 | Masked F1: 0.95
Epoch 60
	| Avg Actor Loss: -0.0054 | Avg Critic Loss: 0.0045 
	| Avg Length: 72.1618 | Avg Reward: 0.7506 
	| Avg Length: 73.0000 | Avg Reward: 0.7458
	| OG  Acc: 1.00  | Masked Acc: 0.95 | OG  F1: 1.00 | Masked F1: 0.95
Epoch 61
	| Avg Actor Loss: -0.0044 | Avg Critic Loss: 0.0040 
	| Avg Length: 71.9375 | Avg Reward: 0.7460 
	| Avg Length: 73.0000 | Avg Reward: 0.7457
	| OG  Acc: 1.00  | Masked Acc: 0.95 | OG  F1: 1.00 | Masked F1: 0.95
Epoch 62
	| Avg Actor Loss: -0.0053 | Avg Critic Loss: 0.0040 
	| Avg Length: 71.9805 | Avg Reward: 0.7480 
	| Avg Length: 73.0000 | Avg Reward: 0.7459
	| OG  Acc: 1.00  | Masked Acc: 0.95 | OG  F1: 1.00 | Masked F1: 0.95
Epoch 63
	| Avg Actor Loss: -0.0045 | Avg Critic Loss: 0.0044 
	| Avg Length: 72.0547 | Avg Reward: 0.7401 
	| Avg Length: 73.0000 | Avg Reward: 0.7457
	| OG  Acc: 1.00  | Masked Acc: 0.95 | OG  F1: 1.00 | Masked F1: 0.95
Epoch 64
	| Avg Actor Loss: -0.0087 | Avg Critic Loss: 0.0038 
	| Avg Length: 71.9412 | Avg Reward: 0.7411 
	| Avg Length: 73.0000 | Avg Reward: 0.7460
	| OG  Acc: 1.00  | Masked Acc: 0.95 | OG  F1: 1.00 | Masked F1: 0.95
Epoch 65
	| Avg Actor Loss: -0.0072 | Avg Critic Loss: 0.0042 
	| Avg Length: 72.0156 | Avg Reward: 0.7309 
	| Avg Length: 73.0000 | Avg Reward: 0.7458
	| OG  Acc: 1.00  | Masked Acc: 0.95 | OG  F1: 1.00 | Masked F1: 0.95
Epoch 66
	| Avg Actor Loss: -0.0077 | Avg Critic Loss: 0.0049 
	| Avg Length: 71.9531 | Avg Reward: 0.7412 
	| Avg Length: 73.0000 | Avg Reward: 0.7458
	| OG  Acc: 1.00  | Masked Acc: 0.95 | OG  F1: 1.00 | Masked F1: 0.95
Epoch 67
	| Avg Actor Loss: -0.0089 | Avg Critic Loss: 0.0048 
	| Avg Length: 71.8984 | Avg Reward: 0.7388 
	| Avg Length: 73.0000 | Avg Reward: 0.7459
	| OG  Acc: 1.00  | Masked Acc: 0.95 | OG  F1: 1.00 | Masked F1: 0.95
Epoch 68
	| Avg Actor Loss: -0.0071 | Avg Critic Loss: 0.0041 
	| Avg Length: 71.6838 | Avg Reward: 0.7442 
	| Avg Length: 73.0000 | Avg Reward: 0.7457
	| OG  Acc: 1.00  | Masked Acc: 0.95 | OG  F1: 1.00 | Masked F1: 0.95
Epoch 69
	| Avg Actor Loss: -0.0072 | Avg Critic Loss: 0.0038 
	| Avg Length: 71.7344 | Avg Reward: 0.7325 
	| Avg Length: 73.0000 | Avg Reward: 0.7457
	| OG  Acc: 1.00  | Masked Acc: 0.95 | OG  F1: 1.00 | Masked F1: 0.95
Epoch 70
	| Avg Actor Loss: -0.0054 | Avg Critic Loss: 0.0039 
	| Avg Length: 71.9180 | Avg Reward: 0.7546 
	| Avg Length: 73.0000 | Avg Reward: 0.7459
	| OG  Acc: 1.00  | Masked Acc: 0.95 | OG  F1: 1.00 | Masked F1: 0.95
Epoch 71
	| Avg Actor Loss: -0.0042 | Avg Critic Loss: 0.0041 
	| Avg Length: 72.1836 | Avg Reward: 0.7427 
	| Avg Length: 73.0000 | Avg Reward: 0.7459
	| OG  Acc: 1.00  | Masked Acc: 0.95 | OG  F1: 1.00 | Masked F1: 0.95
Epoch 72
	| Avg Actor Loss: -0.0058 | Avg Critic Loss: 0.0039 
	| Avg Length: 71.9559 | Avg Reward: 0.7548 
	| Avg Length: 73.0000 | Avg Reward: 0.7459
	| OG  Acc: 1.00  | Masked Acc: 0.95 | OG  F1: 1.00 | Masked F1: 0.95
Epoch 73
	| Avg Actor Loss: -0.0059 | Avg Critic Loss: 0.0038 
	| Avg Length: 71.8359 | Avg Reward: 0.7585 
	| Avg Length: 73.0000 | Avg Reward: 0.7459
	| OG  Acc: 1.00  | Masked Acc: 0.95 | OG  F1: 1.00 | Masked F1: 0.95
Epoch 74
	| Avg Actor Loss: -0.0094 | Avg Critic Loss: 0.0037 
	| Avg Length: 71.9883 | Avg Reward: 0.7468 
	| Avg Length: 73.0000 | Avg Reward: 0.7457
	| OG  Acc: 1.00  | Masked Acc: 0.95 | OG  F1: 1.00 | Masked F1: 0.95
Epoch 75
	| Avg Actor Loss: -0.0031 | Avg Critic Loss: 0.0032 
	| Avg Length: 71.7891 | Avg Reward: 0.7415 
	| Avg Length: 73.0000 | Avg Reward: 0.7456
	| OG  Acc: 1.00  | Masked Acc: 0.95 | OG  F1: 1.00 | Masked F1: 0.95
Epoch 76
	| Avg Actor Loss: -0.0060 | Avg Critic Loss: 0.0037 
	| Avg Length: 72.9779 | Avg Reward: 0.7596 
	| Avg Length: 73.0000 | Avg Reward: 0.7459
	| OG  Acc: 1.00  | Masked Acc: 0.95 | OG  F1: 1.00 | Masked F1: 0.95
Epoch 77
	| Avg Actor Loss: -0.0076 | Avg Critic Loss: 0.0029 
	| Avg Length: 72.4453 | Avg Reward: 0.7501 
	| Avg Length: 73.0000 | Avg Reward: 0.7457
	| OG  Acc: 1.00  | Masked Acc: 0.95 | OG  F1: 1.00 | Masked F1: 0.95
Epoch 78
	| Avg Actor Loss: -0.0039 | Avg Critic Loss: 0.0030 
	| Avg Length: 72.2695 | Avg Reward: 0.7451 
	| Avg Length: 73.0000 | Avg Reward: 0.7460
	| OG  Acc: 1.00  | Masked Acc: 0.95 | OG  F1: 1.00 | Masked F1: 0.95
Epoch 79
	| Avg Actor Loss: -0.0065 | Avg Critic Loss: 0.0033 
	| Avg Length: 71.6797 | Avg Reward: 0.7409 
	| Avg Length: 73.0000 | Avg Reward: 0.7458
	| OG  Acc: 1.00  | Masked Acc: 0.95 | OG  F1: 1.00 | Masked F1: 0.95
Epoch 80
	| Avg Actor Loss: -0.0052 | Avg Critic Loss: 0.0031 
	| Avg Length: 72.3162 | Avg Reward: 0.7243 
	| Avg Length: 73.0000 | Avg Reward: 0.7457
	| OG  Acc: 1.00  | Masked Acc: 0.95 | OG  F1: 1.00 | Masked F1: 0.95
Epoch 81
	| Avg Actor Loss: -0.0052 | Avg Critic Loss: 0.0031 
	| Avg Length: 72.3711 | Avg Reward: 0.7388 
	| Avg Length: 73.0000 | Avg Reward: 0.7459
	| OG  Acc: 1.00  | Masked Acc: 0.95 | OG  F1: 1.00 | Masked F1: 0.95
Epoch 82
	| Avg Actor Loss: -0.0036 | Avg Critic Loss: 0.0031 
	| Avg Length: 72.0195 | Avg Reward: 0.7310 
	| Avg Length: 73.0000 | Avg Reward: 0.7457
	| OG  Acc: 1.00  | Masked Acc: 0.95 | OG  F1: 1.00 | Masked F1: 0.95
Epoch 83
	| Avg Actor Loss: -0.0065 | Avg Critic Loss: 0.0027 
	| Avg Length: 72.3672 | Avg Reward: 0.7488 
	| Avg Length: 73.0000 | Avg Reward: 0.7458
	| OG  Acc: 1.00  | Masked Acc: 0.95 | OG  F1: 1.00 | Masked F1: 0.95
Epoch 84
	| Avg Actor Loss: -0.0049 | Avg Critic Loss: 0.0029 
	| Avg Length: 72.3824 | Avg Reward: 0.7456 
	| Avg Length: 73.0000 | Avg Reward: 0.7457
	| OG  Acc: 1.00  | Masked Acc: 0.95 | OG  F1: 1.00 | Masked F1: 0.95
Epoch 85
	| Avg Actor Loss: -0.0047 | Avg Critic Loss: 0.0026 
	| Avg Length: 72.0781 | Avg Reward: 0.7413 
	| Avg Length: 73.0000 | Avg Reward: 0.7460
	| OG  Acc: 1.00  | Masked Acc: 0.95 | OG  F1: 1.00 | Masked F1: 0.95
Epoch 86
	| Avg Actor Loss: -0.0060 | Avg Critic Loss: 0.0031 
	| Avg Length: 72.2305 | Avg Reward: 0.7375 
	| Avg Length: 72.0000 | Avg Reward: 0.7455
	| OG  Acc: 1.00  | Masked Acc: 0.95 | OG  F1: 1.00 | Masked F1: 0.95
Epoch 87
	| Avg Actor Loss: -0.0052 | Avg Critic Loss: 0.0029 
	| Avg Length: 72.1406 | Avg Reward: 0.7353 
	| Avg Length: 72.0000 | Avg Reward: 0.7453
	| OG  Acc: 1.00  | Masked Acc: 0.95 | OG  F1: 1.00 | Masked F1: 0.95
Epoch 88
	| Avg Actor Loss: -0.0059 | Avg Critic Loss: 0.0029 
	| Avg Length: 72.4779 | Avg Reward: 0.7593 
	| Avg Length: 72.0000 | Avg Reward: 0.7453
	| OG  Acc: 1.00  | Masked Acc: 0.95 | OG  F1: 1.00 | Masked F1: 0.95
Epoch 89
	| Avg Actor Loss: -0.0062 | Avg Critic Loss: 0.0029 
	| Avg Length: 72.5938 | Avg Reward: 0.7500 
	| Avg Length: 72.0000 | Avg Reward: 0.7457
	| OG  Acc: 1.00  | Masked Acc: 0.95 | OG  F1: 1.00 | Masked F1: 0.95
Epoch 90
	| Avg Actor Loss: -0.0065 | Avg Critic Loss: 0.0025 
	| Avg Length: 71.9727 | Avg Reward: 0.7468 
	| Avg Length: 72.0000 | Avg Reward: 0.7454
	| OG  Acc: 1.00  | Masked Acc: 0.95 | OG  F1: 1.00 | Masked F1: 0.95
Epoch 91
	| Avg Actor Loss: -0.0050 | Avg Critic Loss: 0.0035 
	| Avg Length: 72.0117 | Avg Reward: 0.7577 
	| Avg Length: 72.0000 | Avg Reward: 0.7454
	| OG  Acc: 1.00  | Masked Acc: 0.95 | OG  F1: 1.00 | Masked F1: 0.95
Epoch 92
	| Avg Actor Loss: -0.0041 | Avg Critic Loss: 0.0029 
	| Avg Length: 71.5368 | Avg Reward: 0.7241 
	| Avg Length: 72.0000 | Avg Reward: 0.7457
	| OG  Acc: 1.00  | Masked Acc: 0.95 | OG  F1: 1.00 | Masked F1: 0.95
Epoch 93
	| Avg Actor Loss: -0.0038 | Avg Critic Loss: 0.0025 
	| Avg Length: 72.1484 | Avg Reward: 0.7564 
	| Avg Length: 72.0000 | Avg Reward: 0.7456
	| OG  Acc: 1.00  | Masked Acc: 0.95 | OG  F1: 1.00 | Masked F1: 0.95
Epoch 94
	| Avg Actor Loss: -0.0053 | Avg Critic Loss: 0.0027 
	| Avg Length: 72.2812 | Avg Reward: 0.7479 
	| Avg Length: 72.0000 | Avg Reward: 0.7455
	| OG  Acc: 1.00  | Masked Acc: 0.95 | OG  F1: 1.00 | Masked F1: 0.95
Epoch 95
	| Avg Actor Loss: -0.0070 | Avg Critic Loss: 0.0026 
	| Avg Length: 72.1445 | Avg Reward: 0.7423 
	| Avg Length: 72.0000 | Avg Reward: 0.7455
	| OG  Acc: 1.00  | Masked Acc: 0.95 | OG  F1: 1.00 | Masked F1: 0.95
Epoch 96
	| Avg Actor Loss: -0.0050 | Avg Critic Loss: 0.0029 
	| Avg Length: 72.1103 | Avg Reward: 0.7360 
	| Avg Length: 72.0000 | Avg Reward: 0.7456
	| OG  Acc: 1.00  | Masked Acc: 0.95 | OG  F1: 1.00 | Masked F1: 0.95
Epoch 97
	| Avg Actor Loss: -0.0057 | Avg Critic Loss: 0.0028 
	| Avg Length: 71.7578 | Avg Reward: 0.7503 
	| Avg Length: 72.0000 | Avg Reward: 0.7455
	| OG  Acc: 1.00  | Masked Acc: 0.95 | OG  F1: 1.00 | Masked F1: 0.95
Epoch 98
	| Avg Actor Loss: -0.0020 | Avg Critic Loss: 0.0026 
	| Avg Length: 72.0625 | Avg Reward: 0.7513 
	| Avg Length: 72.0000 | Avg Reward: 0.7455
	| OG  Acc: 1.00  | Masked Acc: 0.95 | OG  F1: 1.00 | Masked F1: 0.95
Epoch 99
	| Avg Actor Loss: -0.0056 | Avg Critic Loss: 0.0026 
	| Avg Length: 72.0586 | Avg Reward: 0.7446 
	| Avg Length: 72.0000 | Avg Reward: 0.7455
	| OG  Acc: 1.00  | Masked Acc: 0.95 | OG  F1: 1.00 | Masked F1: 0.95
Epoch 100
	| Avg Actor Loss: -0.0050 | Avg Critic Loss: 0.0023 
	| Avg Length: 71.5294 | Avg Reward: 0.7562 
	| Avg Length: 72.0000 | Avg Reward: 0.7457
	| OG  Acc: 1.00  | Masked Acc: 0.95 | OG  F1: 1.00 | Masked F1: 0.95
Epoch 101
	| Avg Actor Loss: -0.0021 | Avg Critic Loss: 0.0028 
	| Avg Length: 71.9609 | Avg Reward: 0.7378 
	| Avg Length: 72.0000 | Avg Reward: 0.7454
	| OG  Acc: 1.00  | Masked Acc: 0.95 | OG  F1: 1.00 | Masked F1: 0.95
Epoch 102
	| Avg Actor Loss: -0.0046 | Avg Critic Loss: 0.0023 
	| Avg Length: 71.4609 | Avg Reward: 0.7486 
	| Avg Length: 72.0000 | Avg Reward: 0.7454
	| OG  Acc: 1.00  | Masked Acc: 0.95 | OG  F1: 1.00 | Masked F1: 0.95
Epoch 103
	| Avg Actor Loss: -0.0029 | Avg Critic Loss: 0.0024 
	| Avg Length: 72.4180 | Avg Reward: 0.7389 
	| Avg Length: 72.0000 | Avg Reward: 0.7455
	| OG  Acc: 1.00  | Masked Acc: 0.95 | OG  F1: 1.00 | Masked F1: 0.95
Epoch 104
	| Avg Actor Loss: -0.0039 | Avg Critic Loss: 0.0021 
	| Avg Length: 72.3603 | Avg Reward: 0.7277 
	| Avg Length: 72.0000 | Avg Reward: 0.7455
	| OG  Acc: 1.00  | Masked Acc: 0.95 | OG  F1: 1.00 | Masked F1: 0.95
Epoch 105
	| Avg Actor Loss: -0.0025 | Avg Critic Loss: 0.0022 
	| Avg Length: 71.8281 | Avg Reward: 0.7598 
	| Avg Length: 72.0000 | Avg Reward: 0.7456
	| OG  Acc: 1.00  | Masked Acc: 0.95 | OG  F1: 1.00 | Masked F1: 0.95
Epoch 106
	| Avg Actor Loss: -0.0016 | Avg Critic Loss: 0.0021 
	| Avg Length: 72.2930 | Avg Reward: 0.7433 
	| Avg Length: 72.0000 | Avg Reward: 0.7452
	| OG  Acc: 1.00  | Masked Acc: 0.95 | OG  F1: 1.00 | Masked F1: 0.95
Epoch 107
	| Avg Actor Loss: -0.0053 | Avg Critic Loss: 0.0023 
	| Avg Length: 71.7539 | Avg Reward: 0.7393 
	| Avg Length: 72.0000 | Avg Reward: 0.7456
	| OG  Acc: 1.00  | Masked Acc: 0.95 | OG  F1: 1.00 | Masked F1: 0.95
Epoch 108
	| Avg Actor Loss: -0.0056 | Avg Critic Loss: 0.0029 
	| Avg Length: 71.6324 | Avg Reward: 0.7611 
	| Avg Length: 72.0000 | Avg Reward: 0.7453
	| OG  Acc: 1.00  | Masked Acc: 0.95 | OG  F1: 1.00 | Masked F1: 0.95
Epoch 109
	| Avg Actor Loss: -0.0055 | Avg Critic Loss: 0.0021 
	| Avg Length: 72.0117 | Avg Reward: 0.7635 
	| Avg Length: 72.0000 | Avg Reward: 0.7453
	| OG  Acc: 1.00  | Masked Acc: 0.95 | OG  F1: 1.00 | Masked F1: 0.95
Epoch 110
	| Avg Actor Loss: -0.0036 | Avg Critic Loss: 0.0024 
	| Avg Length: 72.2188 | Avg Reward: 0.7330 
	| Avg Length: 72.0000 | Avg Reward: 0.7456
	| OG  Acc: 1.00  | Masked Acc: 0.95 | OG  F1: 1.00 | Masked F1: 0.95
Epoch 111
	| Avg Actor Loss: -0.0023 | Avg Critic Loss: 0.0024 
	| Avg Length: 71.9180 | Avg Reward: 0.7521 
	| Avg Length: 72.0000 | Avg Reward: 0.7450
	| OG  Acc: 1.00  | Masked Acc: 0.95 | OG  F1: 1.00 | Masked F1: 0.95
Epoch 112
	| Avg Actor Loss: -0.0056 | Avg Critic Loss: 0.0023 
	| Avg Length: 71.7206 | Avg Reward: 0.7574 
	| Avg Length: 73.0000 | Avg Reward: 0.7456
	| OG  Acc: 1.00  | Masked Acc: 0.95 | OG  F1: 1.00 | Masked F1: 0.95
Epoch 113
	| Avg Actor Loss: -0.0032 | Avg Critic Loss: 0.0031 
	| Avg Length: 71.0273 | Avg Reward: 0.7423 
	| Avg Length: 73.0000 | Avg Reward: 0.7458
	| OG  Acc: 1.00  | Masked Acc: 0.95 | OG  F1: 1.00 | Masked F1: 0.95
Epoch 114
	| Avg Actor Loss: -0.0046 | Avg Critic Loss: 0.0025 
	| Avg Length: 71.8711 | Avg Reward: 0.7527 
	| Avg Length: 72.0000 | Avg Reward: 0.7454
	| OG  Acc: 1.00  | Masked Acc: 0.95 | OG  F1: 1.00 | Masked F1: 0.95
Epoch 115
	| Avg Actor Loss: -0.0049 | Avg Critic Loss: 0.0024 
	| Avg Length: 72.2109 | Avg Reward: 0.7332 
	| Avg Length: 73.0000 | Avg Reward: 0.7459
	| OG  Acc: 1.00  | Masked Acc: 0.95 | OG  F1: 1.00 | Masked F1: 0.95
Epoch 116
	| Avg Actor Loss: -0.0038 | Avg Critic Loss: 0.0029 
	| Avg Length: 72.7353 | Avg Reward: 0.7393 
	| Avg Length: 72.0000 | Avg Reward: 0.7452
	| OG  Acc: 1.00  | Masked Acc: 0.95 | OG  F1: 1.00 | Masked F1: 0.95
Epoch 117
	| Avg Actor Loss: -0.0049 | Avg Critic Loss: 0.0024 
	| Avg Length: 72.1562 | Avg Reward: 0.7429 
	| Avg Length: 72.0000 | Avg Reward: 0.7455
	| OG  Acc: 1.00  | Masked Acc: 0.95 | OG  F1: 1.00 | Masked F1: 0.95
Epoch 118
	| Avg Actor Loss: -0.0059 | Avg Critic Loss: 0.0021 
	| Avg Length: 72.0156 | Avg Reward: 0.7299 
	| Avg Length: 72.0000 | Avg Reward: 0.7456
	| OG  Acc: 1.00  | Masked Acc: 0.95 | OG  F1: 1.00 | Masked F1: 0.95
Epoch 119
	| Avg Actor Loss: -0.0062 | Avg Critic Loss: 0.0020 
	| Avg Length: 72.1641 | Avg Reward: 0.7461 
	| Avg Length: 72.0000 | Avg Reward: 0.7451
	| OG  Acc: 1.00  | Masked Acc: 0.95 | OG  F1: 1.00 | Masked F1: 0.95
Epoch 120
	| Avg Actor Loss: -0.0049 | Avg Critic Loss: 0.0023 
	| Avg Length: 71.9706 | Avg Reward: 0.7370 
	| Avg Length: 72.0000 | Avg Reward: 0.7455
	| OG  Acc: 1.00  | Masked Acc: 0.95 | OG  F1: 1.00 | Masked F1: 0.95
Epoch 121
	| Avg Actor Loss: -0.0044 | Avg Critic Loss: 0.0023 
	| Avg Length: 71.2695 | Avg Reward: 0.7442 
	| Avg Length: 72.0000 | Avg Reward: 0.7456
	| OG  Acc: 1.00  | Masked Acc: 0.95 | OG  F1: 1.00 | Masked F1: 0.95
Epoch 122
	| Avg Actor Loss: -0.0054 | Avg Critic Loss: 0.0023 
	| Avg Length: 72.0586 | Avg Reward: 0.7346 
	| Avg Length: 72.0000 | Avg Reward: 0.7457
	| OG  Acc: 1.00  | Masked Acc: 0.95 | OG  F1: 1.00 | Masked F1: 0.95
Epoch 123
	| Avg Actor Loss: -0.0053 | Avg Critic Loss: 0.0023 
	| Avg Length: 71.1250 | Avg Reward: 0.7552 
	| Avg Length: 72.0000 | Avg Reward: 0.7452
	| OG  Acc: 1.00  | Masked Acc: 0.95 | OG  F1: 1.00 | Masked F1: 0.95
Epoch 124
	| Avg Actor Loss: -0.0047 | Avg Critic Loss: 0.0022 
	| Avg Length: 71.3676 | Avg Reward: 0.7211 
	| Avg Length: 72.0000 | Avg Reward: 0.7452
	| OG  Acc: 1.00  | Masked Acc: 0.95 | OG  F1: 1.00 | Masked F1: 0.95
Epoch 125
	| Avg Actor Loss: -0.0028 | Avg Critic Loss: 0.0024 
	| Avg Length: 71.6641 | Avg Reward: 0.7390 
	| Avg Length: 72.0000 | Avg Reward: 0.7455
	| OG  Acc: 1.00  | Masked Acc: 0.95 | OG  F1: 1.00 | Masked F1: 0.95
Epoch 126
	| Avg Actor Loss: -0.0033 | Avg Critic Loss: 0.0022 
	| Avg Length: 71.7148 | Avg Reward: 0.7299 
	| Avg Length: 73.0000 | Avg Reward: 0.7456
	| OG  Acc: 1.00  | Masked Acc: 0.95 | OG  F1: 1.00 | Masked F1: 0.95
Epoch 127
	| Avg Actor Loss: -0.0042 | Avg Critic Loss: 0.0024 
	| Avg Length: 71.8633 | Avg Reward: 0.7493 
	| Avg Length: 72.0000 | Avg Reward: 0.7452
	| OG  Acc: 1.00  | Masked Acc: 0.95 | OG  F1: 1.00 | Masked F1: 0.95
Epoch 128
	| Avg Actor Loss: -0.0049 | Avg Critic Loss: 0.0022 
	| Avg Length: 72.1103 | Avg Reward: 0.7522 
	| Avg Length: 72.0000 | Avg Reward: 0.7455
	| OG  Acc: 1.00  | Masked Acc: 0.95 | OG  F1: 1.00 | Masked F1: 0.95
Epoch 129
	| Avg Actor Loss: -0.0064 | Avg Critic Loss: 0.0025 
	| Avg Length: 71.5156 | Avg Reward: 0.7576 
	| Avg Length: 72.0000 | Avg Reward: 0.7455
	| OG  Acc: 1.00  | Masked Acc: 0.95 | OG  F1: 1.00 | Masked F1: 0.95
Epoch 130
	| Avg Actor Loss: -0.0067 | Avg Critic Loss: 0.0020 
	| Avg Length: 71.7930 | Avg Reward: 0.7562 
	| Avg Length: 72.0000 | Avg Reward: 0.7454
	| OG  Acc: 1.00  | Masked Acc: 0.95 | OG  F1: 1.00 | Masked F1: 0.95
Epoch 131
	| Avg Actor Loss: -0.0018 | Avg Critic Loss: 0.0025 
	| Avg Length: 71.5234 | Avg Reward: 0.7306 
	| Avg Length: 72.0000 | Avg Reward: 0.7457
	| OG  Acc: 1.00  | Masked Acc: 0.95 | OG  F1: 1.00 | Masked F1: 0.95
Epoch 132
	| Avg Actor Loss: -0.0028 | Avg Critic Loss: 0.0021 
	| Avg Length: 71.4265 | Avg Reward: 0.7451 
	| Avg Length: 72.0000 | Avg Reward: 0.7455
	| OG  Acc: 1.00  | Masked Acc: 0.95 | OG  F1: 1.00 | Masked F1: 0.95
Epoch 133
	| Avg Actor Loss: -0.0019 | Avg Critic Loss: 0.0022 
	| Avg Length: 71.5859 | Avg Reward: 0.7479 
	| Avg Length: 72.0000 | Avg Reward: 0.7452
	| OG  Acc: 1.00  | Masked Acc: 0.95 | OG  F1: 1.00 | Masked F1: 0.95
Epoch 134
	| Avg Actor Loss: -0.0034 | Avg Critic Loss: 0.0022 
	| Avg Length: 71.2461 | Avg Reward: 0.7472 
	| Avg Length: 72.0000 | Avg Reward: 0.7455
	| OG  Acc: 1.00  | Masked Acc: 0.95 | OG  F1: 1.00 | Masked F1: 0.95
Epoch 135
	| Avg Actor Loss: -0.0035 | Avg Critic Loss: 0.0021 
	| Avg Length: 72.0078 | Avg Reward: 0.7504 
	| Avg Length: 72.0000 | Avg Reward: 0.7457
	| OG  Acc: 1.00  | Masked Acc: 0.95 | OG  F1: 1.00 | Masked F1: 0.95
Epoch 136
	| Avg Actor Loss: -0.0036 | Avg Critic Loss: 0.0021 
	| Avg Length: 71.6103 | Avg Reward: 0.7441 
	| Avg Length: 72.0000 | Avg Reward: 0.7456
	| OG  Acc: 1.00  | Masked Acc: 0.95 | OG  F1: 1.00 | Masked F1: 0.95
Epoch 137
	| Avg Actor Loss: -0.0027 | Avg Critic Loss: 0.0021 
	| Avg Length: 71.6211 | Avg Reward: 0.7369 
	| Avg Length: 72.0000 | Avg Reward: 0.7458
	| OG  Acc: 1.00  | Masked Acc: 0.95 | OG  F1: 1.00 | Masked F1: 0.95
Epoch 138
	| Avg Actor Loss: -0.0029 | Avg Critic Loss: 0.0023 
	| Avg Length: 71.6953 | Avg Reward: 0.7467 
	| Avg Length: 72.0000 | Avg Reward: 0.7454
	| OG  Acc: 1.00  | Masked Acc: 0.95 | OG  F1: 1.00 | Masked F1: 0.95
Epoch 139
	| Avg Actor Loss: -0.0049 | Avg Critic Loss: 0.0020 
	| Avg Length: 71.9570 | Avg Reward: 0.7326 
	| Avg Length: 73.0000 | Avg Reward: 0.7458
	| OG  Acc: 1.00  | Masked Acc: 0.95 | OG  F1: 1.00 | Masked F1: 0.95
Epoch 140
	| Avg Actor Loss: -0.0019 | Avg Critic Loss: 0.0018 
	| Avg Length: 71.8750 | Avg Reward: 0.7472 
	| Avg Length: 73.0000 | Avg Reward: 0.7457
	| OG  Acc: 1.00  | Masked Acc: 0.95 | OG  F1: 1.00 | Masked F1: 0.95
Epoch 141
	| Avg Actor Loss: -0.0030 | Avg Critic Loss: 0.0019 
	| Avg Length: 71.8438 | Avg Reward: 0.7508 
	| Avg Length: 73.0000 | Avg Reward: 0.7459
	| OG  Acc: 1.00  | Masked Acc: 0.95 | OG  F1: 1.00 | Masked F1: 0.95
Epoch 142
	| Avg Actor Loss: -0.0035 | Avg Critic Loss: 0.0018 
	| Avg Length: 72.0352 | Avg Reward: 0.7519 
	| Avg Length: 73.0000 | Avg Reward: 0.7458
	| OG  Acc: 1.00  | Masked Acc: 0.95 | OG  F1: 1.00 | Masked F1: 0.95
Epoch 143
	| Avg Actor Loss: -0.0024 | Avg Critic Loss: 0.0023 
	| Avg Length: 71.8398 | Avg Reward: 0.7312 
	| Avg Length: 73.0000 | Avg Reward: 0.7457
	| OG  Acc: 1.00  | Masked Acc: 0.95 | OG  F1: 1.00 | Masked F1: 0.95
Epoch 144
	| Avg Actor Loss: -0.0034 | Avg Critic Loss: 0.0023 
	| Avg Length: 72.0368 | Avg Reward: 0.7390 
	| Avg Length: 73.0000 | Avg Reward: 0.7457
	| OG  Acc: 1.00  | Masked Acc: 0.95 | OG  F1: 1.00 | Masked F1: 0.95
Epoch 145
	| Avg Actor Loss: -0.0065 | Avg Critic Loss: 0.0020 
	| Avg Length: 71.3516 | Avg Reward: 0.7461 
	| Avg Length: 73.0000 | Avg Reward: 0.7457
	| OG  Acc: 1.00  | Masked Acc: 0.95 | OG  F1: 1.00 | Masked F1: 0.95
Epoch 146
	| Avg Actor Loss: -0.0023 | Avg Critic Loss: 0.0021 
	| Avg Length: 71.8477 | Avg Reward: 0.7438 
	| Avg Length: 73.0000 | Avg Reward: 0.7459
	| OG  Acc: 1.00  | Masked Acc: 0.95 | OG  F1: 1.00 | Masked F1: 0.95
Epoch 147
	| Avg Actor Loss: -0.0024 | Avg Critic Loss: 0.0018 
	| Avg Length: 71.8047 | Avg Reward: 0.7348 
	| Avg Length: 73.0000 | Avg Reward: 0.7458
	| OG  Acc: 1.00  | Masked Acc: 0.95 | OG  F1: 1.00 | Masked F1: 0.95
Epoch 148
	| Avg Actor Loss: -0.0031 | Avg Critic Loss: 0.0019 
	| Avg Length: 72.0074 | Avg Reward: 0.7573 
	| Avg Length: 73.0000 | Avg Reward: 0.7458
	| OG  Acc: 1.00  | Masked Acc: 0.95 | OG  F1: 1.00 | Masked F1: 0.95EEpoch 149
	| Avg Actor Loss: -0.0016 | Avg Critic Loss: 0.0020 
	| Avg Length: 72.0039 | Avg Reward: 0.7596 
	| Avg Length: 73.0000 | Avg Reward: 0.7458
	| OG  Acc: 1.00  | Masked Acc: 0.95 | OG  F1: 1.00 | Masked F1: 0.95
Epoch 150
	| Avg Actor Loss: -0.0031 | Avg Critic Loss: 0.0021 
	| Avg Length: 71.4648 | Avg Reward: 0.7444 
	| Avg Length: 73.0000 | Avg Reward: 0.7458
	| OG  Acc: 1.00  | Masked Acc: 0.95 | OG  F1: 1.00 | Masked F1: 0.95
Epoch 151
	| Avg Actor Loss: -0.0065 | Avg Critic Loss: 0.0022 
	| Avg Length: 71.4648 | Avg Reward: 0.7303 
	| Avg Length: 73.0000 | Avg Reward: 0.7457
	| OG  Acc: 1.00  | Masked Acc: 0.95 | OG  F1: 1.00 | Masked F1: 0.95
Epoch 152
	| Avg Actor Loss: -0.0028 | Avg Critic Loss: 0.0021 
	| Avg Length: 71.8162 | Avg Reward: 0.7277 
	| Avg Length: 73.0000 | Avg Reward: 0.7457
	| OG  Acc: 1.00  | Masked Acc: 0.95 | OG  F1: 1.00 | Masked F1: 0.95
Epoch 153
	| Avg Actor Loss: -0.0051 | Avg Critic Loss: 0.0018 
	| Avg Length: 71.8633 | Avg Reward: 0.7632 
	| Avg Length: 73.0000 | Avg Reward: 0.7458
	| OG  Acc: 1.00  | Masked Acc: 0.95 | OG  F1: 1.00 | Masked F1: 0.95
Epoch 154
	| Avg Actor Loss: -0.0045 | Avg Critic Loss: 0.0021 
	| Avg Length: 71.7734 | Avg Reward: 0.7435 
	| Avg Length: 73.0000 | Avg Reward: 0.7459
	| OG  Acc: 1.00  | Masked Acc: 0.95 | OG  F1: 1.00 | Masked F1: 0.95
Epoch 155
	| Avg Actor Loss: -0.0032 | Avg Critic Loss: 0.0021 
	| Avg Length: 71.4531 | Avg Reward: 0.7567 
	| Avg Length: 73.0000 | Avg Reward: 0.7459
	| OG  Acc: 1.00  | Masked Acc: 0.95 | OG  F1: 1.00 | Masked F1: 0.95
Epoch 156
	| Avg Actor Loss: -0.0022 | Avg Critic Loss: 0.0020 
	| Avg Length: 71.6471 | Avg Reward: 0.7219 
	| Avg Length: 72.0000 | Avg Reward: 0.7455
	| OG  Acc: 1.00  | Masked Acc: 0.95 | OG  F1: 1.00 | Masked F1: 0.95
Epoch 157
	| Avg Actor Loss: -0.0032 | Avg Critic Loss: 0.0021 
	| Avg Length: 72.0586 | Avg Reward: 0.7486 
	| Avg Length: 73.0000 | Avg Reward: 0.7460
	| OG  Acc: 1.00  | Masked Acc: 0.95 | OG  F1: 1.00 | Masked F1: 0.95
Epoch 158
	| Avg Actor Loss: -0.0058 | Avg Critic Loss: 0.0020 
	| Avg Length: 71.3672 | Avg Reward: 0.7557 
	| Avg Length: 72.0000 | Avg Reward: 0.7459
	| OG  Acc: 1.00  | Masked Acc: 0.95 | OG  F1: 1.00 | Masked F1: 0.95
Epoch 159
	| Avg Actor Loss: -0.0017 | Avg Critic Loss: 0.0020 
	| Avg Length: 71.6484 | Avg Reward: 0.7511 
	| Avg Length: 73.0000 | Avg Reward: 0.7458
	| OG  Acc: 1.00  | Masked Acc: 0.95 | OG  F1: 1.00 | Masked F1: 0.95
Epoch 160
	| Avg Actor Loss: -0.0022 | Avg Critic Loss: 0.0020 
	| Avg Length: 71.7647 | Avg Reward: 0.7329 
	| Avg Length: 73.0000 | Avg Reward: 0.7458
	| OG  Acc: 1.00  | Masked Acc: 0.95 | OG  F1: 1.00 | Masked F1: 0.95
Epoch 161
	| Avg Actor Loss: -0.0026 | Avg Critic Loss: 0.0020 
	| Avg Length: 71.6523 | Avg Reward: 0.7357 
	| Avg Length: 72.0000 | Avg Reward: 0.7456
	| OG  Acc: 1.00  | Masked Acc: 0.95 | OG  F1: 1.00 | Masked F1: 0.95
Epoch 162
	| Avg Actor Loss: -0.0037 | Avg Critic Loss: 0.0022 
	| Avg Length: 72.0000 | Avg Reward: 0.7602 
	| Avg Length: 72.0000 | Avg Reward: 0.7455
	| OG  Acc: 1.00  | Masked Acc: 0.95 | OG  F1: 1.00 | Masked F1: 0.95
Epoch 163
	| Avg Actor Loss: -0.0025 | Avg Critic Loss: 0.0022 
	| Avg Length: 71.3008 | Avg Reward: 0.7474 
	| Avg Length: 72.0000 | Avg Reward: 0.7453
	| OG  Acc: 1.00  | Masked Acc: 0.95 | OG  F1: 1.00 | Masked F1: 0.95
Epoch 164
	| Avg Actor Loss: -0.0022 | Avg Critic Loss: 0.0020 
	| Avg Length: 71.4485 | Avg Reward: 0.7596 
	| Avg Length: 72.0000 | Avg Reward: 0.7454
	| OG  Acc: 1.00  | Masked Acc: 0.95 | OG  F1: 1.00 | Masked F1: 0.95
Epoch 165
	| Avg Actor Loss: -0.0036 | Avg Critic Loss: 0.0020 
	| Avg Length: 71.3945 | Avg Reward: 0.7387 
	| Avg Length: 70.0000 | Avg Reward: 0.7454
	| OG  Acc: 1.00  | Masked Acc: 0.94 | OG  F1: 1.00 | Masked F1: 0.94
Epoch 166
	| Avg Actor Loss: -0.0028 | Avg Critic Loss: 0.0019 
	| Avg Length: 71.3203 | Avg Reward: 0.7439 
	| Avg Length: 70.0000 | Avg Reward: 0.7458
	| OG  Acc: 1.00  | Masked Acc: 0.94 | OG  F1: 1.00 | Masked F1: 0.94
Epoch 167
	| Avg Actor Loss: -0.0005 | Avg Critic Loss: 0.0019 
	| Avg Length: 71.2656 | Avg Reward: 0.7341 
	| Avg Length: 70.0000 | Avg Reward: 0.7457
	| OG  Acc: 1.00  | Masked Acc: 0.94 | OG  F1: 1.00 | Masked F1: 0.94
Epoch 168
	| Avg Actor Loss: -0.0016 | Avg Critic Loss: 0.0020 
	| Avg Length: 71.0515 | Avg Reward: 0.7637 
	| Avg Length: 72.0000 | Avg Reward: 0.7459
	| OG  Acc: 1.00  | Masked Acc: 0.95 | OG  F1: 1.00 | Masked F1: 0.95
Epoch 169
	| Avg Actor Loss: -0.0031 | Avg Critic Loss: 0.0021 
	| Avg Length: 71.4883 | Avg Reward: 0.7371 
	| Avg Length: 70.0000 | Avg Reward: 0.7453
	| OG  Acc: 1.00  | Masked Acc: 0.94 | OG  F1: 1.00 | Masked F1: 0.94
Epoch 170
	| Avg Actor Loss: -0.0027 | Avg Critic Loss: 0.0020 
	| Avg Length: 70.9805 | Avg Reward: 0.7441 
	| Avg Length: 70.0000 | Avg Reward: 0.7456
	| OG  Acc: 1.00  | Masked Acc: 0.94 | OG  F1: 1.00 | Masked F1: 0.94
Epoch 171
	| Avg Actor Loss: -0.0012 | Avg Critic Loss: 0.0020 
	| Avg Length: 71.5234 | Avg Reward: 0.7465 
	| Avg Length: 71.0000 | Avg Reward: 0.7460
	| OG  Acc: 1.00  | Masked Acc: 0.94 | OG  F1: 1.00 | Masked F1: 0.95
Epoch 172
	| Avg Actor Loss: -0.0008 | Avg Critic Loss: 0.0018 
	| Avg Length: 71.6029 | Avg Reward: 0.7532 
	| Avg Length: 71.0000 | Avg Reward: 0.7459
	| OG  Acc: 1.00  | Masked Acc: 0.94 | OG  F1: 1.00 | Masked F1: 0.95
Epoch 173
	| Avg Actor Loss: -0.0029 | Avg Critic Loss: 0.0021 
	| Avg Length: 71.6914 | Avg Reward: 0.7403 
	| Avg Length: 71.0000 | Avg Reward: 0.7460
	| OG  Acc: 1.00  | Masked Acc: 0.94 | OG  F1: 1.00 | Masked F1: 0.95
Epoch 174
	| Avg Actor Loss: -0.0017 | Avg Critic Loss: 0.0017 
	| Avg Length: 71.2188 | Avg Reward: 0.7448 
	| Avg Length: 71.0000 | Avg Reward: 0.7461
	| OG  Acc: 1.00  | Masked Acc: 0.94 | OG  F1: 1.00 | Masked F1: 0.95
Epoch 175
	| Avg Actor Loss: -0.0032 | Avg Critic Loss: 0.0019 
	| Avg Length: 71.7070 | Avg Reward: 0.7433 
	| Avg Length: 71.0000 | Avg Reward: 0.7456
	| OG  Acc: 1.00  | Masked Acc: 0.94 | OG  F1: 1.00 | Masked F1: 0.95
Epoch 176
	| Avg Actor Loss: -0.0017 | Avg Critic Loss: 0.0017 
	| Avg Length: 71.1691 | Avg Reward: 0.7751 
	| Avg Length: 71.0000 | Avg Reward: 0.7461
	| OG  Acc: 1.00  | Masked Acc: 0.94 | OG  F1: 1.00 | Masked F1: 0.95
Epoch 177
	| Avg Actor Loss: 0.0003 | Avg Critic Loss: 0.0020 
	| Avg Length: 71.7539 | Avg Reward: 0.7546 
	| Avg Length: 71.0000 | Avg Reward: 0.7460
	| OG  Acc: 1.00  | Masked Acc: 0.94 | OG  F1: 1.00 | Masked F1: 0.95
Epoch 178
	| Avg Actor Loss: -0.0015 | Avg Critic Loss: 0.0017 
	| Avg Length: 71.3789 | Avg Reward: 0.7545 
	| Avg Length: 71.0000 | Avg Reward: 0.7460
	| OG  Acc: 1.00  | Masked Acc: 0.94 | OG  F1: 1.00 | Masked F1: 0.95
Epoch 179
	| Avg Actor Loss: 0.0005 | Avg Critic Loss: 0.0019 
	| Avg Length: 71.6211 | Avg Reward: 0.7568 
	| Avg Length: 71.0000 | Avg Reward: 0.7461
	| OG  Acc: 1.00  | Masked Acc: 0.94 | OG  F1: 1.00 | Masked F1: 0.95
Epoch 180
	| Avg Actor Loss: -0.0025 | Avg Critic Loss: 0.0017 
	| Avg Length: 71.6397 | Avg Reward: 0.7310 
	| Avg Length: 71.0000 | Avg Reward: 0.7462
	| OG  Acc: 1.00  | Masked Acc: 0.94 | OG  F1: 1.00 | Masked F1: 0.95
Epoch 181
	| Avg Actor Loss: -0.0025 | Avg Critic Loss: 0.0018 
	| Avg Length: 71.4766 | Avg Reward: 0.7555 
	| Avg Length: 71.0000 | Avg Reward: 0.7462
	| OG  Acc: 1.00  | Masked Acc: 0.94 | OG  F1: 1.00 | Masked F1: 0.95
Epoch 182
	| Avg Actor Loss: -0.0012 | Avg Critic Loss: 0.0021 
	| Avg Length: 71.2734 | Avg Reward: 0.7512 
	| Avg Length: 71.0000 | Avg Reward: 0.7461
	| OG  Acc: 1.00  | Masked Acc: 0.94 | OG  F1: 1.00 | Masked F1: 0.95
Epoch 183
	| Avg Actor Loss: -0.0028 | Avg Critic Loss: 0.0019 
	| Avg Length: 71.0898 | Avg Reward: 0.7495 
	| Avg Length: 71.0000 | Avg Reward: 0.7461
	| OG  Acc: 1.00  | Masked Acc: 0.94 | OG  F1: 1.00 | Masked F1: 0.95
Epoch 184
	| Avg Actor Loss: -0.0014 | Avg Critic Loss: 0.0018 
	| Avg Length: 71.6912 | Avg Reward: 0.7405 
	| Avg Length: 71.0000 | Avg Reward: 0.7462
	| OG  Acc: 1.00  | Masked Acc: 0.94 | OG  F1: 1.00 | Masked F1: 0.95
Epoch 185
	| Avg Actor Loss: -0.0026 | Avg Critic Loss: 0.0020 
	| Avg Length: 71.2461 | Avg Reward: 0.7308 
	| Avg Length: 71.0000 | Avg Reward: 0.7459
	| OG  Acc: 1.00  | Masked Acc: 0.94 | OG  F1: 1.00 | Masked F1: 0.95
Epoch 186
	| Avg Actor Loss: 0.0004 | Avg Critic Loss: 0.0017 
	| Avg Length: 71.3438 | Avg Reward: 0.7510 
	| Avg Length: 71.0000 | Avg Reward: 0.7459
	| OG  Acc: 1.00  | Masked Acc: 0.94 | OG  F1: 1.00 | Masked F1: 0.95
Epoch 187
	| Avg Actor Loss: -0.0015 | Avg Critic Loss: 0.0017 
	| Avg Length: 71.3047 | Avg Reward: 0.7575 
	| Avg Length: 71.0000 | Avg Reward: 0.7460
	| OG  Acc: 1.00  | Masked Acc: 0.94 | OG  F1: 1.00 | Masked F1: 0.95
Epoch 188
	| Avg Actor Loss: -0.0011 | Avg Critic Loss: 0.0017 
	| Avg Length: 71.5368 | Avg Reward: 0.7293 
	| Avg Length: 71.0000 | Avg Reward: 0.7460
	| OG  Acc: 1.00  | Masked Acc: 0.94 | OG  F1: 1.00 | Masked F1: 0.95
Epoch 189
	| Avg Actor Loss: -0.0025 | Avg Critic Loss: 0.0016 
	| Avg Length: 70.9609 | Avg Reward: 0.7423 
	| Avg Length: 71.0000 | Avg Reward: 0.7460
	| OG  Acc: 1.00  | Masked Acc: 0.94 | OG  F1: 1.00 | Masked F1: 0.95
Epoch 190
	| Avg Actor Loss: -0.0020 | Avg Critic Loss: 0.0021 
	| Avg Length: 70.7461 | Avg Reward: 0.7476 
	| Avg Length: 71.0000 | Avg Reward: 0.7458
	| OG  Acc: 1.00  | Masked Acc: 0.94 | OG  F1: 1.00 | Masked F1: 0.95
Epoch 191
	| Avg Actor Loss: 0.0020 | Avg Critic Loss: 0.0018 
	| Avg Length: 70.9609 | Avg Reward: 0.7467 
	| Avg Length: 71.0000 | Avg Reward: 0.7457
	| OG  Acc: 1.00  | Masked Acc: 0.94 | OG  F1: 1.00 | Masked F1: 0.95
Epoch 192
	| Avg Actor Loss: -0.0010 | Avg Critic Loss: 0.0017 
	| Avg Length: 70.8015 | Avg Reward: 0.7382 
	| Avg Length: 71.0000 | Avg Reward: 0.7460
	| OG  Acc: 1.00  | Masked Acc: 0.94 | OG  F1: 1.00 | Masked F1: 0.95
Epoch 193
	| Avg Actor Loss: -0.0012 | Avg Critic Loss: 0.0014 
	| Avg Length: 71.2500 | Avg Reward: 0.7388 
	| Avg Length: 70.0000 | Avg Reward: 0.7453
	| OG  Acc: 1.00  | Masked Acc: 0.94 | OG  F1: 1.00 | Masked F1: 0.94
Epoch 194
	| Avg Actor Loss: 0.0003 | Avg Critic Loss: 0.0022 
	| Avg Length: 70.8828 | Avg Reward: 0.7694 
	| Avg Length: 71.0000 | Avg Reward: 0.7462
	| OG  Acc: 1.00  | Masked Acc: 0.94 | OG  F1: 1.00 | Masked F1: 0.95
Epoch 195
	| Avg Actor Loss: -0.0026 | Avg Critic Loss: 0.0016 
	| Avg Length: 70.8203 | Avg Reward: 0.7368 
	| Avg Length: 70.0000 | Avg Reward: 0.7458
	| OG  Acc: 1.00  | Masked Acc: 0.94 | OG  F1: 1.00 | Masked F1: 0.94
Epoch 196
	| Avg Actor Loss: -0.0002 | Avg Critic Loss: 0.0017 
	| Avg Length: 71.1691 | Avg Reward: 0.7597 
	| Avg Length: 71.0000 | Avg Reward: 0.7461
	| OG  Acc: 1.00  | Masked Acc: 0.94 | OG  F1: 1.00 | Masked F1: 0.95
Epoch 197
	| Avg Actor Loss: 0.0010 | Avg Critic Loss: 0.0017 
	| Avg Length: 71.4570 | Avg Reward: 0.7504 
	| Avg Length: 71.0000 | Avg Reward: 0.7459
	| OG  Acc: 1.00  | Masked Acc: 0.94 | OG  F1: 1.00 | Masked F1: 0.95
Epoch 198
	| Avg Actor Loss: -0.0014 | Avg Critic Loss: 0.0015 
	| Avg Length: 71.2812 | Avg Reward: 0.7600 
	| Avg Length: 71.0000 | Avg Reward: 0.7462
	| OG  Acc: 1.00  | Masked Acc: 0.94 | OG  F1: 1.00 | Masked F1: 0.95
Epoch 199
	| Avg Actor Loss: -0.0021 | Avg Critic Loss: 0.0017 
	| Avg Length: 71.0078 | Avg Reward: 0.7525 
	| Avg Length: 71.0000 | Avg Reward: 0.7460
	| OG  Acc: 1.00  | Masked Acc: 0.94 | OG  F1: 1.00 | Masked F1: 0.95
Epoch 200
	| Avg Actor Loss: -0.0008 | Avg Critic Loss: 0.0018 
	| Avg Length: 71.2574 | Avg Reward: 0.7501 
	| Avg Length: 71.0000 | Avg Reward: 0.7460
	| OG  Acc: 1.00  | Masked Acc: 0.94 | OG  F1: 1.00 | Masked F1: 0.95
