Epoch 01
	| Avg Actor Loss: -0.0001 | Avg Critic Loss: 0.0911 
	| Avg Length: 1.9609 | Avg Reward: 0.6365 
	| Avg Length: 1.0000 | Avg Reward: 0.6491
	| OG  Acc: 1.00  | Masked Acc: 0.51 | OG  F1: 1.00 | Masked F1: 0.67
Epoch 02
	| Avg Actor Loss: 0.0002 | Avg Critic Loss: 0.0542 
	| Avg Length: 2.2422 | Avg Reward: 0.6324 
	| Avg Length: 1.0000 | Avg Reward: 0.6491
	| OG  Acc: 1.00  | Masked Acc: 0.51 | OG  F1: 1.00 | Masked F1: 0.67
Epoch 03
	| Avg Actor Loss: -0.0002 | Avg Critic Loss: 0.0539 
	| Avg Length: 2.2305 | Avg Reward: 0.6620 
	| Avg Length: 1.0000 | Avg Reward: 0.6492
	| OG  Acc: 1.00  | Masked Acc: 0.51 | OG  F1: 1.00 | Masked F1: 0.67
Epoch 04
	| Avg Actor Loss: -0.0025 | Avg Critic Loss: 0.0471 
	| Avg Length: 2.3529 | Avg Reward: 0.6676 
	| Avg Length: 1.0000 | Avg Reward: 0.6491
	| OG  Acc: 1.00  | Masked Acc: 0.51 | OG  F1: 1.00 | Masked F1: 0.67
Epoch 05
	| Avg Actor Loss: -0.0018 | Avg Critic Loss: 0.0336 
	| Avg Length: 2.3789 | Avg Reward: 0.6488 
	| Avg Length: 1.0000 | Avg Reward: 0.6490
	| OG  Acc: 1.00  | Masked Acc: 0.51 | OG  F1: 1.00 | Masked F1: 0.67
Epoch 06
	| Avg Actor Loss: -0.0012 | Avg Critic Loss: 0.0164 
	| Avg Length: 2.5195 | Avg Reward: 0.6592 
	| Avg Length: 1.0000 | Avg Reward: 0.6492
	| OG  Acc: 1.00  | Masked Acc: 0.51 | OG  F1: 1.00 | Masked F1: 0.67
Epoch 07
	| Avg Actor Loss: -0.0010 | Avg Critic Loss: 0.0115 
	| Avg Length: 2.6172 | Avg Reward: 0.6627 
	| Avg Length: 1.0000 | Avg Reward: 0.6492
	| OG  Acc: 1.00  | Masked Acc: 0.51 | OG  F1: 1.00 | Masked F1: 0.67
Epoch 08
	| Avg Actor Loss: -0.0018 | Avg Critic Loss: 0.0120 
	| Avg Length: 2.7206 | Avg Reward: 0.6362 
	| Avg Length: 1.0000 | Avg Reward: 0.6492
	| OG  Acc: 1.00  | Masked Acc: 0.51 | OG  F1: 1.00 | Masked F1: 0.67
Epoch 09
	| Avg Actor Loss: -0.0069 | Avg Critic Loss: 0.0095 
	| Avg Length: 2.6523 | Avg Reward: 0.6599 
	| Avg Length: 1.0000 | Avg Reward: 0.6492
	| OG  Acc: 1.00  | Masked Acc: 0.51 | OG  F1: 1.00 | Masked F1: 0.67
Epoch 10
	| Avg Actor Loss: -0.0027 | Avg Critic Loss: 0.0088 
	| Avg Length: 2.5742 | Avg Reward: 0.6368 
	| Avg Length: 1.0000 | Avg Reward: 0.6491
	| OG  Acc: 1.00  | Masked Acc: 0.51 | OG  F1: 1.00 | Masked F1: 0.67
Epoch 11
	| Avg Actor Loss: 0.0011 | Avg Critic Loss: 0.0078 
	| Avg Length: 2.8320 | Avg Reward: 0.6625 
	| Avg Length: 1.0000 | Avg Reward: 0.6491
	| OG  Acc: 1.00  | Masked Acc: 0.51 | OG  F1: 1.00 | Masked F1: 0.67
Epoch 12
	| Avg Actor Loss: -0.0028 | Avg Critic Loss: 0.0081 
	| Avg Length: 3.4412 | Avg Reward: 0.6739 
	| Avg Length: 1.0000 | Avg Reward: 0.6531
	| OG  Acc: 1.00  | Masked Acc: 0.51 | OG  F1: 1.00 | Masked F1: 0.67
Epoch 13
	| Avg Actor Loss: -0.0012 | Avg Critic Loss: 0.0083 
	| Avg Length: 2.6562 | Avg Reward: 0.6634 
	| Avg Length: 1.0000 | Avg Reward: 0.6530
	| OG  Acc: 1.00  | Masked Acc: 0.51 | OG  F1: 1.00 | Masked F1: 0.67
Epoch 14
	| Avg Actor Loss: -0.0035 | Avg Critic Loss: 0.0080 
	| Avg Length: 3.2422 | Avg Reward: 0.6741 
	| Avg Length: 1.0000 | Avg Reward: 0.6530
	| OG  Acc: 1.00  | Masked Acc: 0.51 | OG  F1: 1.00 | Masked F1: 0.67
Epoch 15
	| Avg Actor Loss: 0.0008 | Avg Critic Loss: 0.0073 
	| Avg Length: 3.1484 | Avg Reward: 0.6804 
	| Avg Length: 1.0000 | Avg Reward: 0.6530
	| OG  Acc: 1.00  | Masked Acc: 0.51 | OG  F1: 1.00 | Masked F1: 0.67
Epoch 16
	| Avg Actor Loss: -0.0026 | Avg Critic Loss: 0.0082 
	| Avg Length: 3.6176 | Avg Reward: 0.6333 
	| Avg Length: 1.0000 | Avg Reward: 0.6530
	| OG  Acc: 1.00  | Masked Acc: 0.51 | OG  F1: 1.00 | Masked F1: 0.67
Epoch 17
	| Avg Actor Loss: -0.0047 | Avg Critic Loss: 0.0083 
	| Avg Length: 3.3281 | Avg Reward: 0.6342 
	| Avg Length: 1.0000 | Avg Reward: 0.6552
	| OG  Acc: 1.00  | Masked Acc: 0.51 | OG  F1: 1.00 | Masked F1: 0.67
Epoch 18
	| Avg Actor Loss: -0.0008 | Avg Critic Loss: 0.0079 
	| Avg Length: 3.5352 | Avg Reward: 0.6408 
	| Avg Length: 1.0000 | Avg Reward: 0.6553
	| OG  Acc: 1.00  | Masked Acc: 0.51 | OG  F1: 1.00 | Masked F1: 0.67
Epoch 19
	| Avg Actor Loss: 0.0001 | Avg Critic Loss: 0.0072 
	| Avg Length: 3.2617 | Avg Reward: 0.6731 
	| Avg Length: 2.0000 | Avg Reward: 0.6576
	| OG  Acc: 1.00  | Masked Acc: 0.52 | OG  F1: 1.00 | Masked F1: 0.68
Epoch 20
	| Avg Actor Loss: -0.0017 | Avg Critic Loss: 0.0071 
	| Avg Length: 4.0441 | Avg Reward: 0.6534 
	| Avg Length: 2.0000 | Avg Reward: 0.6577
	| OG  Acc: 1.00  | Masked Acc: 0.52 | OG  F1: 1.00 | Masked F1: 0.68
Epoch 21
	| Avg Actor Loss: -0.0044 | Avg Critic Loss: 0.0249 
	| Avg Length: 4.1406 | Avg Reward: 0.6727 
	| Avg Length: 2.0000 | Avg Reward: 0.6611
	| OG  Acc: 1.00  | Masked Acc: 0.53 | OG  F1: 1.00 | Masked F1: 0.68
Epoch 22
	| Avg Actor Loss: -0.0006 | Avg Critic Loss: 0.0290 
	| Avg Length: 4.2227 | Avg Reward: 0.6625 
	| Avg Length: 2.0000 | Avg Reward: 0.6609
	| OG  Acc: 1.00  | Masked Acc: 0.53 | OG  F1: 1.00 | Masked F1: 0.68
Epoch 23
	| Avg Actor Loss: -0.0019 | Avg Critic Loss: 0.0124 
	| Avg Length: 4.4648 | Avg Reward: 0.6875 
	| Avg Length: 2.0000 | Avg Reward: 0.6612
	| OG  Acc: 1.00  | Masked Acc: 0.53 | OG  F1: 1.00 | Masked F1: 0.68
Epoch 24
	| Avg Actor Loss: -0.0045 | Avg Critic Loss: 0.0104 
	| Avg Length: 4.0882 | Avg Reward: 0.6523 
	| Avg Length: 2.0004 | Avg Reward: 0.6610
	| OG  Acc: 1.00  | Masked Acc: 0.53 | OG  F1: 1.00 | Masked F1: 0.68
Epoch 25
	| Avg Actor Loss: -0.0071 | Avg Critic Loss: 0.0100 
	| Avg Length: 4.8242 | Avg Reward: 0.6807 
	| Avg Length: 2.0664 | Avg Reward: 0.6649
	| OG  Acc: 1.00  | Masked Acc: 0.53 | OG  F1: 1.00 | Masked F1: 0.68
Epoch 26
	| Avg Actor Loss: -0.0095 | Avg Critic Loss: 0.0110 
	| Avg Length: 4.5820 | Avg Reward: 0.6629 
	| Avg Length: 1.9582 | Avg Reward: 0.6679
	| OG  Acc: 1.00  | Masked Acc: 0.54 | OG  F1: 1.00 | Masked F1: 0.68
Epoch 27
	| Avg Actor Loss: -0.0126 | Avg Critic Loss: 0.0094 
	| Avg Length: 4.6797 | Avg Reward: 0.6926 
	| Avg Length: 1.7722 | Avg Reward: 0.6749
	| OG  Acc: 1.00  | Masked Acc: 0.55 | OG  F1: 1.00 | Masked F1: 0.69
Epoch 28
	| Avg Actor Loss: -0.0095 | Avg Critic Loss: 0.0088 
	| Avg Length: 5.1324 | Avg Reward: 0.6602 
	| Avg Length: 1.7258 | Avg Reward: 0.6795
	| OG  Acc: 1.00  | Masked Acc: 0.55 | OG  F1: 1.00 | Masked F1: 0.69
Epoch 29
	| Avg Actor Loss: -0.0110 | Avg Critic Loss: 0.0090 
	| Avg Length: 4.6094 | Avg Reward: 0.6844 
	| Avg Length: 1.9342 | Avg Reward: 0.6870
	| OG  Acc: 1.00  | Masked Acc: 0.56 | OG  F1: 1.00 | Masked F1: 0.70
Epoch 30
	| Avg Actor Loss: 0.0350 | Avg Critic Loss: 0.0093 
	| Avg Length: 4.9180 | Avg Reward: 0.7312 
	| Avg Length: 2.4628 | Avg Reward: 0.6988
	| OG  Acc: 1.00  | Masked Acc: 0.58 | OG  F1: 1.00 | Masked F1: 0.71
Epoch 31
	| Avg Actor Loss: -0.0178 | Avg Critic Loss: 0.0090 
	| Avg Length: 4.9883 | Avg Reward: 0.7100 
	| Avg Length: 2.4564 | Avg Reward: 0.7082
	| OG  Acc: 1.00  | Masked Acc: 0.60 | OG  F1: 1.00 | Masked F1: 0.71
Epoch 32
	| Avg Actor Loss: -0.0112 | Avg Critic Loss: 0.0087 
	| Avg Length: 4.5074 | Avg Reward: 0.6914 
	| Avg Length: 2.6882 | Avg Reward: 0.7145
	| OG  Acc: 1.00  | Masked Acc: 0.61 | OG  F1: 1.00 | Masked F1: 0.72
Epoch 33
	| Avg Actor Loss: 0.0020 | Avg Critic Loss: 0.0092 
	| Avg Length: 4.4375 | Avg Reward: 0.7235 
	| Avg Length: 3.4128 | Avg Reward: 0.7236
	| OG  Acc: 1.00  | Masked Acc: 0.62 | OG  F1: 1.00 | Masked F1: 0.73
Epoch 34
	| Avg Actor Loss: 0.0985 | Avg Critic Loss: 0.0094 
	| Avg Length: 5.7148 | Avg Reward: 0.7375 
	| Avg Length: 16.0896 | Avg Reward: 0.7102
	| OG  Acc: 1.00  | Masked Acc: 0.66 | OG  F1: 1.00 | Masked F1: 0.74
Epoch 35
	| Avg Actor Loss: -0.0200 | Avg Critic Loss: 0.0178 
	| Avg Length: 22.4648 | Avg Reward: 0.7408 
	| Avg Length: 16.5390 | Avg Reward: 0.7266
	| OG  Acc: 1.00  | Masked Acc: 0.69 | OG  F1: 1.00 | Masked F1: 0.76
Epoch 36
	| Avg Actor Loss: -0.0170 | Avg Critic Loss: 0.0170 
	| Avg Length: 22.3971 | Avg Reward: 0.6877 
	| Avg Length: 17.3184 | Avg Reward: 0.7410
	| OG  Acc: 1.00  | Masked Acc: 0.71 | OG  F1: 1.00 | Masked F1: 0.77
Epoch 37
	| Avg Actor Loss: -0.0200 | Avg Critic Loss: 0.0158 
	| Avg Length: 24.4570 | Avg Reward: 0.7511 
	| Avg Length: 16.6300 | Avg Reward: 0.7614
	| OG  Acc: 1.00  | Masked Acc: 0.74 | OG  F1: 1.00 | Masked F1: 0.79
Epoch 38
	| Avg Actor Loss: -0.0225 | Avg Critic Loss: 0.0161 
	| Avg Length: 21.0391 | Avg Reward: 0.7545 
	| Avg Length: 17.0452 | Avg Reward: 0.7891
	| OG  Acc: 1.00  | Masked Acc: 0.78 | OG  F1: 1.00 | Masked F1: 0.82
Epoch 39
	| Avg Actor Loss: 0.0212 | Avg Critic Loss: 0.0147 
	| Avg Length: 23.6328 | Avg Reward: 0.7907 
	| Avg Length: 57.6100 | Avg Reward: 0.6937
	| OG  Acc: 1.00  | Masked Acc: 0.81 | OG  F1: 1.00 | Masked F1: 0.82
Epoch 40
	| Avg Actor Loss: -0.0033 | Avg Critic Loss: 0.0368 
	| Avg Length: 57.7426 | Avg Reward: 0.6284 
	| Avg Length: 59.5894 | Avg Reward: 0.6927
	| OG  Acc: 1.00  | Masked Acc: 0.82 | OG  F1: 1.00 | Masked F1: 0.83
Epoch 41
	| Avg Actor Loss: -0.0085 | Avg Critic Loss: 0.0299 
	| Avg Length: 61.0117 | Avg Reward: 0.6702 
	| Avg Length: 61.8200 | Avg Reward: 0.6933
	| OG  Acc: 1.00  | Masked Acc: 0.83 | OG  F1: 1.00 | Masked F1: 0.83
Epoch 42
	| Avg Actor Loss: -0.0119 | Avg Critic Loss: 0.0273 
	| Avg Length: 62.3359 | Avg Reward: 0.6711 
	| Avg Length: 61.5140 | Avg Reward: 0.6983
	| OG  Acc: 1.00  | Masked Acc: 0.84 | OG  F1: 1.00 | Masked F1: 0.84
Epoch 43
	| Avg Actor Loss: -0.0066 | Avg Critic Loss: 0.0263 
	| Avg Length: 63.2227 | Avg Reward: 0.6367 
	| Avg Length: 63.6524 | Avg Reward: 0.7019
	| OG  Acc: 1.00  | Masked Acc: 0.85 | OG  F1: 1.00 | Masked F1: 0.85
Epoch 44
	| Avg Actor Loss: -0.0075 | Avg Critic Loss: 0.0258 
	| Avg Length: 63.7868 | Avg Reward: 0.7145 
	| Avg Length: 66.6626 | Avg Reward: 0.6990
	| OG  Acc: 1.00  | Masked Acc: 0.86 | OG  F1: 1.00 | Masked F1: 0.86
Epoch 45
	| Avg Actor Loss: -0.0134 | Avg Critic Loss: 0.0250 
	| Avg Length: 63.0586 | Avg Reward: 0.6722 
	| Avg Length: 67.3360 | Avg Reward: 0.7055
	| OG  Acc: 1.00  | Masked Acc: 0.87 | OG  F1: 1.00 | Masked F1: 0.87
Epoch 46
	| Avg Actor Loss: -0.0109 | Avg Critic Loss: 0.0237 
	| Avg Length: 63.8125 | Avg Reward: 0.6567 
	| Avg Length: 69.5310 | Avg Reward: 0.7138
	| OG  Acc: 1.00  | Masked Acc: 0.89 | OG  F1: 1.00 | Masked F1: 0.89
Epoch 47
	| Avg Actor Loss: -0.0027 | Avg Critic Loss: 0.0229 
	| Avg Length: 67.2305 | Avg Reward: 0.6552 
	| Avg Length: 71.5544 | Avg Reward: 0.7099
	| OG  Acc: 1.00  | Masked Acc: 0.90 | OG  F1: 1.00 | Masked F1: 0.89
Epoch 48
	| Avg Actor Loss: -0.0090 | Avg Critic Loss: 0.0215 
	| Avg Length: 66.9485 | Avg Reward: 0.6875 
	| Avg Length: 71.4582 | Avg Reward: 0.7186
	| OG  Acc: 1.00  | Masked Acc: 0.91 | OG  F1: 1.00 | Masked F1: 0.91
Epoch 49
	| Avg Actor Loss: 0.0002 | Avg Critic Loss: 0.0221 
	| Avg Length: 63.9648 | Avg Reward: 0.6933 
	| Avg Length: 70.4598 | Avg Reward: 0.7188
	| OG  Acc: 1.00  | Masked Acc: 0.91 | OG  F1: 1.00 | Masked F1: 0.90
Epoch 50
	| Avg Actor Loss: -0.0047 | Avg Critic Loss: 0.0218 
	| Avg Length: 64.8867 | Avg Reward: 0.7244 
	| Avg Length: 69.7780 | Avg Reward: 0.7260
	| OG  Acc: 1.00  | Masked Acc: 0.91 | OG  F1: 1.00 | Masked F1: 0.91
Epoch 51
	| Avg Actor Loss: -0.0019 | Avg Critic Loss: 0.0197 
	| Avg Length: 63.9375 | Avg Reward: 0.7114 
	| Avg Length: 67.4502 | Avg Reward: 0.7309
	| OG  Acc: 1.00  | Masked Acc: 0.91 | OG  F1: 1.00 | Masked F1: 0.91
Epoch 52
	| Avg Actor Loss: -0.0095 | Avg Critic Loss: 0.0205 
	| Avg Length: 60.9191 | Avg Reward: 0.7286 
	| Avg Length: 65.7802 | Avg Reward: 0.7440
	| OG  Acc: 1.00  | Masked Acc: 0.92 | OG  F1: 1.00 | Masked F1: 0.92
Epoch 53
	| Avg Actor Loss: 0.0022 | Avg Critic Loss: 0.0186 
	| Avg Length: 60.4688 | Avg Reward: 0.7063 
	| Avg Length: 63.3474 | Avg Reward: 0.7561
	| OG  Acc: 1.00  | Masked Acc: 0.93 | OG  F1: 1.00 | Masked F1: 0.93
Epoch 54
	| Avg Actor Loss: -0.0083 | Avg Critic Loss: 0.0163 
	| Avg Length: 61.1875 | Avg Reward: 0.7365 
	| Avg Length: 61.4894 | Avg Reward: 0.7649
	| OG  Acc: 1.00  | Masked Acc: 0.94 | OG  F1: 1.00 | Masked F1: 0.94
Epoch 55
	| Avg Actor Loss: 0.1638 | Avg Critic Loss: 0.0146 
	| Avg Length: 58.6992 | Avg Reward: 0.7301 
	| Avg Length: 61.1786 | Avg Reward: 0.6399
	| OG  Acc: 1.00  | Masked Acc: 0.75 | OG  F1: 1.00 | Masked F1: 0.77
Epoch 56
	| Avg Actor Loss: -0.0386 | Avg Critic Loss: 0.0275 
	| Avg Length: 52.1691 | Avg Reward: 0.6502 
	| Avg Length: 62.6646 | Avg Reward: 0.6576
	| OG  Acc: 1.00  | Masked Acc: 0.78 | OG  F1: 1.00 | Masked F1: 0.80
Epoch 57
	| Avg Actor Loss: -0.0105 | Avg Critic Loss: 0.0236 
	| Avg Length: 54.0469 | Avg Reward: 0.6545 
	| Avg Length: 63.7378 | Avg Reward: 0.6829
	| OG  Acc: 1.00  | Masked Acc: 0.83 | OG  F1: 1.00 | Masked F1: 0.84
Epoch 58
	| Avg Actor Loss: -0.0125 | Avg Critic Loss: 0.0210 
	| Avg Length: 55.7070 | Avg Reward: 0.6723 
	| Avg Length: 62.9116 | Avg Reward: 0.7127
	| OG  Acc: 1.00  | Masked Acc: 0.87 | OG  F1: 1.00 | Masked F1: 0.88
Epoch 59
	| Avg Actor Loss: -0.0175 | Avg Critic Loss: 0.0183 
	| Avg Length: 55.8242 | Avg Reward: 0.7147 
	| Avg Length: 60.4786 | Avg Reward: 0.7410
	| OG  Acc: 1.00  | Masked Acc: 0.90 | OG  F1: 1.00 | Masked F1: 0.90
Epoch 60
	| Avg Actor Loss: -0.0126 | Avg Critic Loss: 0.0166 
	| Avg Length: 52.0074 | Avg Reward: 0.7225 
	| Avg Length: 59.5420 | Avg Reward: 0.7535
	| OG  Acc: 1.00  | Masked Acc: 0.91 | OG  F1: 1.00 | Masked F1: 0.91
Epoch 61
	| Avg Actor Loss: 0.0436 | Avg Critic Loss: 0.0150 
	| Avg Length: 54.4180 | Avg Reward: 0.7501 
	| Avg Length: 60.8654 | Avg Reward: 0.7563
	| OG  Acc: 1.00  | Masked Acc: 0.92 | OG  F1: 1.00 | Masked F1: 0.92
Epoch 62
	| Avg Actor Loss: -0.0078 | Avg Critic Loss: 0.0138 
	| Avg Length: 55.7578 | Avg Reward: 0.7297 
	| Avg Length: 60.7064 | Avg Reward: 0.7590
	| OG  Acc: 1.00  | Masked Acc: 0.92 | OG  F1: 1.00 | Masked F1: 0.93
Epoch 63
	| Avg Actor Loss: 0.0013 | Avg Critic Loss: 0.0120 
	| Avg Length: 52.0742 | Avg Reward: 0.7659 
	| Avg Length: 62.2966 | Avg Reward: 0.7643
	| OG  Acc: 1.00  | Masked Acc: 0.94 | OG  F1: 1.00 | Masked F1: 0.94
Epoch 64
	| Avg Actor Loss: 0.0161 | Avg Critic Loss: 0.0107 
	| Avg Length: 59.1838 | Avg Reward: 0.7343 
	| Avg Length: 61.8074 | Avg Reward: 0.7693
	| OG  Acc: 1.00  | Masked Acc: 0.94 | OG  F1: 1.00 | Masked F1: 0.94
Epoch 65
	| Avg Actor Loss: 0.0032 | Avg Critic Loss: 0.0105 
	| Avg Length: 56.7930 | Avg Reward: 0.7723 
	| Avg Length: 63.0908 | Avg Reward: 0.7738
	| OG  Acc: 1.00  | Masked Acc: 0.96 | OG  F1: 1.00 | Masked F1: 0.96
Epoch 66
	| Avg Actor Loss: 0.0723 | Avg Critic Loss: 0.0086 
	| Avg Length: 57.3906 | Avg Reward: 0.7855 
	| Avg Length: 71.2810 | Avg Reward: 0.7532
	| OG  Acc: 1.00  | Masked Acc: 0.96 | OG  F1: 1.00 | Masked F1: 0.96
Epoch 67
	| Avg Actor Loss: 0.0538 | Avg Critic Loss: 0.0097 
	| Avg Length: 68.3984 | Avg Reward: 0.7423 
	| Avg Length: 71.0716 | Avg Reward: 0.7492
	| OG  Acc: 1.00  | Masked Acc: 0.95 | OG  F1: 1.00 | Masked F1: 0.95
Epoch 68
	| Avg Actor Loss: 0.0113 | Avg Critic Loss: 0.0089 
	| Avg Length: 70.2794 | Avg Reward: 0.7349 
	| Avg Length: 70.4220 | Avg Reward: 0.7560
	| OG  Acc: 1.00  | Masked Acc: 0.96 | OG  F1: 1.00 | Masked F1: 0.96
Epoch 69
	| Avg Actor Loss: 0.0041 | Avg Critic Loss: 0.0077 
	| Avg Length: 67.3125 | Avg Reward: 0.7627 
	| Avg Length: 67.9820 | Avg Reward: 0.7664
	| OG  Acc: 1.00  | Masked Acc: 0.97 | OG  F1: 1.00 | Masked F1: 0.97
Epoch 70
	| Avg Actor Loss: 0.0124 | Avg Critic Loss: 0.0071 
	| Avg Length: 65.7852 | Avg Reward: 0.7685 
	| Avg Length: 65.5660 | Avg Reward: 0.7750
	| OG  Acc: 1.00  | Masked Acc: 0.97 | OG  F1: 1.00 | Masked F1: 0.97
Epoch 71
	| Avg Actor Loss: 0.1454 | Avg Critic Loss: 0.0070 
	| Avg Length: 63.7734 | Avg Reward: 0.7769 
	| Avg Length: 65.7142 | Avg Reward: 0.7480
	| OG  Acc: 1.00  | Masked Acc: 0.93 | OG  F1: 1.00 | Masked F1: 0.93
Epoch 72
	| Avg Actor Loss: -0.0019 | Avg Critic Loss: 0.0097 
	| Avg Length: 60.8015 | Avg Reward: 0.7705 
	| Avg Length: 65.4210 | Avg Reward: 0.7495
	| OG  Acc: 1.00  | Masked Acc: 0.93 | OG  F1: 1.00 | Masked F1: 0.93
Epoch 73
	| Avg Actor Loss: 0.0080 | Avg Critic Loss: 0.0098 
	| Avg Length: 65.4219 | Avg Reward: 0.7247 
	| Avg Length: 64.4698 | Avg Reward: 0.7617
	| OG  Acc: 1.00  | Masked Acc: 0.94 | OG  F1: 1.00 | Masked F1: 0.94
Epoch 74
	| Avg Actor Loss: 0.0082 | Avg Critic Loss: 0.0095 
	| Avg Length: 59.4258 | Avg Reward: 0.7492 
	| Avg Length: 68.5346 | Avg Reward: 0.7658
	| OG  Acc: 1.00  | Masked Acc: 0.97 | OG  F1: 1.00 | Masked F1: 0.97
Epoch 75
	| Avg Actor Loss: 0.0428 | Avg Critic Loss: 0.0073 
	| Avg Length: 65.9844 | Avg Reward: 0.7417 
	| Avg Length: 68.2204 | Avg Reward: 0.7698
	| OG  Acc: 1.00  | Masked Acc: 0.97 | OG  F1: 1.00 | Masked F1: 0.97
Epoch 76
	| Avg Actor Loss: 0.0944 | Avg Critic Loss: 0.0060 
	| Avg Length: 70.2647 | Avg Reward: 0.7678 
	| Avg Length: 80.7220 | Avg Reward: 0.7365
	| OG  Acc: 1.00  | Masked Acc: 0.97 | OG  F1: 1.00 | Masked F1: 0.97
Epoch 77
	| Avg Actor Loss: 0.1034 | Avg Critic Loss: 0.0062 
	| Avg Length: 79.8594 | Avg Reward: 0.7225 
	| Avg Length: 78.5918 | Avg Reward: 0.7284
	| OG  Acc: 1.00  | Masked Acc: 0.95 | OG  F1: 1.00 | Masked F1: 0.95
Epoch 78
	| Avg Actor Loss: 0.0009 | Avg Critic Loss: 0.0083 
	| Avg Length: 77.2617 | Avg Reward: 0.7259 
	| Avg Length: 77.8996 | Avg Reward: 0.7354
	| OG  Acc: 1.00  | Masked Acc: 0.96 | OG  F1: 1.00 | Masked F1: 0.96
Epoch 79
	| Avg Actor Loss: 0.0260 | Avg Critic Loss: 0.0064 
	| Avg Length: 75.8828 | Avg Reward: 0.7387 
	| Avg Length: 77.5868 | Avg Reward: 0.7414
	| OG  Acc: 1.00  | Masked Acc: 0.97 | OG  F1: 1.00 | Masked F1: 0.97
Epoch 80
	| Avg Actor Loss: 0.0161 | Avg Critic Loss: 0.0057 
	| Avg Length: 77.0588 | Avg Reward: 0.7440 
	| Avg Length: 77.7556 | Avg Reward: 0.7429
	| OG  Acc: 1.00  | Masked Acc: 0.97 | OG  F1: 1.00 | Masked F1: 0.97
Epoch 81
	| Avg Actor Loss: 0.0273 | Avg Critic Loss: 0.0050 
	| Avg Length: 75.3594 | Avg Reward: 0.7573 
	| Avg Length: 76.7640 | Avg Reward: 0.7470
	| OG  Acc: 1.00  | Masked Acc: 0.97 | OG  F1: 1.00 | Masked F1: 0.97
Epoch 82
	| Avg Actor Loss: -0.0022 | Avg Critic Loss: 0.0047 
	| Avg Length: 75.9414 | Avg Reward: 0.7348 
	| Avg Length: 74.7972 | Avg Reward: 0.7535
	| OG  Acc: 1.00  | Masked Acc: 0.97 | OG  F1: 1.00 | Masked F1: 0.98
