Epoch 01
	| Avg Actor Loss: -0.0088 | Avg Critic Loss: 0.0243 
	| Avg Length: 2.5898 | Avg Reward: 0.7253 
	| Avg Length: 1.0000 | Avg Reward: 0.7443
	| OG  Acc: 1.00  | Masked Acc: 0.50 | OG  F1: 1.00 | Masked F1: 0.65
Epoch 02
	| Avg Actor Loss: -0.0077 | Avg Critic Loss: 0.0114 
	| Avg Length: 2.5469 | Avg Reward: 0.7277 
	| Avg Length: 1.0000 | Avg Reward: 0.7503
	| OG  Acc: 1.00  | Masked Acc: 0.51 | OG  F1: 1.00 | Masked F1: 0.66
Epoch 03
	| Avg Actor Loss: -0.0105 | Avg Critic Loss: 0.0095 
	| Avg Length: 2.4375 | Avg Reward: 0.7306 
	| Avg Length: 1.0000 | Avg Reward: 0.7493
	| OG  Acc: 1.00  | Masked Acc: 0.51 | OG  F1: 1.00 | Masked F1: 0.66
Epoch 04
	| Avg Actor Loss: -0.0095 | Avg Critic Loss: 0.0090 
	| Avg Length: 2.4632 | Avg Reward: 0.7246 
	| Avg Length: 1.0000 | Avg Reward: 0.7489
	| OG  Acc: 1.00  | Masked Acc: 0.51 | OG  F1: 1.00 | Masked F1: 0.66
Epoch 05
	| Avg Actor Loss: -0.0142 | Avg Critic Loss: 0.0082 
	| Avg Length: 2.5352 | Avg Reward: 0.7509 
	| Avg Length: 1.0000 | Avg Reward: 0.7490
	| OG  Acc: 1.00  | Masked Acc: 0.51 | OG  F1: 1.00 | Masked F1: 0.66
Epoch 06
	| Avg Actor Loss: -0.0133 | Avg Critic Loss: 0.0082 
	| Avg Length: 2.2969 | Avg Reward: 0.7360 
	| Avg Length: 1.0030 | Avg Reward: 0.7546
	| OG  Acc: 1.00  | Masked Acc: 0.52 | OG  F1: 1.00 | Masked F1: 0.68
Epoch 07
	| Avg Actor Loss: -0.0087 | Avg Critic Loss: 0.0075 
	| Avg Length: 2.2305 | Avg Reward: 0.7473 
	| Avg Length: 1.0254 | Avg Reward: 0.7539
	| OG  Acc: 1.00  | Masked Acc: 0.52 | OG  F1: 1.00 | Masked F1: 0.67
Epoch 08
	| Avg Actor Loss: -0.0155 | Avg Critic Loss: 0.0076 
	| Avg Length: 2.1544 | Avg Reward: 0.7585 
	| Avg Length: 1.1008 | Avg Reward: 0.7544
	| OG  Acc: 1.00  | Masked Acc: 0.52 | OG  F1: 1.00 | Masked F1: 0.67
Epoch 09
	| Avg Actor Loss: -0.0156 | Avg Critic Loss: 0.0074 
	| Avg Length: 2.3438 | Avg Reward: 0.7194 
	| Avg Length: 1.1410 | Avg Reward: 0.7652
	| OG  Acc: 1.00  | Masked Acc: 0.55 | OG  F1: 1.00 | Masked F1: 0.69
Epoch 10
	| Avg Actor Loss: -0.0134 | Avg Critic Loss: 0.0075 
	| Avg Length: 2.1914 | Avg Reward: 0.7567 
	| Avg Length: 1.2110 | Avg Reward: 0.7670
	| OG  Acc: 1.00  | Masked Acc: 0.55 | OG  F1: 1.00 | Masked F1: 0.69
Epoch 11
	| Avg Actor Loss: -0.0169 | Avg Critic Loss: 0.0078 
	| Avg Length: 2.2305 | Avg Reward: 0.7519 
	| Avg Length: 1.2378 | Avg Reward: 0.7798
	| OG  Acc: 1.00  | Masked Acc: 0.57 | OG  F1: 1.00 | Masked F1: 0.70
Epoch 12
	| Avg Actor Loss: -0.0176 | Avg Critic Loss: 0.0076 
	| Avg Length: 2.0956 | Avg Reward: 0.7650 
	| Avg Length: 1.2526 | Avg Reward: 0.7790
	| OG  Acc: 1.00  | Masked Acc: 0.57 | OG  F1: 1.00 | Masked F1: 0.70
Epoch 13
	| Avg Actor Loss: -0.0131 | Avg Critic Loss: 0.0074 
	| Avg Length: 2.5391 | Avg Reward: 0.7414 
	| Avg Length: 1.2614 | Avg Reward: 0.7789
	| OG  Acc: 1.00  | Masked Acc: 0.57 | OG  F1: 1.00 | Masked F1: 0.70
Epoch 14
	| Avg Actor Loss: -0.0145 | Avg Critic Loss: 0.0078 
	| Avg Length: 2.3750 | Avg Reward: 0.7331 
	| Avg Length: 1.3028 | Avg Reward: 0.7861
	| OG  Acc: 1.00  | Masked Acc: 0.59 | OG  F1: 1.00 | Masked F1: 0.71
Epoch 15
	| Avg Actor Loss: -0.0163 | Avg Critic Loss: 0.0082 
	| Avg Length: 2.2930 | Avg Reward: 0.7513 
	| Avg Length: 1.4014 | Avg Reward: 0.7818
	| OG  Acc: 1.00  | Masked Acc: 0.58 | OG  F1: 1.00 | Masked F1: 0.70
Epoch 16
	| Avg Actor Loss: -0.0171 | Avg Critic Loss: 0.0088 
	| Avg Length: 2.7279 | Avg Reward: 0.7732 
	| Avg Length: 1.4918 | Avg Reward: 0.7814
	| OG  Acc: 1.00  | Masked Acc: 0.58 | OG  F1: 1.00 | Masked F1: 0.71
Epoch 17
	| Avg Actor Loss: -0.0174 | Avg Critic Loss: 0.0085 
	| Avg Length: 2.5469 | Avg Reward: 0.7631 
	| Avg Length: 1.5918 | Avg Reward: 0.7950
	| OG  Acc: 1.00  | Masked Acc: 0.61 | OG  F1: 1.00 | Masked F1: 0.72
Epoch 18
	| Avg Actor Loss: -0.0200 | Avg Critic Loss: 0.0091 
	| Avg Length: 2.8984 | Avg Reward: 0.7583 
	| Avg Length: 1.6198 | Avg Reward: 0.8044
	| OG  Acc: 1.00  | Masked Acc: 0.63 | OG  F1: 1.00 | Masked F1: 0.73
Epoch 19
	| Avg Actor Loss: -0.0171 | Avg Critic Loss: 0.0089 
	| Avg Length: 2.7891 | Avg Reward: 0.7454 
	| Avg Length: 1.6942 | Avg Reward: 0.8086
	| OG  Acc: 1.00  | Masked Acc: 0.64 | OG  F1: 1.00 | Masked F1: 0.74
Epoch 20
	| Avg Actor Loss: -0.0194 | Avg Critic Loss: 0.0093 
	| Avg Length: 2.9118 | Avg Reward: 0.7640 
	| Avg Length: 1.7294 | Avg Reward: 0.8144
	| OG  Acc: 1.00  | Masked Acc: 0.65 | OG  F1: 1.00 | Masked F1: 0.74
Epoch 21
	| Avg Actor Loss: -0.0159 | Avg Critic Loss: 0.0087 
	| Avg Length: 2.8789 | Avg Reward: 0.8086 
	| Avg Length: 1.8290 | Avg Reward: 0.8172
	| OG  Acc: 1.00  | Masked Acc: 0.66 | OG  F1: 1.00 | Masked F1: 0.75
Epoch 22
	| Avg Actor Loss: -0.0213 | Avg Critic Loss: 0.0095 
	| Avg Length: 3.0000 | Avg Reward: 0.7889 
	| Avg Length: 1.7714 | Avg Reward: 0.8189
	| OG  Acc: 1.00  | Masked Acc: 0.66 | OG  F1: 1.00 | Masked F1: 0.75
Epoch 23
	| Avg Actor Loss: -0.0165 | Avg Critic Loss: 0.0097 
	| Avg Length: 2.9180 | Avg Reward: 0.7924 
	| Avg Length: 1.9246 | Avg Reward: 0.8217
	| OG  Acc: 1.00  | Masked Acc: 0.67 | OG  F1: 1.00 | Masked F1: 0.75
Epoch 24
	| Avg Actor Loss: -0.0203 | Avg Critic Loss: 0.0103 
	| Avg Length: 3.1176 | Avg Reward: 0.7625 
	| Avg Length: 2.0500 | Avg Reward: 0.8275
	| OG  Acc: 1.00  | Masked Acc: 0.68 | OG  F1: 1.00 | Masked F1: 0.76
Epoch 25
	| Avg Actor Loss: -0.0152 | Avg Critic Loss: 0.0104 
	| Avg Length: 3.0430 | Avg Reward: 0.7917 
	| Avg Length: 2.1228 | Avg Reward: 0.8390
	| OG  Acc: 1.00  | Masked Acc: 0.71 | OG  F1: 1.00 | Masked F1: 0.77
Epoch 26
	| Avg Actor Loss: -0.0157 | Avg Critic Loss: 0.0107 
	| Avg Length: 3.3867 | Avg Reward: 0.7793 
	| Avg Length: 2.3360 | Avg Reward: 0.8469
	| OG  Acc: 1.00  | Masked Acc: 0.72 | OG  F1: 1.00 | Masked F1: 0.78
Epoch 27
	| Avg Actor Loss: -0.0159 | Avg Critic Loss: 0.0105 
	| Avg Length: 3.5703 | Avg Reward: 0.8057 
	| Avg Length: 2.4224 | Avg Reward: 0.8481
	| OG  Acc: 1.00  | Masked Acc: 0.73 | OG  F1: 1.00 | Masked F1: 0.79
Epoch 28
	| Avg Actor Loss: -0.0172 | Avg Critic Loss: 0.0105 
	| Avg Length: 3.8382 | Avg Reward: 0.8065 
	| Avg Length: 2.4428 | Avg Reward: 0.8483
	| OG  Acc: 1.00  | Masked Acc: 0.73 | OG  F1: 1.00 | Masked F1: 0.79
Epoch 29
	| Avg Actor Loss: -0.0172 | Avg Critic Loss: 0.0104 
	| Avg Length: 3.7227 | Avg Reward: 0.8343 
	| Avg Length: 2.6874 | Avg Reward: 0.8537
	| OG  Acc: 1.00  | Masked Acc: 0.75 | OG  F1: 1.00 | Masked F1: 0.80
Epoch 30
	| Avg Actor Loss: -0.0239 | Avg Critic Loss: 0.0109 
	| Avg Length: 3.9805 | Avg Reward: 0.8013 
	| Avg Length: 2.9968 | Avg Reward: 0.8598
	| OG  Acc: 1.00  | Masked Acc: 0.76 | OG  F1: 1.00 | Masked F1: 0.81
Epoch 31
	| Avg Actor Loss: -0.0171 | Avg Critic Loss: 0.0103 
	| Avg Length: 4.4297 | Avg Reward: 0.8135 
	| Avg Length: 3.0988 | Avg Reward: 0.8603
	| OG  Acc: 1.00  | Masked Acc: 0.76 | OG  F1: 1.00 | Masked F1: 0.81
Epoch 32
	| Avg Actor Loss: -0.0185 | Avg Critic Loss: 0.0106 
	| Avg Length: 4.1618 | Avg Reward: 0.8180 
	| Avg Length: 3.1638 | Avg Reward: 0.8644
	| OG  Acc: 1.00  | Masked Acc: 0.77 | OG  F1: 1.00 | Masked F1: 0.81
Epoch 33
	| Avg Actor Loss: -0.0183 | Avg Critic Loss: 0.0104 
	| Avg Length: 4.0430 | Avg Reward: 0.8313 
