Epoch 01
	| Avg Actor Loss: -0.0134 | Avg Critic Loss: 0.0034 
	| Avg Length: 2.1719 | Avg Reward: 0.8848 
	| Avg Length: 1.0000 | Avg Reward: 0.8902
	| OG  Acc: 1.00  | Masked Acc: 0.49 | OG  F1: 1.00 | Masked F1: 0.65
Epoch 02
	| Avg Actor Loss: -0.0216 | Avg Critic Loss: 0.0016 
	| Avg Length: 1.9102 | Avg Reward: 0.8889 
	| Avg Length: 1.0000 | Avg Reward: 0.8904
	| OG  Acc: 1.00  | Masked Acc: 0.49 | OG  F1: 1.00 | Masked F1: 0.65
Epoch 03
	| Avg Actor Loss: -0.0202 | Avg Critic Loss: 0.0014 
	| Avg Length: 1.7344 | Avg Reward: 0.8786 
	| Avg Length: 1.0000 | Avg Reward: 0.8900
	| OG  Acc: 1.00  | Masked Acc: 0.49 | OG  F1: 1.00 | Masked F1: 0.65
Epoch 04
	| Avg Actor Loss: -0.0217 | Avg Critic Loss: 0.0011 
	| Avg Length: 1.4485 | Avg Reward: 0.8866 
	| Avg Length: 1.0000 | Avg Reward: 0.8960
	| OG  Acc: 1.00  | Masked Acc: 0.52 | OG  F1: 1.00 | Masked F1: 0.68
Epoch 05
	| Avg Actor Loss: -0.0175 | Avg Critic Loss: 0.0012 
	| Avg Length: 1.5547 | Avg Reward: 0.8978 
	| Avg Length: 1.0000 | Avg Reward: 0.8945
	| OG  Acc: 1.00  | Masked Acc: 0.52 | OG  F1: 1.00 | Masked F1: 0.67
Epoch 06
	| Avg Actor Loss: -0.0165 | Avg Critic Loss: 0.0011 
	| Avg Length: 1.3203 | Avg Reward: 0.8881 
	| Avg Length: 1.0000 | Avg Reward: 0.8986
	| OG  Acc: 1.00  | Masked Acc: 0.54 | OG  F1: 1.00 | Masked F1: 0.68
Epoch 07
	| Avg Actor Loss: -0.0159 | Avg Critic Loss: 0.0011 
	| Avg Length: 1.3281 | Avg Reward: 0.8932 
	| Avg Length: 1.0000 | Avg Reward: 0.8985
	| OG  Acc: 1.00  | Masked Acc: 0.54 | OG  F1: 1.00 | Masked F1: 0.68
Epoch 08
	| Avg Actor Loss: -0.0167 | Avg Critic Loss: 0.0009 
	| Avg Length: 1.2868 | Avg Reward: 0.8897 
	| Avg Length: 1.0000 | Avg Reward: 0.8964
	| OG  Acc: 1.00  | Masked Acc: 0.53 | OG  F1: 1.00 | Masked F1: 0.68
Epoch 09
	| Avg Actor Loss: -0.0176 | Avg Critic Loss: 0.0010 
	| Avg Length: 1.2461 | Avg Reward: 0.8884 
	| Avg Length: 1.0000 | Avg Reward: 0.8965
	| OG  Acc: 1.00  | Masked Acc: 0.53 | OG  F1: 1.00 | Masked F1: 0.68
Epoch 10
	| Avg Actor Loss: -0.0173 | Avg Critic Loss: 0.0009 
	| Avg Length: 1.2148 | Avg Reward: 0.8853 
	| Avg Length: 1.0000 | Avg Reward: 0.9051
	| OG  Acc: 1.00  | Masked Acc: 0.57 | OG  F1: 1.00 | Masked F1: 0.70
Epoch 11
	| Avg Actor Loss: -0.0171 | Avg Critic Loss: 0.0011 
	| Avg Length: 1.1484 | Avg Reward: 0.8897 
	| Avg Length: 1.0000 | Avg Reward: 0.9073
	| OG  Acc: 1.00  | Masked Acc: 0.58 | OG  F1: 1.00 | Masked F1: 0.70
Epoch 12
	| Avg Actor Loss: -0.0187 | Avg Critic Loss: 0.0010 
	| Avg Length: 1.1029 | Avg Reward: 0.8872 
	| Avg Length: 1.0000 | Avg Reward: 0.9031
	| OG  Acc: 1.00  | Masked Acc: 0.56 | OG  F1: 1.00 | Masked F1: 0.69
Epoch 13
	| Avg Actor Loss: -0.0150 | Avg Critic Loss: 0.0009 
	| Avg Length: 1.1719 | Avg Reward: 0.8903 
	| Avg Length: 1.0000 | Avg Reward: 0.9013
	| OG  Acc: 1.00  | Masked Acc: 0.55 | OG  F1: 1.00 | Masked F1: 0.69
Epoch 14
	| Avg Actor Loss: -0.0143 | Avg Critic Loss: 0.0009 
	| Avg Length: 1.1758 | Avg Reward: 0.8917 
	| Avg Length: 1.0000 | Avg Reward: 0.9019
	| OG  Acc: 1.00  | Masked Acc: 0.55 | OG  F1: 1.00 | Masked F1: 0.69
Epoch 15
	| Avg Actor Loss: -0.0173 | Avg Critic Loss: 0.0009 
	| Avg Length: 1.1094 | Avg Reward: 0.8971 
	| Avg Length: 1.0000 | Avg Reward: 0.9026
	| OG  Acc: 1.00  | Masked Acc: 0.56 | OG  F1: 1.00 | Masked F1: 0.69
Epoch 16
	| Avg Actor Loss: -0.0164 | Avg Critic Loss: 0.0009 
	| Avg Length: 1.1103 | Avg Reward: 0.9061 
	| Avg Length: 1.0000 | Avg Reward: 0.9062
	| OG  Acc: 1.00  | Masked Acc: 0.58 | OG  F1: 1.00 | Masked F1: 0.70
Epoch 17
	| Avg Actor Loss: -0.0156 | Avg Critic Loss: 0.0009 
	| Avg Length: 1.0742 | Avg Reward: 0.8998 
	| Avg Length: 1.0000 | Avg Reward: 0.9073
	| OG  Acc: 1.00  | Masked Acc: 0.58 | OG  F1: 1.00 | Masked F1: 0.70
Epoch 18
	| Avg Actor Loss: -0.0137 | Avg Critic Loss: 0.0009 
	| Avg Length: 1.1289 | Avg Reward: 0.8937 
	| Avg Length: 1.0000 | Avg Reward: 0.9016
	| OG  Acc: 1.00  | Masked Acc: 0.55 | OG  F1: 1.00 | Masked F1: 0.69
Epoch 19
	| Avg Actor Loss: -0.0128 | Avg Critic Loss: 0.0009 
	| Avg Length: 1.1172 | Avg Reward: 0.8991 
	| Avg Length: 1.0000 | Avg Reward: 0.9030
	| OG  Acc: 1.00  | Masked Acc: 0.56 | OG  F1: 1.00 | Masked F1: 0.69
Epoch 20
	| Avg Actor Loss: -0.0142 | Avg Critic Loss: 0.0010 
	| Avg Length: 1.0956 | Avg Reward: 0.9018 
	| Avg Length: 1.0000 | Avg Reward: 0.9021
	| OG  Acc: 1.00  | Masked Acc: 0.56 | OG  F1: 1.00 | Masked F1: 0.69
Epoch 21
	| Avg Actor Loss: -0.0137 | Avg Critic Loss: 0.0010 
	| Avg Length: 1.0703 | Avg Reward: 0.8957 
	| Avg Length: 1.0000 | Avg Reward: 0.9050
	| OG  Acc: 1.00  | Masked Acc: 0.57 | OG  F1: 1.00 | Masked F1: 0.70
Epoch 22
	| Avg Actor Loss: -0.0130 | Avg Critic Loss: 0.0009 
	| Avg Length: 1.0977 | Avg Reward: 0.9000 
	| Avg Length: 1.0000 | Avg Reward: 0.9069
	| OG  Acc: 1.00  | Masked Acc: 0.58 | OG  F1: 1.00 | Masked F1: 0.70
Epoch 23
	| Avg Actor Loss: -0.0128 | Avg Critic Loss: 0.0010 
	| Avg Length: 1.0859 | Avg Reward: 0.8962 
	| Avg Length: 1.0000 | Avg Reward: 0.9082
	| OG  Acc: 1.00  | Masked Acc: 0.59 | OG  F1: 1.00 | Masked F1: 0.71
Epoch 24
	| Avg Actor Loss: -0.0130 | Avg Critic Loss: 0.0010 
	| Avg Length: 1.1471 | Avg Reward: 0.9012 
	| Avg Length: 1.0000 | Avg Reward: 0.9095
	| OG  Acc: 1.00  | Masked Acc: 0.59 | OG  F1: 1.00 | Masked F1: 0.71
Epoch 25
	| Avg Actor Loss: -0.0124 | Avg Critic Loss: 0.0011 
	| Avg Length: 1.0898 | Avg Reward: 0.9062 
	| Avg Length: 1.0000 | Avg Reward: 0.9103
	| OG  Acc: 1.00  | Masked Acc: 0.60 | OG  F1: 1.00 | Masked F1: 0.71
Epoch 26
	| Avg Actor Loss: -0.0134 | Avg Critic Loss: 0.0010 
	| Avg Length: 1.0742 | Avg Reward: 0.9042 
	| Avg Length: 1.0000 | Avg Reward: 0.9101
	| OG  Acc: 1.00  | Masked Acc: 0.60 | OG  F1: 1.00 | Masked F1: 0.71
Epoch 27
	| Avg Actor Loss: -0.0106 | Avg Critic Loss: 0.0010 
	| Avg Length: 1.0938 | Avg Reward: 0.9014 
	| Avg Length: 1.0000 | Avg Reward: 0.9122
	| OG  Acc: 1.00  | Masked Acc: 0.61 | OG  F1: 1.00 | Masked F1: 0.72
Epoch 28
	| Avg Actor Loss: -0.0108 | Avg Critic Loss: 0.0011 
	| Avg Length: 1.1544 | Avg Reward: 0.9022 
	| Avg Length: 1.0000 | Avg Reward: 0.9148
	| OG  Acc: 1.00  | Masked Acc: 0.62 | OG  F1: 1.00 | Masked F1: 0.72
Epoch 29
	| Avg Actor Loss: -0.0096 | Avg Critic Loss: 0.0011 
	| Avg Length: 1.1211 | Avg Reward: 0.9097 
	| Avg Length: 1.0000 | Avg Reward: 0.9154
	| OG  Acc: 1.00  | Masked Acc: 0.62 | OG  F1: 1.00 | Masked F1: 0.73
Epoch 30
	| Avg Actor Loss: -0.0084 | Avg Critic Loss: 0.0012 
	| Avg Length: 1.1250 | Avg Reward: 0.9061 
	| Avg Length: 1.0000 | Avg Reward: 0.9160
	| OG  Acc: 1.00  | Masked Acc: 0.63 | OG  F1: 1.00 | Masked F1: 0.73
Epoch 31
	| Avg Actor Loss: -0.0127 | Avg Critic Loss: 0.0012 
	| Avg Length: 1.1055 | Avg Reward: 0.9128 
	| Avg Length: 1.0000 | Avg Reward: 0.9159
	| OG  Acc: 1.00  | Masked Acc: 0.62 | OG  F1: 1.00 | Masked F1: 0.73
Epoch 32
	| Avg Actor Loss: -0.0117 | Avg Critic Loss: 0.0012 
	| Avg Length: 1.1103 | Avg Reward: 0.9115 
	| Avg Length: 1.0000 | Avg Reward: 0.9157
	| OG  Acc: 1.00  | Masked Acc: 0.62 | OG  F1: 1.00 | Masked F1: 0.73
Epoch 33
	| Avg Actor Loss: -0.0132 | Avg Critic Loss: 0.0013 
	| Avg Length: 1.1172 | Avg Reward: 0.9092 
	| Avg Length: 1.0000 | Avg Reward: 0.9161
	| OG  Acc: 1.00  | Masked Acc: 0.62 | OG  F1: 1.00 | Masked F1: 0.73
Epoch 34
	| Avg Actor Loss: -0.0111 | Avg Critic Loss: 0.0013 
	| Avg Length: 1.1172 | Avg Reward: 0.9063 
	| Avg Length: 1.0000 | Avg Reward: 0.9178
	| OG  Acc: 1.00  | Masked Acc: 0.64 | OG  F1: 1.00 | Masked F1: 0.73
Epoch 35
	| Avg Actor Loss: -0.0108 | Avg Critic Loss: 0.0013 
	| Avg Length: 1.1367 | Avg Reward: 0.9193 
	| Avg Length: 1.0000 | Avg Reward: 0.9185
	| OG  Acc: 1.00  | Masked Acc: 0.64 | OG  F1: 1.00 | Masked F1: 0.73
Epoch 36
	| Avg Actor Loss: -0.0091 | Avg Critic Loss: 0.0013 
	| Avg Length: 1.1324 | Avg Reward: 0.9068 
	| Avg Length: 1.0000 | Avg Reward: 0.9221
	| OG  Acc: 1.00  | Masked Acc: 0.66 | OG  F1: 1.00 | Masked F1: 0.74
Epoch 37
	| Avg Actor Loss: -0.0073 | Avg Critic Loss: 0.0014 
	| Avg Length: 1.1055 | Avg Reward: 0.9146 
	| Avg Length: 1.0000 | Avg Reward: 0.9235
	| OG  Acc: 1.00  | Masked Acc: 0.66 | OG  F1: 1.00 | Masked F1: 0.75
Epoch 38
	| Avg Actor Loss: -0.0095 | Avg Critic Loss: 0.0014 
	| Avg Length: 1.1094 | Avg Reward: 0.9109 
	| Avg Length: 1.0000 | Avg Reward: 0.9229
	| OG  Acc: 1.00  | Masked Acc: 0.66 | OG  F1: 1.00 | Masked F1: 0.75
Epoch 39
	| Avg Actor Loss: -0.0109 | Avg Critic Loss: 0.0015 
	| Avg Length: 1.1445 | Avg Reward: 0.9177 
	| Avg Length: 1.0000 | Avg Reward: 0.9256
	| OG  Acc: 1.00  | Masked Acc: 0.67 | OG  F1: 1.00 | Masked F1: 0.75
Epoch 40
	| Avg Actor Loss: -0.0072 | Avg Critic Loss: 0.0015 
	| Avg Length: 1.1691 | Avg Reward: 0.9144 
	| Avg Length: 1.0000 | Avg Reward: 0.9274
	| OG  Acc: 1.00  | Masked Acc: 0.68 | OG  F1: 1.00 | Masked F1: 0.76
Epoch 41
	| Avg Actor Loss: -0.0034 | Avg Critic Loss: 0.0015 
	| Avg Length: 1.1641 | Avg Reward: 0.9200 
	| Avg Length: 1.0000 | Avg Reward: 0.9280
	| OG  Acc: 1.00  | Masked Acc: 0.69 | OG  F1: 1.00 | Masked F1: 0.76
Epoch 42
	| Avg Actor Loss: -0.0097 | Avg Critic Loss: 0.0015 
	| Avg Length: 1.2031 | Avg Reward: 0.9204 
	| Avg Length: 1.0000 | Avg Reward: 0.9282
	| OG  Acc: 1.00  | Masked Acc: 0.69 | OG  F1: 1.00 | Masked F1: 0.76
Epoch 43
	| Avg Actor Loss: -0.0104 | Avg Critic Loss: 0.0016 
	| Avg Length: 1.1914 | Avg Reward: 0.9303 
	| Avg Length: 1.0000 | Avg Reward: 0.9287
	| OG  Acc: 1.00  | Masked Acc: 0.69 | OG  F1: 1.00 | Masked F1: 0.76
Epoch 44
	| Avg Actor Loss: -0.0017 | Avg Critic Loss: 0.0015 
	| Avg Length: 1.2721 | Avg Reward: 0.9121 
	| Avg Length: 1.0000 | Avg Reward: 0.9286
	| OG  Acc: 1.00  | Masked Acc: 0.69 | OG  F1: 1.00 | Masked F1: 0.77
Epoch 45
	| Avg Actor Loss: -0.0052 | Avg Critic Loss: 0.0015 
	| Avg Length: 1.3086 | Avg Reward: 0.9143 
	| Avg Length: 1.0000 | Avg Reward: 0.9290
	| OG  Acc: 1.00  | Masked Acc: 0.69 | OG  F1: 1.00 | Masked F1: 0.76
Epoch 46
	| Avg Actor Loss: -0.0036 | Avg Critic Loss: 0.0015 
	| Avg Length: 1.3164 | Avg Reward: 0.9174 
	| Avg Length: 1.0012 | Avg Reward: 0.9289
	| OG  Acc: 1.00  | Masked Acc: 0.69 | OG  F1: 1.00 | Masked F1: 0.77
Epoch 47
	| Avg Actor Loss: -0.0028 | Avg Critic Loss: 0.0015 
	| Avg Length: 1.3555 | Avg Reward: 0.9229 
	| Avg Length: 1.0180 | Avg Reward: 0.9295
	| OG  Acc: 1.00  | Masked Acc: 0.70 | OG  F1: 1.00 | Masked F1: 0.77
Epoch 48
	| Avg Actor Loss: -0.0039 | Avg Critic Loss: 0.0015 
	| Avg Length: 1.3015 | Avg Reward: 0.9349 
	| Avg Length: 1.0418 | Avg Reward: 0.9307
	| OG  Acc: 1.00  | Masked Acc: 0.70 | OG  F1: 1.00 | Masked F1: 0.77
Epoch 49
	| Avg Actor Loss: -0.0015 | Avg Critic Loss: 0.0014 
	| Avg Length: 1.4844 | Avg Reward: 0.9229 
	| Avg Length: 1.0836 | Avg Reward: 0.9326
	| OG  Acc: 1.00  | Masked Acc: 0.72 | OG  F1: 1.00 | Masked F1: 0.78
Epoch 50
	| Avg Actor Loss: -0.0054 | Avg Critic Loss: 0.0014 
	| Avg Length: 1.4922 | Avg Reward: 0.9248 
	| Avg Length: 1.1262 | Avg Reward: 0.9342
	| OG  Acc: 1.00  | Masked Acc: 0.73 | OG  F1: 1.00 | Masked F1: 0.78
Epoch 51
	| Avg Actor Loss: 0.0054 | Avg Critic Loss: 0.0015 
	| Avg Length: 1.6406 | Avg Reward: 0.9329 
	| Avg Length: 1.1428 | Avg Reward: 0.9344
	| OG  Acc: 1.00  | Masked Acc: 0.73 | OG  F1: 1.00 | Masked F1: 0.78
Epoch 52
	| Avg Actor Loss: 0.0269 | Avg Critic Loss: 0.0014 
	| Avg Length: 1.6397 | Avg Reward: 0.9346 
	| Avg Length: 1.1586 | Avg Reward: 0.9346
	| OG  Acc: 1.00  | Masked Acc: 0.73 | OG  F1: 1.00 | Masked F1: 0.79
Epoch 53
	| Avg Actor Loss: -0.0029 | Avg Critic Loss: 0.0014 
	| Avg Length: 1.5273 | Avg Reward: 0.9376 
	| Avg Length: 1.2218 | Avg Reward: 0.9369
	| OG  Acc: 1.00  | Masked Acc: 0.74 | OG  F1: 1.00 | Masked F1: 0.80
Epoch 54
	| Avg Actor Loss: 0.0013 | Avg Critic Loss: 0.0013 
	| Avg Length: 1.6719 | Avg Reward: 0.9383 
	| Avg Length: 1.2550 | Avg Reward: 0.9379
	| OG  Acc: 1.00  | Masked Acc: 0.75 | OG  F1: 1.00 | Masked F1: 0.80
Epoch 55
	| Avg Actor Loss: 0.0101 | Avg Critic Loss: 0.0012 
	| Avg Length: 1.5938 | Avg Reward: 0.9329 
	| Avg Length: 1.2592 | Avg Reward: 0.9372
	| OG  Acc: 1.00  | Masked Acc: 0.75 | OG  F1: 1.00 | Masked F1: 0.80
Epoch 56
	| Avg Actor Loss: -0.0000 | Avg Critic Loss: 0.0013 
	| Avg Length: 1.6838 | Avg Reward: 0.9382 
	| Avg Length: 1.3114 | Avg Reward: 0.9382
	| OG  Acc: 1.00  | Masked Acc: 0.75 | OG  F1: 1.00 | Masked F1: 0.80
Epoch 57
	| Avg Actor Loss: 0.0002 | Avg Critic Loss: 0.0013 
	| Avg Length: 1.7461 | Avg Reward: 0.9316 
	| Avg Length: 1.3586 | Avg Reward: 0.9392
	| OG  Acc: 1.00  | Masked Acc: 0.76 | OG  F1: 1.00 | Masked F1: 0.81
Epoch 58
	| Avg Actor Loss: 0.0053 | Avg Critic Loss: 0.0012 
	| Avg Length: 2.0156 | Avg Reward: 0.9294 
	| Avg Length: 1.3862 | Avg Reward: 0.9400
	| OG  Acc: 1.00  | Masked Acc: 0.77 | OG  F1: 1.00 | Masked F1: 0.81
Epoch 59
	| Avg Actor Loss: 0.0075 | Avg Critic Loss: 0.0012 
	| Avg Length: 1.8867 | Avg Reward: 0.9236 
	| Avg Length: 1.4308 | Avg Reward: 0.9410
	| OG  Acc: 1.00  | Masked Acc: 0.77 | OG  F1: 1.00 | Masked F1: 0.81
Epoch 60
	| Avg Actor Loss: 0.0092 | Avg Critic Loss: 0.0011 
	| Avg Length: 2.0074 | Avg Reward: 0.9301 
	| Avg Length: 1.5018 | Avg Reward: 0.9425
	| OG  Acc: 1.00  | Masked Acc: 0.78 | OG  F1: 1.00 | Masked F1: 0.82
Epoch 61
	| Avg Actor Loss: 0.0088 | Avg Critic Loss: 0.0011 
	| Avg Length: 2.0000 | Avg Reward: 0.9403 
	| Avg Length: 1.5588 | Avg Reward: 0.9435
	| OG  Acc: 1.00  | Masked Acc: 0.79 | OG  F1: 1.00 | Masked F1: 0.83
Epoch 62
	| Avg Actor Loss: 0.0031 | Avg Critic Loss: 0.0011 
	| Avg Length: 2.1836 | Avg Reward: 0.9430 
	| Avg Length: 1.5990 | Avg Reward: 0.9446
	| OG  Acc: 1.00  | Masked Acc: 0.80 | OG  F1: 1.00 | Masked F1: 0.83
Epoch 63
	| Avg Actor Loss: 0.0060 | Avg Critic Loss: 0.0011 
	| Avg Length: 2.0820 | Avg Reward: 0.9321 
	| Avg Length: 1.6280 | Avg Reward: 0.9453
	| OG  Acc: 1.00  | Masked Acc: 0.80 | OG  F1: 1.00 | Masked F1: 0.83
Epoch 64
	| Avg Actor Loss: 0.0064 | Avg Critic Loss: 0.0011 
	| Avg Length: 2.1544 | Avg Reward: 0.9340 
	| Avg Length: 1.6520 | Avg Reward: 0.9456
	| OG  Acc: 1.00  | Masked Acc: 0.81 | OG  F1: 1.00 | Masked F1: 0.84
Epoch 65
	| Avg Actor Loss: 0.0070 | Avg Critic Loss: 0.0010 
	| Avg Length: 2.1953 | Avg Reward: 0.9346 
	| Avg Length: 1.6998 | Avg Reward: 0.9459
	| OG  Acc: 1.00  | Masked Acc: 0.81 | OG  F1: 1.00 | Masked F1: 0.84
Epoch 66
	| Avg Actor Loss: 0.0076 | Avg Critic Loss: 0.0010 
	| Avg Length: 2.0430 | Avg Reward: 0.9398 
	| Avg Length: 1.7316 | Avg Reward: 0.9461
	| OG  Acc: 1.00  | Masked Acc: 0.81 | OG  F1: 1.00 | Masked F1: 0.84
Epoch 67
	| Avg Actor Loss: 0.0127 | Avg Critic Loss: 0.0011 
	| Avg Length: 2.3945 | Avg Reward: 0.9360 
	| Avg Length: 1.7164 | Avg Reward: 0.9459
	| OG  Acc: 1.00  | Masked Acc: 0.81 | OG  F1: 1.00 | Masked F1: 0.84
Epoch 68
	| Avg Actor Loss: 0.0083 | Avg Critic Loss: 0.0011 
	| Avg Length: 2.3456 | Avg Reward: 0.9301 
	| Avg Length: 1.7954 | Avg Reward: 0.9470
	| OG  Acc: 1.00  | Masked Acc: 0.82 | OG  F1: 1.00 | Masked F1: 0.84
Epoch 69
	| Avg Actor Loss: 0.0078 | Avg Critic Loss: 0.0010 
	| Avg Length: 2.2930 | Avg Reward: 0.9356 
	| Avg Length: 1.7990 | Avg Reward: 0.9476
	| OG  Acc: 1.00  | Masked Acc: 0.82 | OG  F1: 1.00 | Masked F1: 0.85
Epoch 70
	| Avg Actor Loss: 0.0065 | Avg Critic Loss: 0.0010 
	| Avg Length: 2.2734 | Avg Reward: 0.9402 
	| Avg Length: 1.8746 | Avg Reward: 0.9481
	| OG  Acc: 1.00  | Masked Acc: 0.83 | OG  F1: 1.00 | Masked F1: 0.85
Epoch 71
	| Avg Actor Loss: 0.0100 | Avg Critic Loss: 0.0010 
	| Avg Length: 2.6445 | Avg Reward: 0.9364 
	| Avg Length: 1.9198 | Avg Reward: 0.9483
	| OG  Acc: 1.00  | Masked Acc: 0.83 | OG  F1: 1.00 | Masked F1: 0.85
Epoch 72
	| Avg Actor Loss: 0.0117 | Avg Critic Loss: 0.0010 
	| Avg Length: 2.9191 | Avg Reward: 0.9404 
	| Avg Length: 1.9380 | Avg Reward: 0.9484
	| OG  Acc: 1.00  | Masked Acc: 0.83 | OG  F1: 1.00 | Masked F1: 0.86
Epoch 73
	| Avg Actor Loss: 0.0028 | Avg Critic Loss: 0.0010 
	| Avg Length: 2.7031 | Avg Reward: 0.9402 
	| Avg Length: 1.9898 | Avg Reward: 0.9493
	| OG  Acc: 1.00  | Masked Acc: 0.84 | OG  F1: 1.00 | Masked F1: 0.86
Epoch 74
	| Avg Actor Loss: 0.0133 | Avg Critic Loss: 0.0009 
	| Avg Length: 2.4453 | Avg Reward: 0.9417 
	| Avg Length: 2.0566 | Avg Reward: 0.9496
	| OG  Acc: 1.00  | Masked Acc: 0.84 | OG  F1: 1.00 | Masked F1: 0.86
Epoch 75
	| Avg Actor Loss: 0.0134 | Avg Critic Loss: 0.0009 
	| Avg Length: 2.6484 | Avg Reward: 0.9436 
	| Avg Length: 2.0990 | Avg Reward: 0.9494
	| OG  Acc: 1.00  | Masked Acc: 0.84 | OG  F1: 1.00 | Masked F1: 0.86
Epoch 76
	| Avg Actor Loss: 0.0302 | Avg Critic Loss: 0.0009 
	| Avg Length: 2.6397 | Avg Reward: 0.9457 
	| Avg Length: 2.0900 | Avg Reward: 0.9489
	| OG  Acc: 1.00  | Masked Acc: 0.84 | OG  F1: 1.00 | Masked F1: 0.86
Epoch 77
	| Avg Actor Loss: 0.0093 | Avg Critic Loss: 0.0010 
	| Avg Length: 2.5898 | Avg Reward: 0.9429 
	| Avg Length: 2.1518 | Avg Reward: 0.9505
	| OG  Acc: 1.00  | Masked Acc: 0.85 | OG  F1: 1.00 | Masked F1: 0.87
Epoch 78
	| Avg Actor Loss: 0.0202 | Avg Critic Loss: 0.0009 
	| Avg Length: 2.8477 | Avg Reward: 0.9458 
	| Avg Length: 2.1876 | Avg Reward: 0.9501
	| OG  Acc: 1.00  | Masked Acc: 0.85 | OG  F1: 1.00 | Masked F1: 0.87
Epoch 79
	| Avg Actor Loss: 0.0101 | Avg Critic Loss: 0.0009 
	| Avg Length: 2.7227 | Avg Reward: 0.9425 
	| Avg Length: 2.2138 | Avg Reward: 0.9509
	| OG  Acc: 1.00  | Masked Acc: 0.86 | OG  F1: 1.00 | Masked F1: 0.87
Epoch 80
	| Avg Actor Loss: 0.0141 | Avg Critic Loss: 0.0009 
	| Avg Length: 2.8676 | Avg Reward: 0.9422 
	| Avg Length: 2.2908 | Avg Reward: 0.9514
	| OG  Acc: 1.00  | Masked Acc: 0.86 | OG  F1: 1.00 | Masked F1: 0.88
Epoch 81
	| Avg Actor Loss: 0.0061 | Avg Critic Loss: 0.0009 
	| Avg Length: 2.8555 | Avg Reward: 0.9480 
	| Avg Length: 2.3154 | Avg Reward: 0.9522
	| OG  Acc: 1.00  | Masked Acc: 0.87 | OG  F1: 1.00 | Masked F1: 0.88
Epoch 82
	| Avg Actor Loss: 0.0230 | Avg Critic Loss: 0.0009 
	| Avg Length: 2.8633 | Avg Reward: 0.9410 
	| Avg Length: 2.3724 | Avg Reward: 0.9519
	| OG  Acc: 1.00  | Masked Acc: 0.87 | OG  F1: 1.00 | Masked F1: 0.88
Epoch 83
	| Avg Actor Loss: 0.0141 | Avg Critic Loss: 0.0009 
	| Avg Length: 2.9922 | Avg Reward: 0.9448 
	| Avg Length: 2.4620 | Avg Reward: 0.9524
	| OG  Acc: 1.00  | Masked Acc: 0.88 | OG  F1: 1.00 | Masked F1: 0.89
Epoch 84
	| Avg Actor Loss: 0.0222 | Avg Critic Loss: 0.0009 
	| Avg Length: 2.9338 | Avg Reward: 0.9441 
	| Avg Length: 2.4286 | Avg Reward: 0.9529
	| OG  Acc: 1.00  | Masked Acc: 0.87 | OG  F1: 1.00 | Masked F1: 0.89
Epoch 85
	| Avg Actor Loss: 0.0221 | Avg Critic Loss: 0.0009 
	| Avg Length: 2.8438 | Avg Reward: 0.9533 
	| Avg Length: 2.5494 | Avg Reward: 0.9530
	| OG  Acc: 1.00  | Masked Acc: 0.88 | OG  F1: 1.00 | Masked F1: 0.89
Epoch 86
	| Avg Actor Loss: 0.0122 | Avg Critic Loss: 0.0008 
	| Avg Length: 3.2031 | Avg Reward: 0.9459 
	| Avg Length: 2.5720 | Avg Reward: 0.9541
	| OG  Acc: 1.00  | Masked Acc: 0.89 | OG  F1: 1.00 | Masked F1: 0.90
Epoch 87
	| Avg Actor Loss: 0.0179 | Avg Critic Loss: 0.0009 
	| Avg Length: 3.2578 | Avg Reward: 0.9429 
	| Avg Length: 2.6452 | Avg Reward: 0.9546
	| OG  Acc: 1.00  | Masked Acc: 0.89 | OG  F1: 1.00 | Masked F1: 0.90
Epoch 88
	| Avg Actor Loss: 0.1081 | Avg Critic Loss: 0.0008 
	| Avg Length: 2.6985 | Avg Reward: 0.9542 
	| Avg Length: 2.5624 | Avg Reward: 0.9528
	| OG  Acc: 1.00  | Masked Acc: 0.88 | OG  F1: 1.00 | Masked F1: 0.89
Epoch 89
	| Avg Actor Loss: 0.0119 | Avg Critic Loss: 0.0009 
	| Avg Length: 3.3398 | Avg Reward: 0.9445 
	| Avg Length: 2.5502 | Avg Reward: 0.9535
	| OG  Acc: 1.00  | Masked Acc: 0.88 | OG  F1: 1.00 | Masked F1: 0.89
Epoch 90
	| Avg Actor Loss: 0.0196 | Avg Critic Loss: 0.0008 
	| Avg Length: 3.2656 | Avg Reward: 0.9412 
	| Avg Length: 2.5440 | Avg Reward: 0.9545
	| OG  Acc: 1.00  | Masked Acc: 0.89 | OG  F1: 1.00 | Masked F1: 0.90
Epoch 91
	| Avg Actor Loss: 0.0197 | Avg Critic Loss: 0.0009 
	| Avg Length: 2.9258 | Avg Reward: 0.9418 
	| Avg Length: 2.5788 | Avg Reward: 0.9546
	| OG  Acc: 1.00  | Masked Acc: 0.89 | OG  F1: 1.00 | Masked F1: 0.90
Epoch 92
	| Avg Actor Loss: 0.0160 | Avg Critic Loss: 0.0008 
	| Avg Length: 3.1397 | Avg Reward: 0.9437 
	| Avg Length: 2.5946 | Avg Reward: 0.9549
	| OG  Acc: 1.00  | Masked Acc: 0.89 | OG  F1: 1.00 | Masked F1: 0.90
Epoch 93
	| Avg Actor Loss: 0.0148 | Avg Critic Loss: 0.0008 
	| Avg Length: 3.3984 | Avg Reward: 0.9477 
	| Avg Length: 2.6082 | Avg Reward: 0.9547
	| OG  Acc: 1.00  | Masked Acc: 0.89 | OG  F1: 1.00 | Masked F1: 0.90
Epoch 94
	| Avg Actor Loss: 0.0128 | Avg Critic Loss: 0.0008 
	| Avg Length: 3.2969 | Avg Reward: 0.9394 
	| Avg Length: 2.6334 | Avg Reward: 0.9548
	| OG  Acc: 1.00  | Masked Acc: 0.89 | OG  F1: 1.00 | Masked F1: 0.90
Epoch 95
	| Avg Actor Loss: 0.0158 | Avg Critic Loss: 0.0008 
	| Avg Length: 3.2539 | Avg Reward: 0.9430 
	| Avg Length: 2.6156 | Avg Reward: 0.9554
	| OG  Acc: 1.00  | Masked Acc: 0.90 | OG  F1: 1.00 | Masked F1: 0.91
Epoch 96
	| Avg Actor Loss: 0.0202 | Avg Critic Loss: 0.0009 
	| Avg Length: 3.7353 | Avg Reward: 0.9412 
	| Avg Length: 2.6936 | Avg Reward: 0.9556
	| OG  Acc: 1.00  | Masked Acc: 0.90 | OG  F1: 1.00 | Masked F1: 0.91
Epoch 97
	| Avg Actor Loss: 0.0172 | Avg Critic Loss: 0.0008 
	| Avg Length: 3.8750 | Avg Reward: 0.9406 
	| Avg Length: 2.7340 | Avg Reward: 0.9560
	| OG  Acc: 1.00  | Masked Acc: 0.90 | OG  F1: 1.00 | Masked F1: 0.91
Epoch 98
	| Avg Actor Loss: 0.0122 | Avg Critic Loss: 0.0008 
	| Avg Length: 3.5586 | Avg Reward: 0.9424 
	| Avg Length: 2.6630 | Avg Reward: 0.9562
	| OG  Acc: 1.00  | Masked Acc: 0.90 | OG  F1: 1.00 | Masked F1: 0.91
Epoch 99
	| Avg Actor Loss: 0.0129 | Avg Critic Loss: 0.0008 
	| Avg Length: 3.2969 | Avg Reward: 0.9515 
	| Avg Length: 2.6428 | Avg Reward: 0.9567
	| OG  Acc: 1.00  | Masked Acc: 0.90 | OG  F1: 1.00 | Masked F1: 0.91
Epoch 100
	| Avg Actor Loss: 0.0145 | Avg Critic Loss: 0.0008 
	| Avg Length: 3.3015 | Avg Reward: 0.9274 
	| Avg Length: 2.7094 | Avg Reward: 0.9563
	| OG  Acc: 1.00  | Masked Acc: 0.90 | OG  F1: 1.00 | Masked F1: 0.91
Epoch 101
	| Avg Actor Loss: 0.0160 | Avg Critic Loss: 0.0008 
	| Avg Length: 2.9922 | Avg Reward: 0.9536 
	| Avg Length: 2.7392 | Avg Reward: 0.9566
	| OG  Acc: 1.00  | Masked Acc: 0.91 | OG  F1: 1.00 | Masked F1: 0.91
Epoch 102
	| Avg Actor Loss: 0.0154 | Avg Critic Loss: 0.0008 
	| Avg Length: 3.6523 | Avg Reward: 0.9422 
	| Avg Length: 2.7454 | Avg Reward: 0.9574
	| OG  Acc: 1.00  | Masked Acc: 0.91 | OG  F1: 1.00 | Masked F1: 0.92
Epoch 103
	| Avg Actor Loss: 0.0159 | Avg Critic Loss: 0.0008 
	| Avg Length: 3.5078 | Avg Reward: 0.9414 
	| Avg Length: 2.7478 | Avg Reward: 0.9578
	| OG  Acc: 1.00  | Masked Acc: 0.91 | OG  F1: 1.00 | Masked F1: 0.92
Epoch 104
	| Avg Actor Loss: 0.0200 | Avg Critic Loss: 0.0008 
	| Avg Length: 3.0147 | Avg Reward: 0.9554 
	| Avg Length: 2.7856 | Avg Reward: 0.9577
	| OG  Acc: 1.00  | Masked Acc: 0.91 | OG  F1: 1.00 | Masked F1: 0.92
Epoch 105
	| Avg Actor Loss: 0.0632 | Avg Critic Loss: 0.0008 
	| Avg Length: 3.2109 | Avg Reward: 0.9444 
	| Avg Length: 2.8096 | Avg Reward: 0.9571
	| OG  Acc: 1.00  | Masked Acc: 0.91 | OG  F1: 1.00 | Masked F1: 0.92
Epoch 106
	| Avg Actor Loss: 0.0149 | Avg Critic Loss: 0.0008 
	| Avg Length: 3.2969 | Avg Reward: 0.9488 
	| Avg Length: 2.8178 | Avg Reward: 0.9578
	| OG  Acc: 1.00  | Masked Acc: 0.92 | OG  F1: 1.00 | Masked F1: 0.92
Epoch 107
	| Avg Actor Loss: 0.0166 | Avg Critic Loss: 0.0008 
	| Avg Length: 3.2695 | Avg Reward: 0.9453 
	| Avg Length: 2.8402 | Avg Reward: 0.9576
	| OG  Acc: 1.00  | Masked Acc: 0.92 | OG  F1: 1.00 | Masked F1: 0.92
Epoch 108
	| Avg Actor Loss: 0.0222 | Avg Critic Loss: 0.0008 
	| Avg Length: 3.1471 | Avg Reward: 0.9482 
	| Avg Length: 2.8350 | Avg Reward: 0.9584
	| OG  Acc: 1.00  | Masked Acc: 0.92 | OG  F1: 1.00 | Masked F1: 0.92
Epoch 109
	| Avg Actor Loss: 0.0147 | Avg Critic Loss: 0.0008 
	| Avg Length: 3.4102 | Avg Reward: 0.9499 
	| Avg Length: 2.9180 | Avg Reward: 0.9580
	| OG  Acc: 1.00  | Masked Acc: 0.92 | OG  F1: 1.00 | Masked F1: 0.93
Epoch 110
	| Avg Actor Loss: 0.0170 | Avg Critic Loss: 0.0008 
	| Avg Length: 3.7617 | Avg Reward: 0.9519 
	| Avg Length: 2.9486 | Avg Reward: 0.9581
	| OG  Acc: 1.00  | Masked Acc: 0.92 | OG  F1: 1.00 | Masked F1: 0.93
Epoch 111
	| Avg Actor Loss: 0.0184 | Avg Critic Loss: 0.0007 
	| Avg Length: 3.3047 | Avg Reward: 0.9517 
	| Avg Length: 2.9148 | Avg Reward: 0.9583
	| OG  Acc: 1.00  | Masked Acc: 0.92 | OG  F1: 1.00 | Masked F1: 0.93
Epoch 112
	| Avg Actor Loss: 0.0198 | Avg Critic Loss: 0.0007 
	| Avg Length: 3.7353 | Avg Reward: 0.9399 
	| Avg Length: 2.8748 | Avg Reward: 0.9589
	| OG  Acc: 1.00  | Masked Acc: 0.92 | OG  F1: 1.00 | Masked F1: 0.93
Epoch 113
	| Avg Actor Loss: 0.0259 | Avg Critic Loss: 0.0007 
	| Avg Length: 3.0156 | Avg Reward: 0.9485 
	| Avg Length: 2.8716 | Avg Reward: 0.9584
	| OG  Acc: 1.00  | Masked Acc: 0.92 | OG  F1: 1.00 | Masked F1: 0.93
Epoch 114
	| Avg Actor Loss: 0.0283 | Avg Critic Loss: 0.0007 
	| Avg Length: 3.2734 | Avg Reward: 0.9528 
	| Avg Length: 2.7936 | Avg Reward: 0.9591
	| OG  Acc: 1.00  | Masked Acc: 0.92 | OG  F1: 1.00 | Masked F1: 0.93
Epoch 115
	| Avg Actor Loss: 0.0320 | Avg Critic Loss: 0.0008 
	| Avg Length: 3.6055 | Avg Reward: 0.9473 
	| Avg Length: 2.8346 | Avg Reward: 0.9586
	| OG  Acc: 1.00  | Masked Acc: 0.92 | OG  F1: 1.00 | Masked F1: 0.93
Epoch 116
	| Avg Actor Loss: 0.0214 | Avg Critic Loss: 0.0007 
	| Avg Length: 4.2647 | Avg Reward: 0.9370 
	| Avg Length: 2.9162 | Avg Reward: 0.9586
	| OG  Acc: 1.00  | Masked Acc: 0.93 | OG  F1: 1.00 | Masked F1: 0.93
Epoch 117
	| Avg Actor Loss: 0.0179 | Avg Critic Loss: 0.0007 
	| Avg Length: 3.5625 | Avg Reward: 0.9499 
	| Avg Length: 2.9088 | Avg Reward: 0.9588
	| OG  Acc: 1.00  | Masked Acc: 0.93 | OG  F1: 1.00 | Masked F1: 0.93
Epoch 118
	| Avg Actor Loss: 0.0285 | Avg Critic Loss: 0.0007 
	| Avg Length: 3.4062 | Avg Reward: 0.9493 
	| Avg Length: 2.8354 | Avg Reward: 0.9583
	| OG  Acc: 1.00  | Masked Acc: 0.92 | OG  F1: 1.00 | Masked F1: 0.92
Epoch 119
	| Avg Actor Loss: 0.0206 | Avg Critic Loss: 0.0007 
	| Avg Length: 3.0078 | Avg Reward: 0.9558 
	| Avg Length: 2.8012 | Avg Reward: 0.9583
	| OG  Acc: 1.00  | Masked Acc: 0.92 | OG  F1: 1.00 | Masked F1: 0.92
Epoch 120
	| Avg Actor Loss: 0.0148 | Avg Critic Loss: 0.0007 
	| Avg Length: 3.3897 | Avg Reward: 0.9399 
	| Avg Length: 2.7974 | Avg Reward: 0.9579
	| OG  Acc: 1.00  | Masked Acc: 0.92 | OG  F1: 1.00 | Masked F1: 0.92
Epoch 121
	| Avg Actor Loss: 0.0178 | Avg Critic Loss: 0.0007 
	| Avg Length: 3.3320 | Avg Reward: 0.9502 
	| Avg Length: 2.7946 | Avg Reward: 0.9584
	| OG  Acc: 1.00  | Masked Acc: 0.92 | OG  F1: 1.00 | Masked F1: 0.92
Epoch 122
	| Avg Actor Loss: 0.0191 | Avg Critic Loss: 0.0008 
	| Avg Length: 3.5430 | Avg Reward: 0.9483 
	| Avg Length: 2.8010 | Avg Reward: 0.9589
	| OG  Acc: 1.00  | Masked Acc: 0.92 | OG  F1: 1.00 | Masked F1: 0.93
Epoch 123
	| Avg Actor Loss: 0.0271 | Avg Critic Loss: 0.0008 
	| Avg Length: 3.3906 | Avg Reward: 0.9467 
	| Avg Length: 2.8064 | Avg Reward: 0.9595
	| OG  Acc: 1.00  | Masked Acc: 0.92 | OG  F1: 1.00 | Masked F1: 0.93
Epoch 124
	| Avg Actor Loss: 0.0263 | Avg Critic Loss: 0.0007 
	| Avg Length: 3.1397 | Avg Reward: 0.9457 
	| Avg Length: 2.8714 | Avg Reward: 0.9596
	| OG  Acc: 1.00  | Masked Acc: 0.93 | OG  F1: 1.00 | Masked F1: 0.93
Epoch 125
	| Avg Actor Loss: 0.0247 | Avg Critic Loss: 0.0007 
	| Avg Length: 3.6211 | Avg Reward: 0.9388 
	| Avg Length: 2.8854 | Avg Reward: 0.9598
	| OG  Acc: 1.00  | Masked Acc: 0.93 | OG  F1: 1.00 | Masked F1: 0.93
Epoch 126
	| Avg Actor Loss: 0.0250 | Avg Critic Loss: 0.0007 
	| Avg Length: 3.6523 | Avg Reward: 0.9510 
	| Avg Length: 2.9030 | Avg Reward: 0.9593
	| OG  Acc: 1.00  | Masked Acc: 0.93 | OG  F1: 1.00 | Masked F1: 0.93
Epoch 127
	| Avg Actor Loss: 0.0164 | Avg Critic Loss: 0.0007 
	| Avg Length: 3.2852 | Avg Reward: 0.9511 
	| Avg Length: 2.9676 | Avg Reward: 0.9595
	| OG  Acc: 1.00  | Masked Acc: 0.93 | OG  F1: 1.00 | Masked F1: 0.94
Epoch 128
	| Avg Actor Loss: 0.0280 | Avg Critic Loss: 0.0008 
	| Avg Length: 3.2353 | Avg Reward: 0.9454 
	| Avg Length: 2.9258 | Avg Reward: 0.9595
	| OG  Acc: 1.00  | Masked Acc: 0.93 | OG  F1: 1.00 | Masked F1: 0.93
Epoch 129
	| Avg Actor Loss: 0.0228 | Avg Critic Loss: 0.0007 
	| Avg Length: 3.4688 | Avg Reward: 0.9549 
	| Avg Length: 2.8510 | Avg Reward: 0.9602
	| OG  Acc: 1.00  | Masked Acc: 0.93 | OG  F1: 1.00 | Masked F1: 0.93
Epoch 130
	| Avg Actor Loss: 0.0297 | Avg Critic Loss: 0.0007 
	| Avg Length: 3.5039 | Avg Reward: 0.9527 
	| Avg Length: 2.8080 | Avg Reward: 0.9599
	| OG  Acc: 1.00  | Masked Acc: 0.93 | OG  F1: 1.00 | Masked F1: 0.93
Epoch 131
	| Avg Actor Loss: 0.0253 | Avg Critic Loss: 0.0007 
	| Avg Length: 3.3789 | Avg Reward: 0.9492 
	| Avg Length: 2.8170 | Avg Reward: 0.9598
	| OG  Acc: 1.00  | Masked Acc: 0.93 | OG  F1: 1.00 | Masked F1: 0.93
Epoch 132
	| Avg Actor Loss: 0.0279 | Avg Critic Loss: 0.0007 
	| Avg Length: 3.3162 | Avg Reward: 0.9514 
	| Avg Length: 2.8704 | Avg Reward: 0.9602
	| OG  Acc: 1.00  | Masked Acc: 0.93 | OG  F1: 1.00 | Masked F1: 0.94
Epoch 133
	| Avg Actor Loss: 0.0219 | Avg Critic Loss: 0.0007 
	| Avg Length: 3.2617 | Avg Reward: 0.9529 
	| Avg Length: 2.8472 | Avg Reward: 0.9597
	| OG  Acc: 1.00  | Masked Acc: 0.93 | OG  F1: 1.00 | Masked F1: 0.93
Epoch 134
	| Avg Actor Loss: 0.0233 | Avg Critic Loss: 0.0007 
	| Avg Length: 3.2734 | Avg Reward: 0.9484 
	| Avg Length: 2.8294 | Avg Reward: 0.9601
	| OG  Acc: 1.00  | Masked Acc: 0.93 | OG  F1: 1.00 | Masked F1: 0.93
Epoch 135
	| Avg Actor Loss: 0.0209 | Avg Critic Loss: 0.0007 
	| Avg Length: 3.3945 | Avg Reward: 0.9567 
	| Avg Length: 2.8428 | Avg Reward: 0.9606
	| OG  Acc: 1.00  | Masked Acc: 0.93 | OG  F1: 1.00 | Masked F1: 0.93
Epoch 136
	| Avg Actor Loss: 0.0262 | Avg Critic Loss: 0.0007 
	| Avg Length: 3.2941 | Avg Reward: 0.9505 
	| Avg Length: 2.9976 | Avg Reward: 0.9600
	| OG  Acc: 1.00  | Masked Acc: 0.93 | OG  F1: 1.00 | Masked F1: 0.94
Epoch 137
	| Avg Actor Loss: 0.0295 | Avg Critic Loss: 0.0007 
	| Avg Length: 3.5195 | Avg Reward: 0.9527 
	| Avg Length: 2.9886 | Avg Reward: 0.9604
	| OG  Acc: 1.00  | Masked Acc: 0.94 | OG  F1: 1.00 | Masked F1: 0.94
Epoch 138
	| Avg Actor Loss: 0.0235 | Avg Critic Loss: 0.0007 
	| Avg Length: 3.5664 | Avg Reward: 0.9530 
	| Avg Length: 2.9738 | Avg Reward: 0.9604
	| OG  Acc: 1.00  | Masked Acc: 0.94 | OG  F1: 1.00 | Masked F1: 0.94
Epoch 139
	| Avg Actor Loss: 0.0250 | Avg Critic Loss: 0.0007 
	| Avg Length: 3.4922 | Avg Reward: 0.9434 
	| Avg Length: 3.0008 | Avg Reward: 0.9604
	| OG  Acc: 1.00  | Masked Acc: 0.94 | OG  F1: 1.00 | Masked F1: 0.94
Epoch 140
	| Avg Actor Loss: 0.0212 | Avg Critic Loss: 0.0007 
	| Avg Length: 2.9632 | Avg Reward: 0.9582 
	| Avg Length: 3.0618 | Avg Reward: 0.9602
	| OG  Acc: 1.00  | Masked Acc: 0.94 | OG  F1: 1.00 | Masked F1: 0.94
Epoch 141
	| Avg Actor Loss: 0.0208 | Avg Critic Loss: 0.0007 
	| Avg Length: 3.5156 | Avg Reward: 0.9514 
	| Avg Length: 3.0646 | Avg Reward: 0.9607
	| OG  Acc: 1.00  | Masked Acc: 0.94 | OG  F1: 1.00 | Masked F1: 0.94
Epoch 142
	| Avg Actor Loss: 0.0275 | Avg Critic Loss: 0.0007 
	| Avg Length: 3.4570 | Avg Reward: 0.9437 
	| Avg Length: 2.9842 | Avg Reward: 0.9602
	| OG  Acc: 1.00  | Masked Acc: 0.94 | OG  F1: 1.00 | Masked F1: 0.94
Epoch 143
	| Avg Actor Loss: 0.0261 | Avg Critic Loss: 0.0006 
	| Avg Length: 3.4648 | Avg Reward: 0.9458 
	| Avg Length: 2.9456 | Avg Reward: 0.9597
	| OG  Acc: 1.00  | Masked Acc: 0.93 | OG  F1: 1.00 | Masked F1: 0.93
Epoch 144
	| Avg Actor Loss: 0.0182 | Avg Critic Loss: 0.0006 
	| Avg Length: 3.0294 | Avg Reward: 0.9560 
	| Avg Length: 2.9802 | Avg Reward: 0.9607
	| OG  Acc: 1.00  | Masked Acc: 0.94 | OG  F1: 1.00 | Masked F1: 0.94
Epoch 145
	| Avg Actor Loss: 0.0210 | Avg Critic Loss: 0.0007 
	| Avg Length: 3.2539 | Avg Reward: 0.9501 
	| Avg Length: 2.9604 | Avg Reward: 0.9611
	| OG  Acc: 1.00  | Masked Acc: 0.94 | OG  F1: 1.00 | Masked F1: 0.94
Epoch 146
	| Avg Actor Loss: 0.0284 | Avg Critic Loss: 0.0007 
	| Avg Length: 3.3789 | Avg Reward: 0.9537 
	| Avg Length: 2.9868 | Avg Reward: 0.9607
	| OG  Acc: 1.00  | Masked Acc: 0.94 | OG  F1: 1.00 | Masked F1: 0.94
Epoch 147
	| Avg Actor Loss: 0.0266 | Avg Critic Loss: 0.0007 
	| Avg Length: 3.2266 | Avg Reward: 0.9541 
	| Avg Length: 2.9824 | Avg Reward: 0.9606
	| OG  Acc: 1.00  | Masked Acc: 0.94 | OG  F1: 1.00 | Masked F1: 0.94
Epoch 148
	| Avg Actor Loss: 0.0212 | Avg Critic Loss: 0.0006 
	| Avg Length: 3.6471 | Avg Reward: 0.9552 
	| Avg Length: 3.0126 | Avg Reward: 0.9608
	| OG  Acc: 1.00  | Masked Acc: 0.94 | OG  F1: 1.00 | Masked F1: 0.94
Epoch 149
	| Avg Actor Loss: 0.0284 | Avg Critic Loss: 0.0006 
	| Avg Length: 3.3242 | Avg Reward: 0.9536 
	| Avg Length: 3.0390 | Avg Reward: 0.9610
	| OG  Acc: 1.00  | Masked Acc: 0.94 | OG  F1: 1.00 | Masked F1: 0.95
Epoch 150
	| Avg Actor Loss: 0.0284 | Avg Critic Loss: 0.0007 
	| Avg Length: 3.7070 | Avg Reward: 0.9417 
	| Avg Length: 3.0288 | Avg Reward: 0.9609
	| OG  Acc: 1.00  | Masked Acc: 0.94 | OG  F1: 1.00 | Masked F1: 0.94
Epoch 151
	| Avg Actor Loss: 0.0237 | Avg Critic Loss: 0.0007 
	| Avg Length: 3.7422 | Avg Reward: 0.9468 
	| Avg Length: 3.0246 | Avg Reward: 0.9613
	| OG  Acc: 1.00  | Masked Acc: 0.94 | OG  F1: 1.00 | Masked F1: 0.94
Epoch 152
	| Avg Actor Loss: 0.0249 | Avg Critic Loss: 0.0006 
	| Avg Length: 3.5515 | Avg Reward: 0.9502 
	| Avg Length: 3.0446 | Avg Reward: 0.9610
	| OG  Acc: 1.00  | Masked Acc: 0.94 | OG  F1: 1.00 | Masked F1: 0.95
Epoch 153
	| Avg Actor Loss: 0.0286 | Avg Critic Loss: 0.0007 
	| Avg Length: 3.3555 | Avg Reward: 0.9521 
	| Avg Length: 3.0044 | Avg Reward: 0.9616
	| OG  Acc: 1.00  | Masked Acc: 0.94 | OG  F1: 1.00 | Masked F1: 0.94
Epoch 154
	| Avg Actor Loss: 0.0310 | Avg Critic Loss: 0.0006 
	| Avg Length: 3.3164 | Avg Reward: 0.9538 
	| Avg Length: 3.0046 | Avg Reward: 0.9620
	| OG  Acc: 1.00  | Masked Acc: 0.94 | OG  F1: 1.00 | Masked F1: 0.95
Epoch 155
	| Avg Actor Loss: 0.0236 | Avg Critic Loss: 0.0006 
	| Avg Length: 3.4531 | Avg Reward: 0.9563 
	| Avg Length: 3.0632 | Avg Reward: 0.9620
	| OG  Acc: 1.00  | Masked Acc: 0.95 | OG  F1: 1.00 | Masked F1: 0.95
Epoch 156
	| Avg Actor Loss: 0.0310 | Avg Critic Loss: 0.0007 
	| Avg Length: 3.4706 | Avg Reward: 0.9482 
	| Avg Length: 3.1114 | Avg Reward: 0.9623
	| OG  Acc: 1.00  | Masked Acc: 0.95 | OG  F1: 1.00 | Masked F1: 0.95
Epoch 157
	| Avg Actor Loss: 0.0211 | Avg Critic Loss: 0.0006 
	| Avg Length: 3.7852 | Avg Reward: 0.9494 
	| Avg Length: 3.1440 | Avg Reward: 0.9620
	| OG  Acc: 1.00  | Masked Acc: 0.95 | OG  F1: 1.00 | Masked F1: 0.95
Epoch 158
	| Avg Actor Loss: 0.0223 | Avg Critic Loss: 0.0006 
	| Avg Length: 3.7891 | Avg Reward: 0.9529 
	| Avg Length: 3.1408 | Avg Reward: 0.9618
	| OG  Acc: 1.00  | Masked Acc: 0.95 | OG  F1: 1.00 | Masked F1: 0.95
Epoch 159
	| Avg Actor Loss: 0.0185 | Avg Critic Loss: 0.0007 
	| Avg Length: 3.9453 | Avg Reward: 0.9486 
	| Avg Length: 3.1048 | Avg Reward: 0.9621
	| OG  Acc: 1.00  | Masked Acc: 0.95 | OG  F1: 1.00 | Masked F1: 0.95
Epoch 160
	| Avg Actor Loss: 0.0274 | Avg Critic Loss: 0.0006 
	| Avg Length: 4.3088 | Avg Reward: 0.9461 
	| Avg Length: 3.0802 | Avg Reward: 0.9619
	| OG  Acc: 1.00  | Masked Acc: 0.95 | OG  F1: 1.00 | Masked F1: 0.95
Epoch 161
	| Avg Actor Loss: 0.0212 | Avg Critic Loss: 0.0006 
	| Avg Length: 3.8398 | Avg Reward: 0.9562 
	| Avg Length: 3.0698 | Avg Reward: 0.9618
	| OG  Acc: 1.00  | Masked Acc: 0.95 | OG  F1: 1.00 | Masked F1: 0.95
Epoch 162
	| Avg Actor Loss: 0.0395 | Avg Critic Loss: 0.0006 
	| Avg Length: 3.4531 | Avg Reward: 0.9499 
	| Avg Length: 2.9902 | Avg Reward: 0.9618
	| OG  Acc: 1.00  | Masked Acc: 0.94 | OG  F1: 1.00 | Masked F1: 0.95
Epoch 163
	| Avg Actor Loss: 0.0237 | Avg Critic Loss: 0.0006 
	| Avg Length: 3.5117 | Avg Reward: 0.9576 
	| Avg Length: 2.9996 | Avg Reward: 0.9619
	| OG  Acc: 1.00  | Masked Acc: 0.94 | OG  F1: 1.00 | Masked F1: 0.95
Epoch 164
	| Avg Actor Loss: 0.0264 | Avg Critic Loss: 0.0007 
	| Avg Length: 3.7059 | Avg Reward: 0.9446 
	| Avg Length: 2.9740 | Avg Reward: 0.9612
	| OG  Acc: 1.00  | Masked Acc: 0.94 | OG  F1: 1.00 | Masked F1: 0.94
Epoch 165
	| Avg Actor Loss: 0.0211 | Avg Critic Loss: 0.0007 
	| Avg Length: 3.3906 | Avg Reward: 0.9458 
	| Avg Length: 3.0154 | Avg Reward: 0.9618
	| OG  Acc: 1.00  | Masked Acc: 0.94 | OG  F1: 1.00 | Masked F1: 0.95
Epoch 166
	| Avg Actor Loss: 0.0174 | Avg Critic Loss: 0.0006 
	| Avg Length: 3.4922 | Avg Reward: 0.9538 
	| Avg Length: 3.0172 | Avg Reward: 0.9621
	| OG  Acc: 1.00  | Masked Acc: 0.95 | OG  F1: 1.00 | Masked F1: 0.95
Epoch 167
	| Avg Actor Loss: 0.0256 | Avg Critic Loss: 0.0007 
	| Avg Length: 3.7188 | Avg Reward: 0.9474 
	| Avg Length: 3.0262 | Avg Reward: 0.9619
	| OG  Acc: 1.00  | Masked Acc: 0.94 | OG  F1: 1.00 | Masked F1: 0.95
Epoch 168
	| Avg Actor Loss: 0.0292 | Avg Critic Loss: 0.0007 
	| Avg Length: 4.1397 | Avg Reward: 0.9449 
	| Avg Length: 3.0960 | Avg Reward: 0.9613
	| OG  Acc: 1.00  | Masked Acc: 0.95 | OG  F1: 1.00 | Masked F1: 0.95
Epoch 169
	| Avg Actor Loss: 0.0200 | Avg Critic Loss: 0.0006 
	| Avg Length: 3.4375 | Avg Reward: 0.9527 
	| Avg Length: 3.1016 | Avg Reward: 0.9617
	| OG  Acc: 1.00  | Masked Acc: 0.95 | OG  F1: 1.00 | Masked F1: 0.95
Epoch 170
	| Avg Actor Loss: 0.0218 | Avg Critic Loss: 0.0006 
	| Avg Length: 4.1367 | Avg Reward: 0.9461 
	| Avg Length: 3.0802 | Avg Reward: 0.9620
	| OG  Acc: 1.00  | Masked Acc: 0.95 | OG  F1: 1.00 | Masked F1: 0.95
Epoch 171
	| Avg Actor Loss: 0.0287 | Avg Critic Loss: 0.0006 
	| Avg Length: 3.4375 | Avg Reward: 0.9494 
	| Avg Length: 3.0850 | Avg Reward: 0.9623
	| OG  Acc: 1.00  | Masked Acc: 0.95 | OG  F1: 1.00 | Masked F1: 0.95
Epoch 172
	| Avg Actor Loss: 0.0284 | Avg Critic Loss: 0.0006 
	| Avg Length: 3.7132 | Avg Reward: 0.9506 
	| Avg Length: 3.0356 | Avg Reward: 0.9619
	| OG  Acc: 1.00  | Masked Acc: 0.95 | OG  F1: 1.00 | Masked F1: 0.95
Epoch 173
	| Avg Actor Loss: 0.0228 | Avg Critic Loss: 0.0007 
	| Avg Length: 3.2656 | Avg Reward: 0.9578 
	| Avg Length: 3.0774 | Avg Reward: 0.9621
	| OG  Acc: 1.00  | Masked Acc: 0.95 | OG  F1: 1.00 | Masked F1: 0.95
Epoch 174
	| Avg Actor Loss: 0.0250 | Avg Critic Loss: 0.0007 
	| Avg Length: 3.8516 | Avg Reward: 0.9519 
	| Avg Length: 3.0802 | Avg Reward: 0.9625
	| OG  Acc: 1.00  | Masked Acc: 0.95 | OG  F1: 1.00 | Masked F1: 0.95
Epoch 175
	| Avg Actor Loss: 0.0193 | Avg Critic Loss: 0.0006 
	| Avg Length: 3.8633 | Avg Reward: 0.9525 
	| Avg Length: 3.1240 | Avg Reward: 0.9626
	| OG  Acc: 1.00  | Masked Acc: 0.95 | OG  F1: 1.00 | Masked F1: 0.95
Epoch 176
	| Avg Actor Loss: 0.0240 | Avg Critic Loss: 0.0006 
	| Avg Length: 3.5000 | Avg Reward: 0.9395 
	| Avg Length: 3.1056 | Avg Reward: 0.9624
	| OG  Acc: 1.00  | Masked Acc: 0.95 | OG  F1: 1.00 | Masked F1: 0.95
Epoch 177
	| Avg Actor Loss: 0.0147 | Avg Critic Loss: 0.0006 
	| Avg Length: 4.2891 | Avg Reward: 0.9480 
	| Avg Length: 3.1028 | Avg Reward: 0.9625
	| OG  Acc: 1.00  | Masked Acc: 0.95 | OG  F1: 1.00 | Masked F1: 0.95
Epoch 178
	| Avg Actor Loss: 0.0319 | Avg Critic Loss: 0.0007 
	| Avg Length: 3.4141 | Avg Reward: 0.9471 
	| Avg Length: 3.1220 | Avg Reward: 0.9620
	| OG  Acc: 1.00  | Masked Acc: 0.95 | OG  F1: 1.00 | Masked F1: 0.95
Epoch 179
	| Avg Actor Loss: 0.0239 | Avg Critic Loss: 0.0006 
	| Avg Length: 3.2734 | Avg Reward: 0.9510 
	| Avg Length: 3.0916 | Avg Reward: 0.9620
	| OG  Acc: 1.00  | Masked Acc: 0.95 | OG  F1: 1.00 | Masked F1: 0.95
Epoch 180
	| Avg Actor Loss: 0.0237 | Avg Critic Loss: 0.0006 
	| Avg Length: 3.5147 | Avg Reward: 0.9543 
	| Avg Length: 3.0616 | Avg Reward: 0.9620
	| OG  Acc: 1.00  | Masked Acc: 0.95 | OG  F1: 1.00 | Masked F1: 0.95
Epoch 181
	| Avg Actor Loss: 0.0238 | Avg Critic Loss: 0.0007 
	| Avg Length: 2.9180 | Avg Reward: 0.9508 
	| Avg Length: 3.0664 | Avg Reward: 0.9621
	| OG  Acc: 1.00  | Masked Acc: 0.95 | OG  F1: 1.00 | Masked F1: 0.95
Epoch 182
	| Avg Actor Loss: 0.0364 | Avg Critic Loss: 0.0007 
	| Avg Length: 3.2539 | Avg Reward: 0.9527 
	| Avg Length: 3.1226 | Avg Reward: 0.9622
	| OG  Acc: 1.00  | Masked Acc: 0.95 | OG  F1: 1.00 | Masked F1: 0.95
Epoch 183
	| Avg Actor Loss: 0.0246 | Avg Critic Loss: 0.0006 
	| Avg Length: 3.8828 | Avg Reward: 0.9525 
	| Avg Length: 3.1010 | Avg Reward: 0.9625
	| OG  Acc: 1.00  | Masked Acc: 0.95 | OG  F1: 1.00 | Masked F1: 0.95
Epoch 184
	| Avg Actor Loss: 0.0290 | Avg Critic Loss: 0.0006 
	| Avg Length: 3.7721 | Avg Reward: 0.9556 
	| Avg Length: 3.0950 | Avg Reward: 0.9625
	| OG  Acc: 1.00  | Masked Acc: 0.95 | OG  F1: 1.00 | Masked F1: 0.95
Epoch 185
	| Avg Actor Loss: 0.0188 | Avg Critic Loss: 0.0006 
	| Avg Length: 3.6133 | Avg Reward: 0.9586 
	| Avg Length: 3.1080 | Avg Reward: 0.9627
	| OG  Acc: 1.00  | Masked Acc: 0.95 | OG  F1: 1.00 | Masked F1: 0.95
Epoch 186
	| Avg Actor Loss: 0.0281 | Avg Critic Loss: 0.0006 
	| Avg Length: 3.8555 | Avg Reward: 0.9509 
	| Avg Length: 3.1292 | Avg Reward: 0.9629
	| OG  Acc: 1.00  | Masked Acc: 0.95 | OG  F1: 1.00 | Masked F1: 0.96
Epoch 187
	| Avg Actor Loss: 0.0273 | Avg Critic Loss: 0.0006 
	| Avg Length: 3.6523 | Avg Reward: 0.9584 
	| Avg Length: 3.0470 | Avg Reward: 0.9625
	| OG  Acc: 1.00  | Masked Acc: 0.95 | OG  F1: 1.00 | Masked F1: 0.95
Epoch 188
	| Avg Actor Loss: 0.0323 | Avg Critic Loss: 0.0007 
	| Avg Length: 3.4044 | Avg Reward: 0.9557 
	| Avg Length: 3.0586 | Avg Reward: 0.9624
	| OG  Acc: 1.00  | Masked Acc: 0.95 | OG  F1: 1.00 | Masked F1: 0.95
Epoch 189
	| Avg Actor Loss: 0.0235 | Avg Critic Loss: 0.0006 
	| Avg Length: 4.0391 | Avg Reward: 0.9486 
	| Avg Length: 3.0710 | Avg Reward: 0.9627
	| OG  Acc: 1.00  | Masked Acc: 0.95 | OG  F1: 1.00 | Masked F1: 0.95
Epoch 190
	| Avg Actor Loss: 0.0268 | Avg Critic Loss: 0.0006 
	| Avg Length: 3.3477 | Avg Reward: 0.9605 
	| Avg Length: 3.0548 | Avg Reward: 0.9626
	| OG  Acc: 1.00  | Masked Acc: 0.95 | OG  F1: 1.00 | Masked F1: 0.95
Epoch 191
	| Avg Actor Loss: 0.0222 | Avg Critic Loss: 0.0007 
	| Avg Length: 3.5312 | Avg Reward: 0.9519 
	| Avg Length: 3.0640 | Avg Reward: 0.9630
	| OG  Acc: 1.00  | Masked Acc: 0.95 | OG  F1: 1.00 | Masked F1: 0.95
Epoch 192
	| Avg Actor Loss: 0.0237 | Avg Critic Loss: 0.0007 
	| Avg Length: 3.3235 | Avg Reward: 0.9543 
	| Avg Length: 3.1024 | Avg Reward: 0.9627
	| OG  Acc: 1.00  | Masked Acc: 0.95 | OG  F1: 1.00 | Masked F1: 0.95
Epoch 193
	| Avg Actor Loss: 0.0238 | Avg Critic Loss: 0.0006 
	| Avg Length: 3.5938 | Avg Reward: 0.9605 
	| Avg Length: 3.0768 | Avg Reward: 0.9627
	| OG  Acc: 1.00  | Masked Acc: 0.95 | OG  F1: 1.00 | Masked F1: 0.95
Epoch 194
	| Avg Actor Loss: 0.0244 | Avg Critic Loss: 0.0006 
	| Avg Length: 3.8125 | Avg Reward: 0.9575 
	| Avg Length: 3.1112 | Avg Reward: 0.9625
	| OG  Acc: 1.00  | Masked Acc: 0.95 | OG  F1: 1.00 | Masked F1: 0.95
Epoch 195
	| Avg Actor Loss: 0.0391 | Avg Critic Loss: 0.0006 
	| Avg Length: 3.2227 | Avg Reward: 0.9548 
	| Avg Length: 3.1202 | Avg Reward: 0.9626
	| OG  Acc: 1.00  | Masked Acc: 0.95 | OG  F1: 1.00 | Masked F1: 0.96
Epoch 196
	| Avg Actor Loss: 0.0283 | Avg Critic Loss: 0.0006 
	| Avg Length: 3.1397 | Avg Reward: 0.9567 
	| Avg Length: 3.1248 | Avg Reward: 0.9626
	| OG  Acc: 1.00  | Masked Acc: 0.95 | OG  F1: 1.00 | Masked F1: 0.95
Epoch 197
	| Avg Actor Loss: 0.0219 | Avg Critic Loss: 0.0006 
	| Avg Length: 3.7500 | Avg Reward: 0.9568 
	| Avg Length: 3.1254 | Avg Reward: 0.9627
	| OG  Acc: 1.00  | Masked Acc: 0.95 | OG  F1: 1.00 | Masked F1: 0.96
Epoch 198
	| Avg Actor Loss: 0.0192 | Avg Critic Loss: 0.0007 
	| Avg Length: 3.6914 | Avg Reward: 0.9513 
	| Avg Length: 3.1052 | Avg Reward: 0.9626
	| OG  Acc: 1.00  | Masked Acc: 0.95 | OG  F1: 1.00 | Masked F1: 0.95
Epoch 199
	| Avg Actor Loss: 0.0288 | Avg Critic Loss: 0.0006 
	| Avg Length: 3.4727 | Avg Reward: 0.9532 
	| Avg Length: 3.1522 | Avg Reward: 0.9627
	| OG  Acc: 1.00  | Masked Acc: 0.95 | OG  F1: 1.00 | Masked F1: 0.95
Epoch 200
	| Avg Actor Loss: 0.0354 | Avg Critic Loss: 0.0006 
	| Avg Length: 3.7206 | Avg Reward: 0.9442 
	| Avg Length: 3.1414 | Avg Reward: 0.9627
	| OG  Acc: 1.00  | Masked Acc: 0.95 | OG  F1: 1.00 | Masked F1: 0.95
