Epoch 01
	| Avg Actor Loss: -0.0111 | Avg Critic Loss: 0.0290 
	| Avg Length: 2.2539 | Avg Reward: 0.7087 
	| Avg Length: 1.0000 | Avg Reward: 0.6878
	| OG  Acc: 1.00  | Masked Acc: 0.49 | OG  F1: 1.00 | Masked F1: 0.64
Epoch 02
	| Avg Actor Loss: -0.0081 | Avg Critic Loss: 0.0147 
	| Avg Length: 2.2578 | Avg Reward: 0.6888 
	| Avg Length: 1.0000 | Avg Reward: 0.6902
	| OG  Acc: 1.00  | Masked Acc: 0.49 | OG  F1: 1.00 | Masked F1: 0.65
Epoch 03
	| Avg Actor Loss: -0.0129 | Avg Critic Loss: 0.0121 
	| Avg Length: 2.3203 | Avg Reward: 0.7172 
	| Avg Length: 1.0000 | Avg Reward: 0.7132
	| OG  Acc: 1.00  | Masked Acc: 0.53 | OG  F1: 1.00 | Masked F1: 0.68
Epoch 04
	| Avg Actor Loss: -0.0105 | Avg Critic Loss: 0.0110 
	| Avg Length: 2.3015 | Avg Reward: 0.7246 
	| Avg Length: 1.0000 | Avg Reward: 0.7109
	| OG  Acc: 1.00  | Masked Acc: 0.53 | OG  F1: 1.00 | Masked F1: 0.68
Epoch 05
	| Avg Actor Loss: -0.0129 | Avg Critic Loss: 0.0110 
	| Avg Length: 2.0469 | Avg Reward: 0.6734 
	| Avg Length: 1.0000 | Avg Reward: 0.7142
	| OG  Acc: 1.00  | Masked Acc: 0.53 | OG  F1: 1.00 | Masked F1: 0.68
Epoch 06
	| Avg Actor Loss: -0.0131 | Avg Critic Loss: 0.0111 
	| Avg Length: 2.1523 | Avg Reward: 0.6878 
	| Avg Length: 1.0000 | Avg Reward: 0.7092
	| OG  Acc: 1.00  | Masked Acc: 0.53 | OG  F1: 1.00 | Masked F1: 0.68
Epoch 07
	| Avg Actor Loss: -0.0189 | Avg Critic Loss: 0.0101 
	| Avg Length: 2.1094 | Avg Reward: 0.6825 
	| Avg Length: 1.0000 | Avg Reward: 0.7130
	| OG  Acc: 1.00  | Masked Acc: 0.53 | OG  F1: 1.00 | Masked F1: 0.68
Epoch 08
	| Avg Actor Loss: -0.0149 | Avg Critic Loss: 0.0102 
	| Avg Length: 2.2059 | Avg Reward: 0.7074 
	| Avg Length: 1.0000 | Avg Reward: 0.7179
	| OG  Acc: 1.00  | Masked Acc: 0.54 | OG  F1: 1.00 | Masked F1: 0.68
Epoch 09
	| Avg Actor Loss: -0.0143 | Avg Critic Loss: 0.0109 
	| Avg Length: 1.8984 | Avg Reward: 0.7096 
	| Avg Length: 1.0000 | Avg Reward: 0.7160
	| OG  Acc: 1.00  | Masked Acc: 0.54 | OG  F1: 1.00 | Masked F1: 0.68
Epoch 10
	| Avg Actor Loss: -0.0181 | Avg Critic Loss: 0.0102 
	| Avg Length: 2.0039 | Avg Reward: 0.7183 
	| Avg Length: 1.0000 | Avg Reward: 0.7283
	| OG  Acc: 1.00  | Masked Acc: 0.56 | OG  F1: 1.00 | Masked F1: 0.69
Epoch 11
	| Avg Actor Loss: -0.0155 | Avg Critic Loss: 0.0112 
	| Avg Length: 1.8984 | Avg Reward: 0.7024 
	| Avg Length: 1.0000 | Avg Reward: 0.7300
	| OG  Acc: 1.00  | Masked Acc: 0.56 | OG  F1: 1.00 | Masked F1: 0.69
Epoch 12
	| Avg Actor Loss: -0.0175 | Avg Critic Loss: 0.0110 
	| Avg Length: 2.2794 | Avg Reward: 0.7108 
	| Avg Length: 1.0014 | Avg Reward: 0.7368
	| OG  Acc: 1.00  | Masked Acc: 0.57 | OG  F1: 1.00 | Masked F1: 0.70
Epoch 13
	| Avg Actor Loss: -0.0159 | Avg Critic Loss: 0.0106 
	| Avg Length: 2.1602 | Avg Reward: 0.7082 
	| Avg Length: 1.0454 | Avg Reward: 0.7365
	| OG  Acc: 1.00  | Masked Acc: 0.57 | OG  F1: 1.00 | Masked F1: 0.70
Epoch 14
	| Avg Actor Loss: -0.0179 | Avg Critic Loss: 0.0109 
	| Avg Length: 2.2617 | Avg Reward: 0.7078 
	| Avg Length: 1.2070 | Avg Reward: 0.7455
	| OG  Acc: 1.00  | Masked Acc: 0.59 | OG  F1: 1.00 | Masked F1: 0.71
Epoch 15
	| Avg Actor Loss: -0.0189 | Avg Critic Loss: 0.0117 
	| Avg Length: 2.3750 | Avg Reward: 0.7156 
	| Avg Length: 1.3082 | Avg Reward: 0.7519
	| OG  Acc: 1.00  | Masked Acc: 0.60 | OG  F1: 1.00 | Masked F1: 0.71
Epoch 16
	| Avg Actor Loss: -0.0170 | Avg Critic Loss: 0.0116 
	| Avg Length: 2.4044 | Avg Reward: 0.7007 
	| Avg Length: 1.3716 | Avg Reward: 0.7571
	| OG  Acc: 1.00  | Masked Acc: 0.61 | OG  F1: 1.00 | Masked F1: 0.72
Epoch 17
	| Avg Actor Loss: -0.0194 | Avg Critic Loss: 0.0123 
	| Avg Length: 2.6328 | Avg Reward: 0.7465 
	| Avg Length: 1.3872 | Avg Reward: 0.7605
	| OG  Acc: 1.00  | Masked Acc: 0.61 | OG  F1: 1.00 | Masked F1: 0.72
Epoch 18
	| Avg Actor Loss: -0.0184 | Avg Critic Loss: 0.0123 
	| Avg Length: 2.6914 | Avg Reward: 0.7326 
	| Avg Length: 1.4396 | Avg Reward: 0.7737
	| OG  Acc: 1.00  | Masked Acc: 0.64 | OG  F1: 1.00 | Masked F1: 0.73
Epoch 19
	| Avg Actor Loss: -0.0197 | Avg Critic Loss: 0.0125 
	| Avg Length: 2.3125 | Avg Reward: 0.7392 
	| Avg Length: 1.5826 | Avg Reward: 0.7963
	| OG  Acc: 1.00  | Masked Acc: 0.68 | OG  F1: 1.00 | Masked F1: 0.76
Epoch 20
	| Avg Actor Loss: -0.0213 | Avg Critic Loss: 0.0143 
	| Avg Length: 3.1544 | Avg Reward: 0.7218 
	| Avg Length: 1.6814 | Avg Reward: 0.8064
	| OG  Acc: 1.00  | Masked Acc: 0.70 | OG  F1: 1.00 | Masked F1: 0.77
Epoch 21
	| Avg Actor Loss: -0.0250 | Avg Critic Loss: 0.0141 
	| Avg Length: 3.1016 | Avg Reward: 0.7277 
	| Avg Length: 1.7688 | Avg Reward: 0.8083
	| OG  Acc: 1.00  | Masked Acc: 0.70 | OG  F1: 1.00 | Masked F1: 0.77
Epoch 22
	| Avg Actor Loss: -0.0217 | Avg Critic Loss: 0.0147 
	| Avg Length: 3.2109 | Avg Reward: 0.7485 
	| Avg Length: 1.8426 | Avg Reward: 0.8076
	| OG  Acc: 1.00  | Masked Acc: 0.70 | OG  F1: 1.00 | Masked F1: 0.77
Epoch 23
	| Avg Actor Loss: -0.0211 | Avg Critic Loss: 0.0153 
	| Avg Length: 2.9961 | Avg Reward: 0.7568 
	| Avg Length: 1.9614 | Avg Reward: 0.8165
	| OG  Acc: 1.00  | Masked Acc: 0.71 | OG  F1: 1.00 | Masked F1: 0.78
Epoch 24
	| Avg Actor Loss: -0.0250 | Avg Critic Loss: 0.0160 
	| Avg Length: 3.2500 | Avg Reward: 0.7550 
	| Avg Length: 2.0422 | Avg Reward: 0.8177
	| OG  Acc: 1.00  | Masked Acc: 0.72 | OG  F1: 1.00 | Masked F1: 0.78
Epoch 25
	| Avg Actor Loss: -0.0231 | Avg Critic Loss: 0.0163 
	| Avg Length: 3.3398 | Avg Reward: 0.7759 
	| Avg Length: 2.1386 | Avg Reward: 0.8224
	| OG  Acc: 1.00  | Masked Acc: 0.73 | OG  F1: 1.00 | Masked F1: 0.79
Epoch 26
	| Avg Actor Loss: -0.0239 | Avg Critic Loss: 0.0161 
	| Avg Length: 3.3984 | Avg Reward: 0.8000 
	| Avg Length: 2.2992 | Avg Reward: 0.8247
	| OG  Acc: 1.00  | Masked Acc: 0.73 | OG  F1: 1.00 | Masked F1: 0.79
Epoch 27
	| Avg Actor Loss: -0.0277 | Avg Critic Loss: 0.0168 
	| Avg Length: 3.6445 | Avg Reward: 0.7631 
	| Avg Length: 2.5716 | Avg Reward: 0.8304
	| OG  Acc: 1.00  | Masked Acc: 0.74 | OG  F1: 1.00 | Masked F1: 0.80
Epoch 28
	| Avg Actor Loss: -0.0259 | Avg Critic Loss: 0.0168 
	| Avg Length: 3.6250 | Avg Reward: 0.8047 
	| Avg Length: 2.6936 | Avg Reward: 0.8320
	| OG  Acc: 1.00  | Masked Acc: 0.75 | OG  F1: 1.00 | Masked F1: 0.80
Epoch 29
	| Avg Actor Loss: -0.0240 | Avg Critic Loss: 0.0173 
	| Avg Length: 4.0234 | Avg Reward: 0.8025 
	| Avg Length: 2.8820 | Avg Reward: 0.8402
	| OG  Acc: 1.00  | Masked Acc: 0.76 | OG  F1: 1.00 | Masked F1: 0.81
Epoch 30
	| Avg Actor Loss: -0.0200 | Avg Critic Loss: 0.0168 
	| Avg Length: 4.7266 | Avg Reward: 0.7961 
	| Avg Length: 3.1646 | Avg Reward: 0.8467
	| OG  Acc: 1.00  | Masked Acc: 0.78 | OG  F1: 1.00 | Masked F1: 0.82
Epoch 31
	| Avg Actor Loss: -0.0263 | Avg Critic Loss: 0.0163 
	| Avg Length: 5.1133 | Avg Reward: 0.8266 
	| Avg Length: 3.4150 | Avg Reward: 0.8507
	| OG  Acc: 1.00  | Masked Acc: 0.79 | OG  F1: 1.00 | Masked F1: 0.82
Epoch 32
	| Avg Actor Loss: -0.0171 | Avg Critic Loss: 0.0153 
	| Avg Length: 4.2353 | Avg Reward: 0.8451 
	| Avg Length: 3.6668 | Avg Reward: 0.8603
	| OG  Acc: 1.00  | Masked Acc: 0.80 | OG  F1: 1.00 | Masked F1: 0.83
Epoch 33
	| Avg Actor Loss: -0.0188 | Avg Critic Loss: 0.0149 
	| Avg Length: 5.3906 | Avg Reward: 0.8396 
	| Avg Length: 3.9502 | Avg Reward: 0.8672
	| OG  Acc: 1.00  | Masked Acc: 0.82 | OG  F1: 1.00 | Masked F1: 0.84
Epoch 34
	| Avg Actor Loss: -0.0199 | Avg Critic Loss: 0.0143 
	| Avg Length: 5.2812 | Avg Reward: 0.8418 
	| Avg Length: 4.3082 | Avg Reward: 0.8739
	| OG  Acc: 1.00  | Masked Acc: 0.83 | OG  F1: 1.00 | Masked F1: 0.85
Epoch 35
	| Avg Actor Loss: -0.0132 | Avg Critic Loss: 0.0143 
	| Avg Length: 5.8750 | Avg Reward: 0.8205 
	| Avg Length: 4.6948 | Avg Reward: 0.8842
	| OG  Acc: 1.00  | Masked Acc: 0.85 | OG  F1: 1.00 | Masked F1: 0.87
Epoch 36
	| Avg Actor Loss: 0.0023 | Avg Critic Loss: 0.0131 
	| Avg Length: 6.1912 | Avg Reward: 0.8579 
	| Avg Length: 5.0706 | Avg Reward: 0.8833
	| OG  Acc: 1.00  | Masked Acc: 0.85 | OG  F1: 1.00 | Masked F1: 0.87
Epoch 37
	| Avg Actor Loss: -0.0233 | Avg Critic Loss: 0.0142 
	| Avg Length: 5.9688 | Avg Reward: 0.8609 
	| Avg Length: 5.2864 | Avg Reward: 0.8941
	| OG  Acc: 1.00  | Masked Acc: 0.87 | OG  F1: 1.00 | Masked F1: 0.89
Epoch 38
	| Avg Actor Loss: -0.0173 | Avg Critic Loss: 0.0129 
	| Avg Length: 6.7734 | Avg Reward: 0.8823 
	| Avg Length: 5.7456 | Avg Reward: 0.9047
	| OG  Acc: 1.00  | Masked Acc: 0.89 | OG  F1: 1.00 | Masked F1: 0.90
Epoch 39
	| Avg Actor Loss: -0.0139 | Avg Critic Loss: 0.0128 
	| Avg Length: 7.8750 | Avg Reward: 0.8773 
	| Avg Length: 5.9610 | Avg Reward: 0.9134
	| OG  Acc: 1.00  | Masked Acc: 0.91 | OG  F1: 1.00 | Masked F1: 0.92
Epoch 40
	| Avg Actor Loss: -0.0073 | Avg Critic Loss: 0.0117 
	| Avg Length: 7.3456 | Avg Reward: 0.8923 
	| Avg Length: 6.2006 | Avg Reward: 0.9172
	| OG  Acc: 1.00  | Masked Acc: 0.92 | OG  F1: 1.00 | Masked F1: 0.93
Epoch 41
	| Avg Actor Loss: -0.0121 | Avg Critic Loss: 0.0114 
	| Avg Length: 8.0312 | Avg Reward: 0.8732 
	| Avg Length: 6.6390 | Avg Reward: 0.9234
	| OG  Acc: 1.00  | Masked Acc: 0.93 | OG  F1: 1.00 | Masked F1: 0.94
Epoch 42
	| Avg Actor Loss: -0.0056 | Avg Critic Loss: 0.0108 
	| Avg Length: 8.1055 | Avg Reward: 0.8961 
	| Avg Length: 6.9282 | Avg Reward: 0.9284
	| OG  Acc: 1.00  | Masked Acc: 0.94 | OG  F1: 1.00 | Masked F1: 0.94
Epoch 43
	| Avg Actor Loss: -0.0009 | Avg Critic Loss: 0.0100 
	| Avg Length: 9.2383 | Avg Reward: 0.8819 
	| Avg Length: 7.6446 | Avg Reward: 0.9318
	| OG  Acc: 1.00  | Masked Acc: 0.95 | OG  F1: 1.00 | Masked F1: 0.96
Epoch 44
	| Avg Actor Loss: -0.0029 | Avg Critic Loss: 0.0093 
	| Avg Length: 10.4853 | Avg Reward: 0.8942 
	| Avg Length: 8.0994 | Avg Reward: 0.9344
	| OG  Acc: 1.00  | Masked Acc: 0.96 | OG  F1: 1.00 | Masked F1: 0.96
Epoch 45
	| Avg Actor Loss: 0.0080 | Avg Critic Loss: 0.0079 
	| Avg Length: 8.8789 | Avg Reward: 0.9134 
	| Avg Length: 8.5364 | Avg Reward: 0.9366
	| OG  Acc: 1.00  | Masked Acc: 0.97 | OG  F1: 1.00 | Masked F1: 0.97
Epoch 46
	| Avg Actor Loss: 0.0030 | Avg Critic Loss: 0.0078 
	| Avg Length: 10.3516 | Avg Reward: 0.9016 
	| Avg Length: 9.0348 | Avg Reward: 0.9394
	| OG  Acc: 1.00  | Masked Acc: 0.97 | OG  F1: 1.00 | Masked F1: 0.97
Epoch 47
	| Avg Actor Loss: 0.0022 | Avg Critic Loss: 0.0072 
	| Avg Length: 10.6680 | Avg Reward: 0.9114 
	| Avg Length: 9.2050 | Avg Reward: 0.9402
	| OG  Acc: 1.00  | Masked Acc: 0.98 | OG  F1: 1.00 | Masked F1: 0.98
Epoch 48
	| Avg Actor Loss: 0.0167 | Avg Critic Loss: 0.0063 
	| Avg Length: 11.0368 | Avg Reward: 0.9118 
	| Avg Length: 9.1516 | Avg Reward: 0.9404
	| OG  Acc: 1.00  | Masked Acc: 0.98 | OG  F1: 1.00 | Masked F1: 0.98
Epoch 49
	| Avg Actor Loss: 0.0044 | Avg Critic Loss: 0.0068 
	| Avg Length: 11.0664 | Avg Reward: 0.9184 
	| Avg Length: 9.6028 | Avg Reward: 0.9408
	| OG  Acc: 1.00  | Masked Acc: 0.98 | OG  F1: 1.00 | Masked F1: 0.98
Epoch 50
	| Avg Actor Loss: 0.0080 | Avg Critic Loss: 0.0062 
	| Avg Length: 11.2852 | Avg Reward: 0.9213 
	| Avg Length: 9.8782 | Avg Reward: 0.9419
	| OG  Acc: 1.00  | Masked Acc: 0.98 | OG  F1: 1.00 | Masked F1: 0.98
Epoch 51
	| Avg Actor Loss: 0.0078 | Avg Critic Loss: 0.0058 
	| Avg Length: 11.7578 | Avg Reward: 0.9173 
	| Avg Length: 10.0472 | Avg Reward: 0.9412
	| OG  Acc: 1.00  | Masked Acc: 0.98 | OG  F1: 1.00 | Masked F1: 0.98
Epoch 52
	| Avg Actor Loss: 0.0079 | Avg Critic Loss: 0.0054 
	| Avg Length: 10.5882 | Avg Reward: 0.8939 
	| Avg Length: 10.2220 | Avg Reward: 0.9423
	| OG  Acc: 1.00  | Masked Acc: 0.99 | OG  F1: 1.00 | Masked F1: 0.99
Epoch 53
	| Avg Actor Loss: 0.0034 | Avg Critic Loss: 0.0049 
	| Avg Length: 12.1836 | Avg Reward: 0.9085 
	| Avg Length: 10.2776 | Avg Reward: 0.9431
	| OG  Acc: 1.00  | Masked Acc: 0.99 | OG  F1: 1.00 | Masked F1: 0.99
Epoch 54
	| Avg Actor Loss: 0.0137 | Avg Critic Loss: 0.0051 
	| Avg Length: 12.3984 | Avg Reward: 0.9161 
	| Avg Length: 10.3696 | Avg Reward: 0.9436
	| OG  Acc: 1.00  | Masked Acc: 0.99 | OG  F1: 1.00 | Masked F1: 0.99
Epoch 55
	| Avg Actor Loss: 0.0082 | Avg Critic Loss: 0.0045 
	| Avg Length: 11.7773 | Avg Reward: 0.9203 
	| Avg Length: 10.4436 | Avg Reward: 0.9430
	| OG  Acc: 1.00  | Masked Acc: 0.99 | OG  F1: 1.00 | Masked F1: 0.99
Epoch 56
	| Avg Actor Loss: 0.0045 | Avg Critic Loss: 0.0043 
	| Avg Length: 11.1618 | Avg Reward: 0.9319 
	| Avg Length: 10.5500 | Avg Reward: 0.9432
	| OG  Acc: 1.00  | Masked Acc: 0.99 | OG  F1: 1.00 | Masked F1: 0.99
Epoch 57
	| Avg Actor Loss: 0.0111 | Avg Critic Loss: 0.0042 
	| Avg Length: 13.0781 | Avg Reward: 0.9143 
	| Avg Length: 10.7796 | Avg Reward: 0.9425
	| OG  Acc: 1.00  | Masked Acc: 0.99 | OG  F1: 1.00 | Masked F1: 0.99
Epoch 58
	| Avg Actor Loss: 0.0034 | Avg Critic Loss: 0.0043 
	| Avg Length: 10.9141 | Avg Reward: 0.9350 
	| Avg Length: 10.7732 | Avg Reward: 0.9429
	| OG  Acc: 1.00  | Masked Acc: 0.99 | OG  F1: 1.00 | Masked F1: 0.99
Epoch 59
	| Avg Actor Loss: 0.0025 | Avg Critic Loss: 0.0042 
	| Avg Length: 12.7656 | Avg Reward: 0.9146 
	| Avg Length: 10.9120 | Avg Reward: 0.9422
	| OG  Acc: 1.00  | Masked Acc: 0.99 | OG  F1: 1.00 | Masked F1: 0.99
Epoch 60
	| Avg Actor Loss: 0.0093 | Avg Critic Loss: 0.0040 
	| Avg Length: 12.9265 | Avg Reward: 0.9275 
	| Avg Length: 10.5416 | Avg Reward: 0.9448
	| OG  Acc: 1.00  | Masked Acc: 0.99 | OG  F1: 1.00 | Masked F1: 0.99
Epoch 61
	| Avg Actor Loss: 0.0104 | Avg Critic Loss: 0.0040 
	| Avg Length: 12.5352 | Avg Reward: 0.9218 
	| Avg Length: 10.5130 | Avg Reward: 0.9455
	| OG  Acc: 1.00  | Masked Acc: 0.99 | OG  F1: 1.00 | Masked F1: 0.99
Epoch 62
	| Avg Actor Loss: 0.0169 | Avg Critic Loss: 0.0035 
	| Avg Length: 11.3828 | Avg Reward: 0.9307 
	| Avg Length: 10.7348 | Avg Reward: 0.9437
	| OG  Acc: 1.00  | Masked Acc: 0.99 | OG  F1: 1.00 | Masked F1: 0.99
Epoch 63
	| Avg Actor Loss: 0.0156 | Avg Critic Loss: 0.0033 
	| Avg Length: 11.7148 | Avg Reward: 0.9360 
	| Avg Length: 10.4472 | Avg Reward: 0.9452
	| OG  Acc: 1.00  | Masked Acc: 0.99 | OG  F1: 1.00 | Masked F1: 0.99
Epoch 64
	| Avg Actor Loss: 0.0219 | Avg Critic Loss: 0.0040 
	| Avg Length: 12.8235 | Avg Reward: 0.9183 
	| Avg Length: 10.7814 | Avg Reward: 0.9434
	| OG  Acc: 1.00  | Masked Acc: 0.99 | OG  F1: 1.00 | Masked F1: 0.99
Epoch 65
	| Avg Actor Loss: 0.0199 | Avg Critic Loss: 0.0033 
	| Avg Length: 11.4297 | Avg Reward: 0.9240 
	| Avg Length: 10.5182 | Avg Reward: 0.9460
	| OG  Acc: 1.00  | Masked Acc: 1.00 | OG  F1: 1.00 | Masked F1: 1.00
Epoch 66
	| Avg Actor Loss: 0.0087 | Avg Critic Loss: 0.0033 
	| Avg Length: 12.6172 | Avg Reward: 0.9292 
	| Avg Length: 10.5338 | Avg Reward: 0.9454
	| OG  Acc: 1.00  | Masked Acc: 0.99 | OG  F1: 1.00 | Masked F1: 0.99
Epoch 67
	| Avg Actor Loss: 0.0353 | Avg Critic Loss: 0.0032 
	| Avg Length: 11.3086 | Avg Reward: 0.9342 
	| Avg Length: 11.2604 | Avg Reward: 0.9429
	| OG  Acc: 1.00  | Masked Acc: 1.00 | OG  F1: 1.00 | Masked F1: 1.00
Epoch 68
	| Avg Actor Loss: 0.0109 | Avg Critic Loss: 0.0027 
	| Avg Length: 11.9191 | Avg Reward: 0.9216 
	| Avg Length: 11.1844 | Avg Reward: 0.9427
	| OG  Acc: 1.00  | Masked Acc: 0.99 | OG  F1: 1.00 | Masked F1: 0.99
Epoch 69
	| Avg Actor Loss: 0.0249 | Avg Critic Loss: 0.0032 
	| Avg Length: 11.8008 | Avg Reward: 0.9329 
	| Avg Length: 11.4764 | Avg Reward: 0.9388
	| OG  Acc: 1.00  | Masked Acc: 0.99 | OG  F1: 1.00 | Masked F1: 0.99
Epoch 70
	| Avg Actor Loss: 0.0085 | Avg Critic Loss: 0.0029 
	| Avg Length: 13.0117 | Avg Reward: 0.9309 
	| Avg Length: 11.1322 | Avg Reward: 0.9411
	| OG  Acc: 1.00  | Masked Acc: 0.99 | OG  F1: 1.00 | Masked F1: 0.99
Epoch 71
	| Avg Actor Loss: 0.0101 | Avg Critic Loss: 0.0030 
	| Avg Length: 11.6875 | Avg Reward: 0.9233 
	| Avg Length: 11.0230 | Avg Reward: 0.9428
	| OG  Acc: 1.00  | Masked Acc: 0.99 | OG  F1: 1.00 | Masked F1: 0.99
Epoch 72
	| Avg Actor Loss: 0.0082 | Avg Critic Loss: 0.0027 
	| Avg Length: 10.7279 | Avg Reward: 0.9345 
	| Avg Length: 10.9588 | Avg Reward: 0.9435
	| OG  Acc: 1.00  | Masked Acc: 0.99 | OG  F1: 1.00 | Masked F1: 0.99
Epoch 73
	| Avg Actor Loss: 0.0101 | Avg Critic Loss: 0.0030 
	| Avg Length: 11.4922 | Avg Reward: 0.9290 
	| Avg Length: 11.2798 | Avg Reward: 0.9429
	| OG  Acc: 1.00  | Masked Acc: 0.99 | OG  F1: 1.00 | Masked F1: 0.99
Epoch 74
	| Avg Actor Loss: 0.0018 | Avg Critic Loss: 0.0026 
	| Avg Length: 12.5430 | Avg Reward: 0.9347 
	| Avg Length: 11.1442 | Avg Reward: 0.9433
	| OG  Acc: 1.00  | Masked Acc: 1.00 | OG  F1: 1.00 | Masked F1: 1.00
Epoch 75
	| Avg Actor Loss: 0.0071 | Avg Critic Loss: 0.0028 
	| Avg Length: 12.2461 | Avg Reward: 0.9276 
	| Avg Length: 10.7486 | Avg Reward: 0.9446
	| OG  Acc: 1.00  | Masked Acc: 1.00 | OG  F1: 1.00 | Masked F1: 1.00
Epoch 76
	| Avg Actor Loss: 0.0009 | Avg Critic Loss: 0.0025 
	| Avg Length: 12.5882 | Avg Reward: 0.9275 
	| Avg Length: 10.6466 | Avg Reward: 0.9452
	| OG  Acc: 1.00  | Masked Acc: 1.00 | OG  F1: 1.00 | Masked F1: 1.00
Epoch 77
	| Avg Actor Loss: 0.0061 | Avg Critic Loss: 0.0024 
	| Avg Length: 10.4102 | Avg Reward: 0.9420 
	| Avg Length: 10.7376 | Avg Reward: 0.9447
	| OG  Acc: 1.00  | Masked Acc: 1.00 | OG  F1: 1.00 | Masked F1: 1.00
Epoch 78
	| Avg Actor Loss: 0.0088 | Avg Critic Loss: 0.0025 
	| Avg Length: 13.2305 | Avg Reward: 0.9256 
	| Avg Length: 10.4440 | Avg Reward: 0.9462
	| OG  Acc: 1.00  | Masked Acc: 1.00 | OG  F1: 1.00 | Masked F1: 1.00
Epoch 79
	| Avg Actor Loss: 0.0084 | Avg Critic Loss: 0.0029 
	| Avg Length: 11.9766 | Avg Reward: 0.9365 
	| Avg Length: 10.4092 | Avg Reward: 0.9444
	| OG  Acc: 1.00  | Masked Acc: 0.99 | OG  F1: 1.00 | Masked F1: 0.99
Epoch 80
	| Avg Actor Loss: 0.0005 | Avg Critic Loss: 0.0033 
	| Avg Length: 10.8162 | Avg Reward: 0.9374 
	| Avg Length: 10.2368 | Avg Reward: 0.9467
	| OG  Acc: 1.00  | Masked Acc: 1.00 | OG  F1: 1.00 | Masked F1: 1.00
Epoch 81
	| Avg Actor Loss: 0.0273 | Avg Critic Loss: 0.0032 
	| Avg Length: 12.8164 | Avg Reward: 0.9339 
	| Avg Length: 10.3650 | Avg Reward: 0.9461
	| OG  Acc: 1.00  | Masked Acc: 1.00 | OG  F1: 1.00 | Masked F1: 1.00
Epoch 82
	| Avg Actor Loss: 0.0087 | Avg Critic Loss: 0.0027 
	| Avg Length: 11.8203 | Avg Reward: 0.9287 
	| Avg Length: 10.4360 | Avg Reward: 0.9466
	| OG  Acc: 1.00  | Masked Acc: 1.00 | OG  F1: 1.00 | Masked F1: 1.00
Epoch 83
	| Avg Actor Loss: 0.0129 | Avg Critic Loss: 0.0025 
	| Avg Length: 10.4570 | Avg Reward: 0.9405 
	| Avg Length: 10.0916 | Avg Reward: 0.9479
	| OG  Acc: 1.00  | Masked Acc: 1.00 | OG  F1: 1.00 | Masked F1: 1.00
Epoch 84
	| Avg Actor Loss: 0.0214 | Avg Critic Loss: 0.0029 
	| Avg Length: 9.6985 | Avg Reward: 0.9471 
	| Avg Length: 10.2570 | Avg Reward: 0.9470
	| OG  Acc: 1.00  | Masked Acc: 1.00 | OG  F1: 1.00 | Masked F1: 1.00
Epoch 85
	| Avg Actor Loss: 0.0163 | Avg Critic Loss: 0.0030 
	| Avg Length: 11.1406 | Avg Reward: 0.9362 
	| Avg Length: 10.1536 | Avg Reward: 0.9467
	| OG  Acc: 1.00  | Masked Acc: 1.00 | OG  F1: 1.00 | Masked F1: 1.00
Epoch 86
	| Avg Actor Loss: 0.0165 | Avg Critic Loss: 0.0028 
	| Avg Length: 12.1172 | Avg Reward: 0.9266 
	| Avg Length: 10.4188 | Avg Reward: 0.9463
	| OG  Acc: 1.00  | Masked Acc: 1.00 | OG  F1: 1.00 | Masked F1: 1.00
Epoch 87
	| Avg Actor Loss: 0.0074 | Avg Critic Loss: 0.0025 
	| Avg Length: 10.4180 | Avg Reward: 0.9337 
	| Avg Length: 10.2608 | Avg Reward: 0.9469
	| OG  Acc: 1.00  | Masked Acc: 1.00 | OG  F1: 1.00 | Masked F1: 1.00
Epoch 88
	| Avg Actor Loss: 0.0102 | Avg Critic Loss: 0.0028 
	| Avg Length: 12.0882 | Avg Reward: 0.9371 
	| Avg Length: 10.3700 | Avg Reward: 0.9465
	| OG  Acc: 1.00  | Masked Acc: 1.00 | OG  F1: 1.00 | Masked F1: 1.00
Epoch 89
	| Avg Actor Loss: 0.0264 | Avg Critic Loss: 0.0023 
	| Avg Length: 9.6016 | Avg Reward: 0.9368 
	| Avg Length: 10.6760 | Avg Reward: 0.9460
	| OG  Acc: 1.00  | Masked Acc: 1.00 | OG  F1: 1.00 | Masked F1: 1.00
Epoch 90
	| Avg Actor Loss: -0.0017 | Avg Critic Loss: 0.0025 
	| Avg Length: 11.3008 | Avg Reward: 0.9265 
	| Avg Length: 10.5190 | Avg Reward: 0.9464
	| OG  Acc: 1.00  | Masked Acc: 1.00 | OG  F1: 1.00 | Masked F1: 1.00
Epoch 91
	| Avg Actor Loss: 0.0090 | Avg Critic Loss: 0.0026 
	| Avg Length: 12.6328 | Avg Reward: 0.9345 
	| Avg Length: 10.5940 | Avg Reward: 0.9461
	| OG  Acc: 1.00  | Masked Acc: 1.00 | OG  F1: 1.00 | Masked F1: 1.00
Epoch 92
	| Avg Actor Loss: 0.0099 | Avg Critic Loss: 0.0027 
	| Avg Length: 10.8750 | Avg Reward: 0.9400 
	| Avg Length: 10.7910 | Avg Reward: 0.9447
	| OG  Acc: 1.00  | Masked Acc: 1.00 | OG  F1: 1.00 | Masked F1: 1.00
Epoch 93
	| Avg Actor Loss: 0.0027 | Avg Critic Loss: 0.0026 
	| Avg Length: 11.8945 | Avg Reward: 0.9369 
	| Avg Length: 10.6572 | Avg Reward: 0.9458
	| OG  Acc: 1.00  | Masked Acc: 1.00 | OG  F1: 1.00 | Masked F1: 1.00
Epoch 94
	| Avg Actor Loss: 0.0167 | Avg Critic Loss: 0.0027 
	| Avg Length: 12.5664 | Avg Reward: 0.9260 
	| Avg Length: 10.4848 | Avg Reward: 0.9465
	| OG  Acc: 1.00  | Masked Acc: 1.00 | OG  F1: 1.00 | Masked F1: 1.00
Epoch 95
	| Avg Actor Loss: 0.0036 | Avg Critic Loss: 0.0019 
	| Avg Length: 11.0234 | Avg Reward: 0.9299 
	| Avg Length: 10.2114 | Avg Reward: 0.9466
	| OG  Acc: 1.00  | Masked Acc: 1.00 | OG  F1: 1.00 | Masked F1: 1.00
Epoch 96
	| Avg Actor Loss: 0.0068 | Avg Critic Loss: 0.0025 
	| Avg Length: 12.5441 | Avg Reward: 0.9374 
	| Avg Length: 10.2644 | Avg Reward: 0.9471
	| OG  Acc: 1.00  | Masked Acc: 1.00 | OG  F1: 1.00 | Masked F1: 1.00
Epoch 97
	| Avg Actor Loss: 0.0092 | Avg Critic Loss: 0.0023 
	| Avg Length: 11.6680 | Avg Reward: 0.9246 
	| Avg Length: 10.4894 | Avg Reward: 0.9464
	| OG  Acc: 1.00  | Masked Acc: 1.00 | OG  F1: 1.00 | Masked F1: 1.00
Epoch 98
	| Avg Actor Loss: 0.0190 | Avg Critic Loss: 0.0021 
	| Avg Length: 10.7734 | Avg Reward: 0.9319 
	| Avg Length: 10.5112 | Avg Reward: 0.9447
	| OG  Acc: 1.00  | Masked Acc: 0.99 | OG  F1: 1.00 | Masked F1: 0.99
Epoch 99
	| Avg Actor Loss: 0.0084 | Avg Critic Loss: 0.0026 
	| Avg Length: 12.0430 | Avg Reward: 0.9310 
	| Avg Length: 10.2192 | Avg Reward: 0.9463
	| OG  Acc: 1.00  | Masked Acc: 0.99 | OG  F1: 1.00 | Masked F1: 0.99
Epoch 100
	| Avg Actor Loss: 0.0121 | Avg Critic Loss: 0.0025 
	| Avg Length: 12.7206 | Avg Reward: 0.9328 
	| Avg Length: 10.3564 | Avg Reward: 0.9461
	| OG  Acc: 1.00  | Masked Acc: 0.99 | OG  F1: 1.00 | Masked F1: 0.99
Epoch 101
	| Avg Actor Loss: 0.0160 | Avg Critic Loss: 0.0025 
	| Avg Length: 10.3867 | Avg Reward: 0.9360 
	| Avg Length: 10.0028 | Avg Reward: 0.9483
	| OG  Acc: 1.00  | Masked Acc: 1.00 | OG  F1: 1.00 | Masked F1: 1.00
Epoch 102
	| Avg Actor Loss: 0.0124 | Avg Critic Loss: 0.0025 
	| Avg Length: 10.8750 | Avg Reward: 0.9460 
	| Avg Length: 10.1468 | Avg Reward: 0.9473
	| OG  Acc: 1.00  | Masked Acc: 1.00 | OG  F1: 1.00 | Masked F1: 1.00
Epoch 103
	| Avg Actor Loss: 0.0203 | Avg Critic Loss: 0.0023 
	| Avg Length: 10.7578 | Avg Reward: 0.9419 
	| Avg Length: 10.2010 | Avg Reward: 0.9468
	| OG  Acc: 1.00  | Masked Acc: 1.00 | OG  F1: 1.00 | Masked F1: 1.00
Epoch 104
	| Avg Actor Loss: 0.0123 | Avg Critic Loss: 0.0024 
	| Avg Length: 11.1103 | Avg Reward: 0.9383 
	| Avg Length: 10.3358 | Avg Reward: 0.9463
	| OG  Acc: 1.00  | Masked Acc: 1.00 | OG  F1: 1.00 | Masked F1: 1.00
Epoch 105
	| Avg Actor Loss: 0.0040 | Avg Critic Loss: 0.0024 
	| Avg Length: 10.9062 | Avg Reward: 0.9355 
	| Avg Length: 10.1258 | Avg Reward: 0.9473
	| OG  Acc: 1.00  | Masked Acc: 1.00 | OG  F1: 1.00 | Masked F1: 1.00
Epoch 106
	| Avg Actor Loss: 0.0198 | Avg Critic Loss: 0.0023 
	| Avg Length: 10.9023 | Avg Reward: 0.9340 
	| Avg Length: 10.1384 | Avg Reward: 0.9474
	| OG  Acc: 1.00  | Masked Acc: 1.00 | OG  F1: 1.00 | Masked F1: 1.00
Epoch 107
	| Avg Actor Loss: 0.0190 | Avg Critic Loss: 0.0027 
	| Avg Length: 10.3672 | Avg Reward: 0.9352 
	| Avg Length: 10.1602 | Avg Reward: 0.9477
	| OG  Acc: 1.00  | Masked Acc: 1.00 | OG  F1: 1.00 | Masked F1: 1.00
Epoch 108
	| Avg Actor Loss: 0.0126 | Avg Critic Loss: 0.0024 
	| Avg Length: 10.7647 | Avg Reward: 0.9362 
	| Avg Length: 10.1388 | Avg Reward: 0.9474
	| OG  Acc: 1.00  | Masked Acc: 1.00 | OG  F1: 1.00 | Masked F1: 1.00
Epoch 109
	| Avg Actor Loss: 0.0202 | Avg Critic Loss: 0.0026 
	| Avg Length: 10.9141 | Avg Reward: 0.9316 
	| Avg Length: 10.1072 | Avg Reward: 0.9479
	| OG  Acc: 1.00  | Masked Acc: 1.00 | OG  F1: 1.00 | Masked F1: 1.00
Epoch 110
	| Avg Actor Loss: 0.0152 | Avg Critic Loss: 0.0024 
	| Avg Length: 11.6250 | Avg Reward: 0.9333 
	| Avg Length: 10.2532 | Avg Reward: 0.9472
	| OG  Acc: 1.00  | Masked Acc: 1.00 | OG  F1: 1.00 | Masked F1: 1.00
Epoch 111
	| Avg Actor Loss: 0.0046 | Avg Critic Loss: 0.0021 
	| Avg Length: 10.3281 | Avg Reward: 0.9458 
	| Avg Length: 10.0884 | Avg Reward: 0.9480
	| OG  Acc: 1.00  | Masked Acc: 1.00 | OG  F1: 1.00 | Masked F1: 1.00
Epoch 112
	| Avg Actor Loss: 0.0547 | Avg Critic Loss: 0.0023 
	| Avg Length: 10.8456 | Avg Reward: 0.9387 
	| Avg Length: 10.2914 | Avg Reward: 0.9466
	| OG  Acc: 1.00  | Masked Acc: 0.99 | OG  F1: 1.00 | Masked F1: 0.99
Epoch 113
	| Avg Actor Loss: 0.0120 | Avg Critic Loss: 0.0022 
	| Avg Length: 11.6992 | Avg Reward: 0.9347 
	| Avg Length: 10.1436 | Avg Reward: 0.9474
	| OG  Acc: 1.00  | Masked Acc: 1.00 | OG  F1: 1.00 | Masked F1: 1.00
Epoch 114
	| Avg Actor Loss: 0.0148 | Avg Critic Loss: 0.0021 
	| Avg Length: 9.9922 | Avg Reward: 0.9387 
	| Avg Length: 10.1006 | Avg Reward: 0.9476
	| OG  Acc: 1.00  | Masked Acc: 1.00 | OG  F1: 1.00 | Masked F1: 1.00
Epoch 115
	| Avg Actor Loss: 0.0086 | Avg Critic Loss: 0.0024 
	| Avg Length: 9.5117 | Avg Reward: 0.9410 
	| Avg Length: 10.1704 | Avg Reward: 0.9479
	| OG  Acc: 1.00  | Masked Acc: 1.00 | OG  F1: 1.00 | Masked F1: 1.00
Epoch 116
	| Avg Actor Loss: 0.0078 | Avg Critic Loss: 0.0024 
	| Avg Length: 10.6103 | Avg Reward: 0.9284 
	| Avg Length: 10.0812 | Avg Reward: 0.9481
	| OG  Acc: 1.00  | Masked Acc: 1.00 | OG  F1: 1.00 | Masked F1: 1.00
Epoch 117
	| Avg Actor Loss: 0.0069 | Avg Critic Loss: 0.0023 
	| Avg Length: 10.5312 | Avg Reward: 0.9387 
	| Avg Length: 10.0996 | Avg Reward: 0.9482
	| OG  Acc: 1.00  | Masked Acc: 1.00 | OG  F1: 1.00 | Masked F1: 1.00
Epoch 118
	| Avg Actor Loss: 0.0062 | Avg Critic Loss: 0.0022 
	| Avg Length: 11.4180 | Avg Reward: 0.9375 
	| Avg Length: 9.9618 | Avg Reward: 0.9486
	| OG  Acc: 1.00  | Masked Acc: 1.00 | OG  F1: 1.00 | Masked F1: 1.00
Epoch 119
	| Avg Actor Loss: 0.0082 | Avg Critic Loss: 0.0024 
	| Avg Length: 10.3438 | Avg Reward: 0.9426 
	| Avg Length: 9.9834 | Avg Reward: 0.9488
	| OG  Acc: 1.00  | Masked Acc: 1.00 | OG  F1: 1.00 | Masked F1: 1.00
Epoch 120
	| Avg Actor Loss: 0.0123 | Avg Critic Loss: 0.0019 
	| Avg Length: 12.1176 | Avg Reward: 0.9342 
	| Avg Length: 9.9516 | Avg Reward: 0.9488
	| OG  Acc: 1.00  | Masked Acc: 1.00 | OG  F1: 1.00 | Masked F1: 1.00
Epoch 121
	| Avg Actor Loss: 0.0117 | Avg Critic Loss: 0.0025 
	| Avg Length: 10.8359 | Avg Reward: 0.9348 
	| Avg Length: 10.0184 | Avg Reward: 0.9483
	| OG  Acc: 1.00  | Masked Acc: 1.00 | OG  F1: 1.00 | Masked F1: 1.00
Epoch 122
	| Avg Actor Loss: 0.0088 | Avg Critic Loss: 0.0022 
	| Avg Length: 11.0938 | Avg Reward: 0.9366 
	| Avg Length: 10.0068 | Avg Reward: 0.9485
	| OG  Acc: 1.00  | Masked Acc: 1.00 | OG  F1: 1.00 | Masked F1: 1.00
Epoch 123
	| Avg Actor Loss: 0.0088 | Avg Critic Loss: 0.0021 
	| Avg Length: 10.4648 | Avg Reward: 0.9334 
	| Avg Length: 10.0332 | Avg Reward: 0.9484
	| OG  Acc: 1.00  | Masked Acc: 1.00 | OG  F1: 1.00 | Masked F1: 1.00
Epoch 124
	| Avg Actor Loss: 0.0271 | Avg Critic Loss: 0.0020 
	| Avg Length: 10.0956 | Avg Reward: 0.9376 
	| Avg Length: 10.0678 | Avg Reward: 0.9481
	| OG  Acc: 1.00  | Masked Acc: 1.00 | OG  F1: 1.00 | Masked F1: 1.00
Epoch 125
	| Avg Actor Loss: 0.0210 | Avg Critic Loss: 0.0023 
	| Avg Length: 10.8047 | Avg Reward: 0.9307 
	| Avg Length: 10.0426 | Avg Reward: 0.9487
	| OG  Acc: 1.00  | Masked Acc: 1.00 | OG  F1: 1.00 | Masked F1: 1.00
Epoch 126
	| Avg Actor Loss: 0.0194 | Avg Critic Loss: 0.0020 
	| Avg Length: 9.5586 | Avg Reward: 0.9479 
	| Avg Length: 10.0092 | Avg Reward: 0.9489
	| OG  Acc: 1.00  | Masked Acc: 1.00 | OG  F1: 1.00 | Masked F1: 1.00
Epoch 127
	| Avg Actor Loss: 0.0142 | Avg Critic Loss: 0.0023 
	| Avg Length: 10.2461 | Avg Reward: 0.9409 
	| Avg Length: 10.1154 | Avg Reward: 0.9480
	| OG  Acc: 1.00  | Masked Acc: 1.00 | OG  F1: 1.00 | Masked F1: 1.00
Epoch 128
	| Avg Actor Loss: 0.0206 | Avg Critic Loss: 0.0023 
	| Avg Length: 10.4412 | Avg Reward: 0.9362 
	| Avg Length: 10.2148 | Avg Reward: 0.9480
	| OG  Acc: 1.00  | Masked Acc: 1.00 | OG  F1: 1.00 | Masked F1: 1.00
Epoch 129
	| Avg Actor Loss: 0.0138 | Avg Critic Loss: 0.0021 
	| Avg Length: 10.8945 | Avg Reward: 0.9352 
	| Avg Length: 10.3268 | Avg Reward: 0.9476
	| OG  Acc: 1.00  | Masked Acc: 1.00 | OG  F1: 1.00 | Masked F1: 1.00
Epoch 130
	| Avg Actor Loss: 0.0163 | Avg Critic Loss: 0.0019 
	| Avg Length: 10.4727 | Avg Reward: 0.9468 
	| Avg Length: 10.2738 | Avg Reward: 0.9478
	| OG  Acc: 1.00  | Masked Acc: 1.00 | OG  F1: 1.00 | Masked F1: 1.00
Epoch 131
	| Avg Actor Loss: 0.0047 | Avg Critic Loss: 0.0020 
	| Avg Length: 11.8008 | Avg Reward: 0.9381 
	| Avg Length: 10.1296 | Avg Reward: 0.9484
	| OG  Acc: 1.00  | Masked Acc: 1.00 | OG  F1: 1.00 | Masked F1: 1.00
Epoch 132
	| Avg Actor Loss: 0.0085 | Avg Critic Loss: 0.0016 
	| Avg Length: 10.1324 | Avg Reward: 0.9474 
	| Avg Length: 9.9636 | Avg Reward: 0.9490
	| OG  Acc: 1.00  | Masked Acc: 1.00 | OG  F1: 1.00 | Masked F1: 1.00
Epoch 133
	| Avg Actor Loss: 0.0178 | Avg Critic Loss: 0.0018 
	| Avg Length: 11.9922 | Avg Reward: 0.9307 
	| Avg Length: 9.8048 | Avg Reward: 0.9493
	| OG  Acc: 1.00  | Masked Acc: 1.00 | OG  F1: 1.00 | Masked F1: 1.00
Epoch 134
	| Avg Actor Loss: 0.0154 | Avg Critic Loss: 0.0025 
	| Avg Length: 9.3633 | Avg Reward: 0.9393 
	| Avg Length: 9.7948 | Avg Reward: 0.9490
	| OG  Acc: 1.00  | Masked Acc: 1.00 | OG  F1: 1.00 | Masked F1: 1.00
Epoch 135
	| Avg Actor Loss: 0.0120 | Avg Critic Loss: 0.0018 
	| Avg Length: 8.5859 | Avg Reward: 0.9338 
	| Avg Length: 9.7664 | Avg Reward: 0.9497
	| OG  Acc: 1.00  | Masked Acc: 1.00 | OG  F1: 1.00 | Masked F1: 1.00
Epoch 136
	| Avg Actor Loss: 0.0173 | Avg Critic Loss: 0.0024 
	| Avg Length: 10.2574 | Avg Reward: 0.9501 
	| Avg Length: 9.8606 | Avg Reward: 0.9495
	| OG  Acc: 1.00  | Masked Acc: 1.00 | OG  F1: 1.00 | Masked F1: 1.00
Epoch 137
	| Avg Actor Loss: 0.0154 | Avg Critic Loss: 0.0023 
	| Avg Length: 10.7109 | Avg Reward: 0.9392 
	| Avg Length: 9.9604 | Avg Reward: 0.9486
	| OG  Acc: 1.00  | Masked Acc: 1.00 | OG  F1: 1.00 | Masked F1: 1.00
Epoch 138
	| Avg Actor Loss: 0.0065 | Avg Critic Loss: 0.0024 
	| Avg Length: 9.2305 | Avg Reward: 0.9408 
	| Avg Length: 9.9180 | Avg Reward: 0.9487
	| OG  Acc: 1.00  | Masked Acc: 1.00 | OG  F1: 1.00 | Masked F1: 1.00
Epoch 139
	| Avg Actor Loss: 0.0175 | Avg Critic Loss: 0.0022 
	| Avg Length: 10.5938 | Avg Reward: 0.9417 
	| Avg Length: 9.9482 | Avg Reward: 0.9492
	| OG  Acc: 1.00  | Masked Acc: 1.00 | OG  F1: 1.00 | Masked F1: 1.00
Epoch 140
	| Avg Actor Loss: 0.0112 | Avg Critic Loss: 0.0020 
	| Avg Length: 8.6397 | Avg Reward: 0.9477 
	| Avg Length: 9.9664 | Avg Reward: 0.9492
	| OG  Acc: 1.00  | Masked Acc: 1.00 | OG  F1: 1.00 | Masked F1: 1.00
Epoch 141
	| Avg Actor Loss: 0.0120 | Avg Critic Loss: 0.0021 
	| Avg Length: 10.7891 | Avg Reward: 0.9326 
	| Avg Length: 10.1710 | Avg Reward: 0.9478
	| OG  Acc: 1.00  | Masked Acc: 1.00 | OG  F1: 1.00 | Masked F1: 1.00
Epoch 142
	| Avg Actor Loss: 0.0126 | Avg Critic Loss: 0.0018 
	| Avg Length: 10.4961 | Avg Reward: 0.9341 
	| Avg Length: 10.1268 | Avg Reward: 0.9486
	| OG  Acc: 1.00  | Masked Acc: 1.00 | OG  F1: 1.00 | Masked F1: 1.00
Epoch 143
	| Avg Actor Loss: 0.0188 | Avg Critic Loss: 0.0022 
	| Avg Length: 11.1367 | Avg Reward: 0.9241 
	| Avg Length: 10.1210 | Avg Reward: 0.9485
	| OG  Acc: 1.00  | Masked Acc: 1.00 | OG  F1: 1.00 | Masked F1: 1.00
Epoch 144
	| Avg Actor Loss: 0.0136 | Avg Critic Loss: 0.0021 
	| Avg Length: 8.4191 | Avg Reward: 0.9546 
	| Avg Length: 10.1256 | Avg Reward: 0.9485
	| OG  Acc: 1.00  | Masked Acc: 1.00 | OG  F1: 1.00 | Masked F1: 1.00
Epoch 145
	| Avg Actor Loss: 0.0148 | Avg Critic Loss: 0.0020 
	| Avg Length: 10.2578 | Avg Reward: 0.9333 
	| Avg Length: 10.0664 | Avg Reward: 0.9485
	| OG  Acc: 1.00  | Masked Acc: 1.00 | OG  F1: 1.00 | Masked F1: 1.00
Epoch 146
	| Avg Actor Loss: 0.0109 | Avg Critic Loss: 0.0021 
	| Avg Length: 11.1211 | Avg Reward: 0.9363 
	| Avg Length: 10.2586 | Avg Reward: 0.9479
	| OG  Acc: 1.00  | Masked Acc: 1.00 | OG  F1: 1.00 | Masked F1: 1.00
Epoch 147
	| Avg Actor Loss: 0.0137 | Avg Critic Loss: 0.0018 
	| Avg Length: 11.1484 | Avg Reward: 0.9420 
	| Avg Length: 10.3414 | Avg Reward: 0.9475
	| OG  Acc: 1.00  | Masked Acc: 1.00 | OG  F1: 1.00 | Masked F1: 1.00
Epoch 148
	| Avg Actor Loss: 0.0188 | Avg Critic Loss: 0.0017 
	| Avg Length: 11.2868 | Avg Reward: 0.9302 
	| Avg Length: 10.2716 | Avg Reward: 0.9475
	| OG  Acc: 1.00  | Masked Acc: 1.00 | OG  F1: 1.00 | Masked F1: 1.00
Epoch 149
	| Avg Actor Loss: 0.0112 | Avg Critic Loss: 0.0018 
	| Avg Length: 11.1211 | Avg Reward: 0.9364 
	| Avg Length: 10.1772 | Avg Reward: 0.9486
	| OG  Acc: 1.00  | Masked Acc: 1.00 | OG  F1: 1.00 | Masked F1: 1.00
Epoch 150
	| Avg Actor Loss: 0.0083 | Avg Critic Loss: 0.0016 
	| Avg Length: 10.0195 | Avg Reward: 0.9403 
	| Avg Length: 9.9878 | Avg Reward: 0.9484
	| OG  Acc: 1.00  | Masked Acc: 0.99 | OG  F1: 1.00 | Masked F1: 1.00
Epoch 151
	| Avg Actor Loss: 0.0112 | Avg Critic Loss: 0.0024 
	| Avg Length: 10.7344 | Avg Reward: 0.9377 
	| Avg Length: 9.9768 | Avg Reward: 0.9484
	| OG  Acc: 1.00  | Masked Acc: 1.00 | OG  F1: 1.00 | Masked F1: 1.00
Epoch 152
	| Avg Actor Loss: 0.0150 | Avg Critic Loss: 0.0019 
	| Avg Length: 9.9926 | Avg Reward: 0.9370 
	| Avg Length: 10.0100 | Avg Reward: 0.9490
	| OG  Acc: 1.00  | Masked Acc: 1.00 | OG  F1: 1.00 | Masked F1: 1.00
Epoch 153
	| Avg Actor Loss: 0.0097 | Avg Critic Loss: 0.0020 
	| Avg Length: 11.4336 | Avg Reward: 0.9359 
	| Avg Length: 10.1612 | Avg Reward: 0.9480
	| OG  Acc: 1.00  | Masked Acc: 1.00 | OG  F1: 1.00 | Masked F1: 1.00
Epoch 154
	| Avg Actor Loss: 0.0567 | Avg Critic Loss: 0.0016 
	| Avg Length: 11.2500 | Avg Reward: 0.9399 
	| Avg Length: 10.7608 | Avg Reward: 0.9455
	| OG  Acc: 1.00  | Masked Acc: 1.00 | OG  F1: 1.00 | Masked F1: 1.00
Epoch 155
	| Avg Actor Loss: 0.0132 | Avg Critic Loss: 0.0018 
	| Avg Length: 10.7891 | Avg Reward: 0.9432 
	| Avg Length: 10.4030 | Avg Reward: 0.9470
	| OG  Acc: 1.00  | Masked Acc: 1.00 | OG  F1: 1.00 | Masked F1: 1.00
Epoch 156
	| Avg Actor Loss: 0.0258 | Avg Critic Loss: 0.0014 
	| Avg Length: 11.7721 | Avg Reward: 0.9318 
	| Avg Length: 10.3456 | Avg Reward: 0.9473
	| OG  Acc: 1.00  | Masked Acc: 1.00 | OG  F1: 1.00 | Masked F1: 1.00
Epoch 157
	| Avg Actor Loss: 0.0138 | Avg Critic Loss: 0.0018 
	| Avg Length: 9.6055 | Avg Reward: 0.9503 
	| Avg Length: 10.2666 | Avg Reward: 0.9481
	| OG  Acc: 1.00  | Masked Acc: 1.00 | OG  F1: 1.00 | Masked F1: 1.00
Epoch 158
	| Avg Actor Loss: 0.0150 | Avg Critic Loss: 0.0018 
	| Avg Length: 9.6445 | Avg Reward: 0.9459 
	| Avg Length: 10.1844 | Avg Reward: 0.9484
	| OG  Acc: 1.00  | Masked Acc: 1.00 | OG  F1: 1.00 | Masked F1: 1.00
Epoch 159
	| Avg Actor Loss: 0.0260 | Avg Critic Loss: 0.0017 
	| Avg Length: 10.1914 | Avg Reward: 0.9396 
	| Avg Length: 10.2496 | Avg Reward: 0.9479
	| OG  Acc: 1.00  | Masked Acc: 1.00 | OG  F1: 1.00 | Masked F1: 1.00
Epoch 160
	| Avg Actor Loss: 0.0144 | Avg Critic Loss: 0.0015 
	| Avg Length: 11.5662 | Avg Reward: 0.9442 
	| Avg Length: 10.1852 | Avg Reward: 0.9480
	| OG  Acc: 1.00  | Masked Acc: 1.00 | OG  F1: 1.00 | Masked F1: 1.00
Epoch 161
	| Avg Actor Loss: 0.0217 | Avg Critic Loss: 0.0015 
	| Avg Length: 9.5586 | Avg Reward: 0.9437 
	| Avg Length: 10.2788 | Avg Reward: 0.9481
	| OG  Acc: 1.00  | Masked Acc: 1.00 | OG  F1: 1.00 | Masked F1: 1.00
Epoch 162
	| Avg Actor Loss: 0.0284 | Avg Critic Loss: 0.0015 
	| Avg Length: 9.6914 | Avg Reward: 0.9486 
	| Avg Length: 10.3332 | Avg Reward: 0.9479
	| OG  Acc: 1.00  | Masked Acc: 1.00 | OG  F1: 1.00 | Masked F1: 1.00
Epoch 163
	| Avg Actor Loss: 0.0133 | Avg Critic Loss: 0.0018 
	| Avg Length: 12.1641 | Avg Reward: 0.9383 
	| Avg Length: 10.2590 | Avg Reward: 0.9484
	| OG  Acc: 1.00  | Masked Acc: 1.00 | OG  F1: 1.00 | Masked F1: 1.00
Epoch 164
	| Avg Actor Loss: 0.0154 | Avg Critic Loss: 0.0020 
	| Avg Length: 10.5735 | Avg Reward: 0.9441 
	| Avg Length: 10.3366 | Avg Reward: 0.9480
	| OG  Acc: 1.00  | Masked Acc: 1.00 | OG  F1: 1.00 | Masked F1: 1.00
Epoch 165
	| Avg Actor Loss: 0.0118 | Avg Critic Loss: 0.0020 
	| Avg Length: 9.6445 | Avg Reward: 0.9482 
	| Avg Length: 10.2150 | Avg Reward: 0.9473
	| OG  Acc: 1.00  | Masked Acc: 1.00 | OG  F1: 1.00 | Masked F1: 1.00
Epoch 166
	| Avg Actor Loss: 0.0114 | Avg Critic Loss: 0.0021 
	| Avg Length: 10.6328 | Avg Reward: 0.9447 
	| Avg Length: 10.2538 | Avg Reward: 0.9482
	| OG  Acc: 1.00  | Masked Acc: 1.00 | OG  F1: 1.00 | Masked F1: 1.00
Epoch 167
	| Avg Actor Loss: 0.0132 | Avg Critic Loss: 0.0016 
	| Avg Length: 9.5781 | Avg Reward: 0.9425 
	| Avg Length: 10.1342 | Avg Reward: 0.9485
	| OG  Acc: 1.00  | Masked Acc: 1.00 | OG  F1: 1.00 | Masked F1: 1.00
Epoch 168
	| Avg Actor Loss: 0.0080 | Avg Critic Loss: 0.0019 
	| Avg Length: 10.5441 | Avg Reward: 0.9449 
	| Avg Length: 10.0624 | Avg Reward: 0.9485
	| OG  Acc: 1.00  | Masked Acc: 1.00 | OG  F1: 1.00 | Masked F1: 1.00
Epoch 169
	| Avg Actor Loss: 0.0164 | Avg Critic Loss: 0.0018 
	| Avg Length: 9.0430 | Avg Reward: 0.9383 
	| Avg Length: 10.1154 | Avg Reward: 0.9486
	| OG  Acc: 1.00  | Masked Acc: 1.00 | OG  F1: 1.00 | Masked F1: 1.00
Epoch 170
	| Avg Actor Loss: 0.0185 | Avg Critic Loss: 0.0019 
	| Avg Length: 11.4023 | Avg Reward: 0.9351 
	| Avg Length: 10.1022 | Avg Reward: 0.9484
	| OG  Acc: 1.00  | Masked Acc: 1.00 | OG  F1: 1.00 | Masked F1: 1.00
Epoch 171
	| Avg Actor Loss: 0.0160 | Avg Critic Loss: 0.0019 
	| Avg Length: 10.4883 | Avg Reward: 0.9431 
	| Avg Length: 10.2252 | Avg Reward: 0.9483
	| OG  Acc: 1.00  | Masked Acc: 1.00 | OG  F1: 1.00 | Masked F1: 1.00
Epoch 172
	| Avg Actor Loss: 0.2088 | Avg Critic Loss: 0.0019 
	| Avg Length: 10.9338 | Avg Reward: 0.9377 
	| Avg Length: 10.4004 | Avg Reward: 0.9466
	| OG  Acc: 1.00  | Masked Acc: 1.00 | OG  F1: 1.00 | Masked F1: 1.00
Epoch 173
	| Avg Actor Loss: 0.0367 | Avg Critic Loss: 0.0025 
	| Avg Length: 10.7891 | Avg Reward: 0.9446 
	| Avg Length: 10.6662 | Avg Reward: 0.9459
	| OG  Acc: 1.00  | Masked Acc: 1.00 | OG  F1: 1.00 | Masked F1: 1.00
Epoch 174
	| Avg Actor Loss: 0.0175 | Avg Critic Loss: 0.0019 
	| Avg Length: 11.2969 | Avg Reward: 0.9374 
	| Avg Length: 10.5074 | Avg Reward: 0.9469
	| OG  Acc: 1.00  | Masked Acc: 1.00 | OG  F1: 1.00 | Masked F1: 1.00
Epoch 175
	| Avg Actor Loss: 0.0199 | Avg Critic Loss: 0.0017 
	| Avg Length: 11.7266 | Avg Reward: 0.9405 
	| Avg Length: 10.3250 | Avg Reward: 0.9469
	| OG  Acc: 1.00  | Masked Acc: 1.00 | OG  F1: 1.00 | Masked F1: 1.00
Epoch 176
	| Avg Actor Loss: 0.0126 | Avg Critic Loss: 0.0017 
	| Avg Length: 14.4044 | Avg Reward: 0.9324 
	| Avg Length: 10.1586 | Avg Reward: 0.9483
	| OG  Acc: 1.00  | Masked Acc: 1.00 | OG  F1: 1.00 | Masked F1: 1.00
Epoch 177
	| Avg Actor Loss: 0.0154 | Avg Critic Loss: 0.0019 
	| Avg Length: 11.0977 | Avg Reward: 0.9345 
	| Avg Length: 10.2142 | Avg Reward: 0.9481
	| OG  Acc: 1.00  | Masked Acc: 1.00 | OG  F1: 1.00 | Masked F1: 1.00
Epoch 178
	| Avg Actor Loss: 0.0133 | Avg Critic Loss: 0.0015 
	| Avg Length: 11.7031 | Avg Reward: 0.9308 
	| Avg Length: 10.1100 | Avg Reward: 0.9479
	| OG  Acc: 1.00  | Masked Acc: 1.00 | OG  F1: 1.00 | Masked F1: 1.00
Epoch 179
	| Avg Actor Loss: 0.0138 | Avg Critic Loss: 0.0017 
	| Avg Length: 9.9688 | Avg Reward: 0.9465 
	| Avg Length: 10.0760 | Avg Reward: 0.9485
	| OG  Acc: 1.00  | Masked Acc: 1.00 | OG  F1: 1.00 | Masked F1: 1.00
Epoch 180
	| Avg Actor Loss: 0.0152 | Avg Critic Loss: 0.0017 
	| Avg Length: 10.0809 | Avg Reward: 0.9454 
	| Avg Length: 10.0780 | Avg Reward: 0.9483
	| OG  Acc: 1.00  | Masked Acc: 1.00 | OG  F1: 1.00 | Masked F1: 1.00
Epoch 181
	| Avg Actor Loss: 0.0141 | Avg Critic Loss: 0.0016 
	| Avg Length: 10.1094 | Avg Reward: 0.9419 
	| Avg Length: 9.9958 | Avg Reward: 0.9488
	| OG  Acc: 1.00  | Masked Acc: 1.00 | OG  F1: 1.00 | Masked F1: 1.00
Epoch 182
	| Avg Actor Loss: 0.0346 | Avg Critic Loss: 0.0016 
	| Avg Length: 11.5625 | Avg Reward: 0.9362 
	| Avg Length: 10.1852 | Avg Reward: 0.9484
	| OG  Acc: 1.00  | Masked Acc: 1.00 | OG  F1: 1.00 | Masked F1: 1.00
Epoch 183
	| Avg Actor Loss: 0.0172 | Avg Critic Loss: 0.0019 
	| Avg Length: 11.5742 | Avg Reward: 0.9429 
	| Avg Length: 10.1754 | Avg Reward: 0.9485
	| OG  Acc: 1.00  | Masked Acc: 1.00 | OG  F1: 1.00 | Masked F1: 1.00
Epoch 184
	| Avg Actor Loss: 0.0177 | Avg Critic Loss: 0.0019 
	| Avg Length: 12.4706 | Avg Reward: 0.9180 
	| Avg Length: 10.1946 | Avg Reward: 0.9483
	| OG  Acc: 1.00  | Masked Acc: 1.00 | OG  F1: 1.00 | Masked F1: 1.00
Epoch 185
	| Avg Actor Loss: 0.0171 | Avg Critic Loss: 0.0013 
	| Avg Length: 10.4727 | Avg Reward: 0.9353 
	| Avg Length: 9.9716 | Avg Reward: 0.9493
	| OG  Acc: 1.00  | Masked Acc: 1.00 | OG  F1: 1.00 | Masked F1: 1.00
Epoch 186
	| Avg Actor Loss: 0.0114 | Avg Critic Loss: 0.0019 
	| Avg Length: 12.2500 | Avg Reward: 0.9332 
	| Avg Length: 10.0294 | Avg Reward: 0.9489
	| OG  Acc: 1.00  | Masked Acc: 1.00 | OG  F1: 1.00 | Masked F1: 1.00
Epoch 187
	| Avg Actor Loss: 0.0083 | Avg Critic Loss: 0.0015 
	| Avg Length: 11.2969 | Avg Reward: 0.9424 
	| Avg Length: 9.8846 | Avg Reward: 0.9495
	| OG  Acc: 1.00  | Masked Acc: 1.00 | OG  F1: 1.00 | Masked F1: 1.00
Epoch 188
	| Avg Actor Loss: 0.0139 | Avg Critic Loss: 0.0024 
	| Avg Length: 10.5147 | Avg Reward: 0.9488 
	| Avg Length: 9.8946 | Avg Reward: 0.9496
	| OG  Acc: 1.00  | Masked Acc: 1.00 | OG  F1: 1.00 | Masked F1: 1.00
Epoch 189
	| Avg Actor Loss: 0.0246 | Avg Critic Loss: 0.0016 
	| Avg Length: 10.3398 | Avg Reward: 0.9384 
	| Avg Length: 9.9660 | Avg Reward: 0.9493
	| OG  Acc: 1.00  | Masked Acc: 1.00 | OG  F1: 1.00 | Masked F1: 1.00
Epoch 190
	| Avg Actor Loss: 0.0162 | Avg Critic Loss: 0.0017 
	| Avg Length: 10.2109 | Avg Reward: 0.9433 
	| Avg Length: 9.8588 | Avg Reward: 0.9494
	| OG  Acc: 1.00  | Masked Acc: 1.00 | OG  F1: 1.00 | Masked F1: 1.00
Epoch 191
	| Avg Actor Loss: 0.0225 | Avg Critic Loss: 0.0019 
	| Avg Length: 10.3438 | Avg Reward: 0.9432 
	| Avg Length: 9.9420 | Avg Reward: 0.9493
	| OG  Acc: 1.00  | Masked Acc: 1.00 | OG  F1: 1.00 | Masked F1: 1.00
Epoch 192
	| Avg Actor Loss: 0.0226 | Avg Critic Loss: 0.0015 
	| Avg Length: 9.4559 | Avg Reward: 0.9497 
	| Avg Length: 9.8718 | Avg Reward: 0.9497
	| OG  Acc: 1.00  | Masked Acc: 1.00 | OG  F1: 1.00 | Masked F1: 1.00
Epoch 193
	| Avg Actor Loss: 0.0139 | Avg Critic Loss: 0.0014 
	| Avg Length: 10.8320 | Avg Reward: 0.9410 
	| Avg Length: 9.7256 | Avg Reward: 0.9501
	| OG  Acc: 1.00  | Masked Acc: 1.00 | OG  F1: 1.00 | Masked F1: 1.00
Epoch 194
	| Avg Actor Loss: 0.0262 | Avg Critic Loss: 0.0017 
	| Avg Length: 10.7070 | Avg Reward: 0.9463 
	| Avg Length: 9.6490 | Avg Reward: 0.9498
	| OG  Acc: 1.00  | Masked Acc: 1.00 | OG  F1: 1.00 | Masked F1: 1.00
Epoch 195
	| Avg Actor Loss: 0.0150 | Avg Critic Loss: 0.0021 
	| Avg Length: 10.3945 | Avg Reward: 0.9403 
	| Avg Length: 9.7458 | Avg Reward: 0.9496
	| OG  Acc: 1.00  | Masked Acc: 1.00 | OG  F1: 1.00 | Masked F1: 1.00
Epoch 196
	| Avg Actor Loss: 0.0185 | Avg Critic Loss: 0.0018 
	| Avg Length: 10.9706 | Avg Reward: 0.9460 
	| Avg Length: 9.8188 | Avg Reward: 0.9498
	| OG  Acc: 1.00  | Masked Acc: 1.00 | OG  F1: 1.00 | Masked F1: 1.00
Epoch 197
	| Avg Actor Loss: 0.0232 | Avg Critic Loss: 0.0017 
	| Avg Length: 9.7383 | Avg Reward: 0.9374 
	| Avg Length: 9.8422 | Avg Reward: 0.9488
	| OG  Acc: 1.00  | Masked Acc: 1.00 | OG  F1: 1.00 | Masked F1: 1.00
Epoch 198
	| Avg Actor Loss: 0.0148 | Avg Critic Loss: 0.0018 
	| Avg Length: 9.1250 | Avg Reward: 0.9430 
	| Avg Length: 9.8808 | Avg Reward: 0.9496
	| OG  Acc: 1.00  | Masked Acc: 1.00 | OG  F1: 1.00 | Masked F1: 1.00
Epoch 199
	| Avg Actor Loss: 0.0129 | Avg Critic Loss: 0.0016 
	| Avg Length: 10.6133 | Avg Reward: 0.9441 
	| Avg Length: 9.8250 | Avg Reward: 0.9497
	| OG  Acc: 1.00  | Masked Acc: 1.00 | OG  F1: 1.00 | Masked F1: 1.00
Epoch 200
	| Avg Actor Loss: 0.0150 | Avg Critic Loss: 0.0021 
	| Avg Length: 11.6985 | Avg Reward: 0.9409 
	| Avg Length: 9.9154 | Avg Reward: 0.9495
	| OG  Acc: 1.00  | Masked Acc: 1.00 | OG  F1: 1.00 | Masked F1: 1.00
