Epoch 00/250 
	| Avg Actor Loss: 0.0601 | Avg Critic Loss: 0.2437 
	| Avg Length: 25.8492 | Avg Reward: 0.6454 
	| Avg Length: 14.0000 | Avg Reward: 0.6512
	| OG  Acc: 1.00  | Masked Acc: 0.56 | OG  F1: 1.00 | Masked F1: 0.67
Epoch 01/250 
	| Avg Actor Loss: 0.0571 | Avg Critic Loss: 0.0793 
	| Avg Length: 26.4454 | Avg Reward: 0.6413 
	| Avg Length: 14.0000 | Avg Reward: 0.6509
	| OG  Acc: 1.00  | Masked Acc: 0.56 | OG  F1: 1.00 | Masked F1: 0.67
Epoch 02/250 
	| Avg Actor Loss: 0.0763 | Avg Critic Loss: 0.0525 
	| Avg Length: 25.9838 | Avg Reward: 0.6427 
	| Avg Length: 14.0000 | Avg Reward: 0.6510
	| OG  Acc: 1.00  | Masked Acc: 0.56 | OG  F1: 1.00 | Masked F1: 0.67
Epoch 03/250 
	| Avg Actor Loss: 0.0428 | Avg Critic Loss: 0.0515 
	| Avg Length: 25.7972 | Avg Reward: 0.6387 
	| Avg Length: 14.0000 | Avg Reward: 0.6509
	| OG  Acc: 1.00  | Masked Acc: 0.57 | OG  F1: 1.00 | Masked F1: 0.67
Epoch 04/250 
	| Avg Actor Loss: 0.0532 | Avg Critic Loss: 0.0502 
	| Avg Length: 25.8844 | Avg Reward: 0.6412 
	| Avg Length: 22.0000 | Avg Reward: 0.6739
	| OG  Acc: 1.00  | Masked Acc: 0.63 | OG  F1: 1.00 | Masked F1: 0.71
Epoch 05/250 
	| Avg Actor Loss: 0.0535 | Avg Critic Loss: 0.0510 
	| Avg Length: 26.4856 | Avg Reward: 0.6382 
	| Avg Length: 52.9392 | Avg Reward: 0.6952
	| OG  Acc: 1.00  | Masked Acc: 0.80 | OG  F1: 1.00 | Masked F1: 0.81
Epoch 06/250 
	| Avg Actor Loss: 0.0438 | Avg Critic Loss: 0.0509 
	| Avg Length: 26.0914 | Avg Reward: 0.6357 
	| Avg Length: 78.0000 | Avg Reward: 0.7059
	| OG  Acc: 1.00  | Masked Acc: 0.92 | OG  F1: 1.00 | Masked F1: 0.92
Epoch 07/250 
	| Avg Actor Loss: 0.0438 | Avg Critic Loss: 0.0507 
	| Avg Length: 26.2088 | Avg Reward: 0.6377 
	| Avg Length: 78.0000 | Avg Reward: 0.7060
	| OG  Acc: 1.00  | Masked Acc: 0.92 | OG  F1: 1.00 | Masked F1: 0.92
Epoch 08/250 
	| Avg Actor Loss: 0.0514 | Avg Critic Loss: 0.0501 
	| Avg Length: 26.6374 | Avg Reward: 0.6424 
	| Avg Length: 78.0000 | Avg Reward: 0.7060
	| OG  Acc: 1.00  | Masked Acc: 0.92 | OG  F1: 1.00 | Masked F1: 0.92
Epoch 09/250 
	| Avg Actor Loss: 0.0601 | Avg Critic Loss: 0.0490 
	| Avg Length: 26.9546 | Avg Reward: 0.6505 
	| Avg Length: 74.8164 | Avg Reward: 0.7060
	| OG  Acc: 1.00  | Masked Acc: 0.90 | OG  F1: 1.00 | Masked F1: 0.91
Epoch 10/250 
	| Avg Actor Loss: 0.0848 | Avg Critic Loss: 0.0503 
	| Avg Length: 26.9516 | Avg Reward: 0.6380 
	| Avg Length: 78.0024 | Avg Reward: 0.7064
	| OG  Acc: 1.00  | Masked Acc: 0.92 | OG  F1: 1.00 | Masked F1: 0.92
Epoch 11/250 
	| Avg Actor Loss: 0.0209 | Avg Critic Loss: 0.0506 
	| Avg Length: 26.6232 | Avg Reward: 0.6398 
	| Avg Length: 84.0000 | Avg Reward: 0.7295
	| OG  Acc: 1.00  | Masked Acc: 0.98 | OG  F1: 1.00 | Masked F1: 0.98
Epoch 12/250 
	| Avg Actor Loss: 0.0461 | Avg Critic Loss: 0.0501 
	| Avg Length: 26.7678 | Avg Reward: 0.6498 
	| Avg Length: 77.0000 | Avg Reward: 0.7416
	| OG  Acc: 1.00  | Masked Acc: 0.96 | OG  F1: 1.00 | Masked F1: 0.96
Epoch 13/250 
	| Avg Actor Loss: 0.0319 | Avg Critic Loss: 0.0500 
	| Avg Length: 27.6420 | Avg Reward: 0.6433 
	| Avg Length: 77.0000 | Avg Reward: 0.7411
	| OG  Acc: 1.00  | Masked Acc: 0.96 | OG  F1: 1.00 | Masked F1: 0.96
Epoch 14/250 
	| Avg Actor Loss: 0.0458 | Avg Critic Loss: 0.0496 
	| Avg Length: 27.3532 | Avg Reward: 0.6480 
	| Avg Length: 77.0000 | Avg Reward: 0.7418
	| OG  Acc: 1.00  | Masked Acc: 0.96 | OG  F1: 1.00 | Masked F1: 0.96
Epoch 15/250 
	| Avg Actor Loss: 0.0491 | Avg Critic Loss: 0.0489 
	| Avg Length: 28.5570 | Avg Reward: 0.6470 
	| Avg Length: 77.0000 | Avg Reward: 0.7419
	| OG  Acc: 1.00  | Masked Acc: 0.96 | OG  F1: 1.00 | Masked F1: 0.96
Epoch 16/250 
	| Avg Actor Loss: 0.0300 | Avg Critic Loss: 0.0477 
	| Avg Length: 30.5264 | Avg Reward: 0.6512 
	| Avg Length: 72.0000 | Avg Reward: 0.7429
	| OG  Acc: 1.00  | Masked Acc: 0.94 | OG  F1: 1.00 | Masked F1: 0.95
Epoch 17/250 
	| Avg Actor Loss: -0.0256 | Avg Critic Loss: 0.0447 
	| Avg Length: 34.9242 | Avg Reward: 0.6672 
	| Avg Length: 63.0000 | Avg Reward: 0.7383
	| OG  Acc: 1.00  | Masked Acc: 0.90 | OG  F1: 1.00 | Masked F1: 0.91
Epoch 18/250 
	| Avg Actor Loss: -0.0599 | Avg Critic Loss: 0.0414 
	| Avg Length: 38.9888 | Avg Reward: 0.6793 
	| Avg Length: 62.0000 | Avg Reward: 0.7360
	| OG  Acc: 1.00  | Masked Acc: 0.89 | OG  F1: 1.00 | Masked F1: 0.90
Epoch 19/250 
	| Avg Actor Loss: -0.1222 | Avg Critic Loss: 0.0384 
	| Avg Length: 43.0754 | Avg Reward: 0.6854 
	| Avg Length: 62.0000 | Avg Reward: 0.7356
	| OG  Acc: 1.00  | Masked Acc: 0.89 | OG  F1: 1.00 | Masked F1: 0.90
Epoch 20/250 
	| Avg Actor Loss: -0.1409 | Avg Critic Loss: 0.0356 
	| Avg Length: 46.1006 | Avg Reward: 0.6971 
	| Avg Length: 62.0000 | Avg Reward: 0.7362
	| OG  Acc: 1.00  | Masked Acc: 0.89 | OG  F1: 1.00 | Masked F1: 0.90
Epoch 21/250 
	| Avg Actor Loss: -0.1736 | Avg Critic Loss: 0.0342 
	| Avg Length: 48.6682 | Avg Reward: 0.6953 
	| Avg Length: 62.0000 | Avg Reward: 0.7358
	| OG  Acc: 1.00  | Masked Acc: 0.89 | OG  F1: 1.00 | Masked F1: 0.90
Epoch 22/250 
	| Avg Actor Loss: -0.1504 | Avg Critic Loss: 0.0311 
	| Avg Length: 51.2832 | Avg Reward: 0.7057 
	| Avg Length: 62.0000 | Avg Reward: 0.7361
	| OG  Acc: 1.00  | Masked Acc: 0.89 | OG  F1: 1.00 | Masked F1: 0.90
Epoch 23/250 
	| Avg Actor Loss: -0.1581 | Avg Critic Loss: 0.0302 
	| Avg Length: 52.2570 | Avg Reward: 0.7112 
	| Avg Length: 62.0000 | Avg Reward: 0.7354
	| OG  Acc: 1.00  | Masked Acc: 0.89 | OG  F1: 1.00 | Masked F1: 0.90
Epoch 24/250 
	| Avg Actor Loss: -0.1680 | Avg Critic Loss: 0.0303 
	| Avg Length: 53.4646 | Avg Reward: 0.7069 
	| Avg Length: 62.0000 | Avg Reward: 0.7359
	| OG  Acc: 1.00  | Masked Acc: 0.89 | OG  F1: 1.00 | Masked F1: 0.90
Epoch 25/250 
	| Avg Actor Loss: -0.2017 | Avg Critic Loss: 0.0291 
	| Avg Length: 54.1516 | Avg Reward: 0.7092 
	| Avg Length: 62.0000 | Avg Reward: 0.7361
	| OG  Acc: 1.00  | Masked Acc: 0.89 | OG  F1: 1.00 | Masked F1: 0.90
Epoch 26/250 
	| Avg Actor Loss: -0.1927 | Avg Critic Loss: 0.0274 
	| Avg Length: 55.7060 | Avg Reward: 0.7146 
	| Avg Length: 62.0000 | Avg Reward: 0.7359
	| OG  Acc: 1.00  | Masked Acc: 0.89 | OG  F1: 1.00 | Masked F1: 0.90
Epoch 27/250 
	| Avg Actor Loss: -0.2157 | Avg Critic Loss: 0.0264 
	| Avg Length: 56.4386 | Avg Reward: 0.7148 
	| Avg Length: 71.0000 | Avg Reward: 0.7402
	| OG  Acc: 1.00  | Masked Acc: 0.94 | OG  F1: 1.00 | Masked F1: 0.94
Epoch 28/250 
	| Avg Actor Loss: -0.1525 | Avg Critic Loss: 0.0250 
	| Avg Length: 58.0514 | Avg Reward: 0.7187 
	| Avg Length: 71.0000 | Avg Reward: 0.7403
	| OG  Acc: 1.00  | Masked Acc: 0.94 | OG  F1: 1.00 | Masked F1: 0.94
Epoch 29/250 
	| Avg Actor Loss: -0.2117 | Avg Critic Loss: 0.0240 
	| Avg Length: 59.0078 | Avg Reward: 0.7202 
	| Avg Length: 71.0000 | Avg Reward: 0.7403
	| OG  Acc: 1.00  | Masked Acc: 0.94 | OG  F1: 1.00 | Masked F1: 0.94
Epoch 30/250 
	| Avg Actor Loss: -0.1171 | Avg Critic Loss: 0.0223 
	| Avg Length: 59.5648 | Avg Reward: 0.7284 
	| Avg Length: 71.0000 | Avg Reward: 0.7408
	| OG  Acc: 1.00  | Masked Acc: 0.94 | OG  F1: 1.00 | Masked F1: 0.94
Epoch 31/250 
	| Avg Actor Loss: -0.1796 | Avg Critic Loss: 0.0226 
	| Avg Length: 60.2810 | Avg Reward: 0.7247 
	| Avg Length: 71.0000 | Avg Reward: 0.7405
	| OG  Acc: 1.00  | Masked Acc: 0.94 | OG  F1: 1.00 | Masked F1: 0.94
Epoch 32/250 
	| Avg Actor Loss: -0.2006 | Avg Critic Loss: 0.0228 
	| Avg Length: 61.4176 | Avg Reward: 0.7208 
	| Avg Length: 71.0000 | Avg Reward: 0.7406
	| OG  Acc: 1.00  | Masked Acc: 0.94 | OG  F1: 1.00 | Masked F1: 0.94
Epoch 33/250 
	| Avg Actor Loss: -0.1796 | Avg Critic Loss: 0.0213 
	| Avg Length: 61.5216 | Avg Reward: 0.7247 
	| Avg Length: 71.0000 | Avg Reward: 0.7402
	| OG  Acc: 1.00  | Masked Acc: 0.94 | OG  F1: 1.00 | Masked F1: 0.94
Epoch 34/250 
	| Avg Actor Loss: -0.1632 | Avg Critic Loss: 0.0211 
	| Avg Length: 62.1780 | Avg Reward: 0.7255 
	| Avg Length: 71.0000 | Avg Reward: 0.7407
	| OG  Acc: 1.00  | Masked Acc: 0.94 | OG  F1: 1.00 | Masked F1: 0.94
Epoch 35/250 
	| Avg Actor Loss: -0.1235 | Avg Critic Loss: 0.0199 
	| Avg Length: 62.5326 | Avg Reward: 0.7306 
	| Avg Length: 71.0000 | Avg Reward: 0.7400
	| OG  Acc: 1.00  | Masked Acc: 0.94 | OG  F1: 1.00 | Masked F1: 0.94
Epoch 36/250 
	| Avg Actor Loss: -0.1733 | Avg Critic Loss: 0.0197 
	| Avg Length: 63.2298 | Avg Reward: 0.7287 
	| Avg Length: 71.0000 | Avg Reward: 0.7400
	| OG  Acc: 1.00  | Masked Acc: 0.94 | OG  F1: 1.00 | Masked F1: 0.94
Epoch 37/250 
	| Avg Actor Loss: -0.2450 | Avg Critic Loss: 0.0202 
	| Avg Length: 63.4966 | Avg Reward: 0.7242 
	| Avg Length: 71.0000 | Avg Reward: 0.7404
	| OG  Acc: 1.00  | Masked Acc: 0.94 | OG  F1: 1.00 | Masked F1: 0.94
Epoch 38/250 
	| Avg Actor Loss: -0.1768 | Avg Critic Loss: 0.0193 
	| Avg Length: 63.9614 | Avg Reward: 0.7286 
	| Avg Length: 71.0000 | Avg Reward: 0.7401
	| OG  Acc: 1.00  | Masked Acc: 0.94 | OG  F1: 1.00 | Masked F1: 0.94
Epoch 39/250 
	| Avg Actor Loss: -0.1841 | Avg Critic Loss: 0.0191 
	| Avg Length: 64.4032 | Avg Reward: 0.7297 
	| Avg Length: 71.0000 | Avg Reward: 0.7407
	| OG  Acc: 1.00  | Masked Acc: 0.94 | OG  F1: 1.00 | Masked F1: 0.94
Epoch 40/250 
	| Avg Actor Loss: -0.2128 | Avg Critic Loss: 0.0188 
	| Avg Length: 64.7790 | Avg Reward: 0.7286 
	| Avg Length: 71.0000 | Avg Reward: 0.7405
	| OG  Acc: 1.00  | Masked Acc: 0.94 | OG  F1: 1.00 | Masked F1: 0.94
Epoch 41/250 
	| Avg Actor Loss: -0.1469 | Avg Critic Loss: 0.0179 
	| Avg Length: 65.2726 | Avg Reward: 0.7314 
	| Avg Length: 71.0000 | Avg Reward: 0.7399
	| OG  Acc: 1.00  | Masked Acc: 0.94 | OG  F1: 1.00 | Masked F1: 0.94
Epoch 42/250 
	| Avg Actor Loss: -0.1498 | Avg Critic Loss: 0.0182 
	| Avg Length: 65.2270 | Avg Reward: 0.7312 
	| Avg Length: 71.0000 | Avg Reward: 0.7399
	| OG  Acc: 1.00  | Masked Acc: 0.94 | OG  F1: 1.00 | Masked F1: 0.94
Epoch 43/250 
	| Avg Actor Loss: -0.1402 | Avg Critic Loss: 0.0182 
	| Avg Length: 65.8300 | Avg Reward: 0.7313 
	| Avg Length: 71.0000 | Avg Reward: 0.7403
	| OG  Acc: 1.00  | Masked Acc: 0.94 | OG  F1: 1.00 | Masked F1: 0.94
Epoch 44/250 
	| Avg Actor Loss: -0.1736 | Avg Critic Loss: 0.0175 
	| Avg Length: 66.1582 | Avg Reward: 0.7319 
	| Avg Length: 71.0000 | Avg Reward: 0.7398
	| OG  Acc: 1.00  | Masked Acc: 0.94 | OG  F1: 1.00 | Masked F1: 0.94
Epoch 45/250 
	| Avg Actor Loss: -0.0915 | Avg Critic Loss: 0.0168 
	| Avg Length: 66.1616 | Avg Reward: 0.7351 
	| Avg Length: 71.0000 | Avg Reward: 0.7400
	| OG  Acc: 1.00  | Masked Acc: 0.94 | OG  F1: 1.00 | Masked F1: 0.94
Epoch 46/250 
	| Avg Actor Loss: -0.1857 | Avg Critic Loss: 0.0174 
	| Avg Length: 66.2324 | Avg Reward: 0.7306 
	| Avg Length: 71.0000 | Avg Reward: 0.7403
	| OG  Acc: 1.00  | Masked Acc: 0.94 | OG  F1: 1.00 | Masked F1: 0.94
Epoch 47/250 
	| Avg Actor Loss: -0.2048 | Avg Critic Loss: 0.0171 
	| Avg Length: 66.4144 | Avg Reward: 0.7312 
	| Avg Length: 71.0000 | Avg Reward: 0.7403
	| OG  Acc: 1.00  | Masked Acc: 0.94 | OG  F1: 1.00 | Masked F1: 0.94
Epoch 48/250 
	| Avg Actor Loss: -0.0324 | Avg Critic Loss: 0.0160 
	| Avg Length: 67.0208 | Avg Reward: 0.7345 
	| Avg Length: 71.0000 | Avg Reward: 0.7405
	| OG  Acc: 1.00  | Masked Acc: 0.94 | OG  F1: 1.00 | Masked F1: 0.94
Epoch 49/250 
	| Avg Actor Loss: -0.1466 | Avg Critic Loss: 0.0160 
	| Avg Length: 67.0766 | Avg Reward: 0.7349 
	| Avg Length: 71.0000 | Avg Reward: 0.7403
	| OG  Acc: 1.00  | Masked Acc: 0.94 | OG  F1: 1.00 | Masked F1: 0.94
Epoch 50/250 
	| Avg Actor Loss: -0.0971 | Avg Critic Loss: 0.0162 
	| Avg Length: 67.2316 | Avg Reward: 0.7337 
	| Avg Length: 71.0000 | Avg Reward: 0.7403
	| OG  Acc: 1.00  | Masked Acc: 0.94 | OG  F1: 1.00 | Masked F1: 0.94
Epoch 51/250 
	| Avg Actor Loss: -0.2041 | Avg Critic Loss: 0.0157 
	| Avg Length: 67.5464 | Avg Reward: 0.7343 
	| Avg Length: 71.0000 | Avg Reward: 0.7404
	| OG  Acc: 1.00  | Masked Acc: 0.94 | OG  F1: 1.00 | Masked F1: 0.94
Epoch 52/250 
	| Avg Actor Loss: -0.1146 | Avg Critic Loss: 0.0156 
	| Avg Length: 67.6576 | Avg Reward: 0.7349 
	| Avg Length: 71.0000 | Avg Reward: 0.7399
	| OG  Acc: 1.00  | Masked Acc: 0.94 | OG  F1: 1.00 | Masked F1: 0.94
Epoch 53/250 
	| Avg Actor Loss: -0.1455 | Avg Critic Loss: 0.0157 
	| Avg Length: 67.7208 | Avg Reward: 0.7350 
	| Avg Length: 71.0000 | Avg Reward: 0.7399
	| OG  Acc: 1.00  | Masked Acc: 0.94 | OG  F1: 1.00 | Masked F1: 0.94
Epoch 54/250 
	| Avg Actor Loss: -0.1715 | Avg Critic Loss: 0.0152 
	| Avg Length: 68.0444 | Avg Reward: 0.7357 
	| Avg Length: 71.0000 | Avg Reward: 0.7407
	| OG  Acc: 1.00  | Masked Acc: 0.94 | OG  F1: 1.00 | Masked F1: 0.94
Epoch 55/250 
	| Avg Actor Loss: -0.1668 | Avg Critic Loss: 0.0152 
	| Avg Length: 68.1142 | Avg Reward: 0.7350 
	| Avg Length: 71.0000 | Avg Reward: 0.7404
	| OG  Acc: 1.00  | Masked Acc: 0.94 | OG  F1: 1.00 | Masked F1: 0.94
Epoch 56/250 
	| Avg Actor Loss: -0.0977 | Avg Critic Loss: 0.0155 
	| Avg Length: 68.0592 | Avg Reward: 0.7355 
	| Avg Length: 71.0000 | Avg Reward: 0.7402
	| OG  Acc: 1.00  | Masked Acc: 0.94 | OG  F1: 1.00 | Masked F1: 0.94
Epoch 57/250 
	| Avg Actor Loss: -0.1096 | Avg Critic Loss: 0.0153 
	| Avg Length: 68.3820 | Avg Reward: 0.7351 
	| Avg Length: 71.0000 | Avg Reward: 0.7401
	| OG  Acc: 1.00  | Masked Acc: 0.94 | OG  F1: 1.00 | Masked F1: 0.94
Epoch 58/250 
	| Avg Actor Loss: -0.0648 | Avg Critic Loss: 0.0147 
	| Avg Length: 68.4130 | Avg Reward: 0.7363 
	| Avg Length: 71.0000 | Avg Reward: 0.7402
	| OG  Acc: 1.00  | Masked Acc: 0.94 | OG  F1: 1.00 | Masked F1: 0.94
Epoch 59/250 
	| Avg Actor Loss: -0.1414 | Avg Critic Loss: 0.0143 
	| Avg Length: 68.9074 | Avg Reward: 0.7365 
	| Avg Length: 71.0000 | Avg Reward: 0.7404
	| OG  Acc: 1.00  | Masked Acc: 0.94 | OG  F1: 1.00 | Masked F1: 0.94
Epoch 60/250 
	| Avg Actor Loss: -0.1263 | Avg Critic Loss: 0.0144 
	| Avg Length: 68.6130 | Avg Reward: 0.7371 
	| Avg Length: 71.0000 | Avg Reward: 0.7402
	| OG  Acc: 1.00  | Masked Acc: 0.94 | OG  F1: 1.00 | Masked F1: 0.94
Epoch 61/250 
	| Avg Actor Loss: -0.1409 | Avg Critic Loss: 0.0142 
	| Avg Length: 68.9078 | Avg Reward: 0.7371 
	| Avg Length: 71.0000 | Avg Reward: 0.7407
	| OG  Acc: 1.00  | Masked Acc: 0.94 | OG  F1: 1.00 | Masked F1: 0.94
Epoch 62/250 
	| Avg Actor Loss: -0.1450 | Avg Critic Loss: 0.0151 
	| Avg Length: 68.9586 | Avg Reward: 0.7333 
	| Avg Length: 71.0000 | Avg Reward: 0.7401
	| OG  Acc: 1.00  | Masked Acc: 0.94 | OG  F1: 1.00 | Masked F1: 0.94
Epoch 63/250 
	| Avg Actor Loss: -0.0950 | Avg Critic Loss: 0.0142 
	| Avg Length: 68.8006 | Avg Reward: 0.7370 
	| Avg Length: 71.0000 | Avg Reward: 0.7396
	| OG  Acc: 1.00  | Masked Acc: 0.94 | OG  F1: 1.00 | Masked F1: 0.94
Epoch 64/250 
	| Avg Actor Loss: -0.1274 | Avg Critic Loss: 0.0145 
	| Avg Length: 69.1428 | Avg Reward: 0.7355 
	| Avg Length: 71.0000 | Avg Reward: 0.7406
	| OG  Acc: 1.00  | Masked Acc: 0.94 | OG  F1: 1.00 | Masked F1: 0.94
Epoch 65/250 
	| Avg Actor Loss: -0.0544 | Avg Critic Loss: 0.0141 
	| Avg Length: 69.2976 | Avg Reward: 0.7370 
	| Avg Length: 71.0000 | Avg Reward: 0.7410
	| OG  Acc: 1.00  | Masked Acc: 0.94 | OG  F1: 1.00 | Masked F1: 0.94
Epoch 66/250 
	| Avg Actor Loss: -0.0449 | Avg Critic Loss: 0.0138 
	| Avg Length: 69.3626 | Avg Reward: 0.7381 
	| Avg Length: 69.0000 | Avg Reward: 0.7401
	| OG  Acc: 1.00  | Masked Acc: 0.93 | OG  F1: 1.00 | Masked F1: 0.93
Epoch 67/250 
	| Avg Actor Loss: -0.0959 | Avg Critic Loss: 0.0136 
	| Avg Length: 69.3024 | Avg Reward: 0.7386 
	| Avg Length: 69.0000 | Avg Reward: 0.7402
	| OG  Acc: 1.00  | Masked Acc: 0.93 | OG  F1: 1.00 | Masked F1: 0.93
Epoch 68/250 
	| Avg Actor Loss: -0.1932 | Avg Critic Loss: 0.0141 
	| Avg Length: 69.1898 | Avg Reward: 0.7366 
	| Avg Length: 69.0000 | Avg Reward: 0.7402
	| OG  Acc: 1.00  | Masked Acc: 0.93 | OG  F1: 1.00 | Masked F1: 0.93
Epoch 69/250 
	| Avg Actor Loss: -0.1308 | Avg Critic Loss: 0.0138 
	| Avg Length: 69.0936 | Avg Reward: 0.7388 
	| Avg Length: 69.0000 | Avg Reward: 0.7402
	| OG  Acc: 1.00  | Masked Acc: 0.93 | OG  F1: 1.00 | Masked F1: 0.93
Epoch 70/250 
	| Avg Actor Loss: -0.0837 | Avg Critic Loss: 0.0131 
	| Avg Length: 69.2218 | Avg Reward: 0.7412 
	| Avg Length: 69.0000 | Avg Reward: 0.7403
	| OG  Acc: 1.00  | Masked Acc: 0.93 | OG  F1: 1.00 | Masked F1: 0.93
Epoch 71/250 
	| Avg Actor Loss: -0.0433 | Avg Critic Loss: 0.0140 
	| Avg Length: 69.1606 | Avg Reward: 0.7379 
	| Avg Length: 69.0000 | Avg Reward: 0.7400
	| OG  Acc: 1.00  | Masked Acc: 0.93 | OG  F1: 1.00 | Masked F1: 0.93
Epoch 72/250 
	| Avg Actor Loss: -0.1395 | Avg Critic Loss: 0.0134 
	| Avg Length: 69.4160 | Avg Reward: 0.7390 
	| Avg Length: 69.0000 | Avg Reward: 0.7400
	| OG  Acc: 1.00  | Masked Acc: 0.93 | OG  F1: 1.00 | Masked F1: 0.93
Epoch 73/250 
	| Avg Actor Loss: -0.1633 | Avg Critic Loss: 0.0136 
	| Avg Length: 69.3540 | Avg Reward: 0.7387 
	| Avg Length: 69.0000 | Avg Reward: 0.7401
	| OG  Acc: 1.00  | Masked Acc: 0.93 | OG  F1: 1.00 | Masked F1: 0.93
Epoch 74/250 
	| Avg Actor Loss: -0.1202 | Avg Critic Loss: 0.0132 
	| Avg Length: 69.6656 | Avg Reward: 0.7387 
	| Avg Length: 71.0000 | Avg Reward: 0.7407
	| OG  Acc: 1.00  | Masked Acc: 0.94 | OG  F1: 1.00 | Masked F1: 0.94
Epoch 75/250 
	| Avg Actor Loss: -0.1508 | Avg Critic Loss: 0.0135 
	| Avg Length: 69.8902 | Avg Reward: 0.7372 
	| Avg Length: 71.0000 | Avg Reward: 0.7404
	| OG  Acc: 1.00  | Masked Acc: 0.94 | OG  F1: 1.00 | Masked F1: 0.94
Epoch 76/250 
	| Avg Actor Loss: -0.0982 | Avg Critic Loss: 0.0138 
	| Avg Length: 69.6566 | Avg Reward: 0.7369 
	| Avg Length: 71.0000 | Avg Reward: 0.7400
	| OG  Acc: 1.00  | Masked Acc: 0.94 | OG  F1: 1.00 | Masked F1: 0.94
Epoch 77/250 
	| Avg Actor Loss: -0.0947 | Avg Critic Loss: 0.0128 
	| Avg Length: 69.7798 | Avg Reward: 0.7404 
	| Avg Length: 71.0000 | Avg Reward: 0.7399
	| OG  Acc: 1.00  | Masked Acc: 0.94 | OG  F1: 1.00 | Masked F1: 0.94
Epoch 78/250 
	| Avg Actor Loss: -0.1315 | Avg Critic Loss: 0.0130 
	| Avg Length: 69.7580 | Avg Reward: 0.7387 
	| Avg Length: 69.0000 | Avg Reward: 0.7404
	| OG  Acc: 1.00  | Masked Acc: 0.93 | OG  F1: 1.00 | Masked F1: 0.93
Epoch 79/250 
	| Avg Actor Loss: -0.1307 | Avg Critic Loss: 0.0141 
	| Avg Length: 69.9418 | Avg Reward: 0.7350 
	| Avg Length: 71.0000 | Avg Reward: 0.7398
	| OG  Acc: 1.00  | Masked Acc: 0.94 | OG  F1: 1.00 | Masked F1: 0.94
Epoch 80/250 
	| Avg Actor Loss: -0.1132 | Avg Critic Loss: 0.0136 
	| Avg Length: 69.9044 | Avg Reward: 0.7372 
	| Avg Length: 71.0000 | Avg Reward: 0.7406
	| OG  Acc: 1.00  | Masked Acc: 0.94 | OG  F1: 1.00 | Masked F1: 0.94
Epoch 81/250 
	| Avg Actor Loss: -0.1191 | Avg Critic Loss: 0.0136 
	| Avg Length: 70.0804 | Avg Reward: 0.7358 
	| Avg Length: 71.0000 | Avg Reward: 0.7405
	| OG  Acc: 1.00  | Masked Acc: 0.94 | OG  F1: 1.00 | Masked F1: 0.94
Epoch 82/250 
	| Avg Actor Loss: -0.0428 | Avg Critic Loss: 0.0127 
	| Avg Length: 70.3012 | Avg Reward: 0.7401 
	| Avg Length: 71.0000 | Avg Reward: 0.7406
	| OG  Acc: 1.00  | Masked Acc: 0.94 | OG  F1: 1.00 | Masked F1: 0.94
Epoch 83/250 
	| Avg Actor Loss: -0.1127 | Avg Critic Loss: 0.0129 
	| Avg Length: 69.9772 | Avg Reward: 0.7396 
	| Avg Length: 69.0000 | Avg Reward: 0.7400
	| OG  Acc: 1.00  | Masked Acc: 0.93 | OG  F1: 1.00 | Masked F1: 0.93
Epoch 84/250 
	| Avg Actor Loss: -0.0572 | Avg Critic Loss: 0.0129 
	| Avg Length: 70.2374 | Avg Reward: 0.7392 
	| Avg Length: 69.0000 | Avg Reward: 0.7402
	| OG  Acc: 1.00  | Masked Acc: 0.93 | OG  F1: 1.00 | Masked F1: 0.93
Epoch 85/250 
	| Avg Actor Loss: -0.1208 | Avg Critic Loss: 0.0131 
	| Avg Length: 70.0866 | Avg Reward: 0.7381 
	| Avg Length: 69.0000 | Avg Reward: 0.7401
	| OG  Acc: 1.00  | Masked Acc: 0.93 | OG  F1: 1.00 | Masked F1: 0.93
Epoch 86/250 
	| Avg Actor Loss: -0.1017 | Avg Critic Loss: 0.0127 
	| Avg Length: 70.0604 | Avg Reward: 0.7395 
	| Avg Length: 69.0000 | Avg Reward: 0.7406
	| OG  Acc: 1.00  | Masked Acc: 0.93 | OG  F1: 1.00 | Masked F1: 0.93
Epoch 87/250 
	| Avg Actor Loss: -0.1020 | Avg Critic Loss: 0.0138 
	| Avg Length: 70.0300 | Avg Reward: 0.7367 
	| Avg Length: 69.0000 | Avg Reward: 0.7400
	| OG  Acc: 1.00  | Masked Acc: 0.93 | OG  F1: 1.00 | Masked F1: 0.93
Epoch 88/250 
	| Avg Actor Loss: -0.0430 | Avg Critic Loss: 0.0132 
	| Avg Length: 70.1362 | Avg Reward: 0.7389 
	| Avg Length: 69.0000 | Avg Reward: 0.7399
	| OG  Acc: 1.00  | Masked Acc: 0.93 | OG  F1: 1.00 | Masked F1: 0.93
Epoch 89/250 
	| Avg Actor Loss: -0.0184 | Avg Critic Loss: 0.0126 
	| Avg Length: 70.2132 | Avg Reward: 0.7407 
	| Avg Length: 69.0000 | Avg Reward: 0.7400
	| OG  Acc: 1.00  | Masked Acc: 0.93 | OG  F1: 1.00 | Masked F1: 0.93
Epoch 90/250 
	| Avg Actor Loss: -0.0901 | Avg Critic Loss: 0.0127 
	| Avg Length: 70.3290 | Avg Reward: 0.7390 
	| Avg Length: 69.0000 | Avg Reward: 0.7409
	| OG  Acc: 1.00  | Masked Acc: 0.93 | OG  F1: 1.00 | Masked F1: 0.93
Epoch 91/250 
	| Avg Actor Loss: -0.0926 | Avg Critic Loss: 0.0128 
	| Avg Length: 70.2056 | Avg Reward: 0.7385 
	| Avg Length: 69.0000 | Avg Reward: 0.7397
	| OG  Acc: 1.00  | Masked Acc: 0.93 | OG  F1: 1.00 | Masked F1: 0.93
Epoch 92/250 
	| Avg Actor Loss: -0.0458 | Avg Critic Loss: 0.0125 
	| Avg Length: 70.5216 | Avg Reward: 0.7400 
	| Avg Length: 69.0000 | Avg Reward: 0.7401
	| OG  Acc: 1.00  | Masked Acc: 0.93 | OG  F1: 1.00 | Masked F1: 0.93
Epoch 93/250 
	| Avg Actor Loss: -0.0372 | Avg Critic Loss: 0.0127 
	| Avg Length: 70.3340 | Avg Reward: 0.7390 
	| Avg Length: 69.0000 | Avg Reward: 0.7402
	| OG  Acc: 1.00  | Masked Acc: 0.93 | OG  F1: 1.00 | Masked F1: 0.93
Epoch 94/250 
	| Avg Actor Loss: -0.1179 | Avg Critic Loss: 0.0126 
	| Avg Length: 70.4002 | Avg Reward: 0.7382 
	| Avg Length: 69.0000 | Avg Reward: 0.7402
	| OG  Acc: 1.00  | Masked Acc: 0.93 | OG  F1: 1.00 | Masked F1: 0.93
Epoch 95/250 
	| Avg Actor Loss: -0.0851 | Avg Critic Loss: 0.0129 
	| Avg Length: 70.3538 | Avg Reward: 0.7384 
	| Avg Length: 69.0000 | Avg Reward: 0.7406
	| OG  Acc: 1.00  | Masked Acc: 0.93 | OG  F1: 1.00 | Masked F1: 0.93
Epoch 96/250 
	| Avg Actor Loss: -0.1080 | Avg Critic Loss: 0.0127 
	| Avg Length: 70.3510 | Avg Reward: 0.7374 
	| Avg Length: 69.0000 | Avg Reward: 0.7398
	| OG  Acc: 1.00  | Masked Acc: 0.93 | OG  F1: 1.00 | Masked F1: 0.93
Epoch 97/250 
	| Avg Actor Loss: -0.0192 | Avg Critic Loss: 0.0124 
	| Avg Length: 70.3490 | Avg Reward: 0.7403 
	| Avg Length: 69.0000 | Avg Reward: 0.7405
	| OG  Acc: 1.00  | Masked Acc: 0.93 | OG  F1: 1.00 | Masked F1: 0.93
Epoch 98/250 
	| Avg Actor Loss: -0.0612 | Avg Critic Loss: 0.0130 
	| Avg Length: 70.4800 | Avg Reward: 0.7392 
	| Avg Length: 69.0000 | Avg Reward: 0.7402
	| OG  Acc: 1.00  | Masked Acc: 0.93 | OG  F1: 1.00 | Masked F1: 0.93
Epoch 99/250 
	| Avg Actor Loss: -0.0542 | Avg Critic Loss: 0.0122 
	| Avg Length: 70.4608 | Avg Reward: 0.7400 
	| Avg Length: 69.0000 | Avg Reward: 0.7404
	| OG  Acc: 1.00  | Masked Acc: 0.93 | OG  F1: 1.00 | Masked F1: 0.93
Epoch 100/250 
	| Avg Actor Loss: -0.0586 | Avg Critic Loss: 0.0121 
	| Avg Length: 70.6304 | Avg Reward: 0.7390 
	| Avg Length: 69.0000 | Avg Reward: 0.7401
	| OG  Acc: 1.00  | Masked Acc: 0.93 | OG  F1: 1.00 | Masked F1: 0.93
Epoch 101/250 
	| Avg Actor Loss: -0.0683 | Avg Critic Loss: 0.0121 
	| Avg Length: 70.9104 | Avg Reward: 0.7394 
	| Avg Length: 69.0000 | Avg Reward: 0.7404
	| OG  Acc: 1.00  | Masked Acc: 0.93 | OG  F1: 1.00 | Masked F1: 0.93
Epoch 102/250 
	| Avg Actor Loss: -0.0215 | Avg Critic Loss: 0.0122 
	| Avg Length: 70.6148 | Avg Reward: 0.7392 
	| Avg Length: 69.0000 | Avg Reward: 0.7397
	| OG  Acc: 1.00  | Masked Acc: 0.93 | OG  F1: 1.00 | Masked F1: 0.93
Epoch 103/250 
	| Avg Actor Loss: -0.0236 | Avg Critic Loss: 0.0126 
	| Avg Length: 70.8664 | Avg Reward: 0.7379 
	| Avg Length: 69.0000 | Avg Reward: 0.7402
	| OG  Acc: 1.00  | Masked Acc: 0.93 | OG  F1: 1.00 | Masked F1: 0.93
Epoch 104/250 
	| Avg Actor Loss: -0.0695 | Avg Critic Loss: 0.0132 
	| Avg Length: 70.8460 | Avg Reward: 0.7393 
	| Avg Length: 69.0000 | Avg Reward: 0.7400
	| OG  Acc: 1.00  | Masked Acc: 0.93 | OG  F1: 1.00 | Masked F1: 0.93
Epoch 105/250 
	| Avg Actor Loss: -0.1153 | Avg Critic Loss: 0.0128 
	| Avg Length: 70.9264 | Avg Reward: 0.7383 
	| Avg Length: 69.0000 | Avg Reward: 0.7400
	| OG  Acc: 1.00  | Masked Acc: 0.93 | OG  F1: 1.00 | Masked F1: 0.93
Epoch 106/250 
	| Avg Actor Loss: -0.0018 | Avg Critic Loss: 0.0117 
	| Avg Length: 70.8798 | Avg Reward: 0.7408 
	| Avg Length: 69.0000 | Avg Reward: 0.7404
	| OG  Acc: 1.00  | Masked Acc: 0.93 | OG  F1: 1.00 | Masked F1: 0.93
Epoch 107/250 
	| Avg Actor Loss: -0.0607 | Avg Critic Loss: 0.0123 
	| Avg Length: 70.9108 | Avg Reward: 0.7377 
	| Avg Length: 69.0000 | Avg Reward: 0.7403
	| OG  Acc: 1.00  | Masked Acc: 0.93 | OG  F1: 1.00 | Masked F1: 0.93
Epoch 108/250 
	| Avg Actor Loss: -0.0926 | Avg Critic Loss: 0.0115 
	| Avg Length: 71.1656 | Avg Reward: 0.7406 
	| Avg Length: 69.0000 | Avg Reward: 0.7401
	| OG  Acc: 1.00  | Masked Acc: 0.93 | OG  F1: 1.00 | Masked F1: 0.93
Epoch 109/250 
	| Avg Actor Loss: -0.0364 | Avg Critic Loss: 0.0129 
	| Avg Length: 71.1760 | Avg Reward: 0.7410 
	| Avg Length: 69.0000 | Avg Reward: 0.7402
	| OG  Acc: 1.00  | Masked Acc: 0.93 | OG  F1: 1.00 | Masked F1: 0.93
Epoch 110/250 
	| Avg Actor Loss: -0.0986 | Avg Critic Loss: 0.0125 
	| Avg Length: 71.3316 | Avg Reward: 0.7403 
	| Avg Length: 69.0000 | Avg Reward: 0.7404
	| OG  Acc: 1.00  | Masked Acc: 0.93 | OG  F1: 1.00 | Masked F1: 0.93
Epoch 111/250 
	| Avg Actor Loss: -0.1048 | Avg Critic Loss: 0.0124 
	| Avg Length: 71.4386 | Avg Reward: 0.7405 
	| Avg Length: 69.0000 | Avg Reward: 0.7399
	| OG  Acc: 1.00  | Masked Acc: 0.93 | OG  F1: 1.00 | Masked F1: 0.93
Epoch 112/250 
	| Avg Actor Loss: -0.0504 | Avg Critic Loss: 0.0121 
	| Avg Length: 71.5552 | Avg Reward: 0.7408 
	| Avg Length: 69.0000 | Avg Reward: 0.7403
	| OG  Acc: 1.00  | Masked Acc: 0.93 | OG  F1: 1.00 | Masked F1: 0.93
Epoch 113/250 
	| Avg Actor Loss: -0.0528 | Avg Critic Loss: 0.0117 
	| Avg Length: 71.2698 | Avg Reward: 0.7426 
	| Avg Length: 69.0000 | Avg Reward: 0.7404
	| OG  Acc: 1.00  | Masked Acc: 0.93 | OG  F1: 1.00 | Masked F1: 0.93
Epoch 114/250 
	| Avg Actor Loss: -0.0710 | Avg Critic Loss: 0.0119 
	| Avg Length: 71.5018 | Avg Reward: 0.7411 
	| Avg Length: 69.0000 | Avg Reward: 0.7398
	| OG  Acc: 1.00  | Masked Acc: 0.93 | OG  F1: 1.00 | Masked F1: 0.93
Epoch 115/250 
	| Avg Actor Loss: -0.0229 | Avg Critic Loss: 0.0116 
	| Avg Length: 71.5352 | Avg Reward: 0.7421 
	| Avg Length: 69.0000 | Avg Reward: 0.7402
	| OG  Acc: 1.00  | Masked Acc: 0.93 | OG  F1: 1.00 | Masked F1: 0.93
Epoch 116/250 
	| Avg Actor Loss: 0.0163 | Avg Critic Loss: 0.0116 
	| Avg Length: 71.6174 | Avg Reward: 0.7425 
	| Avg Length: 69.0000 | Avg Reward: 0.7401
	| OG  Acc: 1.00  | Masked Acc: 0.93 | OG  F1: 1.00 | Masked F1: 0.93
Epoch 117/250 
	| Avg Actor Loss: -0.0385 | Avg Critic Loss: 0.0111 
	| Avg Length: 71.7146 | Avg Reward: 0.7436 
	| Avg Length: 69.0000 | Avg Reward: 0.7404
	| OG  Acc: 1.00  | Masked Acc: 0.93 | OG  F1: 1.00 | Masked F1: 0.93
Epoch 118/250 
	| Avg Actor Loss: -0.0969 | Avg Critic Loss: 0.0114 
	| Avg Length: 71.5872 | Avg Reward: 0.7423 
	| Avg Length: 69.0000 | Avg Reward: 0.7406
	| OG  Acc: 1.00  | Masked Acc: 0.93 | OG  F1: 1.00 | Masked F1: 0.93
Epoch 119/250 
	| Avg Actor Loss: 0.0243 | Avg Critic Loss: 0.0117 
	| Avg Length: 71.6170 | Avg Reward: 0.7416 
	| Avg Length: 69.0000 | Avg Reward: 0.7398
	| OG  Acc: 1.00  | Masked Acc: 0.93 | OG  F1: 1.00 | Masked F1: 0.93
Epoch 120/250 
	| Avg Actor Loss: -0.0755 | Avg Critic Loss: 0.0117 
	| Avg Length: 71.7928 | Avg Reward: 0.7403 
	| Avg Length: 69.0000 | Avg Reward: 0.7400
	| OG  Acc: 1.00  | Masked Acc: 0.93 | OG  F1: 1.00 | Masked F1: 0.93
Epoch 121/250 
	| Avg Actor Loss: -0.0235 | Avg Critic Loss: 0.0118 
	| Avg Length: 71.7570 | Avg Reward: 0.7404 
	| Avg Length: 69.0000 | Avg Reward: 0.7405
	| OG  Acc: 1.00  | Masked Acc: 0.93 | OG  F1: 1.00 | Masked F1: 0.93
Epoch 122/250 
	| Avg Actor Loss: -0.1370 | Avg Critic Loss: 0.0116 
	| Avg Length: 71.9358 | Avg Reward: 0.7400 
	| Avg Length: 69.0000 | Avg Reward: 0.7400
	| OG  Acc: 1.00  | Masked Acc: 0.93 | OG  F1: 1.00 | Masked F1: 0.93
Epoch 123/250 
	| Avg Actor Loss: -0.0638 | Avg Critic Loss: 0.0111 
	| Avg Length: 71.8966 | Avg Reward: 0.7417 
	| Avg Length: 69.0000 | Avg Reward: 0.7396
	| OG  Acc: 1.00  | Masked Acc: 0.93 | OG  F1: 1.00 | Masked F1: 0.93
Epoch 124/250 
	| Avg Actor Loss: -0.0307 | Avg Critic Loss: 0.0117 
	| Avg Length: 71.9634 | Avg Reward: 0.7392 
	| Avg Length: 69.0000 | Avg Reward: 0.7405
	| OG  Acc: 1.00  | Masked Acc: 0.93 | OG  F1: 1.00 | Masked F1: 0.93
Epoch 125/250 
	| Avg Actor Loss: -0.0517 | Avg Critic Loss: 0.0109 
	| Avg Length: 72.0986 | Avg Reward: 0.7416 
	| Avg Length: 73.0000 | Avg Reward: 0.7447
	| OG  Acc: 1.00  | Masked Acc: 0.95 | OG  F1: 1.00 | Masked F1: 0.95
Epoch 126/250 
	| Avg Actor Loss: 0.0224 | Avg Critic Loss: 0.0106 
	| Avg Length: 72.1104 | Avg Reward: 0.7436 
	| Avg Length: 73.0000 | Avg Reward: 0.7451
	| OG  Acc: 1.00  | Masked Acc: 0.95 | OG  F1: 1.00 | Masked F1: 0.95
Epoch 127/250 
	| Avg Actor Loss: -0.0730 | Avg Critic Loss: 0.0111 
	| Avg Length: 72.1650 | Avg Reward: 0.7402 
	| Avg Length: 73.0000 | Avg Reward: 0.7449
	| OG  Acc: 1.00  | Masked Acc: 0.95 | OG  F1: 1.00 | Masked F1: 0.95
Epoch 128/250 
	| Avg Actor Loss: -0.1041 | Avg Critic Loss: 0.0109 
	| Avg Length: 72.2860 | Avg Reward: 0.7407 
	| Avg Length: 73.0000 | Avg Reward: 0.7448
	| OG  Acc: 1.00  | Masked Acc: 0.95 | OG  F1: 1.00 | Masked F1: 0.95
Epoch 129/250 
	| Avg Actor Loss: -0.0625 | Avg Critic Loss: 0.0110 
	| Avg Length: 72.2394 | Avg Reward: 0.7407 
	| Avg Length: 73.0000 | Avg Reward: 0.7451
	| OG  Acc: 1.00  | Masked Acc: 0.95 | OG  F1: 1.00 | Masked F1: 0.95
Epoch 130/250 
	| Avg Actor Loss: 0.0001 | Avg Critic Loss: 0.0103 
	| Avg Length: 72.3066 | Avg Reward: 0.7436 
	| Avg Length: 73.0000 | Avg Reward: 0.7449
	| OG  Acc: 1.00  | Masked Acc: 0.95 | OG  F1: 1.00 | Masked F1: 0.95
Epoch 131/250 
	| Avg Actor Loss: -0.0208 | Avg Critic Loss: 0.0109 
	| Avg Length: 72.3150 | Avg Reward: 0.7406 
	| Avg Length: 73.0000 | Avg Reward: 0.7451
	| OG  Acc: 1.00  | Masked Acc: 0.95 | OG  F1: 1.00 | Masked F1: 0.95
Epoch 132/250 
	| Avg Actor Loss: -0.0195 | Avg Critic Loss: 0.0100 
	| Avg Length: 72.4244 | Avg Reward: 0.7439 
	| Avg Length: 73.0000 | Avg Reward: 0.7449
	| OG  Acc: 1.00  | Masked Acc: 0.95 | OG  F1: 1.00 | Masked F1: 0.95
Epoch 133/250 
	| Avg Actor Loss: -0.1152 | Avg Critic Loss: 0.0107 
	| Avg Length: 72.4660 | Avg Reward: 0.7407 
	| Avg Length: 73.0000 | Avg Reward: 0.7450
	| OG  Acc: 1.00  | Masked Acc: 0.95 | OG  F1: 1.00 | Masked F1: 0.95
Epoch 134/250 
	| Avg Actor Loss: -0.0269 | Avg Critic Loss: 0.0102 
	| Avg Length: 72.6082 | Avg Reward: 0.7428 
	| Avg Length: 73.0000 | Avg Reward: 0.7449
	| OG  Acc: 1.00  | Masked Acc: 0.95 | OG  F1: 1.00 | Masked F1: 0.95
Epoch 135/250 
	| Avg Actor Loss: -0.0419 | Avg Critic Loss: 0.0099 
	| Avg Length: 72.4902 | Avg Reward: 0.7436 
	| Avg Length: 73.0000 | Avg Reward: 0.7450
	| OG  Acc: 1.00  | Masked Acc: 0.95 | OG  F1: 1.00 | Masked F1: 0.95
Epoch 136/250 
	| Avg Actor Loss: -0.0790 | Avg Critic Loss: 0.0101 
	| Avg Length: 72.3710 | Avg Reward: 0.7423 
	| Avg Length: 77.0000 | Avg Reward: 0.7455
	| OG  Acc: 1.00  | Masked Acc: 0.97 | OG  F1: 1.00 | Masked F1: 0.97
Epoch 137/250 
	| Avg Actor Loss: -0.0626 | Avg Critic Loss: 0.0099 
	| Avg Length: 72.6882 | Avg Reward: 0.7429 
	| Avg Length: 77.0000 | Avg Reward: 0.7455
	| OG  Acc: 1.00  | Masked Acc: 0.97 | OG  F1: 1.00 | Masked F1: 0.97
Epoch 138/250 
	| Avg Actor Loss: -0.0414 | Avg Critic Loss: 0.0099 
	| Avg Length: 72.7500 | Avg Reward: 0.7432 
	| Avg Length: 77.0000 | Avg Reward: 0.7456
	| OG  Acc: 1.00  | Masked Acc: 0.97 | OG  F1: 1.00 | Masked F1: 0.97
Epoch 139/250 
	| Avg Actor Loss: -0.0888 | Avg Critic Loss: 0.0103 
	| Avg Length: 72.7060 | Avg Reward: 0.7410 
	| Avg Length: 77.0000 | Avg Reward: 0.7455
	| OG  Acc: 1.00  | Masked Acc: 0.97 | OG  F1: 1.00 | Masked F1: 0.97
Epoch 140/250 
	| Avg Actor Loss: -0.1204 | Avg Critic Loss: 0.0105 
	| Avg Length: 72.5920 | Avg Reward: 0.7398 
	| Avg Length: 77.0000 | Avg Reward: 0.7456
	| OG  Acc: 1.00  | Masked Acc: 0.97 | OG  F1: 1.00 | Masked F1: 0.97
Epoch 141/250 
	| Avg Actor Loss: -0.0940 | Avg Critic Loss: 0.0098 
	| Avg Length: 72.7624 | Avg Reward: 0.7423 
	| Avg Length: 77.0000 | Avg Reward: 0.7455
	| OG  Acc: 1.00  | Masked Acc: 0.97 | OG  F1: 1.00 | Masked F1: 0.97
Epoch 142/250 
	| Avg Actor Loss: -0.0106 | Avg Critic Loss: 0.0097 
	| Avg Length: 72.7232 | Avg Reward: 0.7430 
	| Avg Length: 77.0000 | Avg Reward: 0.7455
	| OG  Acc: 1.00  | Masked Acc: 0.97 | OG  F1: 1.00 | Masked F1: 0.97
Epoch 143/250 
	| Avg Actor Loss: 0.0013 | Avg Critic Loss: 0.0094 
	| Avg Length: 72.7236 | Avg Reward: 0.7436 
	| Avg Length: 77.0000 | Avg Reward: 0.7456
	| OG  Acc: 1.00  | Masked Acc: 0.97 | OG  F1: 1.00 | Masked F1: 0.97
Epoch 144/250 
	| Avg Actor Loss: -0.0614 | Avg Critic Loss: 0.0091 
	| Avg Length: 72.8802 | Avg Reward: 0.7446 
	| Avg Length: 77.0000 | Avg Reward: 0.7455
	| OG  Acc: 1.00  | Masked Acc: 0.97 | OG  F1: 1.00 | Masked F1: 0.97
Epoch 145/250 
	| Avg Actor Loss: -0.0978 | Avg Critic Loss: 0.0100 
	| Avg Length: 72.7218 | Avg Reward: 0.7403 
	| Avg Length: 77.0000 | Avg Reward: 0.7457
	| OG  Acc: 1.00  | Masked Acc: 0.97 | OG  F1: 1.00 | Masked F1: 0.97
Epoch 146/250 
	| Avg Actor Loss: -0.1014 | Avg Critic Loss: 0.0094 
	| Avg Length: 72.8630 | Avg Reward: 0.7423 
	| Avg Length: 77.0000 | Avg Reward: 0.7456
	| OG  Acc: 1.00  | Masked Acc: 0.97 | OG  F1: 1.00 | Masked F1: 0.97
Epoch 147/250 
	| Avg Actor Loss: -0.0998 | Avg Critic Loss: 0.0093 
	| Avg Length: 72.9326 | Avg Reward: 0.7430 
	| Avg Length: 77.0000 | Avg Reward: 0.7456
	| OG  Acc: 1.00  | Masked Acc: 0.97 | OG  F1: 1.00 | Masked F1: 0.97
Epoch 148/250 
	| Avg Actor Loss: -0.0552 | Avg Critic Loss: 0.0093 
	| Avg Length: 73.1086 | Avg Reward: 0.7422 
	| Avg Length: 77.0000 | Avg Reward: 0.7454
	| OG  Acc: 1.00  | Masked Acc: 0.97 | OG  F1: 1.00 | Masked F1: 0.97
Epoch 149/250 
	| Avg Actor Loss: -0.0499 | Avg Critic Loss: 0.0089 
	| Avg Length: 73.0044 | Avg Reward: 0.7435 
	| Avg Length: 77.0000 | Avg Reward: 0.7454
	| OG  Acc: 1.00  | Masked Acc: 0.97 | OG  F1: 1.00 | Masked F1: 0.97
Epoch 150/250 
	| Avg Actor Loss: -0.1155 | Avg Critic Loss: 0.0093 
	| Avg Length: 73.0318 | Avg Reward: 0.7417 
	| Avg Length: 77.0000 | Avg Reward: 0.7455
	| OG  Acc: 1.00  | Masked Acc: 0.97 | OG  F1: 1.00 | Masked F1: 0.97
Epoch 151/250 
	| Avg Actor Loss: -0.0761 | Avg Critic Loss: 0.0095 
	| Avg Length: 73.1206 | Avg Reward: 0.7417 
	| Avg Length: 77.0000 | Avg Reward: 0.7456
	| OG  Acc: 1.00  | Masked Acc: 0.97 | OG  F1: 1.00 | Masked F1: 0.97
Epoch 152/250 
	| Avg Actor Loss: -0.0614 | Avg Critic Loss: 0.0087 
	| Avg Length: 73.3938 | Avg Reward: 0.7438 
	| Avg Length: 77.0000 | Avg Reward: 0.7454
	| OG  Acc: 1.00  | Masked Acc: 0.97 | OG  F1: 1.00 | Masked F1: 0.97
Epoch 153/250 
	| Avg Actor Loss: -0.0820 | Avg Critic Loss: 0.0090 
	| Avg Length: 73.2440 | Avg Reward: 0.7420 
	| Avg Length: 77.0000 | Avg Reward: 0.7454
	| OG  Acc: 1.00  | Masked Acc: 0.97 | OG  F1: 1.00 | Masked F1: 0.97
Epoch 154/250 
	| Avg Actor Loss: -0.0574 | Avg Critic Loss: 0.0091 
	| Avg Length: 73.3180 | Avg Reward: 0.7420 
	| Avg Length: 77.0000 | Avg Reward: 0.7458
	| OG  Acc: 1.00  | Masked Acc: 0.97 | OG  F1: 1.00 | Masked F1: 0.97
Epoch 155/250 
	| Avg Actor Loss: -0.0396 | Avg Critic Loss: 0.0086 
	| Avg Length: 73.4334 | Avg Reward: 0.7446 
	| Avg Length: 77.0000 | Avg Reward: 0.7456
	| OG  Acc: 1.00  | Masked Acc: 0.97 | OG  F1: 1.00 | Masked F1: 0.97
Epoch 156/250 
	| Avg Actor Loss: -0.0741 | Avg Critic Loss: 0.0090 
	| Avg Length: 73.3834 | Avg Reward: 0.7423 
	| Avg Length: 77.0000 | Avg Reward: 0.7455
	| OG  Acc: 1.00  | Masked Acc: 0.97 | OG  F1: 1.00 | Masked F1: 0.97
Epoch 157/250 
	| Avg Actor Loss: -0.1292 | Avg Critic Loss: 0.0086 
	| Avg Length: 73.1700 | Avg Reward: 0.7434 
	| Avg Length: 77.0000 | Avg Reward: 0.7455
	| OG  Acc: 1.00  | Masked Acc: 0.97 | OG  F1: 1.00 | Masked F1: 0.97
Epoch 158/250 
	| Avg Actor Loss: -0.0650 | Avg Critic Loss: 0.0085 
	| Avg Length: 73.5036 | Avg Reward: 0.7436 
	| Avg Length: 77.0000 | Avg Reward: 0.7456
	| OG  Acc: 1.00  | Masked Acc: 0.97 | OG  F1: 1.00 | Masked F1: 0.97
Epoch 159/250 
	| Avg Actor Loss: -0.1194 | Avg Critic Loss: 0.0091 
	| Avg Length: 73.3746 | Avg Reward: 0.7423 
	| Avg Length: 77.0000 | Avg Reward: 0.7454
	| OG  Acc: 1.00  | Masked Acc: 0.97 | OG  F1: 1.00 | Masked F1: 0.97
Epoch 160/250 
	| Avg Actor Loss: -0.0826 | Avg Critic Loss: 0.0088 
	| Avg Length: 73.3458 | Avg Reward: 0.7430 
	| Avg Length: 77.0000 | Avg Reward: 0.7456
	| OG  Acc: 1.00  | Masked Acc: 0.97 | OG  F1: 1.00 | Masked F1: 0.97
Epoch 161/250 
	| Avg Actor Loss: -0.0920 | Avg Critic Loss: 0.0094 
	| Avg Length: 73.3224 | Avg Reward: 0.7427 
	| Avg Length: 77.0000 | Avg Reward: 0.7456
	| OG  Acc: 1.00  | Masked Acc: 0.97 | OG  F1: 1.00 | Masked F1: 0.97
Epoch 162/250 
	| Avg Actor Loss: -0.0166 | Avg Critic Loss: 0.0092 
	| Avg Length: 73.4786 | Avg Reward: 0.7433 
	| Avg Length: 77.0000 | Avg Reward: 0.7457
	| OG  Acc: 1.00  | Masked Acc: 0.97 | OG  F1: 1.00 | Masked F1: 0.97
Epoch 163/250 
	| Avg Actor Loss: -0.0514 | Avg Critic Loss: 0.0090 
	| Avg Length: 73.4028 | Avg Reward: 0.7440 
	| Avg Length: 77.0000 | Avg Reward: 0.7457
	| OG  Acc: 1.00  | Masked Acc: 0.97 | OG  F1: 1.00 | Masked F1: 0.97
Epoch 164/250 
	| Avg Actor Loss: -0.0264 | Avg Critic Loss: 0.0091 
	| Avg Length: 73.4702 | Avg Reward: 0.7428 
	| Avg Length: 77.0000 | Avg Reward: 0.7455
	| OG  Acc: 1.00  | Masked Acc: 0.97 | OG  F1: 1.00 | Masked F1: 0.97
Epoch 165/250 
	| Avg Actor Loss: 0.0042 | Avg Critic Loss: 0.0090 
	| Avg Length: 73.4322 | Avg Reward: 0.7429 
	| Avg Length: 77.0000 | Avg Reward: 0.7456
	| OG  Acc: 1.00  | Masked Acc: 0.97 | OG  F1: 1.00 | Masked F1: 0.97
Epoch 166/250 
	| Avg Actor Loss: 0.0184 | Avg Critic Loss: 0.0090 
	| Avg Length: 73.3394 | Avg Reward: 0.7442 
	| Avg Length: 77.0000 | Avg Reward: 0.7454
	| OG  Acc: 1.00  | Masked Acc: 0.97 | OG  F1: 1.00 | Masked F1: 0.97
Epoch 167/250 
	| Avg Actor Loss: -0.1076 | Avg Critic Loss: 0.0089 
	| Avg Length: 73.5416 | Avg Reward: 0.7429 
	| Avg Length: 77.0000 | Avg Reward: 0.7454
	| OG  Acc: 1.00  | Masked Acc: 0.97 | OG  F1: 1.00 | Masked F1: 0.97
Epoch 168/250 
	| Avg Actor Loss: -0.0687 | Avg Critic Loss: 0.0087 
	| Avg Length: 73.4704 | Avg Reward: 0.7433 
	| Avg Length: 77.0000 | Avg Reward: 0.7455
	| OG  Acc: 1.00  | Masked Acc: 0.97 | OG  F1: 1.00 | Masked F1: 0.97
Epoch 169/250 
	| Avg Actor Loss: -0.1261 | Avg Critic Loss: 0.0091 
	| Avg Length: 73.4714 | Avg Reward: 0.7415 
	| Avg Length: 77.0000 | Avg Reward: 0.7457
	| OG  Acc: 1.00  | Masked Acc: 0.97 | OG  F1: 1.00 | Masked F1: 0.97
Epoch 170/250 
	| Avg Actor Loss: -0.1016 | Avg Critic Loss: 0.0085 
	| Avg Length: 73.5592 | Avg Reward: 0.7434 
	| Avg Length: 77.0000 | Avg Reward: 0.7456
	| OG  Acc: 1.00  | Masked Acc: 0.97 | OG  F1: 1.00 | Masked F1: 0.97
Epoch 171/250 
	| Avg Actor Loss: -0.0819 | Avg Critic Loss: 0.0088 
	| Avg Length: 73.4210 | Avg Reward: 0.7423 
	| Avg Length: 77.0000 | Avg Reward: 0.7456
	| OG  Acc: 1.00  | Masked Acc: 0.97 | OG  F1: 1.00 | Masked F1: 0.97
Epoch 172/250 
	| Avg Actor Loss: -0.1208 | Avg Critic Loss: 0.0086 
	| Avg Length: 73.5510 | Avg Reward: 0.7424 
	| Avg Length: 77.0000 | Avg Reward: 0.7458
	| OG  Acc: 1.00  | Masked Acc: 0.97 | OG  F1: 1.00 | Masked F1: 0.97
Epoch 173/250 
	| Avg Actor Loss: -0.1173 | Avg Critic Loss: 0.0090 
	| Avg Length: 73.4346 | Avg Reward: 0.7424 
	| Avg Length: 77.0000 | Avg Reward: 0.7455
	| OG  Acc: 1.00  | Masked Acc: 0.97 | OG  F1: 1.00 | Masked F1: 0.97
Epoch 174/250 
	| Avg Actor Loss: -0.0372 | Avg Critic Loss: 0.0084 
	| Avg Length: 73.7008 | Avg Reward: 0.7442 
	| Avg Length: 77.0000 | Avg Reward: 0.7456
	| OG  Acc: 1.00  | Masked Acc: 0.97 | OG  F1: 1.00 | Masked F1: 0.97
Epoch 175/250 
	| Avg Actor Loss: -0.0520 | Avg Critic Loss: 0.0085 
	| Avg Length: 73.5754 | Avg Reward: 0.7434 
	| Avg Length: 77.0000 | Avg Reward: 0.7456
	| OG  Acc: 1.00  | Masked Acc: 0.97 | OG  F1: 1.00 | Masked F1: 0.97
Epoch 176/250 
	| Avg Actor Loss: -0.0215 | Avg Critic Loss: 0.0084 
	| Avg Length: 73.5048 | Avg Reward: 0.7443 
	| Avg Length: 77.0000 | Avg Reward: 0.7456
	| OG  Acc: 1.00  | Masked Acc: 0.97 | OG  F1: 1.00 | Masked F1: 0.97
Epoch 177/250 
	| Avg Actor Loss: -0.0357 | Avg Critic Loss: 0.0084 
	| Avg Length: 73.5972 | Avg Reward: 0.7437 
	| Avg Length: 77.0000 | Avg Reward: 0.7457
	| OG  Acc: 1.00  | Masked Acc: 0.97 | OG  F1: 1.00 | Masked F1: 0.97
Epoch 178/250 
	| Avg Actor Loss: -0.1175 | Avg Critic Loss: 0.0084 
	| Avg Length: 73.7452 | Avg Reward: 0.7429 
	| Avg Length: 77.0000 | Avg Reward: 0.7456
	| OG  Acc: 1.00  | Masked Acc: 0.97 | OG  F1: 1.00 | Masked F1: 0.97
Epoch 179/250 
	| Avg Actor Loss: -0.0451 | Avg Critic Loss: 0.0084 
	| Avg Length: 73.4994 | Avg Reward: 0.7429 
	| Avg Length: 77.0000 | Avg Reward: 0.7456
	| OG  Acc: 1.00  | Masked Acc: 0.97 | OG  F1: 1.00 | Masked F1: 0.97
Epoch 180/250 
	| Avg Actor Loss: -0.0656 | Avg Critic Loss: 0.0080 
	| Avg Length: 73.6474 | Avg Reward: 0.7444 
	| Avg Length: 77.0000 | Avg Reward: 0.7455
	| OG  Acc: 1.00  | Masked Acc: 0.97 | OG  F1: 1.00 | Masked F1: 0.97
Epoch 181/250 
	| Avg Actor Loss: -0.0409 | Avg Critic Loss: 0.0082 
	| Avg Length: 73.6090 | Avg Reward: 0.7432 
	| Avg Length: 77.0000 | Avg Reward: 0.7455
	| OG  Acc: 1.00  | Masked Acc: 0.97 | OG  F1: 1.00 | Masked F1: 0.97
Epoch 182/250 
	| Avg Actor Loss: -0.0135 | Avg Critic Loss: 0.0081 
	| Avg Length: 73.5588 | Avg Reward: 0.7446 
	| Avg Length: 77.0000 | Avg Reward: 0.7456
	| OG  Acc: 1.00  | Masked Acc: 0.97 | OG  F1: 1.00 | Masked F1: 0.97
Epoch 183/250 
	| Avg Actor Loss: -0.0835 | Avg Critic Loss: 0.0081 
	| Avg Length: 73.7240 | Avg Reward: 0.7434 
	| Avg Length: 77.0000 | Avg Reward: 0.7455
	| OG  Acc: 1.00  | Masked Acc: 0.97 | OG  F1: 1.00 | Masked F1: 0.97
Epoch 184/250 
	| Avg Actor Loss: -0.0371 | Avg Critic Loss: 0.0081 
	| Avg Length: 73.8116 | Avg Reward: 0.7431 
	| Avg Length: 77.0000 | Avg Reward: 0.7455
	| OG  Acc: 1.00  | Masked Acc: 0.97 | OG  F1: 1.00 | Masked F1: 0.97
Epoch 185/250 
	| Avg Actor Loss: -0.0890 | Avg Critic Loss: 0.0087 
	| Avg Length: 73.5980 | Avg Reward: 0.7403 
	| Avg Length: 77.0000 | Avg Reward: 0.7456
	| OG  Acc: 1.00  | Masked Acc: 0.97 | OG  F1: 1.00 | Masked F1: 0.97
Epoch 186/250 
	| Avg Actor Loss: -0.0758 | Avg Critic Loss: 0.0079 
	| Avg Length: 73.7488 | Avg Reward: 0.7433 
	| Avg Length: 77.0000 | Avg Reward: 0.7456
	| OG  Acc: 1.00  | Masked Acc: 0.97 | OG  F1: 1.00 | Masked F1: 0.97
Epoch 187/250 
	| Avg Actor Loss: -0.0025 | Avg Critic Loss: 0.0081 
	| Avg Length: 73.5116 | Avg Reward: 0.7417 
	| Avg Length: 77.0000 | Avg Reward: 0.7456
	| OG  Acc: 1.00  | Masked Acc: 0.97 | OG  F1: 1.00 | Masked F1: 0.97
Epoch 188/250 
	| Avg Actor Loss: -0.0621 | Avg Critic Loss: 0.0073 
	| Avg Length: 73.8440 | Avg Reward: 0.7430 
	| Avg Length: 77.0000 | Avg Reward: 0.7457
	| OG  Acc: 1.00  | Masked Acc: 0.97 | OG  F1: 1.00 | Masked F1: 0.97
Epoch 189/250 
	| Avg Actor Loss: -0.0871 | Avg Critic Loss: 0.0070 
	| Avg Length: 73.6934 | Avg Reward: 0.7435 
	| Avg Length: 77.0000 | Avg Reward: 0.7453
	| OG  Acc: 1.00  | Masked Acc: 0.97 | OG  F1: 1.00 | Masked F1: 0.97
Epoch 190/250 
	| Avg Actor Loss: -0.0540 | Avg Critic Loss: 0.0070 
	| Avg Length: 73.6582 | Avg Reward: 0.7437 
	| Avg Length: 77.0000 | Avg Reward: 0.7456
	| OG  Acc: 1.00  | Masked Acc: 0.97 | OG  F1: 1.00 | Masked F1: 0.97
Epoch 191/250 
	| Avg Actor Loss: -0.0385 | Avg Critic Loss: 0.0072 
	| Avg Length: 73.7790 | Avg Reward: 0.7435 
	| Avg Length: 77.0000 | Avg Reward: 0.7455
	| OG  Acc: 1.00  | Masked Acc: 0.97 | OG  F1: 1.00 | Masked F1: 0.97
Epoch 192/250 
	| Avg Actor Loss: -0.0406 | Avg Critic Loss: 0.0066 
	| Avg Length: 73.9294 | Avg Reward: 0.7450 
	| Avg Length: 77.0000 | Avg Reward: 0.7455
	| OG  Acc: 1.00  | Masked Acc: 0.97 | OG  F1: 1.00 | Masked F1: 0.97
Epoch 193/250 
	| Avg Actor Loss: -0.1692 | Avg Critic Loss: 0.0074 
	| Avg Length: 73.8520 | Avg Reward: 0.7413 
	| Avg Length: 77.0000 | Avg Reward: 0.7454
	| OG  Acc: 1.00  | Masked Acc: 0.97 | OG  F1: 1.00 | Masked F1: 0.97
Epoch 194/250 
	| Avg Actor Loss: -0.0296 | Avg Critic Loss: 0.0067 
	| Avg Length: 73.9358 | Avg Reward: 0.7443 
	| Avg Length: 77.0000 | Avg Reward: 0.7454
	| OG  Acc: 1.00  | Masked Acc: 0.97 | OG  F1: 1.00 | Masked F1: 0.97
Epoch 195/250 
	| Avg Actor Loss: -0.0500 | Avg Critic Loss: 0.0070 
	| Avg Length: 73.7236 | Avg Reward: 0.7436 
	| Avg Length: 77.0000 | Avg Reward: 0.7456
	| OG  Acc: 1.00  | Masked Acc: 0.97 | OG  F1: 1.00 | Masked F1: 0.97
Epoch 196/250 
	| Avg Actor Loss: -0.0768 | Avg Critic Loss: 0.0068 
	| Avg Length: 73.7890 | Avg Reward: 0.7435 
	| Avg Length: 77.0000 | Avg Reward: 0.7457
	| OG  Acc: 1.00  | Masked Acc: 0.97 | OG  F1: 1.00 | Masked F1: 0.97
Epoch 197/250 
	| Avg Actor Loss: -0.0646 | Avg Critic Loss: 0.0067 
	| Avg Length: 73.8676 | Avg Reward: 0.7440 
	| Avg Length: 77.0000 | Avg Reward: 0.7456
	| OG  Acc: 1.00  | Masked Acc: 0.97 | OG  F1: 1.00 | Masked F1: 0.97
Epoch 198/250 
	| Avg Actor Loss: -0.1072 | Avg Critic Loss: 0.0067 
	| Avg Length: 73.8356 | Avg Reward: 0.7426 
	| Avg Length: 77.0000 | Avg Reward: 0.7456
	| OG  Acc: 1.00  | Masked Acc: 0.97 | OG  F1: 1.00 | Masked F1: 0.97
Epoch 199/250 
	| Avg Actor Loss: -0.0545 | Avg Critic Loss: 0.0070 
	| Avg Length: 73.8042 | Avg Reward: 0.7432 
	| Avg Length: 77.0000 | Avg Reward: 0.7456
	| OG  Acc: 1.00  | Masked Acc: 0.97 | OG  F1: 1.00 | Masked F1: 0.97
Epoch 200/250 
	| Avg Actor Loss: -0.0861 | Avg Critic Loss: 0.0065 
	| Avg Length: 73.7826 | Avg Reward: 0.7440 
	| Avg Length: 77.0000 | Avg Reward: 0.7457
	| OG  Acc: 1.00  | Masked Acc: 0.97 | OG  F1: 1.00 | Masked F1: 0.97
Epoch 201/250 
	| Avg Actor Loss: -0.0560 | Avg Critic Loss: 0.0066 
	| Avg Length: 73.7106 | Avg Reward: 0.7433 
	| Avg Length: 77.0000 | Avg Reward: 0.7454
	| OG  Acc: 1.00  | Masked Acc: 0.97 | OG  F1: 1.00 | Masked F1: 0.97
Epoch 202/250 
	| Avg Actor Loss: 0.0204 | Avg Critic Loss: 0.0069 
	| Avg Length: 73.7276 | Avg Reward: 0.7434 
	| Avg Length: 77.0000 | Avg Reward: 0.7456
	| OG  Acc: 1.00  | Masked Acc: 0.97 | OG  F1: 1.00 | Masked F1: 0.97
Epoch 203/250 
	| Avg Actor Loss: -0.0942 | Avg Critic Loss: 0.0065 
	| Avg Length: 73.8386 | Avg Reward: 0.7440 
	| Avg Length: 77.0000 | Avg Reward: 0.7456
	| OG  Acc: 1.00  | Masked Acc: 0.97 | OG  F1: 1.00 | Masked F1: 0.97
Epoch 204/250 
	| Avg Actor Loss: -0.0890 | Avg Critic Loss: 0.0070 
	| Avg Length: 73.8284 | Avg Reward: 0.7420 
	| Avg Length: 77.0000 | Avg Reward: 0.7458
	| OG  Acc: 1.00  | Masked Acc: 0.97 | OG  F1: 1.00 | Masked F1: 0.97
Epoch 205/250 
	| Avg Actor Loss: -0.0838 | Avg Critic Loss: 0.0065 
	| Avg Length: 73.7670 | Avg Reward: 0.7434 
	| Avg Length: 77.0000 | Avg Reward: 0.7456
	| OG  Acc: 1.00  | Masked Acc: 0.97 | OG  F1: 1.00 | Masked F1: 0.97
Epoch 206/250 
	| Avg Actor Loss: -0.1008 | Avg Critic Loss: 0.0066 
	| Avg Length: 73.7406 | Avg Reward: 0.7427 
	| Avg Length: 77.0000 | Avg Reward: 0.7455
	| OG  Acc: 1.00  | Masked Acc: 0.97 | OG  F1: 1.00 | Masked F1: 0.97
Epoch 207/250 
	| Avg Actor Loss: -0.0569 | Avg Critic Loss: 0.0065 
	| Avg Length: 73.6922 | Avg Reward: 0.7439 
	| Avg Length: 77.0000 | Avg Reward: 0.7456
	| OG  Acc: 1.00  | Masked Acc: 0.97 | OG  F1: 1.00 | Masked F1: 0.97
Epoch 208/250 
	| Avg Actor Loss: -0.0674 | Avg Critic Loss: 0.0064 
	| Avg Length: 73.8356 | Avg Reward: 0.7431 
	| Avg Length: 77.0000 | Avg Reward: 0.7455
	| OG  Acc: 1.00  | Masked Acc: 0.97 | OG  F1: 1.00 | Masked F1: 0.97
Epoch 209/250 
	| Avg Actor Loss: -0.0116 | Avg Critic Loss: 0.0063 
	| Avg Length: 73.8652 | Avg Reward: 0.7440 
	| Avg Length: 77.0000 | Avg Reward: 0.7455
	| OG  Acc: 1.00  | Masked Acc: 0.97 | OG  F1: 1.00 | Masked F1: 0.97
Epoch 210/250 
	| Avg Actor Loss: -0.0627 | Avg Critic Loss: 0.0066 
	| Avg Length: 73.8082 | Avg Reward: 0.7443 
	| Avg Length: 77.0000 | Avg Reward: 0.7457
	| OG  Acc: 1.00  | Masked Acc: 0.97 | OG  F1: 1.00 | Masked F1: 0.97
Epoch 211/250 
	| Avg Actor Loss: -0.0844 | Avg Critic Loss: 0.0070 
	| Avg Length: 73.7776 | Avg Reward: 0.7419 
	| Avg Length: 77.0000 | Avg Reward: 0.7456
	| OG  Acc: 1.00  | Masked Acc: 0.97 | OG  F1: 1.00 | Masked F1: 0.97
Epoch 212/250 
	| Avg Actor Loss: -0.0788 | Avg Critic Loss: 0.0058 
	| Avg Length: 73.8844 | Avg Reward: 0.7444 
	| Avg Length: 77.0000 | Avg Reward: 0.7454
	| OG  Acc: 1.00  | Masked Acc: 0.97 | OG  F1: 1.00 | Masked F1: 0.97
Epoch 213/250 
	| Avg Actor Loss: -0.0070 | Avg Critic Loss: 0.0063 
	| Avg Length: 73.7476 | Avg Reward: 0.7449 
	| Avg Length: 77.0000 | Avg Reward: 0.7456
	| OG  Acc: 1.00  | Masked Acc: 0.97 | OG  F1: 1.00 | Masked F1: 0.97
Epoch 214/250 
	| Avg Actor Loss: -0.0749 | Avg Critic Loss: 0.0066 
	| Avg Length: 73.7916 | Avg Reward: 0.7427 
	| Avg Length: 77.0000 | Avg Reward: 0.7455
	| OG  Acc: 1.00  | Masked Acc: 0.97 | OG  F1: 1.00 | Masked F1: 0.97
Epoch 215/250 
	| Avg Actor Loss: -0.0963 | Avg Critic Loss: 0.0063 
	| Avg Length: 73.8738 | Avg Reward: 0.7446 
	| Avg Length: 77.0000 | Avg Reward: 0.7456
	| OG  Acc: 1.00  | Masked Acc: 0.97 | OG  F1: 1.00 | Masked F1: 0.97
Epoch 216/250 
	| Avg Actor Loss: -0.0060 | Avg Critic Loss: 0.0065 
	| Avg Length: 73.6952 | Avg Reward: 0.7427 
	| Avg Length: 77.0000 | Avg Reward: 0.7457
	| OG  Acc: 1.00  | Masked Acc: 0.97 | OG  F1: 1.00 | Masked F1: 0.97
Epoch 217/250 
	| Avg Actor Loss: -0.0738 | Avg Critic Loss: 0.0063 
	| Avg Length: 73.7008 | Avg Reward: 0.7446 
	| Avg Length: 77.0000 | Avg Reward: 0.7456
	| OG  Acc: 1.00  | Masked Acc: 0.97 | OG  F1: 1.00 | Masked F1: 0.97
Epoch 218/250 
	| Avg Actor Loss: -0.0705 | Avg Critic Loss: 0.0067 
	| Avg Length: 73.5930 | Avg Reward: 0.7431 
	| Avg Length: 77.0000 | Avg Reward: 0.7455
	| OG  Acc: 1.00  | Masked Acc: 0.97 | OG  F1: 1.00 | Masked F1: 0.97
Epoch 219/250 
	| Avg Actor Loss: -0.1044 | Avg Critic Loss: 0.0065 
	| Avg Length: 73.8312 | Avg Reward: 0.7437 
	| Avg Length: 77.0000 | Avg Reward: 0.7456
	| OG  Acc: 1.00  | Masked Acc: 0.97 | OG  F1: 1.00 | Masked F1: 0.97
Epoch 220/250 
	| Avg Actor Loss: -0.0570 | Avg Critic Loss: 0.0064 
	| Avg Length: 73.8390 | Avg Reward: 0.7442 
	| Avg Length: 77.0000 | Avg Reward: 0.7456
	| OG  Acc: 1.00  | Masked Acc: 0.97 | OG  F1: 1.00 | Masked F1: 0.97
Epoch 221/250 
	| Avg Actor Loss: -0.1036 | Avg Critic Loss: 0.0065 
	| Avg Length: 73.7680 | Avg Reward: 0.7430 
	| Avg Length: 77.0000 | Avg Reward: 0.7457
	| OG  Acc: 1.00  | Masked Acc: 0.97 | OG  F1: 1.00 | Masked F1: 0.97
Epoch 222/250 
	| Avg Actor Loss: 0.0097 | Avg Critic Loss: 0.0056 
	| Avg Length: 73.8598 | Avg Reward: 0.7471 
	| Avg Length: 77.0000 | Avg Reward: 0.7457
	| OG  Acc: 1.00  | Masked Acc: 0.97 | OG  F1: 1.00 | Masked F1: 0.97
Epoch 223/250 
	| Avg Actor Loss: -0.1199 | Avg Critic Loss: 0.0066 
	| Avg Length: 73.7258 | Avg Reward: 0.7423 
	| Avg Length: 77.0000 | Avg Reward: 0.7454
	| OG  Acc: 1.00  | Masked Acc: 0.97 | OG  F1: 1.00 | Masked F1: 0.97
Epoch 224/250 
	| Avg Actor Loss: -0.0739 | Avg Critic Loss: 0.0063 
	| Avg Length: 73.7918 | Avg Reward: 0.7433 
	| Avg Length: 77.0000 | Avg Reward: 0.7455
	| OG  Acc: 1.00  | Masked Acc: 0.97 | OG  F1: 1.00 | Masked F1: 0.97
Epoch 225/250 
	| Avg Actor Loss: -0.0710 | Avg Critic Loss: 0.0066 
	| Avg Length: 73.8400 | Avg Reward: 0.7430 
	| Avg Length: 77.0000 | Avg Reward: 0.7455
	| OG  Acc: 1.00  | Masked Acc: 0.97 | OG  F1: 1.00 | Masked F1: 0.97
Epoch 226/250 
	| Avg Actor Loss: -0.0582 | Avg Critic Loss: 0.0062 
	| Avg Length: 73.7420 | Avg Reward: 0.7433 
	| Avg Length: 77.0000 | Avg Reward: 0.7454
	| OG  Acc: 1.00  | Masked Acc: 0.97 | OG  F1: 1.00 | Masked F1: 0.97
Epoch 227/250 
	| Avg Actor Loss: -0.1085 | Avg Critic Loss: 0.0067 
	| Avg Length: 73.7302 | Avg Reward: 0.7419 
	| Avg Length: 77.0000 | Avg Reward: 0.7455
	| OG  Acc: 1.00  | Masked Acc: 0.97 | OG  F1: 1.00 | Masked F1: 0.97
Epoch 228/250 
	| Avg Actor Loss: -0.0331 | Avg Critic Loss: 0.0061 
	| Avg Length: 73.7824 | Avg Reward: 0.7447 
	| Avg Length: 77.0000 | Avg Reward: 0.7456
	| OG  Acc: 1.00  | Masked Acc: 0.97 | OG  F1: 1.00 | Masked F1: 0.97
Epoch 229/250 
	| Avg Actor Loss: -0.0689 | Avg Critic Loss: 0.0064 
	| Avg Length: 73.8524 | Avg Reward: 0.7440 
	| Avg Length: 77.0000 | Avg Reward: 0.7455
	| OG  Acc: 1.00  | Masked Acc: 0.97 | OG  F1: 1.00 | Masked F1: 0.97
Epoch 230/250 
	| Avg Actor Loss: -0.0286 | Avg Critic Loss: 0.0061 
	| Avg Length: 73.7804 | Avg Reward: 0.7445 
	| Avg Length: 77.0000 | Avg Reward: 0.7457
	| OG  Acc: 1.00  | Masked Acc: 0.97 | OG  F1: 1.00 | Masked F1: 0.97
Epoch 231/250 
	| Avg Actor Loss: -0.0066 | Avg Critic Loss: 0.0060 
	| Avg Length: 73.8170 | Avg Reward: 0.7452 
	| Avg Length: 77.0000 | Avg Reward: 0.7454
	| OG  Acc: 1.00  | Masked Acc: 0.97 | OG  F1: 1.00 | Masked F1: 0.97
Epoch 232/250 
	| Avg Actor Loss: -0.0747 | Avg Critic Loss: 0.0064 
	| Avg Length: 73.5856 | Avg Reward: 0.7438 
	| Avg Length: 77.0000 | Avg Reward: 0.7456
	| OG  Acc: 1.00  | Masked Acc: 0.97 | OG  F1: 1.00 | Masked F1: 0.97
Epoch 233/250 
	| Avg Actor Loss: -0.0498 | Avg Critic Loss: 0.0063 
	| Avg Length: 73.8866 | Avg Reward: 0.7434 
	| Avg Length: 77.0000 | Avg Reward: 0.7456
	| OG  Acc: 1.00  | Masked Acc: 0.97 | OG  F1: 1.00 | Masked F1: 0.97
Epoch 234/250 
	| Avg Actor Loss: -0.0991 | Avg Critic Loss: 0.0066 
	| Avg Length: 73.7102 | Avg Reward: 0.7428 
	| Avg Length: 77.0000 | Avg Reward: 0.7455
	| OG  Acc: 1.00  | Masked Acc: 0.97 | OG  F1: 1.00 | Masked F1: 0.97
Epoch 235/250 
	| Avg Actor Loss: -0.0810 | Avg Critic Loss: 0.0063 
	| Avg Length: 73.8050 | Avg Reward: 0.7433 
	| Avg Length: 77.0000 | Avg Reward: 0.7456
	| OG  Acc: 1.00  | Masked Acc: 0.97 | OG  F1: 1.00 | Masked F1: 0.97
Epoch 236/250 
	| Avg Actor Loss: -0.0123 | Avg Critic Loss: 0.0063 
	| Avg Length: 73.7398 | Avg Reward: 0.7436 
	| Avg Length: 77.0000 | Avg Reward: 0.7454
	| OG  Acc: 1.00  | Masked Acc: 0.97 | OG  F1: 1.00 | Masked F1: 0.97
Epoch 237/250 
	| Avg Actor Loss: 0.0022 | Avg Critic Loss: 0.0061 
	| Avg Length: 73.6846 | Avg Reward: 0.7452 
	| Avg Length: 77.0000 | Avg Reward: 0.7455
	| OG  Acc: 1.00  | Masked Acc: 0.97 | OG  F1: 1.00 | Masked F1: 0.97
Epoch 238/250 
	| Avg Actor Loss: -0.0367 | Avg Critic Loss: 0.0063 
	| Avg Length: 73.9216 | Avg Reward: 0.7428 
	| Avg Length: 77.0000 | Avg Reward: 0.7456
	| OG  Acc: 1.00  | Masked Acc: 0.97 | OG  F1: 1.00 | Masked F1: 0.97
Epoch 239/250 
	| Avg Actor Loss: -0.0624 | Avg Critic Loss: 0.0062 
	| Avg Length: 73.7702 | Avg Reward: 0.7430 
	| Avg Length: 77.0000 | Avg Reward: 0.7456
	| OG  Acc: 1.00  | Masked Acc: 0.97 | OG  F1: 1.00 | Masked F1: 0.97
Epoch 240/250 
	| Avg Actor Loss: -0.1313 | Avg Critic Loss: 0.0060 
	| Avg Length: 73.7566 | Avg Reward: 0.7430 
	| Avg Length: 77.0000 | Avg Reward: 0.7455
	| OG  Acc: 1.00  | Masked Acc: 0.97 | OG  F1: 1.00 | Masked F1: 0.97
Epoch 241/250 
	| Avg Actor Loss: 0.0231 | Avg Critic Loss: 0.0061 
	| Avg Length: 73.8128 | Avg Reward: 0.7447 
	| Avg Length: 77.0000 | Avg Reward: 0.7456
	| OG  Acc: 1.00  | Masked Acc: 0.97 | OG  F1: 1.00 | Masked F1: 0.97
Epoch 242/250 
	| Avg Actor Loss: -0.0787 | Avg Critic Loss: 0.0065 
	| Avg Length: 73.7486 | Avg Reward: 0.7431 
	| Avg Length: 77.0000 | Avg Reward: 0.7456
	| OG  Acc: 1.00  | Masked Acc: 0.97 | OG  F1: 1.00 | Masked F1: 0.97
Epoch 243/250 
	| Avg Actor Loss: -0.0164 | Avg Critic Loss: 0.0063 
	| Avg Length: 73.9874 | Avg Reward: 0.7437 
	| Avg Length: 77.0000 | Avg Reward: 0.7454
	| OG  Acc: 1.00  | Masked Acc: 0.97 | OG  F1: 1.00 | Masked F1: 0.97
Epoch 244/250 
	| Avg Actor Loss: 0.0029 | Avg Critic Loss: 0.0061 
	| Avg Length: 73.8050 | Avg Reward: 0.7444 
	| Avg Length: 77.0000 | Avg Reward: 0.7456
	| OG  Acc: 1.00  | Masked Acc: 0.97 | OG  F1: 1.00 | Masked F1: 0.97
Epoch 245/250 
	| Avg Actor Loss: -0.0372 | Avg Critic Loss: 0.0063 
	| Avg Length: 73.9972 | Avg Reward: 0.7434 
	| Avg Length: 77.0000 | Avg Reward: 0.7456
	| OG  Acc: 1.00  | Masked Acc: 0.97 | OG  F1: 1.00 | Masked F1: 0.97
Epoch 246/250 
	| Avg Actor Loss: -0.0349 | Avg Critic Loss: 0.0061 
	| Avg Length: 73.9448 | Avg Reward: 0.7436 
	| Avg Length: 77.0000 | Avg Reward: 0.7457
	| OG  Acc: 1.00  | Masked Acc: 0.97 | OG  F1: 1.00 | Masked F1: 0.97
Epoch 247/250 
	| Avg Actor Loss: -0.0401 | Avg Critic Loss: 0.0062 
	| Avg Length: 73.8536 | Avg Reward: 0.7434 
	| Avg Length: 77.0000 | Avg Reward: 0.7453
	| OG  Acc: 1.00  | Masked Acc: 0.97 | OG  F1: 1.00 | Masked F1: 0.97
Epoch 248/250 
	| Avg Actor Loss: -0.1493 | Avg Critic Loss: 0.0065 
	| Avg Length: 73.8166 | Avg Reward: 0.7425 
	| Avg Length: 77.0000 | Avg Reward: 0.7457
	| OG  Acc: 1.00  | Masked Acc: 0.97 | OG  F1: 1.00 | Masked F1: 0.97
Epoch 249/250 
	| Avg Actor Loss: -0.0839 | Avg Critic Loss: 0.0065 
	| Avg Length: 73.8844 | Avg Reward: 0.7431 
	| Avg Length: 77.0000 | Avg Reward: 0.7455
	| OG  Acc: 1.00  | Masked Acc: 0.97 | OG  F1: 1.00 | Masked F1: 0.97
