Epoch 00/250 
	| Avg Actor Loss: 0.0057 | Avg Critic Loss: 0.1764 
	| Avg Length: 2.0464 | Avg Reward: 0.6441 
	| Avg Length: 1.0000 | Avg Reward: 0.6527
	| OG  Acc: 1.00  | Masked Acc: 0.51 | OG  F1: 1.00 | Masked F1: 0.66
Epoch 01/250 
	| Avg Actor Loss: -0.0090 | Avg Critic Loss: 0.0662 
	| Avg Length: 2.0342 | Avg Reward: 0.6379 
	| Avg Length: 1.0000 | Avg Reward: 0.6523
	| OG  Acc: 1.00  | Masked Acc: 0.51 | OG  F1: 1.00 | Masked F1: 0.66
Epoch 02/250 
	| Avg Actor Loss: 0.0168 | Avg Critic Loss: 0.0555 
	| Avg Length: 2.0494 | Avg Reward: 0.6424 
	| Avg Length: 1.0000 | Avg Reward: 0.6530
	| OG  Acc: 1.00  | Masked Acc: 0.51 | OG  F1: 1.00 | Masked F1: 0.66
Epoch 03/250 
	| Avg Actor Loss: -0.0118 | Avg Critic Loss: 0.0546 
	| Avg Length: 2.0888 | Avg Reward: 0.6404 
	| Avg Length: 1.0000 | Avg Reward: 0.6536
	| OG  Acc: 1.00  | Masked Acc: 0.51 | OG  F1: 1.00 | Masked F1: 0.66
Epoch 04/250 
	| Avg Actor Loss: -0.0184 | Avg Critic Loss: 0.0545 
	| Avg Length: 2.0382 | Avg Reward: 0.6409 
	| Avg Length: 1.0000 | Avg Reward: 0.6536
	| OG  Acc: 1.00  | Masked Acc: 0.51 | OG  F1: 1.00 | Masked F1: 0.67
Epoch 05/250 
	| Avg Actor Loss: -0.0116 | Avg Critic Loss: 0.0543 
	| Avg Length: 2.0232 | Avg Reward: 0.6416 
	| Avg Length: 1.0000 | Avg Reward: 0.6530
	| OG  Acc: 1.00  | Masked Acc: 0.51 | OG  F1: 1.00 | Masked F1: 0.66
Epoch 06/250 
	| Avg Actor Loss: -0.0189 | Avg Critic Loss: 0.0544 
	| Avg Length: 1.9970 | Avg Reward: 0.6422 
	| Avg Length: 1.0000 | Avg Reward: 0.6532
	| OG  Acc: 1.00  | Masked Acc: 0.51 | OG  F1: 1.00 | Masked F1: 0.67
Epoch 07/250 
	| Avg Actor Loss: 0.0025 | Avg Critic Loss: 0.0543 
	| Avg Length: 2.0026 | Avg Reward: 0.6452 
	| Avg Length: 1.0000 | Avg Reward: 0.6526
	| OG  Acc: 1.00  | Masked Acc: 0.51 | OG  F1: 1.00 | Masked F1: 0.66
Epoch 08/250 
	| Avg Actor Loss: 0.0004 | Avg Critic Loss: 0.0542 
	| Avg Length: 1.9604 | Avg Reward: 0.6446 
	| Avg Length: 1.0000 | Avg Reward: 0.6533
	| OG  Acc: 1.00  | Masked Acc: 0.51 | OG  F1: 1.00 | Masked F1: 0.66
Epoch 09/250 
	| Avg Actor Loss: 0.0111 | Avg Critic Loss: 0.0543 
	| Avg Length: 2.0086 | Avg Reward: 0.6382 
	| Avg Length: 1.0000 | Avg Reward: 0.6531
	| OG  Acc: 1.00  | Masked Acc: 0.51 | OG  F1: 1.00 | Masked F1: 0.66
Epoch 10/250 
	| Avg Actor Loss: -0.0068 | Avg Critic Loss: 0.0542 
	| Avg Length: 2.0156 | Avg Reward: 0.6447 
	| Avg Length: 1.0000 | Avg Reward: 0.6537
	| OG  Acc: 1.00  | Masked Acc: 0.51 | OG  F1: 1.00 | Masked F1: 0.66
Epoch 11/250 
	| Avg Actor Loss: -0.0047 | Avg Critic Loss: 0.0542 
	| Avg Length: 1.9932 | Avg Reward: 0.6433 
	| Avg Length: 1.0000 | Avg Reward: 0.6519
	| OG  Acc: 1.00  | Masked Acc: 0.51 | OG  F1: 1.00 | Masked F1: 0.66
Epoch 12/250 
	| Avg Actor Loss: -0.0050 | Avg Critic Loss: 0.0539 
	| Avg Length: 2.0082 | Avg Reward: 0.6433 
	| Avg Length: 1.0000 | Avg Reward: 0.6530
	| OG  Acc: 1.00  | Masked Acc: 0.51 | OG  F1: 1.00 | Masked F1: 0.66
Epoch 13/250 
	| Avg Actor Loss: -0.0209 | Avg Critic Loss: 0.0534 
	| Avg Length: 1.9738 | Avg Reward: 0.6463 
	| Avg Length: 1.0000 | Avg Reward: 0.6532
	| OG  Acc: 1.00  | Masked Acc: 0.51 | OG  F1: 1.00 | Masked F1: 0.66
Epoch 14/250 
	| Avg Actor Loss: 0.0070 | Avg Critic Loss: 0.0530 
	| Avg Length: 1.9488 | Avg Reward: 0.6397 
	| Avg Length: 1.0000 | Avg Reward: 0.6527
	| OG  Acc: 1.00  | Masked Acc: 0.51 | OG  F1: 1.00 | Masked F1: 0.66
Epoch 15/250 
	| Avg Actor Loss: -0.0292 | Avg Critic Loss: 0.0528 
	| Avg Length: 2.0004 | Avg Reward: 0.6400 
	| Avg Length: 1.0000 | Avg Reward: 0.6519
	| OG  Acc: 1.00  | Masked Acc: 0.51 | OG  F1: 1.00 | Masked F1: 0.66
Epoch 16/250 
	| Avg Actor Loss: -0.0109 | Avg Critic Loss: 0.0523 
	| Avg Length: 1.9482 | Avg Reward: 0.6410 
	| Avg Length: 1.0000 | Avg Reward: 0.6532
	| OG  Acc: 1.00  | Masked Acc: 0.51 | OG  F1: 1.00 | Masked F1: 0.66
Epoch 17/250 
	| Avg Actor Loss: 0.0097 | Avg Critic Loss: 0.0515 
	| Avg Length: 1.9394 | Avg Reward: 0.6426 
	| Avg Length: 1.0000 | Avg Reward: 0.6530
	| OG  Acc: 1.00  | Masked Acc: 0.51 | OG  F1: 1.00 | Masked F1: 0.66
Epoch 18/250 
	| Avg Actor Loss: -0.0326 | Avg Critic Loss: 0.0510 
	| Avg Length: 1.9392 | Avg Reward: 0.6417 
	| Avg Length: 1.0000 | Avg Reward: 0.6531
	| OG  Acc: 1.00  | Masked Acc: 0.51 | OG  F1: 1.00 | Masked F1: 0.66
Epoch 19/250 
	| Avg Actor Loss: 0.0163 | Avg Critic Loss: 0.0505 
	| Avg Length: 1.9272 | Avg Reward: 0.6423 
	| Avg Length: 1.0000 | Avg Reward: 0.6531
	| OG  Acc: 1.00  | Masked Acc: 0.51 | OG  F1: 1.00 | Masked F1: 0.66
Epoch 20/250 
	| Avg Actor Loss: -0.0171 | Avg Critic Loss: 0.0497 
	| Avg Length: 1.9392 | Avg Reward: 0.6425 
	| Avg Length: 1.0000 | Avg Reward: 0.6532
	| OG  Acc: 1.00  | Masked Acc: 0.51 | OG  F1: 1.00 | Masked F1: 0.66
Epoch 21/250 
	| Avg Actor Loss: -0.0263 | Avg Critic Loss: 0.0491 
	| Avg Length: 1.8866 | Avg Reward: 0.6448 
	| Avg Length: 1.0000 | Avg Reward: 0.6523
	| OG  Acc: 1.00  | Masked Acc: 0.51 | OG  F1: 1.00 | Masked F1: 0.66
Epoch 22/250 
	| Avg Actor Loss: 0.0188 | Avg Critic Loss: 0.0465 
	| Avg Length: 1.8830 | Avg Reward: 0.6426 
	| Avg Length: 1.0000 | Avg Reward: 0.6522
	| OG  Acc: 1.00  | Masked Acc: 0.51 | OG  F1: 1.00 | Masked F1: 0.67
Epoch 23/250 
	| Avg Actor Loss: 0.0083 | Avg Critic Loss: 0.0405 
	| Avg Length: 1.8408 | Avg Reward: 0.6422 
	| Avg Length: 1.0000 | Avg Reward: 0.6529
	| OG  Acc: 1.00  | Masked Acc: 0.51 | OG  F1: 1.00 | Masked F1: 0.66
Epoch 24/250 
	| Avg Actor Loss: -0.0303 | Avg Critic Loss: 0.0313 
	| Avg Length: 1.8618 | Avg Reward: 0.6424 
	| Avg Length: 1.0000 | Avg Reward: 0.6524
	| OG  Acc: 1.00  | Masked Acc: 0.51 | OG  F1: 1.00 | Masked F1: 0.66
Epoch 25/250 
	| Avg Actor Loss: -0.0215 | Avg Critic Loss: 0.0247 
	| Avg Length: 1.8616 | Avg Reward: 0.6423 
	| Avg Length: 1.0000 | Avg Reward: 0.6527
	| OG  Acc: 1.00  | Masked Acc: 0.51 | OG  F1: 1.00 | Masked F1: 0.66
Epoch 26/250 
	| Avg Actor Loss: -0.0066 | Avg Critic Loss: 0.0223 
	| Avg Length: 1.8300 | Avg Reward: 0.6423 
	| Avg Length: 1.0000 | Avg Reward: 0.6525
	| OG  Acc: 1.00  | Masked Acc: 0.51 | OG  F1: 1.00 | Masked F1: 0.66
Epoch 27/250 
	| Avg Actor Loss: -0.0172 | Avg Critic Loss: 0.0207 
	| Avg Length: 1.7552 | Avg Reward: 0.6434 
	| Avg Length: 1.0000 | Avg Reward: 0.6524
	| OG  Acc: 1.00  | Masked Acc: 0.51 | OG  F1: 1.00 | Masked F1: 0.66
Epoch 28/250 
	| Avg Actor Loss: 0.0144 | Avg Critic Loss: 0.0206 
	| Avg Length: 1.7428 | Avg Reward: 0.6445 
	| Avg Length: 1.0000 | Avg Reward: 0.6528
	| OG  Acc: 1.00  | Masked Acc: 0.51 | OG  F1: 1.00 | Masked F1: 0.66
Epoch 29/250 
	| Avg Actor Loss: -0.0368 | Avg Critic Loss: 0.0198 
	| Avg Length: 1.7350 | Avg Reward: 0.6394 
	| Avg Length: 1.0000 | Avg Reward: 0.6524
	| OG  Acc: 1.00  | Masked Acc: 0.51 | OG  F1: 1.00 | Masked F1: 0.66
Epoch 30/250 
	| Avg Actor Loss: 0.0015 | Avg Critic Loss: 0.0204 
	| Avg Length: 1.6988 | Avg Reward: 0.6481 
	| Avg Length: 1.0000 | Avg Reward: 0.6518
	| OG  Acc: 1.00  | Masked Acc: 0.51 | OG  F1: 1.00 | Masked F1: 0.67
Epoch 31/250 
	| Avg Actor Loss: 0.0015 | Avg Critic Loss: 0.0204 
	| Avg Length: 1.6450 | Avg Reward: 0.6448 
	| Avg Length: 1.0000 | Avg Reward: 0.6535
	| OG  Acc: 1.00  | Masked Acc: 0.51 | OG  F1: 1.00 | Masked F1: 0.66
Epoch 32/250 
	| Avg Actor Loss: -0.0177 | Avg Critic Loss: 0.0182 
	| Avg Length: 1.6312 | Avg Reward: 0.6412 
	| Avg Length: 1.0000 | Avg Reward: 0.6530
	| OG  Acc: 1.00  | Masked Acc: 0.51 | OG  F1: 1.00 | Masked F1: 0.66
Epoch 33/250 
	| Avg Actor Loss: -0.0074 | Avg Critic Loss: 0.0180 
	| Avg Length: 1.5802 | Avg Reward: 0.6436 
	| Avg Length: 1.0000 | Avg Reward: 0.6534
	| OG  Acc: 1.00  | Masked Acc: 0.51 | OG  F1: 1.00 | Masked F1: 0.66
Epoch 34/250 
	| Avg Actor Loss: -0.0217 | Avg Critic Loss: 0.0183 
	| Avg Length: 1.5318 | Avg Reward: 0.6427 
	| Avg Length: 1.0000 | Avg Reward: 0.6531
	| OG  Acc: 1.00  | Masked Acc: 0.51 | OG  F1: 1.00 | Masked F1: 0.66
Epoch 35/250 
	| Avg Actor Loss: -0.0297 | Avg Critic Loss: 0.0171 
	| Avg Length: 1.3928 | Avg Reward: 0.6453 
	| Avg Length: 1.0000 | Avg Reward: 0.6585
	| OG  Acc: 1.00  | Masked Acc: 0.52 | OG  F1: 1.00 | Masked F1: 0.68
Epoch 36/250 
	| Avg Actor Loss: -0.0418 | Avg Critic Loss: 0.0161 
	| Avg Length: 1.2356 | Avg Reward: 0.6437 
	| Avg Length: 1.0000 | Avg Reward: 0.6584
	| OG  Acc: 1.00  | Masked Acc: 0.52 | OG  F1: 1.00 | Masked F1: 0.68
Epoch 37/250 
	| Avg Actor Loss: -0.0298 | Avg Critic Loss: 0.0165 
	| Avg Length: 1.1002 | Avg Reward: 0.6503 
	| Avg Length: 1.0000 | Avg Reward: 0.6584
	| OG  Acc: 1.00  | Masked Acc: 0.52 | OG  F1: 1.00 | Masked F1: 0.68
Epoch 38/250 
	| Avg Actor Loss: -0.0083 | Avg Critic Loss: 0.0166 
	| Avg Length: 1.0664 | Avg Reward: 0.6506 
	| Avg Length: 1.0000 | Avg Reward: 0.6582
	| OG  Acc: 1.00  | Masked Acc: 0.52 | OG  F1: 1.00 | Masked F1: 0.68
Epoch 39/250 
	| Avg Actor Loss: -0.0217 | Avg Critic Loss: 0.0171 
	| Avg Length: 1.0740 | Avg Reward: 0.6488 
	| Avg Length: 1.0000 | Avg Reward: 0.6583
	| OG  Acc: 1.00  | Masked Acc: 0.52 | OG  F1: 1.00 | Masked F1: 0.68
Epoch 40/250 
	| Avg Actor Loss: -0.0282 | Avg Critic Loss: 0.0148 
	| Avg Length: 1.0844 | Avg Reward: 0.6513 
	| Avg Length: 1.0000 | Avg Reward: 0.6581
	| OG  Acc: 1.00  | Masked Acc: 0.52 | OG  F1: 1.00 | Masked F1: 0.68
Epoch 41/250 
	| Avg Actor Loss: -0.0396 | Avg Critic Loss: 0.0154 
	| Avg Length: 1.0628 | Avg Reward: 0.6486 
	| Avg Length: 1.0000 | Avg Reward: 0.6584
	| OG  Acc: 1.00  | Masked Acc: 0.52 | OG  F1: 1.00 | Masked F1: 0.68
Epoch 42/250 
	| Avg Actor Loss: -0.0400 | Avg Critic Loss: 0.0156 
	| Avg Length: 1.0538 | Avg Reward: 0.6511 
	| Avg Length: 1.0000 | Avg Reward: 0.6585
	| OG  Acc: 1.00  | Masked Acc: 0.52 | OG  F1: 1.00 | Masked F1: 0.68
Epoch 43/250 
	| Avg Actor Loss: -0.0071 | Avg Critic Loss: 0.0151 
	| Avg Length: 1.0538 | Avg Reward: 0.6514 
	| Avg Length: 1.0000 | Avg Reward: 0.6582
	| OG  Acc: 1.00  | Masked Acc: 0.52 | OG  F1: 1.00 | Masked F1: 0.67
Epoch 44/250 
	| Avg Actor Loss: -0.0655 | Avg Critic Loss: 0.0151 
	| Avg Length: 1.0480 | Avg Reward: 0.6487 
	| Avg Length: 1.0000 | Avg Reward: 0.6584
	| OG  Acc: 1.00  | Masked Acc: 0.52 | OG  F1: 1.00 | Masked F1: 0.68
Epoch 45/250 
	| Avg Actor Loss: -0.0287 | Avg Critic Loss: 0.0145 
	| Avg Length: 1.0584 | Avg Reward: 0.6506 
	| Avg Length: 1.0000 | Avg Reward: 0.6587
	| OG  Acc: 1.00  | Masked Acc: 0.52 | OG  F1: 1.00 | Masked F1: 0.68
Epoch 46/250 
	| Avg Actor Loss: -0.0469 | Avg Critic Loss: 0.0132 
	| Avg Length: 1.0558 | Avg Reward: 0.6517 
	| Avg Length: 1.0000 | Avg Reward: 0.6581
	| OG  Acc: 1.00  | Masked Acc: 0.52 | OG  F1: 1.00 | Masked F1: 0.68
Epoch 47/250 
	| Avg Actor Loss: -0.0647 | Avg Critic Loss: 0.0131 
	| Avg Length: 1.0546 | Avg Reward: 0.6501 
	| Avg Length: 1.0000 | Avg Reward: 0.6610
	| OG  Acc: 1.00  | Masked Acc: 0.52 | OG  F1: 1.00 | Masked F1: 0.68
Epoch 48/250 
	| Avg Actor Loss: -0.0641 | Avg Critic Loss: 0.0133 
	| Avg Length: 1.0632 | Avg Reward: 0.6530 
	| Avg Length: 1.0000 | Avg Reward: 0.6615
	| OG  Acc: 1.00  | Masked Acc: 0.52 | OG  F1: 1.00 | Masked F1: 0.68
Epoch 49/250 
	| Avg Actor Loss: -0.0558 | Avg Critic Loss: 0.0126 
	| Avg Length: 1.0542 | Avg Reward: 0.6487 
	| Avg Length: 1.0000 | Avg Reward: 0.6621
	| OG  Acc: 1.00  | Masked Acc: 0.52 | OG  F1: 1.00 | Masked F1: 0.68
Epoch 50/250 
	| Avg Actor Loss: -0.0468 | Avg Critic Loss: 0.0158 
	| Avg Length: 1.0556 | Avg Reward: 0.6530 
	| Avg Length: 1.0000 | Avg Reward: 0.6612
	| OG  Acc: 1.00  | Masked Acc: 0.52 | OG  F1: 1.00 | Masked F1: 0.68
Epoch 51/250 
	| Avg Actor Loss: -0.0314 | Avg Critic Loss: 0.0134 
	| Avg Length: 1.0550 | Avg Reward: 0.6510 
	| Avg Length: 1.0000 | Avg Reward: 0.6614
	| OG  Acc: 1.00  | Masked Acc: 0.52 | OG  F1: 1.00 | Masked F1: 0.68
Epoch 52/250 
	| Avg Actor Loss: -0.0750 | Avg Critic Loss: 0.0129 
	| Avg Length: 1.0746 | Avg Reward: 0.6512 
	| Avg Length: 1.0000 | Avg Reward: 0.6618
	| OG  Acc: 1.00  | Masked Acc: 0.52 | OG  F1: 1.00 | Masked F1: 0.68
Epoch 53/250 
	| Avg Actor Loss: -0.0822 | Avg Critic Loss: 0.0118 
	| Avg Length: 1.0672 | Avg Reward: 0.6562 
	| Avg Length: 1.0000 | Avg Reward: 0.6615
	| OG  Acc: 1.00  | Masked Acc: 0.52 | OG  F1: 1.00 | Masked F1: 0.68
Epoch 54/250 
	| Avg Actor Loss: -0.1034 | Avg Critic Loss: 0.0113 
	| Avg Length: 1.0654 | Avg Reward: 0.6532 
	| Avg Length: 1.0000 | Avg Reward: 0.6620
	| OG  Acc: 1.00  | Masked Acc: 0.52 | OG  F1: 1.00 | Masked F1: 0.68
Epoch 55/250 
	| Avg Actor Loss: -0.0802 | Avg Critic Loss: 0.0120 
	| Avg Length: 1.0692 | Avg Reward: 0.6540 
	| Avg Length: 1.0000 | Avg Reward: 0.6611
	| OG  Acc: 1.00  | Masked Acc: 0.52 | OG  F1: 1.00 | Masked F1: 0.68
Epoch 56/250 
	| Avg Actor Loss: -0.0659 | Avg Critic Loss: 0.0111 
	| Avg Length: 1.0570 | Avg Reward: 0.6579 
	| Avg Length: 1.0000 | Avg Reward: 0.6615
	| OG  Acc: 1.00  | Masked Acc: 0.52 | OG  F1: 1.00 | Masked F1: 0.68
Epoch 57/250 
	| Avg Actor Loss: -0.0766 | Avg Critic Loss: 0.0118 
	| Avg Length: 1.0450 | Avg Reward: 0.6578 
	| Avg Length: 1.0000 | Avg Reward: 0.6615
	| OG  Acc: 1.00  | Masked Acc: 0.52 | OG  F1: 1.00 | Masked F1: 0.68
Epoch 58/250 
	| Avg Actor Loss: -0.0915 | Avg Critic Loss: 0.0102 
	| Avg Length: 1.0534 | Avg Reward: 0.6544 
	| Avg Length: 1.0000 | Avg Reward: 0.6619
	| OG  Acc: 1.00  | Masked Acc: 0.52 | OG  F1: 1.00 | Masked F1: 0.68
Epoch 59/250 
	| Avg Actor Loss: -0.0501 | Avg Critic Loss: 0.0101 
	| Avg Length: 1.0482 | Avg Reward: 0.6571 
	| Avg Length: 1.0000 | Avg Reward: 0.6618
	| OG  Acc: 1.00  | Masked Acc: 0.52 | OG  F1: 1.00 | Masked F1: 0.68
Epoch 60/250 
	| Avg Actor Loss: -0.0596 | Avg Critic Loss: 0.0096 
	| Avg Length: 1.0488 | Avg Reward: 0.6559 
	| Avg Length: 1.0000 | Avg Reward: 0.6623
	| OG  Acc: 1.00  | Masked Acc: 0.52 | OG  F1: 1.00 | Masked F1: 0.68
Epoch 61/250 
	| Avg Actor Loss: -0.0407 | Avg Critic Loss: 0.0096 
	| Avg Length: 1.0436 | Avg Reward: 0.6560 
	| Avg Length: 1.0000 | Avg Reward: 0.6615
	| OG  Acc: 1.00  | Masked Acc: 0.52 | OG  F1: 1.00 | Masked F1: 0.68
Epoch 62/250 
	| Avg Actor Loss: -0.1027 | Avg Critic Loss: 0.0099 
	| Avg Length: 1.0490 | Avg Reward: 0.6541 
	| Avg Length: 1.0000 | Avg Reward: 0.6611
	| OG  Acc: 1.00  | Masked Acc: 0.52 | OG  F1: 1.00 | Masked F1: 0.68
Epoch 63/250 
	| Avg Actor Loss: 0.0213 | Avg Critic Loss: 0.0092 
	| Avg Length: 1.0514 | Avg Reward: 0.6602 
	| Avg Length: 1.0000 | Avg Reward: 0.6607
	| OG  Acc: 1.00  | Masked Acc: 0.52 | OG  F1: 1.00 | Masked F1: 0.68
Epoch 64/250 
	| Avg Actor Loss: -0.0848 | Avg Critic Loss: 0.0090 
	| Avg Length: 1.0476 | Avg Reward: 0.6581 
	| Avg Length: 1.0000 | Avg Reward: 0.6621
	| OG  Acc: 1.00  | Masked Acc: 0.52 | OG  F1: 1.00 | Masked F1: 0.68
Epoch 65/250 
	| Avg Actor Loss: -0.0843 | Avg Critic Loss: 0.0089 
	| Avg Length: 1.0426 | Avg Reward: 0.6590 
	| Avg Length: 1.0000 | Avg Reward: 0.6615
	| OG  Acc: 1.00  | Masked Acc: 0.52 | OG  F1: 1.00 | Masked F1: 0.68
Epoch 66/250 
	| Avg Actor Loss: -0.1108 | Avg Critic Loss: 0.0087 
	| Avg Length: 1.0442 | Avg Reward: 0.6574 
	| Avg Length: 1.0000 | Avg Reward: 0.6608
	| OG  Acc: 1.00  | Masked Acc: 0.52 | OG  F1: 1.00 | Masked F1: 0.68
Epoch 67/250 
	| Avg Actor Loss: -0.1419 | Avg Critic Loss: 0.0090 
	| Avg Length: 1.0446 | Avg Reward: 0.6576 
	| Avg Length: 1.0000 | Avg Reward: 0.6616
	| OG  Acc: 1.00  | Masked Acc: 0.52 | OG  F1: 1.00 | Masked F1: 0.68
Epoch 68/250 
	| Avg Actor Loss: -0.0926 | Avg Critic Loss: 0.0081 
	| Avg Length: 1.0392 | Avg Reward: 0.6592 
	| Avg Length: 1.0000 | Avg Reward: 0.6615
	| OG  Acc: 1.00  | Masked Acc: 0.52 | OG  F1: 1.00 | Masked F1: 0.68
Epoch 69/250 
	| Avg Actor Loss: -0.0369 | Avg Critic Loss: 0.0078 
	| Avg Length: 1.0396 | Avg Reward: 0.6602 
	| Avg Length: 1.0000 | Avg Reward: 0.6610
	| OG  Acc: 1.00  | Masked Acc: 0.52 | OG  F1: 1.00 | Masked F1: 0.68
Epoch 70/250 
	| Avg Actor Loss: -0.0778 | Avg Critic Loss: 0.0072 
	| Avg Length: 1.0452 | Avg Reward: 0.6594 
	| Avg Length: 1.0000 | Avg Reward: 0.6617
	| OG  Acc: 1.00  | Masked Acc: 0.52 | OG  F1: 1.00 | Masked F1: 0.68
Epoch 71/250 
	| Avg Actor Loss: -0.0643 | Avg Critic Loss: 0.0077 
	| Avg Length: 1.0504 | Avg Reward: 0.6596 
	| Avg Length: 1.0000 | Avg Reward: 0.6622
	| OG  Acc: 1.00  | Masked Acc: 0.52 | OG  F1: 1.00 | Masked F1: 0.68
Epoch 72/250 
	| Avg Actor Loss: -0.0725 | Avg Critic Loss: 0.0078 
	| Avg Length: 1.0528 | Avg Reward: 0.6582 
	| Avg Length: 1.0000 | Avg Reward: 0.6617
	| OG  Acc: 1.00  | Masked Acc: 0.52 | OG  F1: 1.00 | Masked F1: 0.68
Epoch 73/250 
	| Avg Actor Loss: -0.1392 | Avg Critic Loss: 0.0073 
	| Avg Length: 1.0532 | Avg Reward: 0.6584 
	| Avg Length: 1.0000 | Avg Reward: 0.6618
	| OG  Acc: 1.00  | Masked Acc: 0.52 | OG  F1: 1.00 | Masked F1: 0.68
Epoch 74/250 
	| Avg Actor Loss: -0.0863 | Avg Critic Loss: 0.0080 
	| Avg Length: 1.0576 | Avg Reward: 0.6580 
	| Avg Length: 1.0000 | Avg Reward: 0.6616
	| OG  Acc: 1.00  | Masked Acc: 0.52 | OG  F1: 1.00 | Masked F1: 0.68
Epoch 75/250 
	| Avg Actor Loss: -0.0446 | Avg Critic Loss: 0.0073 
	| Avg Length: 1.0632 | Avg Reward: 0.6615 
	| Avg Length: 1.0000 | Avg Reward: 0.6619
	| OG  Acc: 1.00  | Masked Acc: 0.52 | OG  F1: 1.00 | Masked F1: 0.68
Epoch 76/250 
	| Avg Actor Loss: -0.0846 | Avg Critic Loss: 0.0077 
	| Avg Length: 1.0632 | Avg Reward: 0.6600 
	| Avg Length: 1.0000 | Avg Reward: 0.6617
	| OG  Acc: 1.00  | Masked Acc: 0.52 | OG  F1: 1.00 | Masked F1: 0.68
Epoch 77/250 
	| Avg Actor Loss: -0.0598 | Avg Critic Loss: 0.0080 
	| Avg Length: 1.0664 | Avg Reward: 0.6604 
	| Avg Length: 1.0000 | Avg Reward: 0.6615
	| OG  Acc: 1.00  | Masked Acc: 0.52 | OG  F1: 1.00 | Masked F1: 0.68
Epoch 78/250 
	| Avg Actor Loss: -0.1291 | Avg Critic Loss: 0.0074 
	| Avg Length: 1.0660 | Avg Reward: 0.6603 
	| Avg Length: 1.0000 | Avg Reward: 0.6615
	| OG  Acc: 1.00  | Masked Acc: 0.52 | OG  F1: 1.00 | Masked F1: 0.68
Epoch 79/250 
	| Avg Actor Loss: -0.0145 | Avg Critic Loss: 0.0073 
	| Avg Length: 1.0760 | Avg Reward: 0.6614 
	| Avg Length: 1.0000 | Avg Reward: 0.6612
	| OG  Acc: 1.00  | Masked Acc: 0.52 | OG  F1: 1.00 | Masked F1: 0.68
Epoch 80/250 
	| Avg Actor Loss: -0.0636 | Avg Critic Loss: 0.0070 
	| Avg Length: 1.0764 | Avg Reward: 0.6608 
	| Avg Length: 1.0000 | Avg Reward: 0.6612
	| OG  Acc: 1.00  | Masked Acc: 0.52 | OG  F1: 1.00 | Masked F1: 0.68
Epoch 81/250 
	| Avg Actor Loss: -0.0717 | Avg Critic Loss: 0.0088 
	| Avg Length: 1.0748 | Avg Reward: 0.6615 
	| Avg Length: 1.0000 | Avg Reward: 0.6620
	| OG  Acc: 1.00  | Masked Acc: 0.52 | OG  F1: 1.00 | Masked F1: 0.68
Epoch 82/250 
	| Avg Actor Loss: -0.0402 | Avg Critic Loss: 0.0097 
	| Avg Length: 1.0810 | Avg Reward: 0.6625 
	| Avg Length: 1.0000 | Avg Reward: 0.6616
	| OG  Acc: 1.00  | Masked Acc: 0.52 | OG  F1: 1.00 | Masked F1: 0.68
Epoch 83/250 
	| Avg Actor Loss: 0.0341 | Avg Critic Loss: 0.0077 
	| Avg Length: 1.0686 | Avg Reward: 0.6618 
	| Avg Length: 1.0000 | Avg Reward: 0.6615
	| OG  Acc: 1.00  | Masked Acc: 0.52 | OG  F1: 1.00 | Masked F1: 0.67
Epoch 84/250 
	| Avg Actor Loss: 0.0023 | Avg Critic Loss: 0.0072 
	| Avg Length: 1.0750 | Avg Reward: 0.6608 
	| Avg Length: 1.0000 | Avg Reward: 0.6612
	| OG  Acc: 1.00  | Masked Acc: 0.52 | OG  F1: 1.00 | Masked F1: 0.68
Epoch 85/250 
	| Avg Actor Loss: -0.0873 | Avg Critic Loss: 0.0068 
	| Avg Length: 1.0884 | Avg Reward: 0.6598 
	| Avg Length: 1.0000 | Avg Reward: 0.6615
	| OG  Acc: 1.00  | Masked Acc: 0.52 | OG  F1: 1.00 | Masked F1: 0.68
Epoch 86/250 
	| Avg Actor Loss: -0.0556 | Avg Critic Loss: 0.0066 
	| Avg Length: 1.0834 | Avg Reward: 0.6601 
	| Avg Length: 1.0000 | Avg Reward: 0.6612
	| OG  Acc: 1.00  | Masked Acc: 0.52 | OG  F1: 1.00 | Masked F1: 0.68
Epoch 87/250 
	| Avg Actor Loss: 0.0029 | Avg Critic Loss: 0.0067 
	| Avg Length: 1.0784 | Avg Reward: 0.6616 
	| Avg Length: 1.0000 | Avg Reward: 0.6616
	| OG  Acc: 1.00  | Masked Acc: 0.52 | OG  F1: 1.00 | Masked F1: 0.68
Epoch 88/250 
	| Avg Actor Loss: -0.0876 | Avg Critic Loss: 0.0068 
	| Avg Length: 1.0866 | Avg Reward: 0.6600 
	| Avg Length: 1.0000 | Avg Reward: 0.6606
	| OG  Acc: 1.00  | Masked Acc: 0.52 | OG  F1: 1.00 | Masked F1: 0.68
Epoch 89/250 
	| Avg Actor Loss: -0.0282 | Avg Critic Loss: 0.0062 
	| Avg Length: 1.0932 | Avg Reward: 0.6615 
	| Avg Length: 1.0000 | Avg Reward: 0.6614
	| OG  Acc: 1.00  | Masked Acc: 0.52 | OG  F1: 1.00 | Masked F1: 0.68
Epoch 90/250 
	| Avg Actor Loss: -0.0813 | Avg Critic Loss: 0.0061 
	| Avg Length: 1.0848 | Avg Reward: 0.6614 
	| Avg Length: 1.0000 | Avg Reward: 0.6621
	| OG  Acc: 1.00  | Masked Acc: 0.53 | OG  F1: 1.00 | Masked F1: 0.68
Epoch 91/250 
	| Avg Actor Loss: -0.0383 | Avg Critic Loss: 0.0056 
	| Avg Length: 1.0826 | Avg Reward: 0.6606 
	| Avg Length: 1.0000 | Avg Reward: 0.6616
	| OG  Acc: 1.00  | Masked Acc: 0.52 | OG  F1: 1.00 | Masked F1: 0.68
Epoch 92/250 
	| Avg Actor Loss: -0.0845 | Avg Critic Loss: 0.0055 
	| Avg Length: 1.0882 | Avg Reward: 0.6605 
	| Avg Length: 1.0000 | Avg Reward: 0.6618
	| OG  Acc: 1.00  | Masked Acc: 0.52 | OG  F1: 1.00 | Masked F1: 0.68
Epoch 93/250 
	| Avg Actor Loss: -0.0262 | Avg Critic Loss: 0.0053 
	| Avg Length: 1.0882 | Avg Reward: 0.6599 
	| Avg Length: 1.0000 | Avg Reward: 0.6615
	| OG  Acc: 1.00  | Masked Acc: 0.52 | OG  F1: 1.00 | Masked F1: 0.68
Epoch 94/250 
	| Avg Actor Loss: 0.0082 | Avg Critic Loss: 0.0054 
	| Avg Length: 1.0986 | Avg Reward: 0.6618 
	| Avg Length: 1.0000 | Avg Reward: 0.6625
	| OG  Acc: 1.00  | Masked Acc: 0.52 | OG  F1: 1.00 | Masked F1: 0.68
Epoch 95/250 
	| Avg Actor Loss: -0.0827 | Avg Critic Loss: 0.0054 
	| Avg Length: 1.1162 | Avg Reward: 0.6607 
	| Avg Length: 1.0000 | Avg Reward: 0.6619
	| OG  Acc: 1.00  | Masked Acc: 0.52 | OG  F1: 1.00 | Masked F1: 0.68
Epoch 96/250 
	| Avg Actor Loss: 0.0178 | Avg Critic Loss: 0.0066 
	| Avg Length: 1.1186 | Avg Reward: 0.6623 
	| Avg Length: 1.0000 | Avg Reward: 0.6615
	| OG  Acc: 1.00  | Masked Acc: 0.53 | OG  F1: 1.00 | Masked F1: 0.68
Epoch 97/250 
	| Avg Actor Loss: -0.0184 | Avg Critic Loss: 0.0058 
	| Avg Length: 1.1256 | Avg Reward: 0.6613 
	| Avg Length: 1.0000 | Avg Reward: 0.6611
	| OG  Acc: 1.00  | Masked Acc: 0.52 | OG  F1: 1.00 | Masked F1: 0.68
Epoch 98/250 
	| Avg Actor Loss: -0.0601 | Avg Critic Loss: 0.0050 
	| Avg Length: 1.1344 | Avg Reward: 0.6606 
	| Avg Length: 1.0000 | Avg Reward: 0.6620
	| OG  Acc: 1.00  | Masked Acc: 0.52 | OG  F1: 1.00 | Masked F1: 0.68
Epoch 99/250 
	| Avg Actor Loss: -0.0606 | Avg Critic Loss: 0.0045 
	| Avg Length: 1.1374 | Avg Reward: 0.6613 
	| Avg Length: 1.0000 | Avg Reward: 0.6618
	| OG  Acc: 1.00  | Masked Acc: 0.52 | OG  F1: 1.00 | Masked F1: 0.68
Epoch 100/250 
	| Avg Actor Loss: 0.0331 | Avg Critic Loss: 0.0051 
	| Avg Length: 1.1492 | Avg Reward: 0.6635 
	| Avg Length: 1.0000 | Avg Reward: 0.6616
	| OG  Acc: 1.00  | Masked Acc: 0.52 | OG  F1: 1.00 | Masked F1: 0.68
Epoch 101/250 
	| Avg Actor Loss: 0.0136 | Avg Critic Loss: 0.0064 
	| Avg Length: 1.1676 | Avg Reward: 0.6612 
	| Avg Length: 1.0000 | Avg Reward: 0.6611
	| OG  Acc: 1.00  | Masked Acc: 0.52 | OG  F1: 1.00 | Masked F1: 0.68
Epoch 102/250 
	| Avg Actor Loss: -0.0022 | Avg Critic Loss: 0.0048 
	| Avg Length: 1.1830 | Avg Reward: 0.6624 
	| Avg Length: 1.0000 | Avg Reward: 0.6615
	| OG  Acc: 1.00  | Masked Acc: 0.52 | OG  F1: 1.00 | Masked F1: 0.68
Epoch 103/250 
	| Avg Actor Loss: -0.0011 | Avg Critic Loss: 0.0063 
	| Avg Length: 1.1932 | Avg Reward: 0.6624 
	| Avg Length: 1.0000 | Avg Reward: 0.6617
	| OG  Acc: 1.00  | Masked Acc: 0.52 | OG  F1: 1.00 | Masked F1: 0.68
Epoch 104/250 
	| Avg Actor Loss: 0.0246 | Avg Critic Loss: 0.0054 
	| Avg Length: 1.2434 | Avg Reward: 0.6612 
	| Avg Length: 1.0000 | Avg Reward: 0.6612
	| OG  Acc: 1.00  | Masked Acc: 0.52 | OG  F1: 1.00 | Masked F1: 0.68
Epoch 105/250 
	| Avg Actor Loss: 0.0030 | Avg Critic Loss: 0.0050 
	| Avg Length: 1.3032 | Avg Reward: 0.6617 
	| Avg Length: 1.0000 | Avg Reward: 0.6616
	| OG  Acc: 1.00  | Masked Acc: 0.52 | OG  F1: 1.00 | Masked F1: 0.68
Epoch 106/250 
	| Avg Actor Loss: -0.0353 | Avg Critic Loss: 0.0054 
	| Avg Length: 1.3176 | Avg Reward: 0.6615 
	| Avg Length: 1.0000 | Avg Reward: 0.6615
	| OG  Acc: 1.00  | Masked Acc: 0.52 | OG  F1: 1.00 | Masked F1: 0.68
Epoch 107/250 
	| Avg Actor Loss: 0.0116 | Avg Critic Loss: 0.0050 
	| Avg Length: 1.3972 | Avg Reward: 0.6634 
	| Avg Length: 1.0000 | Avg Reward: 0.6618
	| OG  Acc: 1.00  | Masked Acc: 0.52 | OG  F1: 1.00 | Masked F1: 0.68
Epoch 108/250 
	| Avg Actor Loss: 0.0015 | Avg Critic Loss: 0.0058 
	| Avg Length: 1.4028 | Avg Reward: 0.6632 
	| Avg Length: 1.0000 | Avg Reward: 0.6614
	| OG  Acc: 1.00  | Masked Acc: 0.52 | OG  F1: 1.00 | Masked F1: 0.68
Epoch 109/250 
	| Avg Actor Loss: -0.0332 | Avg Critic Loss: 0.0059 
	| Avg Length: 1.4454 | Avg Reward: 0.6629 
	| Avg Length: 1.0000 | Avg Reward: 0.6615
	| OG  Acc: 1.00  | Masked Acc: 0.52 | OG  F1: 1.00 | Masked F1: 0.68
Epoch 110/250 
	| Avg Actor Loss: -0.0149 | Avg Critic Loss: 0.0074 
	| Avg Length: 1.5058 | Avg Reward: 0.6633 
	| Avg Length: 1.0000 | Avg Reward: 0.6610
	| OG  Acc: 1.00  | Masked Acc: 0.52 | OG  F1: 1.00 | Masked F1: 0.68
Epoch 111/250 
	| Avg Actor Loss: 0.0112 | Avg Critic Loss: 0.0081 
	| Avg Length: 1.5706 | Avg Reward: 0.6633 
	| Avg Length: 1.0000 | Avg Reward: 0.6617
	| OG  Acc: 1.00  | Masked Acc: 0.52 | OG  F1: 1.00 | Masked F1: 0.68
Epoch 112/250 
	| Avg Actor Loss: -0.0737 | Avg Critic Loss: 0.0067 
	| Avg Length: 1.6144 | Avg Reward: 0.6617 
	| Avg Length: 1.0000 | Avg Reward: 0.6611
	| OG  Acc: 1.00  | Masked Acc: 0.52 | OG  F1: 1.00 | Masked F1: 0.68
Epoch 113/250 
	| Avg Actor Loss: -0.0099 | Avg Critic Loss: 0.0063 
	| Avg Length: 1.6408 | Avg Reward: 0.6632 
	| Avg Length: 1.0000 | Avg Reward: 0.6620
	| OG  Acc: 1.00  | Masked Acc: 0.52 | OG  F1: 1.00 | Masked F1: 0.68
Epoch 114/250 
	| Avg Actor Loss: 0.0534 | Avg Critic Loss: 0.0059 
	| Avg Length: 1.6790 | Avg Reward: 0.6644 
	| Avg Length: 1.0000 | Avg Reward: 0.6618
	| OG  Acc: 1.00  | Masked Acc: 0.52 | OG  F1: 1.00 | Masked F1: 0.68
Epoch 115/250 
	| Avg Actor Loss: -0.0065 | Avg Critic Loss: 0.0058 
	| Avg Length: 1.7316 | Avg Reward: 0.6629 
	| Avg Length: 1.0000 | Avg Reward: 0.6609
	| OG  Acc: 1.00  | Masked Acc: 0.52 | OG  F1: 1.00 | Masked F1: 0.68
Epoch 116/250 
	| Avg Actor Loss: 0.0320 | Avg Critic Loss: 0.0076 
	| Avg Length: 1.8418 | Avg Reward: 0.6633 
	| Avg Length: 1.0000 | Avg Reward: 0.6614
	| OG  Acc: 1.00  | Masked Acc: 0.52 | OG  F1: 1.00 | Masked F1: 0.68
Epoch 117/250 
	| Avg Actor Loss: 0.0333 | Avg Critic Loss: 0.0064 
	| Avg Length: 1.9198 | Avg Reward: 0.6638 
	| Avg Length: 1.0000 | Avg Reward: 0.6609
	| OG  Acc: 1.00  | Masked Acc: 0.52 | OG  F1: 1.00 | Masked F1: 0.68
Epoch 118/250 
	| Avg Actor Loss: 0.0020 | Avg Critic Loss: 0.0059 
	| Avg Length: 2.0146 | Avg Reward: 0.6650 
	| Avg Length: 1.0000 | Avg Reward: 0.6619
	| OG  Acc: 1.00  | Masked Acc: 0.52 | OG  F1: 1.00 | Masked F1: 0.68
Epoch 119/250 
	| Avg Actor Loss: 0.0157 | Avg Critic Loss: 0.0056 
	| Avg Length: 2.1012 | Avg Reward: 0.6654 
	| Avg Length: 1.0000 | Avg Reward: 0.6619
	| OG  Acc: 1.00  | Masked Acc: 0.52 | OG  F1: 1.00 | Masked F1: 0.68
Epoch 120/250 
	| Avg Actor Loss: -0.0125 | Avg Critic Loss: 0.0071 
	| Avg Length: 2.1526 | Avg Reward: 0.6650 
	| Avg Length: 1.0000 | Avg Reward: 0.6621
	| OG  Acc: 1.00  | Masked Acc: 0.52 | OG  F1: 1.00 | Masked F1: 0.68
Epoch 121/250 
	| Avg Actor Loss: 0.0078 | Avg Critic Loss: 0.0071 
	| Avg Length: 2.3626 | Avg Reward: 0.6642 
	| Avg Length: 1.0000 | Avg Reward: 0.6615
	| OG  Acc: 1.00  | Masked Acc: 0.52 | OG  F1: 1.00 | Masked F1: 0.68
Epoch 122/250 
	| Avg Actor Loss: 0.0017 | Avg Critic Loss: 0.0074 
	| Avg Length: 2.4416 | Avg Reward: 0.6653 
	| Avg Length: 1.0000 | Avg Reward: 0.6614
	| OG  Acc: 1.00  | Masked Acc: 0.52 | OG  F1: 1.00 | Masked F1: 0.68
Epoch 123/250 
	| Avg Actor Loss: 0.0197 | Avg Critic Loss: 0.0075 
	| Avg Length: 2.5272 | Avg Reward: 0.6672 
	| Avg Length: 1.0000 | Avg Reward: 0.6617
	| OG  Acc: 1.00  | Masked Acc: 0.52 | OG  F1: 1.00 | Masked F1: 0.68
Epoch 124/250 
	| Avg Actor Loss: -0.0147 | Avg Critic Loss: 0.0075 
	| Avg Length: 2.6370 | Avg Reward: 0.6637 
	| Avg Length: 1.0000 | Avg Reward: 0.6620
	| OG  Acc: 1.00  | Masked Acc: 0.52 | OG  F1: 1.00 | Masked F1: 0.68
Epoch 125/250 
	| Avg Actor Loss: -0.0136 | Avg Critic Loss: 0.0061 
	| Avg Length: 2.8216 | Avg Reward: 0.6648 
	| Avg Length: 1.0000 | Avg Reward: 0.6621
	| OG  Acc: 1.00  | Masked Acc: 0.52 | OG  F1: 1.00 | Masked F1: 0.68
Epoch 126/250 
	| Avg Actor Loss: -0.0644 | Avg Critic Loss: 0.0068 
	| Avg Length: 2.8800 | Avg Reward: 0.6637 
	| Avg Length: 1.0000 | Avg Reward: 0.6612
	| OG  Acc: 1.00  | Masked Acc: 0.52 | OG  F1: 1.00 | Masked F1: 0.68
Epoch 127/250 
	| Avg Actor Loss: 0.0018 | Avg Critic Loss: 0.0063 
	| Avg Length: 2.9088 | Avg Reward: 0.6653 
	| Avg Length: 1.0000 | Avg Reward: 0.6617
	| OG  Acc: 1.00  | Masked Acc: 0.52 | OG  F1: 1.00 | Masked F1: 0.68
Epoch 128/250 
	| Avg Actor Loss: 0.0452 | Avg Critic Loss: 0.0061 
	| Avg Length: 3.0980 | Avg Reward: 0.6664 
	| Avg Length: 1.0000 | Avg Reward: 0.6611
	| OG  Acc: 1.00  | Masked Acc: 0.52 | OG  F1: 1.00 | Masked F1: 0.68
Epoch 129/250 
	| Avg Actor Loss: 0.0493 | Avg Critic Loss: 0.0063 
	| Avg Length: 3.3230 | Avg Reward: 0.6660 
	| Avg Length: 1.0000 | Avg Reward: 0.6616
	| OG  Acc: 1.00  | Masked Acc: 0.52 | OG  F1: 1.00 | Masked F1: 0.68
Epoch 130/250 
	| Avg Actor Loss: 0.0106 | Avg Critic Loss: 0.0068 
	| Avg Length: 3.4608 | Avg Reward: 0.6655 
	| Avg Length: 1.0000 | Avg Reward: 0.6619
	| OG  Acc: 1.00  | Masked Acc: 0.52 | OG  F1: 1.00 | Masked F1: 0.68
Epoch 131/250 
	| Avg Actor Loss: 0.0197 | Avg Critic Loss: 0.0083 
	| Avg Length: 3.6894 | Avg Reward: 0.6644 
	| Avg Length: 1.9990 | Avg Reward: 0.6663
	| OG  Acc: 1.00  | Masked Acc: 0.53 | OG  F1: 1.00 | Masked F1: 0.68
Epoch 132/250 
	| Avg Actor Loss: -0.0193 | Avg Critic Loss: 0.0086 
	| Avg Length: 3.9676 | Avg Reward: 0.6662 
	| Avg Length: 2.0000 | Avg Reward: 0.6658
	| OG  Acc: 1.00  | Masked Acc: 0.53 | OG  F1: 1.00 | Masked F1: 0.68
Epoch 133/250 
	| Avg Actor Loss: 0.0162 | Avg Critic Loss: 0.0084 
	| Avg Length: 4.0574 | Avg Reward: 0.6650 
	| Avg Length: 2.0000 | Avg Reward: 0.6665
	| OG  Acc: 1.00  | Masked Acc: 0.53 | OG  F1: 1.00 | Masked F1: 0.68
Epoch 134/250 
	| Avg Actor Loss: -0.0735 | Avg Critic Loss: 0.0083 
	| Avg Length: 4.2406 | Avg Reward: 0.6633 
	| Avg Length: 2.0000 | Avg Reward: 0.6659
	| OG  Acc: 1.00  | Masked Acc: 0.54 | OG  F1: 1.00 | Masked F1: 0.68
Epoch 135/250 
	| Avg Actor Loss: -0.0521 | Avg Critic Loss: 0.0081 
	| Avg Length: 4.6148 | Avg Reward: 0.6658 
	| Avg Length: 2.0000 | Avg Reward: 0.6659
	| OG  Acc: 1.00  | Masked Acc: 0.53 | OG  F1: 1.00 | Masked F1: 0.68
Epoch 136/250 
	| Avg Actor Loss: 0.0013 | Avg Critic Loss: 0.0083 
	| Avg Length: 5.0348 | Avg Reward: 0.6655 
	| Avg Length: 2.0000 | Avg Reward: 0.6658
	| OG  Acc: 1.00  | Masked Acc: 0.53 | OG  F1: 1.00 | Masked F1: 0.68
Epoch 137/250 
	| Avg Actor Loss: -0.0315 | Avg Critic Loss: 0.0080 
	| Avg Length: 5.3910 | Avg Reward: 0.6651 
	| Avg Length: 2.0000 | Avg Reward: 0.6659
	| OG  Acc: 1.00  | Masked Acc: 0.53 | OG  F1: 1.00 | Masked F1: 0.68
Epoch 138/250 
	| Avg Actor Loss: 0.0098 | Avg Critic Loss: 0.0091 
	| Avg Length: 6.0352 | Avg Reward: 0.6653 
	| Avg Length: 3.0000 | Avg Reward: 0.6672
	| OG  Acc: 1.00  | Masked Acc: 0.54 | OG  F1: 1.00 | Masked F1: 0.68
Epoch 139/250 
	| Avg Actor Loss: 0.0280 | Avg Critic Loss: 0.0107 
	| Avg Length: 6.2486 | Avg Reward: 0.6708 
	| Avg Length: 3.0000 | Avg Reward: 0.6672
	| OG  Acc: 1.00  | Masked Acc: 0.54 | OG  F1: 1.00 | Masked F1: 0.68
Epoch 140/250 
	| Avg Actor Loss: 0.0168 | Avg Critic Loss: 0.0108 
	| Avg Length: 6.6786 | Avg Reward: 0.6694 
	| Avg Length: 3.0000 | Avg Reward: 0.6673
	| OG  Acc: 1.00  | Masked Acc: 0.54 | OG  F1: 1.00 | Masked F1: 0.68
Epoch 141/250 
	| Avg Actor Loss: -0.0262 | Avg Critic Loss: 0.0107 
	| Avg Length: 7.3880 | Avg Reward: 0.6674 
	| Avg Length: 4.0000 | Avg Reward: 0.6666
	| OG  Acc: 1.00  | Masked Acc: 0.54 | OG  F1: 1.00 | Masked F1: 0.68
Epoch 142/250 
	| Avg Actor Loss: 0.0355 | Avg Critic Loss: 0.0104 
	| Avg Length: 7.8842 | Avg Reward: 0.6703 
	| Avg Length: 4.0000 | Avg Reward: 0.6663
	| OG  Acc: 1.00  | Masked Acc: 0.54 | OG  F1: 1.00 | Masked F1: 0.68
Epoch 143/250 
	| Avg Actor Loss: -0.0088 | Avg Critic Loss: 0.0115 
	| Avg Length: 8.9004 | Avg Reward: 0.6705 
	| Avg Length: 5.0000 | Avg Reward: 0.6663
	| OG  Acc: 1.00  | Masked Acc: 0.55 | OG  F1: 1.00 | Masked F1: 0.68
Epoch 144/250 
	| Avg Actor Loss: 0.0305 | Avg Critic Loss: 0.0117 
	| Avg Length: 10.0454 | Avg Reward: 0.6719 
	| Avg Length: 5.0000 | Avg Reward: 0.6668
	| OG  Acc: 1.00  | Masked Acc: 0.55 | OG  F1: 1.00 | Masked F1: 0.68
Epoch 145/250 
	| Avg Actor Loss: -0.0603 | Avg Critic Loss: 0.0134 
	| Avg Length: 11.5408 | Avg Reward: 0.6732 
	| Avg Length: 6.0000 | Avg Reward: 0.6669
	| OG  Acc: 1.00  | Masked Acc: 0.55 | OG  F1: 1.00 | Masked F1: 0.69
Epoch 146/250 
	| Avg Actor Loss: -0.0524 | Avg Critic Loss: 0.0133 
	| Avg Length: 13.1108 | Avg Reward: 0.6741 
	| Avg Length: 7.0000 | Avg Reward: 0.6681
	| OG  Acc: 1.00  | Masked Acc: 0.56 | OG  F1: 1.00 | Masked F1: 0.69
Epoch 147/250 
	| Avg Actor Loss: 0.0437 | Avg Critic Loss: 0.0141 
	| Avg Length: 14.4938 | Avg Reward: 0.6766 
	| Avg Length: 8.0000 | Avg Reward: 0.6680
	| OG  Acc: 1.00  | Masked Acc: 0.56 | OG  F1: 1.00 | Masked F1: 0.69
Epoch 148/250 
	| Avg Actor Loss: 0.0322 | Avg Critic Loss: 0.0158 
	| Avg Length: 17.0120 | Avg Reward: 0.6827 
	| Avg Length: 10.0000 | Avg Reward: 0.6692
	| OG  Acc: 1.00  | Masked Acc: 0.57 | OG  F1: 1.00 | Masked F1: 0.69
Epoch 149/250 
	| Avg Actor Loss: 0.0173 | Avg Critic Loss: 0.0169 
	| Avg Length: 20.1738 | Avg Reward: 0.6814 
	| Avg Length: 13.0000 | Avg Reward: 0.6742
	| OG  Acc: 1.00  | Masked Acc: 0.59 | OG  F1: 1.00 | Masked F1: 0.70
Epoch 150/250 
	| Avg Actor Loss: -0.0285 | Avg Critic Loss: 0.0180 
	| Avg Length: 24.5106 | Avg Reward: 0.6903 
	| Avg Length: 17.0000 | Avg Reward: 0.6792
	| OG  Acc: 1.00  | Masked Acc: 0.62 | OG  F1: 1.00 | Masked F1: 0.72
Epoch 151/250 
	| Avg Actor Loss: 0.0056 | Avg Critic Loss: 0.0203 
	| Avg Length: 31.9880 | Avg Reward: 0.6949 
	| Avg Length: 21.0000 | Avg Reward: 0.6850
	| OG  Acc: 1.00  | Masked Acc: 0.64 | OG  F1: 1.00 | Masked F1: 0.73
Epoch 152/250 
	| Avg Actor Loss: -0.0698 | Avg Critic Loss: 0.0209 
	| Avg Length: 37.0128 | Avg Reward: 0.6977 
	| Avg Length: 25.0000 | Avg Reward: 0.6906
	| OG  Acc: 1.00  | Masked Acc: 0.67 | OG  F1: 1.00 | Masked F1: 0.74
Epoch 153/250 
	| Avg Actor Loss: -0.0687 | Avg Critic Loss: 0.0214 
	| Avg Length: 41.5932 | Avg Reward: 0.6936 
	| Avg Length: 28.9864 | Avg Reward: 0.6942
	| OG  Acc: 1.00  | Masked Acc: 0.69 | OG  F1: 1.00 | Masked F1: 0.76
Epoch 154/250 
	| Avg Actor Loss: -0.1229 | Avg Critic Loss: 0.0205 
	| Avg Length: 46.7462 | Avg Reward: 0.7035 
	| Avg Length: 32.0000 | Avg Reward: 0.6971
	| OG  Acc: 1.00  | Masked Acc: 0.71 | OG  F1: 1.00 | Masked F1: 0.77
Epoch 155/250 
	| Avg Actor Loss: -0.0889 | Avg Critic Loss: 0.0207 
	| Avg Length: 49.1320 | Avg Reward: 0.7058 
	| Avg Length: 35.9992 | Avg Reward: 0.7017
	| OG  Acc: 1.00  | Masked Acc: 0.73 | OG  F1: 1.00 | Masked F1: 0.78
Epoch 156/250 
	| Avg Actor Loss: -0.1293 | Avg Critic Loss: 0.0206 
	| Avg Length: 53.8424 | Avg Reward: 0.7055 
	| Avg Length: 40.0000 | Avg Reward: 0.7070
	| OG  Acc: 1.00  | Masked Acc: 0.75 | OG  F1: 1.00 | Masked F1: 0.80
Epoch 157/250 
	| Avg Actor Loss: -0.1538 | Avg Critic Loss: 0.0203 
	| Avg Length: 57.1350 | Avg Reward: 0.7014 
	| Avg Length: 43.9992 | Avg Reward: 0.7142
	| OG  Acc: 1.00  | Masked Acc: 0.78 | OG  F1: 1.00 | Masked F1: 0.82
Epoch 158/250 
	| Avg Actor Loss: -0.1113 | Avg Critic Loss: 0.0195 
	| Avg Length: 59.8142 | Avg Reward: 0.7073 
	| Avg Length: 46.0022 | Avg Reward: 0.7154
	| OG  Acc: 1.00  | Masked Acc: 0.79 | OG  F1: 1.00 | Masked F1: 0.82
Epoch 159/250 
	| Avg Actor Loss: -0.1939 | Avg Critic Loss: 0.0190 
	| Avg Length: 61.2850 | Avg Reward: 0.7091 
	| Avg Length: 47.9522 | Avg Reward: 0.7172
	| OG  Acc: 1.00  | Masked Acc: 0.80 | OG  F1: 1.00 | Masked F1: 0.83
Epoch 160/250 
	| Avg Actor Loss: -0.1403 | Avg Critic Loss: 0.0191 
	| Avg Length: 61.7458 | Avg Reward: 0.7046 
	| Avg Length: 49.0000 | Avg Reward: 0.7169
	| OG  Acc: 1.00  | Masked Acc: 0.81 | OG  F1: 1.00 | Masked F1: 0.83
Epoch 161/250 
	| Avg Actor Loss: -0.1343 | Avg Critic Loss: 0.0189 
	| Avg Length: 62.0336 | Avg Reward: 0.7032 
	| Avg Length: 50.0000 | Avg Reward: 0.7184
	| OG  Acc: 1.00  | Masked Acc: 0.82 | OG  F1: 1.00 | Masked F1: 0.84
Epoch 162/250 
	| Avg Actor Loss: -0.1400 | Avg Critic Loss: 0.0184 
	| Avg Length: 64.0034 | Avg Reward: 0.7048 
	| Avg Length: 51.0000 | Avg Reward: 0.7202
	| OG  Acc: 1.00  | Masked Acc: 0.82 | OG  F1: 1.00 | Masked F1: 0.84
Epoch 163/250 
	| Avg Actor Loss: -0.1405 | Avg Critic Loss: 0.0184 
	| Avg Length: 64.5514 | Avg Reward: 0.7050 
	| Avg Length: 53.0000 | Avg Reward: 0.7229
	| OG  Acc: 1.00  | Masked Acc: 0.83 | OG  F1: 1.00 | Masked F1: 0.85
Epoch 164/250 
	| Avg Actor Loss: -0.1624 | Avg Critic Loss: 0.0178 
	| Avg Length: 66.0472 | Avg Reward: 0.7060 
	| Avg Length: 53.0000 | Avg Reward: 0.7224
	| OG  Acc: 1.00  | Masked Acc: 0.83 | OG  F1: 1.00 | Masked F1: 0.85
Epoch 165/250 
	| Avg Actor Loss: -0.0391 | Avg Critic Loss: 0.0166 
	| Avg Length: 65.9424 | Avg Reward: 0.7092 
	| Avg Length: 54.0000 | Avg Reward: 0.7234
	| OG  Acc: 1.00  | Masked Acc: 0.84 | OG  F1: 1.00 | Masked F1: 0.86
Epoch 166/250 
	| Avg Actor Loss: -0.0591 | Avg Critic Loss: 0.0168 
	| Avg Length: 66.5746 | Avg Reward: 0.7088 
	| Avg Length: 54.9992 | Avg Reward: 0.7268
	| OG  Acc: 1.00  | Masked Acc: 0.85 | OG  F1: 1.00 | Masked F1: 0.86
Epoch 167/250 
	| Avg Actor Loss: -0.0703 | Avg Critic Loss: 0.0164 
	| Avg Length: 66.7088 | Avg Reward: 0.7116 
	| Avg Length: 54.9996 | Avg Reward: 0.7268
	| OG  Acc: 1.00  | Masked Acc: 0.85 | OG  F1: 1.00 | Masked F1: 0.86
Epoch 168/250 
	| Avg Actor Loss: -0.0898 | Avg Critic Loss: 0.0171 
	| Avg Length: 66.5752 | Avg Reward: 0.7043 
	| Avg Length: 54.9992 | Avg Reward: 0.7265
	| OG  Acc: 1.00  | Masked Acc: 0.85 | OG  F1: 1.00 | Masked F1: 0.87
Epoch 169/250 
	| Avg Actor Loss: -0.0799 | Avg Critic Loss: 0.0174 
	| Avg Length: 66.6018 | Avg Reward: 0.7067 
	| Avg Length: 55.0000 | Avg Reward: 0.7269
	| OG  Acc: 1.00  | Masked Acc: 0.85 | OG  F1: 1.00 | Masked F1: 0.86
Epoch 170/250 
	| Avg Actor Loss: -0.0510 | Avg Critic Loss: 0.0168 
	| Avg Length: 67.0674 | Avg Reward: 0.7073 
	| Avg Length: 54.9958 | Avg Reward: 0.7267
	| OG  Acc: 1.00  | Masked Acc: 0.85 | OG  F1: 1.00 | Masked F1: 0.86
Epoch 171/250 
	| Avg Actor Loss: -0.0346 | Avg Critic Loss: 0.0167 
	| Avg Length: 66.5182 | Avg Reward: 0.7096 
	| Avg Length: 54.0000 | Avg Reward: 0.7239
	| OG  Acc: 1.00  | Masked Acc: 0.84 | OG  F1: 1.00 | Masked F1: 0.86
Epoch 172/250 
	| Avg Actor Loss: -0.0671 | Avg Critic Loss: 0.0168 
	| Avg Length: 67.0778 | Avg Reward: 0.7060 
	| Avg Length: 55.0000 | Avg Reward: 0.7272
	| OG  Acc: 1.00  | Masked Acc: 0.85 | OG  F1: 1.00 | Masked F1: 0.86
Epoch 173/250 
	| Avg Actor Loss: -0.0748 | Avg Critic Loss: 0.0166 
	| Avg Length: 66.6274 | Avg Reward: 0.7096 
	| Avg Length: 55.9996 | Avg Reward: 0.7279
	| OG  Acc: 1.00  | Masked Acc: 0.85 | OG  F1: 1.00 | Masked F1: 0.87
Epoch 174/250 
	| Avg Actor Loss: -0.0676 | Avg Critic Loss: 0.0163 
	| Avg Length: 67.6292 | Avg Reward: 0.7083 
	| Avg Length: 56.0000 | Avg Reward: 0.7277
	| OG  Acc: 1.00  | Masked Acc: 0.85 | OG  F1: 1.00 | Masked F1: 0.87
Epoch 175/250 
	| Avg Actor Loss: -0.0936 | Avg Critic Loss: 0.0163 
	| Avg Length: 67.5436 | Avg Reward: 0.7081 
	| Avg Length: 56.9992 | Avg Reward: 0.7263
	| OG  Acc: 1.00  | Masked Acc: 0.86 | OG  F1: 1.00 | Masked F1: 0.87
Epoch 176/250 
	| Avg Actor Loss: -0.1293 | Avg Critic Loss: 0.0165 
	| Avg Length: 67.7732 | Avg Reward: 0.7038 
	| Avg Length: 57.9390 | Avg Reward: 0.7273
	| OG  Acc: 1.00  | Masked Acc: 0.86 | OG  F1: 1.00 | Masked F1: 0.87
Epoch 177/250 
	| Avg Actor Loss: -0.0986 | Avg Critic Loss: 0.0164 
	| Avg Length: 68.1022 | Avg Reward: 0.7026 
	| Avg Length: 58.0362 | Avg Reward: 0.7271
	| OG  Acc: 1.00  | Masked Acc: 0.86 | OG  F1: 1.00 | Masked F1: 0.87
Epoch 178/250 
	| Avg Actor Loss: -0.0717 | Avg Critic Loss: 0.0160 
	| Avg Length: 68.6536 | Avg Reward: 0.7074 
	| Avg Length: 58.9620 | Avg Reward: 0.7302
	| OG  Acc: 1.00  | Masked Acc: 0.87 | OG  F1: 1.00 | Masked F1: 0.88
Epoch 179/250 
	| Avg Actor Loss: -0.0387 | Avg Critic Loss: 0.0159 
	| Avg Length: 68.7562 | Avg Reward: 0.7066 
	| Avg Length: 57.9954 | Avg Reward: 0.7270
	| OG  Acc: 1.00  | Masked Acc: 0.86 | OG  F1: 1.00 | Masked F1: 0.87
Epoch 180/250 
	| Avg Actor Loss: -0.0740 | Avg Critic Loss: 0.0159 
	| Avg Length: 68.8150 | Avg Reward: 0.7074 
	| Avg Length: 57.9992 | Avg Reward: 0.7266
	| OG  Acc: 1.00  | Masked Acc: 0.86 | OG  F1: 1.00 | Masked F1: 0.87
Epoch 181/250 
	| Avg Actor Loss: -0.1097 | Avg Critic Loss: 0.0161 
	| Avg Length: 68.2978 | Avg Reward: 0.7047 
	| Avg Length: 58.0000 | Avg Reward: 0.7272
	| OG  Acc: 1.00  | Masked Acc: 0.86 | OG  F1: 1.00 | Masked F1: 0.87
Epoch 182/250 
	| Avg Actor Loss: -0.0851 | Avg Critic Loss: 0.0159 
	| Avg Length: 68.8356 | Avg Reward: 0.7055 
	| Avg Length: 58.9988 | Avg Reward: 0.7287
	| OG  Acc: 1.00  | Masked Acc: 0.87 | OG  F1: 1.00 | Masked F1: 0.88
Epoch 183/250 
	| Avg Actor Loss: -0.0891 | Avg Critic Loss: 0.0161 
	| Avg Length: 68.2848 | Avg Reward: 0.7068 
	| Avg Length: 58.9966 | Avg Reward: 0.7301
	| OG  Acc: 1.00  | Masked Acc: 0.87 | OG  F1: 1.00 | Masked F1: 0.88
Epoch 184/250 
	| Avg Actor Loss: -0.0998 | Avg Critic Loss: 0.0154 
	| Avg Length: 68.9232 | Avg Reward: 0.7118 
	| Avg Length: 58.9988 | Avg Reward: 0.7300
	| OG  Acc: 1.00  | Masked Acc: 0.87 | OG  F1: 1.00 | Masked F1: 0.88
Epoch 185/250 
	| Avg Actor Loss: -0.0944 | Avg Critic Loss: 0.0158 
	| Avg Length: 68.8320 | Avg Reward: 0.7075 
	| Avg Length: 59.0000 | Avg Reward: 0.7290
	| OG  Acc: 1.00  | Masked Acc: 0.87 | OG  F1: 1.00 | Masked F1: 0.88
Epoch 186/250 
	| Avg Actor Loss: -0.0946 | Avg Critic Loss: 0.0151 
	| Avg Length: 69.1992 | Avg Reward: 0.7107 
	| Avg Length: 58.9992 | Avg Reward: 0.7297
	| OG  Acc: 1.00  | Masked Acc: 0.87 | OG  F1: 1.00 | Masked F1: 0.88
Epoch 187/250 
	| Avg Actor Loss: -0.0420 | Avg Critic Loss: 0.0158 
	| Avg Length: 68.4560 | Avg Reward: 0.7065 
	| Avg Length: 58.9998 | Avg Reward: 0.7299
	| OG  Acc: 1.00  | Masked Acc: 0.87 | OG  F1: 1.00 | Masked F1: 0.88
Epoch 188/250 
	| Avg Actor Loss: -0.0850 | Avg Critic Loss: 0.0154 
	| Avg Length: 69.1868 | Avg Reward: 0.7091 
	| Avg Length: 59.0398 | Avg Reward: 0.7299
	| OG  Acc: 1.00  | Masked Acc: 0.87 | OG  F1: 1.00 | Masked F1: 0.88
Epoch 189/250 
	| Avg Actor Loss: -0.1000 | Avg Critic Loss: 0.0158 
	| Avg Length: 68.7780 | Avg Reward: 0.7063 
	| Avg Length: 58.9996 | Avg Reward: 0.7300
	| OG  Acc: 1.00  | Masked Acc: 0.87 | OG  F1: 1.00 | Masked F1: 0.88
Epoch 190/250 
	| Avg Actor Loss: -0.0784 | Avg Critic Loss: 0.0154 
	| Avg Length: 69.8078 | Avg Reward: 0.7067 
	| Avg Length: 58.9992 | Avg Reward: 0.7287
	| OG  Acc: 1.00  | Masked Acc: 0.87 | OG  F1: 1.00 | Masked F1: 0.88
Epoch 191/250 
	| Avg Actor Loss: -0.0814 | Avg Critic Loss: 0.0154 
	| Avg Length: 69.3642 | Avg Reward: 0.7044 
	| Avg Length: 59.9982 | Avg Reward: 0.7311
	| OG  Acc: 1.00  | Masked Acc: 0.88 | OG  F1: 1.00 | Masked F1: 0.89
Epoch 192/250 
	| Avg Actor Loss: -0.0669 | Avg Critic Loss: 0.0162 
	| Avg Length: 68.9426 | Avg Reward: 0.7029 
	| Avg Length: 59.9828 | Avg Reward: 0.7318
	| OG  Acc: 1.00  | Masked Acc: 0.88 | OG  F1: 1.00 | Masked F1: 0.89
Epoch 193/250 
	| Avg Actor Loss: -0.1132 | Avg Critic Loss: 0.0157 
	| Avg Length: 69.6046 | Avg Reward: 0.7044 
	| Avg Length: 60.0050 | Avg Reward: 0.7314
	| OG  Acc: 1.00  | Masked Acc: 0.88 | OG  F1: 1.00 | Masked F1: 0.89
Epoch 194/250 
	| Avg Actor Loss: -0.0539 | Avg Critic Loss: 0.0152 
	| Avg Length: 70.0794 | Avg Reward: 0.7065 
	| Avg Length: 60.9916 | Avg Reward: 0.7328
	| OG  Acc: 1.00  | Masked Acc: 0.88 | OG  F1: 1.00 | Masked F1: 0.89
Epoch 195/250 
	| Avg Actor Loss: -0.1612 | Avg Critic Loss: 0.0148 
	| Avg Length: 70.4274 | Avg Reward: 0.7091 
	| Avg Length: 60.0606 | Avg Reward: 0.7311
	| OG  Acc: 1.00  | Masked Acc: 0.88 | OG  F1: 1.00 | Masked F1: 0.89
Epoch 196/250 
	| Avg Actor Loss: -0.0799 | Avg Critic Loss: 0.0151 
	| Avg Length: 70.2776 | Avg Reward: 0.7047 
	| Avg Length: 60.9900 | Avg Reward: 0.7323
	| OG  Acc: 1.00  | Masked Acc: 0.88 | OG  F1: 1.00 | Masked F1: 0.89
Epoch 197/250 
	| Avg Actor Loss: -0.0897 | Avg Critic Loss: 0.0152 
	| Avg Length: 69.9038 | Avg Reward: 0.7059 
	| Avg Length: 60.9942 | Avg Reward: 0.7321
	| OG  Acc: 1.00  | Masked Acc: 0.88 | OG  F1: 1.00 | Masked F1: 0.89
Epoch 198/250 
	| Avg Actor Loss: -0.0730 | Avg Critic Loss: 0.0150 
	| Avg Length: 70.6222 | Avg Reward: 0.7051 
	| Avg Length: 60.9992 | Avg Reward: 0.7324
	| OG  Acc: 1.00  | Masked Acc: 0.88 | OG  F1: 1.00 | Masked F1: 0.89
Epoch 199/250 
	| Avg Actor Loss: -0.0860 | Avg Critic Loss: 0.0150 
	| Avg Length: 70.0698 | Avg Reward: 0.7083 
	| Avg Length: 60.9964 | Avg Reward: 0.7323
	| OG  Acc: 1.00  | Masked Acc: 0.88 | OG  F1: 1.00 | Masked F1: 0.89
Epoch 200/250 
	| Avg Actor Loss: -0.0730 | Avg Critic Loss: 0.0152 
	| Avg Length: 69.8276 | Avg Reward: 0.7051 
	| Avg Length: 60.9988 | Avg Reward: 0.7319
	| OG  Acc: 1.00  | Masked Acc: 0.88 | OG  F1: 1.00 | Masked F1: 0.89
Epoch 201/250 
	| Avg Actor Loss: -0.1045 | Avg Critic Loss: 0.0153 
	| Avg Length: 69.6922 | Avg Reward: 0.7054 
	| Avg Length: 60.9808 | Avg Reward: 0.7324
	| OG  Acc: 1.00  | Masked Acc: 0.88 | OG  F1: 1.00 | Masked F1: 0.89
Epoch 202/250 
	| Avg Actor Loss: -0.0945 | Avg Critic Loss: 0.0150 
	| Avg Length: 69.4168 | Avg Reward: 0.7072 
	| Avg Length: 60.9988 | Avg Reward: 0.7321
	| OG  Acc: 1.00  | Masked Acc: 0.88 | OG  F1: 1.00 | Masked F1: 0.89
Epoch 203/250 
	| Avg Actor Loss: -0.0386 | Avg Critic Loss: 0.0147 
	| Avg Length: 69.8308 | Avg Reward: 0.7093 
	| Avg Length: 60.9990 | Avg Reward: 0.7324
	| OG  Acc: 1.00  | Masked Acc: 0.88 | OG  F1: 1.00 | Masked F1: 0.89
Epoch 204/250 
	| Avg Actor Loss: -0.0980 | Avg Critic Loss: 0.0151 
	| Avg Length: 69.8966 | Avg Reward: 0.7072 
	| Avg Length: 60.9990 | Avg Reward: 0.7321
	| OG  Acc: 1.00  | Masked Acc: 0.88 | OG  F1: 1.00 | Masked F1: 0.89
Epoch 205/250 
	| Avg Actor Loss: -0.1182 | Avg Critic Loss: 0.0152 
	| Avg Length: 69.8930 | Avg Reward: 0.7041 
	| Avg Length: 60.9992 | Avg Reward: 0.7324
	| OG  Acc: 1.00  | Masked Acc: 0.88 | OG  F1: 1.00 | Masked F1: 0.89
Epoch 206/250 
	| Avg Actor Loss: -0.0814 | Avg Critic Loss: 0.0148 
	| Avg Length: 70.0020 | Avg Reward: 0.7055 
	| Avg Length: 60.9990 | Avg Reward: 0.7320
	| OG  Acc: 1.00  | Masked Acc: 0.88 | OG  F1: 1.00 | Masked F1: 0.89
Epoch 207/250 
	| Avg Actor Loss: -0.0655 | Avg Critic Loss: 0.0146 
	| Avg Length: 70.5538 | Avg Reward: 0.7064 
	| Avg Length: 60.9992 | Avg Reward: 0.7327
	| OG  Acc: 1.00  | Masked Acc: 0.88 | OG  F1: 1.00 | Masked F1: 0.89
Epoch 208/250 
	| Avg Actor Loss: -0.0358 | Avg Critic Loss: 0.0149 
	| Avg Length: 70.1492 | Avg Reward: 0.7075 
	| Avg Length: 60.9992 | Avg Reward: 0.7320
	| OG  Acc: 1.00  | Masked Acc: 0.88 | OG  F1: 1.00 | Masked F1: 0.89
Epoch 209/250 
	| Avg Actor Loss: -0.0903 | Avg Critic Loss: 0.0150 
	| Avg Length: 70.2144 | Avg Reward: 0.7043 
	| Avg Length: 60.9992 | Avg Reward: 0.7321
	| OG  Acc: 1.00  | Masked Acc: 0.88 | OG  F1: 1.00 | Masked F1: 0.89
Epoch 210/250 
	| Avg Actor Loss: -0.0710 | Avg Critic Loss: 0.0146 
	| Avg Length: 70.4832 | Avg Reward: 0.7085 
	| Avg Length: 60.9984 | Avg Reward: 0.7330
	| OG  Acc: 1.00  | Masked Acc: 0.88 | OG  F1: 1.00 | Masked F1: 0.89
Epoch 211/250 
	| Avg Actor Loss: -0.1013 | Avg Critic Loss: 0.0149 
	| Avg Length: 70.0574 | Avg Reward: 0.7065 
	| Avg Length: 60.9988 | Avg Reward: 0.7322
	| OG  Acc: 1.00  | Masked Acc: 0.88 | OG  F1: 1.00 | Masked F1: 0.89
Epoch 212/250 
	| Avg Actor Loss: -0.0811 | Avg Critic Loss: 0.0154 
	| Avg Length: 69.7518 | Avg Reward: 0.7058 
	| Avg Length: 60.9964 | Avg Reward: 0.7329
	| OG  Acc: 1.00  | Masked Acc: 0.88 | OG  F1: 1.00 | Masked F1: 0.89
Epoch 213/250 
	| Avg Actor Loss: -0.0685 | Avg Critic Loss: 0.0147 
	| Avg Length: 69.5616 | Avg Reward: 0.7075 
	| Avg Length: 60.9982 | Avg Reward: 0.7317
	| OG  Acc: 1.00  | Masked Acc: 0.88 | OG  F1: 1.00 | Masked F1: 0.89
Epoch 214/250 
	| Avg Actor Loss: -0.0872 | Avg Critic Loss: 0.0149 
	| Avg Length: 69.8298 | Avg Reward: 0.7072 
	| Avg Length: 60.9988 | Avg Reward: 0.7317
	| OG  Acc: 1.00  | Masked Acc: 0.88 | OG  F1: 1.00 | Masked F1: 0.89
Epoch 215/250 
	| Avg Actor Loss: -0.0018 | Avg Critic Loss: 0.0145 
	| Avg Length: 70.2006 | Avg Reward: 0.7098 
	| Avg Length: 60.9988 | Avg Reward: 0.7324
	| OG  Acc: 1.00  | Masked Acc: 0.88 | OG  F1: 1.00 | Masked F1: 0.89
Epoch 216/250 
	| Avg Actor Loss: -0.0900 | Avg Critic Loss: 0.0150 
	| Avg Length: 70.1838 | Avg Reward: 0.7051 
	| Avg Length: 60.9988 | Avg Reward: 0.7327
	| OG  Acc: 1.00  | Masked Acc: 0.88 | OG  F1: 1.00 | Masked F1: 0.89
Epoch 217/250 
	| Avg Actor Loss: -0.1125 | Avg Critic Loss: 0.0156 
	| Avg Length: 69.5588 | Avg Reward: 0.7000 
	| Avg Length: 60.9994 | Avg Reward: 0.7325
	| OG  Acc: 1.00  | Masked Acc: 0.88 | OG  F1: 1.00 | Masked F1: 0.89
Epoch 218/250 
	| Avg Actor Loss: -0.0639 | Avg Critic Loss: 0.0142 
	| Avg Length: 70.5350 | Avg Reward: 0.7068 
	| Avg Length: 61.0108 | Avg Reward: 0.7320
	| OG  Acc: 1.00  | Masked Acc: 0.88 | OG  F1: 1.00 | Masked F1: 0.89
Epoch 219/250 
	| Avg Actor Loss: -0.1067 | Avg Critic Loss: 0.0146 
	| Avg Length: 70.2430 | Avg Reward: 0.7084 
	| Avg Length: 61.9740 | Avg Reward: 0.7322
	| OG  Acc: 1.00  | Masked Acc: 0.89 | OG  F1: 1.00 | Masked F1: 0.89
Epoch 220/250 
	| Avg Actor Loss: -0.0139 | Avg Critic Loss: 0.0144 
	| Avg Length: 69.8498 | Avg Reward: 0.7112 
	| Avg Length: 61.9792 | Avg Reward: 0.7324
	| OG  Acc: 1.00  | Masked Acc: 0.89 | OG  F1: 1.00 | Masked F1: 0.89
Epoch 221/250 
	| Avg Actor Loss: -0.0574 | Avg Critic Loss: 0.0145 
	| Avg Length: 70.1926 | Avg Reward: 0.7080 
	| Avg Length: 60.9998 | Avg Reward: 0.7323
	| OG  Acc: 1.00  | Masked Acc: 0.88 | OG  F1: 1.00 | Masked F1: 0.89
Epoch 222/250 
	| Avg Actor Loss: -0.0318 | Avg Critic Loss: 0.0147 
	| Avg Length: 70.3986 | Avg Reward: 0.7082 
	| Avg Length: 60.9996 | Avg Reward: 0.7319
	| OG  Acc: 1.00  | Masked Acc: 0.88 | OG  F1: 1.00 | Masked F1: 0.89
Epoch 223/250 
	| Avg Actor Loss: -0.1080 | Avg Critic Loss: 0.0146 
	| Avg Length: 70.0372 | Avg Reward: 0.7089 
	| Avg Length: 60.9992 | Avg Reward: 0.7319
	| OG  Acc: 1.00  | Masked Acc: 0.88 | OG  F1: 1.00 | Masked F1: 0.89
Epoch 224/250 
	| Avg Actor Loss: -0.0674 | Avg Critic Loss: 0.0144 
	| Avg Length: 70.1938 | Avg Reward: 0.7080 
	| Avg Length: 60.9992 | Avg Reward: 0.7324
	| OG  Acc: 1.00  | Masked Acc: 0.88 | OG  F1: 1.00 | Masked F1: 0.89
Epoch 225/250 
	| Avg Actor Loss: -0.0824 | Avg Critic Loss: 0.0148 
	| Avg Length: 70.8702 | Avg Reward: 0.7068 
	| Avg Length: 60.9992 | Avg Reward: 0.7329
	| OG  Acc: 1.00  | Masked Acc: 0.88 | OG  F1: 1.00 | Masked F1: 0.89
Epoch 226/250 
	| Avg Actor Loss: -0.0964 | Avg Critic Loss: 0.0145 
	| Avg Length: 69.8762 | Avg Reward: 0.7109 
	| Avg Length: 60.9990 | Avg Reward: 0.7322
	| OG  Acc: 1.00  | Masked Acc: 0.88 | OG  F1: 1.00 | Masked F1: 0.89
Epoch 227/250 
	| Avg Actor Loss: -0.0594 | Avg Critic Loss: 0.0142 
	| Avg Length: 69.8232 | Avg Reward: 0.7104 
	| Avg Length: 60.9988 | Avg Reward: 0.7323
	| OG  Acc: 1.00  | Masked Acc: 0.88 | OG  F1: 1.00 | Masked F1: 0.89
Epoch 228/250 
	| Avg Actor Loss: -0.0616 | Avg Critic Loss: 0.0145 
	| Avg Length: 70.2488 | Avg Reward: 0.7071 
	| Avg Length: 60.9984 | Avg Reward: 0.7319
	| OG  Acc: 1.00  | Masked Acc: 0.88 | OG  F1: 1.00 | Masked F1: 0.89
Epoch 229/250 
	| Avg Actor Loss: -0.0531 | Avg Critic Loss: 0.0145 
	| Avg Length: 69.9616 | Avg Reward: 0.7089 
	| Avg Length: 60.9972 | Avg Reward: 0.7320
	| OG  Acc: 1.00  | Masked Acc: 0.88 | OG  F1: 1.00 | Masked F1: 0.89
Epoch 230/250 
	| Avg Actor Loss: -0.0412 | Avg Critic Loss: 0.0146 
	| Avg Length: 70.0918 | Avg Reward: 0.7095 
	| Avg Length: 60.9964 | Avg Reward: 0.7322
	| OG  Acc: 1.00  | Masked Acc: 0.88 | OG  F1: 1.00 | Masked F1: 0.89
Epoch 231/250 
	| Avg Actor Loss: -0.0691 | Avg Critic Loss: 0.0147 
	| Avg Length: 69.4314 | Avg Reward: 0.7075 
	| Avg Length: 60.9964 | Avg Reward: 0.7317
	| OG  Acc: 1.00  | Masked Acc: 0.88 | OG  F1: 1.00 | Masked F1: 0.89
Epoch 232/250 
	| Avg Actor Loss: -0.0764 | Avg Critic Loss: 0.0151 
	| Avg Length: 69.9936 | Avg Reward: 0.7059 
	| Avg Length: 60.9964 | Avg Reward: 0.7321
	| OG  Acc: 1.00  | Masked Acc: 0.88 | OG  F1: 1.00 | Masked F1: 0.89
Epoch 233/250 
	| Avg Actor Loss: -0.0312 | Avg Critic Loss: 0.0150 
	| Avg Length: 68.9390 | Avg Reward: 0.7077 
	| Avg Length: 60.9948 | Avg Reward: 0.7330
	| OG  Acc: 1.00  | Masked Acc: 0.88 | OG  F1: 1.00 | Masked F1: 0.89
Epoch 234/250 
	| Avg Actor Loss: -0.0934 | Avg Critic Loss: 0.0148 
	| Avg Length: 69.9064 | Avg Reward: 0.7072 
	| Avg Length: 60.9918 | Avg Reward: 0.7323
	| OG  Acc: 1.00  | Masked Acc: 0.88 | OG  F1: 1.00 | Masked F1: 0.89
Epoch 235/250 
	| Avg Actor Loss: -0.0504 | Avg Critic Loss: 0.0148 
	| Avg Length: 69.4378 | Avg Reward: 0.7089 
	| Avg Length: 60.9828 | Avg Reward: 0.7318
	| OG  Acc: 1.00  | Masked Acc: 0.88 | OG  F1: 1.00 | Masked F1: 0.89
Epoch 236/250 
	| Avg Actor Loss: -0.0796 | Avg Critic Loss: 0.0144 
	| Avg Length: 68.7588 | Avg Reward: 0.7114 
	| Avg Length: 60.9800 | Avg Reward: 0.7324
	| OG  Acc: 1.00  | Masked Acc: 0.88 | OG  F1: 1.00 | Masked F1: 0.89
Epoch 237/250 
	| Avg Actor Loss: -0.0500 | Avg Critic Loss: 0.0145 
	| Avg Length: 69.6404 | Avg Reward: 0.7089 
	| Avg Length: 60.9786 | Avg Reward: 0.7321
	| OG  Acc: 1.00  | Masked Acc: 0.88 | OG  F1: 1.00 | Masked F1: 0.89
Epoch 238/250 
	| Avg Actor Loss: -0.0408 | Avg Critic Loss: 0.0148 
	| Avg Length: 69.4820 | Avg Reward: 0.7082 
	| Avg Length: 60.9784 | Avg Reward: 0.7320
	| OG  Acc: 1.00  | Masked Acc: 0.88 | OG  F1: 1.00 | Masked F1: 0.89
Epoch 239/250 
	| Avg Actor Loss: -0.0281 | Avg Critic Loss: 0.0145 
	| Avg Length: 69.6658 | Avg Reward: 0.7090 
	| Avg Length: 60.9748 | Avg Reward: 0.7323
	| OG  Acc: 1.00  | Masked Acc: 0.88 | OG  F1: 1.00 | Masked F1: 0.89
Epoch 240/250 
	| Avg Actor Loss: -0.0662 | Avg Critic Loss: 0.0143 
	| Avg Length: 69.5414 | Avg Reward: 0.7115 
	| Avg Length: 60.9668 | Avg Reward: 0.7327
	| OG  Acc: 1.00  | Masked Acc: 0.88 | OG  F1: 1.00 | Masked F1: 0.89
Epoch 241/250 
	| Avg Actor Loss: -0.0486 | Avg Critic Loss: 0.0143 
	| Avg Length: 69.6708 | Avg Reward: 0.7069 
	| Avg Length: 60.9654 | Avg Reward: 0.7322
	| OG  Acc: 1.00  | Masked Acc: 0.88 | OG  F1: 1.00 | Masked F1: 0.89
Epoch 242/250 
	| Avg Actor Loss: -0.1118 | Avg Critic Loss: 0.0142 
	| Avg Length: 69.7704 | Avg Reward: 0.7107 
	| Avg Length: 60.9632 | Avg Reward: 0.7322
	| OG  Acc: 1.00  | Masked Acc: 0.88 | OG  F1: 1.00 | Masked F1: 0.89
Epoch 243/250 
	| Avg Actor Loss: -0.1340 | Avg Critic Loss: 0.0150 
	| Avg Length: 69.9860 | Avg Reward: 0.7071 
	| Avg Length: 60.9606 | Avg Reward: 0.7327
	| OG  Acc: 1.00  | Masked Acc: 0.88 | OG  F1: 1.00 | Masked F1: 0.89
Epoch 244/250 
	| Avg Actor Loss: -0.0724 | Avg Critic Loss: 0.0146 
	| Avg Length: 70.3088 | Avg Reward: 0.7094 
	| Avg Length: 60.9586 | Avg Reward: 0.7322
	| OG  Acc: 1.00  | Masked Acc: 0.88 | OG  F1: 1.00 | Masked F1: 0.89
Epoch 245/250 
	| Avg Actor Loss: -0.0590 | Avg Critic Loss: 0.0148 
	| Avg Length: 69.8850 | Avg Reward: 0.7061 
	| Avg Length: 60.9600 | Avg Reward: 0.7327
	| OG  Acc: 1.00  | Masked Acc: 0.88 | OG  F1: 1.00 | Masked F1: 0.89
Epoch 246/250 
	| Avg Actor Loss: -0.1157 | Avg Critic Loss: 0.0147 
	| Avg Length: 68.9714 | Avg Reward: 0.7069 
	| Avg Length: 60.9608 | Avg Reward: 0.7328
	| OG  Acc: 1.00  | Masked Acc: 0.88 | OG  F1: 1.00 | Masked F1: 0.89
Epoch 247/250 
	| Avg Actor Loss: -0.0909 | Avg Critic Loss: 0.0147 
	| Avg Length: 69.5736 | Avg Reward: 0.7072 
	| Avg Length: 60.9606 | Avg Reward: 0.7324
	| OG  Acc: 1.00  | Masked Acc: 0.88 | OG  F1: 1.00 | Masked F1: 0.89
Epoch 248/250 
	| Avg Actor Loss: -0.0783 | Avg Critic Loss: 0.0142 
	| Avg Length: 70.4956 | Avg Reward: 0.7085 
	| Avg Length: 60.9606 | Avg Reward: 0.7325
	| OG  Acc: 1.00  | Masked Acc: 0.88 | OG  F1: 1.00 | Masked F1: 0.89
Epoch 249/250 
	| Avg Actor Loss: -0.0185 | Avg Critic Loss: 0.0147 
	| Avg Length: 69.8264 | Avg Reward: 0.7052 
	| Avg Length: 60.9606 | Avg Reward: 0.7322
	| OG  Acc: 1.00  | Masked Acc: 0.88 | OG  F1: 1.00 | Masked F1: 0.89
