Epoch 01
	| Avg Actor Loss: -0.0203 | Avg Critic Loss: 0.0142 
	| Avg Length: 1.7500 | Avg Reward: 0.9351 
	| Avg Length: 1.0000 | Avg Reward: 0.9404
	| OG  Acc: 1.00  | Masked Acc: 0.50 | OG  F1: 1.00 | Masked F1: 0.65
Epoch 02
	| Avg Actor Loss: -0.0252 | Avg Critic Loss: 0.0008 
	| Avg Length: 1.7383 | Avg Reward: 0.9381 
	| Avg Length: 1.0000 | Avg Reward: 0.9400
	| OG  Acc: 1.00  | Masked Acc: 0.49 | OG  F1: 1.00 | Masked F1: 0.65
Epoch 03
	| Avg Actor Loss: -0.0249 | Avg Critic Loss: 0.0005 
	| Avg Length: 1.3789 | Avg Reward: 0.9385 
	| Avg Length: 1.0000 | Avg Reward: 0.9418
	| OG  Acc: 1.00  | Masked Acc: 0.51 | OG  F1: 1.00 | Masked F1: 0.67
Epoch 04
	| Avg Actor Loss: -0.0206 | Avg Critic Loss: 0.0004 
	| Avg Length: 1.2721 | Avg Reward: 0.9459 
	| Avg Length: 1.0000 | Avg Reward: 0.9430
	| OG  Acc: 1.00  | Masked Acc: 0.52 | OG  F1: 1.00 | Masked F1: 0.68
Epoch 05
	| Avg Actor Loss: -0.0206 | Avg Critic Loss: 0.0004 
	| Avg Length: 1.2031 | Avg Reward: 0.9381 
	| Avg Length: 1.0000 | Avg Reward: 0.9433
	| OG  Acc: 1.00  | Masked Acc: 0.53 | OG  F1: 1.00 | Masked F1: 0.68
Epoch 06
	| Avg Actor Loss: -0.0175 | Avg Critic Loss: 0.0004 
	| Avg Length: 1.1523 | Avg Reward: 0.9411 
	| Avg Length: 1.0000 | Avg Reward: 0.9433
	| OG  Acc: 1.00  | Masked Acc: 0.53 | OG  F1: 1.00 | Masked F1: 0.68
Epoch 07
	| Avg Actor Loss: -0.0189 | Avg Critic Loss: 0.0003 
	| Avg Length: 1.1680 | Avg Reward: 0.9414 
	| Avg Length: 1.0000 | Avg Reward: 0.9434
	| OG  Acc: 1.00  | Masked Acc: 0.53 | OG  F1: 1.00 | Masked F1: 0.68
Epoch 08
	| Avg Actor Loss: -0.0171 | Avg Critic Loss: 0.0004 
	| Avg Length: 1.1029 | Avg Reward: 0.9405 
	| Avg Length: 1.0000 | Avg Reward: 0.9436
	| OG  Acc: 1.00  | Masked Acc: 0.53 | OG  F1: 1.00 | Masked F1: 0.68
Epoch 09
	| Avg Actor Loss: -0.0157 | Avg Critic Loss: 0.0003 
	| Avg Length: 1.1172 | Avg Reward: 0.9408 
	| Avg Length: 1.0000 | Avg Reward: 0.9436
	| OG  Acc: 1.00  | Masked Acc: 0.53 | OG  F1: 1.00 | Masked F1: 0.68
Epoch 10
	| Avg Actor Loss: -0.0145 | Avg Critic Loss: 0.0003 
	| Avg Length: 1.0703 | Avg Reward: 0.9422 
	| Avg Length: 1.0000 | Avg Reward: 0.9432
	| OG  Acc: 1.00  | Masked Acc: 0.53 | OG  F1: 1.00 | Masked F1: 0.68
Epoch 11
	| Avg Actor Loss: -0.0146 | Avg Critic Loss: 0.0003 
	| Avg Length: 1.0664 | Avg Reward: 0.9425 
	| Avg Length: 1.0000 | Avg Reward: 0.9435
	| OG  Acc: 1.00  | Masked Acc: 0.53 | OG  F1: 1.00 | Masked F1: 0.68
Epoch 12
	| Avg Actor Loss: -0.0115 | Avg Critic Loss: 0.0003 
	| Avg Length: 1.0074 | Avg Reward: 0.9448 
	| Avg Length: 1.0000 | Avg Reward: 0.9438
	| OG  Acc: 1.00  | Masked Acc: 0.53 | OG  F1: 1.00 | Masked F1: 0.68
Epoch 13
	| Avg Actor Loss: -0.0154 | Avg Critic Loss: 0.0003 
	| Avg Length: 1.0273 | Avg Reward: 0.9441 
	| Avg Length: 1.0000 | Avg Reward: 0.9446
	| OG  Acc: 1.00  | Masked Acc: 0.54 | OG  F1: 1.00 | Masked F1: 0.68
Epoch 14
	| Avg Actor Loss: -0.0147 | Avg Critic Loss: 0.0003 
	| Avg Length: 1.0312 | Avg Reward: 0.9408 
	| Avg Length: 1.0000 | Avg Reward: 0.9454
	| OG  Acc: 1.00  | Masked Acc: 0.55 | OG  F1: 1.00 | Masked F1: 0.69
Epoch 15
	| Avg Actor Loss: -0.0148 | Avg Critic Loss: 0.0003 
	| Avg Length: 1.0234 | Avg Reward: 0.9441 
	| Avg Length: 1.0000 | Avg Reward: 0.9470
	| OG  Acc: 1.00  | Masked Acc: 0.56 | OG  F1: 1.00 | Masked F1: 0.69
Epoch 16
	| Avg Actor Loss: -0.0154 | Avg Critic Loss: 0.0002 
	| Avg Length: 1.0221 | Avg Reward: 0.9425 
	| Avg Length: 1.0000 | Avg Reward: 0.9487
	| OG  Acc: 1.00  | Masked Acc: 0.58 | OG  F1: 1.00 | Masked F1: 0.71
Epoch 17
	| Avg Actor Loss: -0.0148 | Avg Critic Loss: 0.0002 
	| Avg Length: 1.0195 | Avg Reward: 0.9459 
	| Avg Length: 1.0000 | Avg Reward: 0.9476
	| OG  Acc: 1.00  | Masked Acc: 0.57 | OG  F1: 1.00 | Masked F1: 0.70
Epoch 18
	| Avg Actor Loss: -0.0144 | Avg Critic Loss: 0.0003 
	| Avg Length: 1.0234 | Avg Reward: 0.9411 
	| Avg Length: 1.0000 | Avg Reward: 0.9486
	| OG  Acc: 1.00  | Masked Acc: 0.58 | OG  F1: 1.00 | Masked F1: 0.70
Epoch 19
	| Avg Actor Loss: -0.0138 | Avg Critic Loss: 0.0003 
	| Avg Length: 1.0234 | Avg Reward: 0.9445 
	| Avg Length: 1.0000 | Avg Reward: 0.9471
	| OG  Acc: 1.00  | Masked Acc: 0.56 | OG  F1: 1.00 | Masked F1: 0.70
Epoch 20
	| Avg Actor Loss: -0.0145 | Avg Critic Loss: 0.0002 
	| Avg Length: 1.0074 | Avg Reward: 0.9423 
	| Avg Length: 1.0000 | Avg Reward: 0.9491
	| OG  Acc: 1.00  | Masked Acc: 0.59 | OG  F1: 1.00 | Masked F1: 0.71
Epoch 21
	| Avg Actor Loss: -0.0113 | Avg Critic Loss: 0.0002 
	| Avg Length: 1.0195 | Avg Reward: 0.9442 
	| Avg Length: 1.0000 | Avg Reward: 0.9489
	| OG  Acc: 1.00  | Masked Acc: 0.58 | OG  F1: 1.00 | Masked F1: 0.70
Epoch 22
	| Avg Actor Loss: -0.0088 | Avg Critic Loss: 0.0003 
	| Avg Length: 1.0195 | Avg Reward: 0.9454 
	| Avg Length: 1.0000 | Avg Reward: 0.9473
	| OG  Acc: 1.00  | Masked Acc: 0.57 | OG  F1: 1.00 | Masked F1: 0.70
Epoch 23
	| Avg Actor Loss: -0.0113 | Avg Critic Loss: 0.0003 
	| Avg Length: 1.0039 | Avg Reward: 0.9455 
	| Avg Length: 1.0000 | Avg Reward: 0.9487
	| OG  Acc: 1.00  | Masked Acc: 0.58 | OG  F1: 1.00 | Masked F1: 0.71
Epoch 24
	| Avg Actor Loss: -0.0110 | Avg Critic Loss: 0.0002 
	| Avg Length: 1.0074 | Avg Reward: 0.9479 
	| Avg Length: 1.0000 | Avg Reward: 0.9486
	| OG  Acc: 1.00  | Masked Acc: 0.58 | OG  F1: 1.00 | Masked F1: 0.70
Epoch 25
	| Avg Actor Loss: -0.0105 | Avg Critic Loss: 0.0003 
	| Avg Length: 1.0195 | Avg Reward: 0.9459 
	| Avg Length: 1.0000 | Avg Reward: 0.9497
	| OG  Acc: 1.00  | Masked Acc: 0.59 | OG  F1: 1.00 | Masked F1: 0.71
Epoch 26
	| Avg Actor Loss: -0.0101 | Avg Critic Loss: 0.0003 
	| Avg Length: 1.0039 | Avg Reward: 0.9492 
	| Avg Length: 1.0000 | Avg Reward: 0.9490
	| OG  Acc: 1.00  | Masked Acc: 0.58 | OG  F1: 1.00 | Masked F1: 0.71
Epoch 27
	| Avg Actor Loss: -0.0107 | Avg Critic Loss: 0.0002 
	| Avg Length: 1.0078 | Avg Reward: 0.9451 
	| Avg Length: 1.0000 | Avg Reward: 0.9501
	| OG  Acc: 1.00  | Masked Acc: 0.60 | OG  F1: 1.00 | Masked F1: 0.71
Epoch 28
	| Avg Actor Loss: -0.0105 | Avg Critic Loss: 0.0003 
	| Avg Length: 1.0147 | Avg Reward: 0.9476 
	| Avg Length: 1.0000 | Avg Reward: 0.9499
	| OG  Acc: 1.00  | Masked Acc: 0.59 | OG  F1: 1.00 | Masked F1: 0.71
Epoch 29
	| Avg Actor Loss: -0.0092 | Avg Critic Loss: 0.0003 
	| Avg Length: 1.0078 | Avg Reward: 0.9466 
	| Avg Length: 1.0000 | Avg Reward: 0.9498
	| OG  Acc: 1.00  | Masked Acc: 0.59 | OG  F1: 1.00 | Masked F1: 0.71
Epoch 30
	| Avg Actor Loss: -0.0165 | Avg Critic Loss: 0.0003 
	| Avg Length: 1.0078 | Avg Reward: 0.9438 
	| Avg Length: 1.0000 | Avg Reward: 0.9498
	| OG  Acc: 1.00  | Masked Acc: 0.59 | OG  F1: 1.00 | Masked F1: 0.71
Epoch 31
	| Avg Actor Loss: -0.0151 | Avg Critic Loss: 0.0003 
	| Avg Length: 1.0039 | Avg Reward: 0.9474 
	| Avg Length: 1.0000 | Avg Reward: 0.9501
	| OG  Acc: 1.00  | Masked Acc: 0.59 | OG  F1: 1.00 | Masked F1: 0.71
Epoch 32
	| Avg Actor Loss: -0.0124 | Avg Critic Loss: 0.0003 
	| Avg Length: 1.0147 | Avg Reward: 0.9446 
	| Avg Length: 1.0000 | Avg Reward: 0.9506
	| OG  Acc: 1.00  | Masked Acc: 0.60 | OG  F1: 1.00 | Masked F1: 0.71
Epoch 33
	| Avg Actor Loss: -0.0104 | Avg Critic Loss: 0.0003 
	| Avg Length: 1.0195 | Avg Reward: 0.9502 
	| Avg Length: 1.0000 | Avg Reward: 0.9502
	| OG  Acc: 1.00  | Masked Acc: 0.59 | OG  F1: 1.00 | Masked F1: 0.71
Epoch 34
	| Avg Actor Loss: -0.0114 | Avg Critic Loss: 0.0003 
	| Avg Length: 1.0156 | Avg Reward: 0.9471 
	| Avg Length: 1.0000 | Avg Reward: 0.9507
	| OG  Acc: 1.00  | Masked Acc: 0.60 | OG  F1: 1.00 | Masked F1: 0.71
Epoch 35
	| Avg Actor Loss: -0.0109 | Avg Critic Loss: 0.0003 
	| Avg Length: 1.0078 | Avg Reward: 0.9491 
	| Avg Length: 1.0000 | Avg Reward: 0.9501
	| OG  Acc: 1.00  | Masked Acc: 0.60 | OG  F1: 1.00 | Masked F1: 0.71
Epoch 36
	| Avg Actor Loss: -0.0112 | Avg Critic Loss: 0.0003 
	| Avg Length: 1.0147 | Avg Reward: 0.9413 
	| Avg Length: 1.0000 | Avg Reward: 0.9514
	| OG  Acc: 1.00  | Masked Acc: 0.61 | OG  F1: 1.00 | Masked F1: 0.72
Epoch 37
	| Avg Actor Loss: -0.0109 | Avg Critic Loss: 0.0003 
	| Avg Length: 1.0000 | Avg Reward: 0.9469 
	| Avg Length: 1.0000 | Avg Reward: 0.9521
	| OG  Acc: 1.00  | Masked Acc: 0.62 | OG  F1: 1.00 | Masked F1: 0.72
Epoch 38
	| Avg Actor Loss: -0.0090 | Avg Critic Loss: 0.0003 
	| Avg Length: 1.0078 | Avg Reward: 0.9489 
	| Avg Length: 1.0000 | Avg Reward: 0.9521
	| OG  Acc: 1.00  | Masked Acc: 0.62 | OG  F1: 1.00 | Masked F1: 0.72
Epoch 39
	| Avg Actor Loss: -0.0083 | Avg Critic Loss: 0.0003 
	| Avg Length: 1.0117 | Avg Reward: 0.9530 
	| Avg Length: 1.0000 | Avg Reward: 0.9522
	| OG  Acc: 1.00  | Masked Acc: 0.62 | OG  F1: 1.00 | Masked F1: 0.72
Epoch 40
	| Avg Actor Loss: -0.0089 | Avg Critic Loss: 0.0003 
	| Avg Length: 1.0074 | Avg Reward: 0.9469 
	| Avg Length: 1.0000 | Avg Reward: 0.9522
	| OG  Acc: 1.00  | Masked Acc: 0.62 | OG  F1: 1.00 | Masked F1: 0.72
Epoch 41
	| Avg Actor Loss: -0.0068 | Avg Critic Loss: 0.0003 
	| Avg Length: 1.0078 | Avg Reward: 0.9534 
	| Avg Length: 1.0000 | Avg Reward: 0.9523
	| OG  Acc: 1.00  | Masked Acc: 0.62 | OG  F1: 1.00 | Masked F1: 0.72
Epoch 42
	| Avg Actor Loss: -0.0068 | Avg Critic Loss: 0.0003 
	| Avg Length: 1.0039 | Avg Reward: 0.9403 
	| Avg Length: 1.0000 | Avg Reward: 0.9521
	| OG  Acc: 1.00  | Masked Acc: 0.62 | OG  F1: 1.00 | Masked F1: 0.72
Epoch 43
	| Avg Actor Loss: -0.0046 | Avg Critic Loss: 0.0003 
	| Avg Length: 1.0000 | Avg Reward: 0.9477 
	| Avg Length: 1.0000 | Avg Reward: 0.9521
	| OG  Acc: 1.00  | Masked Acc: 0.62 | OG  F1: 1.00 | Masked F1: 0.72
Epoch 44
	| Avg Actor Loss: -0.0076 | Avg Critic Loss: 0.0003 
	| Avg Length: 1.0074 | Avg Reward: 0.9547 
	| Avg Length: 1.0000 | Avg Reward: 0.9524
	| OG  Acc: 1.00  | Masked Acc: 0.62 | OG  F1: 1.00 | Masked F1: 0.72
Epoch 45
	| Avg Actor Loss: -0.0022 | Avg Critic Loss: 0.0003 
	| Avg Length: 1.0039 | Avg Reward: 0.9548 
	| Avg Length: 1.0000 | Avg Reward: 0.9522
	| OG  Acc: 1.00  | Masked Acc: 0.62 | OG  F1: 1.00 | Masked F1: 0.72
Epoch 46
	| Avg Actor Loss: -0.0061 | Avg Critic Loss: 0.0003 
	| Avg Length: 1.0039 | Avg Reward: 0.9516 
	| Avg Length: 1.0000 | Avg Reward: 0.9522
	| OG  Acc: 1.00  | Masked Acc: 0.62 | OG  F1: 1.00 | Masked F1: 0.72
Epoch 47
	| Avg Actor Loss: -0.0034 | Avg Critic Loss: 0.0003 
	| Avg Length: 1.0000 | Avg Reward: 0.9532 
	| Avg Length: 1.0000 | Avg Reward: 0.9521
	| OG  Acc: 1.00  | Masked Acc: 0.62 | OG  F1: 1.00 | Masked F1: 0.72
Epoch 48
	| Avg Actor Loss: -0.0040 | Avg Critic Loss: 0.0003 
	| Avg Length: 1.0000 | Avg Reward: 0.9474 
	| Avg Length: 1.0000 | Avg Reward: 0.9522
	| OG  Acc: 1.00  | Masked Acc: 0.62 | OG  F1: 1.00 | Masked F1: 0.72
Epoch 49
	| Avg Actor Loss: -0.0032 | Avg Critic Loss: 0.0003 
	| Avg Length: 1.0039 | Avg Reward: 0.9441 
	| Avg Length: 1.0000 | Avg Reward: 0.9524
	| OG  Acc: 1.00  | Masked Acc: 0.62 | OG  F1: 1.00 | Masked F1: 0.72
Epoch 50
	| Avg Actor Loss: -0.0012 | Avg Critic Loss: 0.0003 
	| Avg Length: 1.0156 | Avg Reward: 0.9507 
	| Avg Length: 1.0000 | Avg Reward: 0.9523
	| OG  Acc: 1.00  | Masked Acc: 0.62 | OG  F1: 1.00 | Masked F1: 0.72
Epoch 51
	| Avg Actor Loss: -0.0038 | Avg Critic Loss: 0.0003 
	| Avg Length: 1.0039 | Avg Reward: 0.9534 
	| Avg Length: 1.0000 | Avg Reward: 0.9521
	| OG  Acc: 1.00  | Masked Acc: 0.62 | OG  F1: 1.00 | Masked F1: 0.72
Epoch 52
	| Avg Actor Loss: -0.0036 | Avg Critic Loss: 0.0003 
	| Avg Length: 1.0147 | Avg Reward: 0.9507 
	| Avg Length: 1.0000 | Avg Reward: 0.9522
	| OG  Acc: 1.00  | Masked Acc: 0.62 | OG  F1: 1.00 | Masked F1: 0.72
Epoch 53
	| Avg Actor Loss: -0.0001 | Avg Critic Loss: 0.0003 
	| Avg Length: 1.0117 | Avg Reward: 0.9519 
	| Avg Length: 1.0000 | Avg Reward: 0.9523
	| OG  Acc: 1.00  | Masked Acc: 0.62 | OG  F1: 1.00 | Masked F1: 0.72
Epoch 54
	| Avg Actor Loss: -0.0026 | Avg Critic Loss: 0.0003 
	| Avg Length: 1.0078 | Avg Reward: 0.9518 
	| Avg Length: 1.0000 | Avg Reward: 0.9523
	| OG  Acc: 1.00  | Masked Acc: 0.62 | OG  F1: 1.00 | Masked F1: 0.72
Epoch 55
	| Avg Actor Loss: -0.0015 | Avg Critic Loss: 0.0003 
	| Avg Length: 1.0195 | Avg Reward: 0.9541 
	| Avg Length: 1.0000 | Avg Reward: 0.9523
	| OG  Acc: 1.00  | Masked Acc: 0.62 | OG  F1: 1.00 | Masked F1: 0.72
Epoch 56
	| Avg Actor Loss: -0.0021 | Avg Critic Loss: 0.0003 
	| Avg Length: 1.0074 | Avg Reward: 0.9518 
	| Avg Length: 1.0000 | Avg Reward: 0.9536
	| OG  Acc: 1.00  | Masked Acc: 0.63 | OG  F1: 1.00 | Masked F1: 0.73
Epoch 57
	| Avg Actor Loss: -0.0038 | Avg Critic Loss: 0.0003 
	| Avg Length: 1.0000 | Avg Reward: 0.9527 
	| Avg Length: 1.0000 | Avg Reward: 0.9544
	| OG  Acc: 1.00  | Masked Acc: 0.64 | OG  F1: 1.00 | Masked F1: 0.74
Epoch 58
	| Avg Actor Loss: -0.0029 | Avg Critic Loss: 0.0003 
	| Avg Length: 1.0039 | Avg Reward: 0.9554 
	| Avg Length: 1.0000 | Avg Reward: 0.9545
	| OG  Acc: 1.00  | Masked Acc: 0.64 | OG  F1: 1.00 | Masked F1: 0.74
Epoch 59
	| Avg Actor Loss: -0.0002 | Avg Critic Loss: 0.0003 
	| Avg Length: 1.0078 | Avg Reward: 0.9508 
	| Avg Length: 1.0000 | Avg Reward: 0.9546
	| OG  Acc: 1.00  | Masked Acc: 0.64 | OG  F1: 1.00 | Masked F1: 0.74
Epoch 60
	| Avg Actor Loss: -0.0025 | Avg Critic Loss: 0.0003 
	| Avg Length: 1.0074 | Avg Reward: 0.9545 
	| Avg Length: 1.0000 | Avg Reward: 0.9547
	| OG  Acc: 1.00  | Masked Acc: 0.64 | OG  F1: 1.00 | Masked F1: 0.74
Epoch 61
	| Avg Actor Loss: -0.0000 | Avg Critic Loss: 0.0003 
	| Avg Length: 1.0117 | Avg Reward: 0.9551 
	| Avg Length: 1.0000 | Avg Reward: 0.9547
	| OG  Acc: 1.00  | Masked Acc: 0.64 | OG  F1: 1.00 | Masked F1: 0.74
Epoch 62
	| Avg Actor Loss: -0.0009 | Avg Critic Loss: 0.0003 
	| Avg Length: 1.0156 | Avg Reward: 0.9509 
	| Avg Length: 1.0000 | Avg Reward: 0.9546
	| OG  Acc: 1.00  | Masked Acc: 0.64 | OG  F1: 1.00 | Masked F1: 0.74
Epoch 63
	| Avg Actor Loss: 0.0013 | Avg Critic Loss: 0.0003 
	| Avg Length: 1.0234 | Avg Reward: 0.9577 
	| Avg Length: 1.0000 | Avg Reward: 0.9546
	| OG  Acc: 1.00  | Masked Acc: 0.64 | OG  F1: 1.00 | Masked F1: 0.74
Epoch 64
	| Avg Actor Loss: 0.0007 | Avg Critic Loss: 0.0003 
	| Avg Length: 1.0000 | Avg Reward: 0.9489 
	| Avg Length: 1.0000 | Avg Reward: 0.9544
	| OG  Acc: 1.00  | Masked Acc: 0.65 | OG  F1: 1.00 | Masked F1: 0.74
Epoch 65
	| Avg Actor Loss: -0.0008 | Avg Critic Loss: 0.0003 
	| Avg Length: 1.0117 | Avg Reward: 0.9530 
	| Avg Length: 1.0000 | Avg Reward: 0.9545
	| OG  Acc: 1.00  | Masked Acc: 0.64 | OG  F1: 1.00 | Masked F1: 0.74
Epoch 66
	| Avg Actor Loss: 0.0000 | Avg Critic Loss: 0.0003 
	| Avg Length: 1.0195 | Avg Reward: 0.9524 
	| Avg Length: 1.0000 | Avg Reward: 0.9546
	| OG  Acc: 1.00  | Masked Acc: 0.64 | OG  F1: 1.00 | Masked F1: 0.74
Epoch 67
	| Avg Actor Loss: 0.0016 | Avg Critic Loss: 0.0003 
	| Avg Length: 1.0195 | Avg Reward: 0.9550 
	| Avg Length: 1.0000 | Avg Reward: 0.9548
	| OG  Acc: 1.00  | Masked Acc: 0.64 | OG  F1: 1.00 | Masked F1: 0.74
Epoch 68
	| Avg Actor Loss: 0.0008 | Avg Critic Loss: 0.0003 
	| Avg Length: 1.0441 | Avg Reward: 0.9565 
	| Avg Length: 1.0000 | Avg Reward: 0.9548
	| OG  Acc: 1.00  | Masked Acc: 0.64 | OG  F1: 1.00 | Masked F1: 0.74
Epoch 69
	| Avg Actor Loss: -0.0006 | Avg Critic Loss: 0.0003 
	| Avg Length: 1.0430 | Avg Reward: 0.9559 
	| Avg Length: 1.0000 | Avg Reward: 0.9551
	| OG  Acc: 1.00  | Masked Acc: 0.65 | OG  F1: 1.00 | Masked F1: 0.74
Epoch 70
	| Avg Actor Loss: 0.0001 | Avg Critic Loss: 0.0003 
	| Avg Length: 1.0703 | Avg Reward: 0.9519 
	| Avg Length: 1.0000 | Avg Reward: 0.9548
	| OG  Acc: 1.00  | Masked Acc: 0.64 | OG  F1: 1.00 | Masked F1: 0.74
Epoch 71
	| Avg Actor Loss: 0.0033 | Avg Critic Loss: 0.0003 
	| Avg Length: 1.0430 | Avg Reward: 0.9557 
	| Avg Length: 1.0000 | Avg Reward: 0.9548
	| OG  Acc: 1.00  | Masked Acc: 0.64 | OG  F1: 1.00 | Masked F1: 0.74
Epoch 72
	| Avg Actor Loss: 0.0032 | Avg Critic Loss: 0.0003 
	| Avg Length: 1.0147 | Avg Reward: 0.9584 
	| Avg Length: 1.0000 | Avg Reward: 0.9554
	| OG  Acc: 1.00  | Masked Acc: 0.65 | OG  F1: 1.00 | Masked F1: 0.74
Epoch 73
	| Avg Actor Loss: -0.0018 | Avg Critic Loss: 0.0003 
	| Avg Length: 1.0664 | Avg Reward: 0.9557 
	| Avg Length: 1.0000 | Avg Reward: 0.9552
	| OG  Acc: 1.00  | Masked Acc: 0.65 | OG  F1: 1.00 | Masked F1: 0.74
Epoch 74
	| Avg Actor Loss: 0.0018 | Avg Critic Loss: 0.0003 
	| Avg Length: 1.0977 | Avg Reward: 0.9544 
	| Avg Length: 1.0000 | Avg Reward: 0.9553
	| OG  Acc: 1.00  | Masked Acc: 0.65 | OG  F1: 1.00 | Masked F1: 0.74
Epoch 75
	| Avg Actor Loss: -0.0012 | Avg Critic Loss: 0.0003 
	| Avg Length: 1.0898 | Avg Reward: 0.9538 
	| Avg Length: 1.0000 | Avg Reward: 0.9555
	| OG  Acc: 1.00  | Masked Acc: 0.65 | OG  F1: 1.00 | Masked F1: 0.74
Epoch 76
	| Avg Actor Loss: 0.0005 | Avg Critic Loss: 0.0003 
	| Avg Length: 1.0809 | Avg Reward: 0.9522 
	| Avg Length: 1.0000 | Avg Reward: 0.9557
	| OG  Acc: 1.00  | Masked Acc: 0.65 | OG  F1: 1.00 | Masked F1: 0.74
Epoch 77
	| Avg Actor Loss: -0.0000 | Avg Critic Loss: 0.0003 
	| Avg Length: 1.2109 | Avg Reward: 0.9502 
	| Avg Length: 1.0000 | Avg Reward: 0.9558
	| OG  Acc: 1.00  | Masked Acc: 0.65 | OG  F1: 1.00 | Masked F1: 0.74
Epoch 78
	| Avg Actor Loss: 0.0046 | Avg Critic Loss: 0.0003 
	| Avg Length: 1.1445 | Avg Reward: 0.9580 
	| Avg Length: 1.0000 | Avg Reward: 0.9559
	| OG  Acc: 1.00  | Masked Acc: 0.66 | OG  F1: 1.00 | Masked F1: 0.74
Epoch 79
	| Avg Actor Loss: 0.0070 | Avg Critic Loss: 0.0003 
	| Avg Length: 1.2227 | Avg Reward: 0.9561 
	| Avg Length: 1.0000 | Avg Reward: 0.9561
	| OG  Acc: 1.00  | Masked Acc: 0.66 | OG  F1: 1.00 | Masked F1: 0.75
Epoch 80
	| Avg Actor Loss: 0.0050 | Avg Critic Loss: 0.0003 
	| Avg Length: 1.1618 | Avg Reward: 0.9545 
	| Avg Length: 1.0000 | Avg Reward: 0.9564
	| OG  Acc: 1.00  | Masked Acc: 0.66 | OG  F1: 1.00 | Masked F1: 0.75
Epoch 81
	| Avg Actor Loss: 0.0066 | Avg Critic Loss: 0.0003 
	| Avg Length: 1.2227 | Avg Reward: 0.9563 
	| Avg Length: 1.0000 | Avg Reward: 0.9562
	| OG  Acc: 1.00  | Masked Acc: 0.66 | OG  F1: 1.00 | Masked F1: 0.75
Epoch 82
	| Avg Actor Loss: 0.0081 | Avg Critic Loss: 0.0003 
	| Avg Length: 1.2070 | Avg Reward: 0.9527 
	| Avg Length: 1.0166 | Avg Reward: 0.9568
	| OG  Acc: 1.00  | Masked Acc: 0.67 | OG  F1: 1.00 | Masked F1: 0.75
Epoch 83
	| Avg Actor Loss: 0.0108 | Avg Critic Loss: 0.0003 
	| Avg Length: 1.3047 | Avg Reward: 0.9588 
	| Avg Length: 1.0304 | Avg Reward: 0.9572
	| OG  Acc: 1.00  | Masked Acc: 0.67 | OG  F1: 1.00 | Masked F1: 0.75
Epoch 84
	| Avg Actor Loss: 0.0035 | Avg Critic Loss: 0.0003 
	| Avg Length: 1.3603 | Avg Reward: 0.9601 
	| Avg Length: 1.0328 | Avg Reward: 0.9574
	| OG  Acc: 1.00  | Masked Acc: 0.67 | OG  F1: 1.00 | Masked F1: 0.75
Epoch 85
	| Avg Actor Loss: 0.0003 | Avg Critic Loss: 0.0003 
	| Avg Length: 1.3594 | Avg Reward: 0.9563 
	| Avg Length: 1.0432 | Avg Reward: 0.9578
	| OG  Acc: 1.00  | Masked Acc: 0.68 | OG  F1: 1.00 | Masked F1: 0.76
Epoch 86
	| Avg Actor Loss: 0.0034 | Avg Critic Loss: 0.0003 
	| Avg Length: 1.3672 | Avg Reward: 0.9541 
	| Avg Length: 1.0616 | Avg Reward: 0.9580
	| OG  Acc: 1.00  | Masked Acc: 0.68 | OG  F1: 1.00 | Masked F1: 0.76
Epoch 87
	| Avg Actor Loss: 0.0104 | Avg Critic Loss: 0.0003 
	| Avg Length: 1.4258 | Avg Reward: 0.9619 
	| Avg Length: 1.0688 | Avg Reward: 0.9583
	| OG  Acc: 1.00  | Masked Acc: 0.69 | OG  F1: 1.00 | Masked F1: 0.76
Epoch 88
	| Avg Actor Loss: 0.0055 | Avg Critic Loss: 0.0003 
	| Avg Length: 1.4265 | Avg Reward: 0.9557 
	| Avg Length: 1.0670 | Avg Reward: 0.9582
	| OG  Acc: 1.00  | Masked Acc: 0.68 | OG  F1: 1.00 | Masked F1: 0.76
Epoch 89
	| Avg Actor Loss: 0.0051 | Avg Critic Loss: 0.0003 
	| Avg Length: 1.2539 | Avg Reward: 0.9561 
	| Avg Length: 1.0584 | Avg Reward: 0.9580
	| OG  Acc: 1.00  | Masked Acc: 0.68 | OG  F1: 1.00 | Masked F1: 0.76
Epoch 90
	| Avg Actor Loss: 0.0124 | Avg Critic Loss: 0.0003 
	| Avg Length: 1.3945 | Avg Reward: 0.9577 
	| Avg Length: 1.1222 | Avg Reward: 0.9594
	| OG  Acc: 1.00  | Masked Acc: 0.70 | OG  F1: 1.00 | Masked F1: 0.77
Epoch 91
	| Avg Actor Loss: 0.0082 | Avg Critic Loss: 0.0003 
	| Avg Length: 1.3242 | Avg Reward: 0.9579 
	| Avg Length: 1.1326 | Avg Reward: 0.9593
	| OG  Acc: 1.00  | Masked Acc: 0.70 | OG  F1: 1.00 | Masked F1: 0.77
Epoch 92
	| Avg Actor Loss: 0.0052 | Avg Critic Loss: 0.0003 
	| Avg Length: 1.3824 | Avg Reward: 0.9606 
	| Avg Length: 1.1446 | Avg Reward: 0.9603
	| OG  Acc: 1.00  | Masked Acc: 0.71 | OG  F1: 1.00 | Masked F1: 0.78
Epoch 93
	| Avg Actor Loss: 0.0073 | Avg Critic Loss: 0.0003 
	| Avg Length: 1.4414 | Avg Reward: 0.9547 
	| Avg Length: 1.1422 | Avg Reward: 0.9603
	| OG  Acc: 1.00  | Masked Acc: 0.71 | OG  F1: 1.00 | Masked F1: 0.78
Epoch 94
	| Avg Actor Loss: 0.0104 | Avg Critic Loss: 0.0003 
	| Avg Length: 1.3398 | Avg Reward: 0.9548 
	| Avg Length: 1.1410 | Avg Reward: 0.9599
	| OG  Acc: 1.00  | Masked Acc: 0.71 | OG  F1: 1.00 | Masked F1: 0.77
Epoch 95
	| Avg Actor Loss: 0.0033 | Avg Critic Loss: 0.0003 
	| Avg Length: 1.3906 | Avg Reward: 0.9563 
	| Avg Length: 1.1654 | Avg Reward: 0.9600
	| OG  Acc: 1.00  | Masked Acc: 0.71 | OG  F1: 1.00 | Masked F1: 0.78
Epoch 96
	| Avg Actor Loss: 0.0044 | Avg Critic Loss: 0.0003 
	| Avg Length: 1.4265 | Avg Reward: 0.9585 
	| Avg Length: 1.1724 | Avg Reward: 0.9603
	| OG  Acc: 1.00  | Masked Acc: 0.71 | OG  F1: 1.00 | Masked F1: 0.78
Epoch 97
	| Avg Actor Loss: 0.0066 | Avg Critic Loss: 0.0003 
	| Avg Length: 1.3555 | Avg Reward: 0.9504 
	| Avg Length: 1.1644 | Avg Reward: 0.9601
	| OG  Acc: 1.00  | Masked Acc: 0.71 | OG  F1: 1.00 | Masked F1: 0.78
Epoch 98
	| Avg Actor Loss: 0.0074 | Avg Critic Loss: 0.0003 
	| Avg Length: 1.5273 | Avg Reward: 0.9564 
	| Avg Length: 1.1722 | Avg Reward: 0.9602
	| OG  Acc: 1.00  | Masked Acc: 0.72 | OG  F1: 1.00 | Masked F1: 0.78
Epoch 99
	| Avg Actor Loss: 0.0105 | Avg Critic Loss: 0.0003 
	| Avg Length: 1.4688 | Avg Reward: 0.9545 
	| Avg Length: 1.1652 | Avg Reward: 0.9604
	| OG  Acc: 1.00  | Masked Acc: 0.72 | OG  F1: 1.00 | Masked F1: 0.78
Epoch 100
	| Avg Actor Loss: 0.0106 | Avg Critic Loss: 0.0002 
	| Avg Length: 1.3529 | Avg Reward: 0.9608 
	| Avg Length: 1.1692 | Avg Reward: 0.9604
	| OG  Acc: 1.00  | Masked Acc: 0.72 | OG  F1: 1.00 | Masked F1: 0.78
Epoch 101
	| Avg Actor Loss: 0.0115 | Avg Critic Loss: 0.0002 
	| Avg Length: 1.4375 | Avg Reward: 0.9597 
	| Avg Length: 1.1714 | Avg Reward: 0.9605
	| OG  Acc: 1.00  | Masked Acc: 0.72 | OG  F1: 1.00 | Masked F1: 0.78
Epoch 102
	| Avg Actor Loss: 0.0074 | Avg Critic Loss: 0.0003 
	| Avg Length: 1.4414 | Avg Reward: 0.9580 
	| Avg Length: 1.1864 | Avg Reward: 0.9604
	| OG  Acc: 1.00  | Masked Acc: 0.72 | OG  F1: 1.00 | Masked F1: 0.78
Epoch 103
	| Avg Actor Loss: 0.0102 | Avg Critic Loss: 0.0002 
	| Avg Length: 1.6016 | Avg Reward: 0.9571 
	| Avg Length: 1.1736 | Avg Reward: 0.9605
	| OG  Acc: 1.00  | Masked Acc: 0.72 | OG  F1: 1.00 | Masked F1: 0.78
Epoch 104
	| Avg Actor Loss: 0.0174 | Avg Critic Loss: 0.0002 
	| Avg Length: 1.4926 | Avg Reward: 0.9557 
	| Avg Length: 1.1732 | Avg Reward: 0.9606
	| OG  Acc: 1.00  | Masked Acc: 0.72 | OG  F1: 1.00 | Masked F1: 0.78
Epoch 105
	| Avg Actor Loss: 0.0052 | Avg Critic Loss: 0.0002 
	| Avg Length: 1.3984 | Avg Reward: 0.9583 
	| Avg Length: 1.1768 | Avg Reward: 0.9605
	| OG  Acc: 1.00  | Masked Acc: 0.72 | OG  F1: 1.00 | Masked F1: 0.78
Epoch 106
	| Avg Actor Loss: 0.0128 | Avg Critic Loss: 0.0002 
	| Avg Length: 1.3633 | Avg Reward: 0.9579 
	| Avg Length: 1.1724 | Avg Reward: 0.9606
	| OG  Acc: 1.00  | Masked Acc: 0.72 | OG  F1: 1.00 | Masked F1: 0.78
Epoch 107
	| Avg Actor Loss: 0.0095 | Avg Critic Loss: 0.0002 
	| Avg Length: 1.5352 | Avg Reward: 0.9589 
	| Avg Length: 1.1732 | Avg Reward: 0.9602
	| OG  Acc: 1.00  | Masked Acc: 0.72 | OG  F1: 1.00 | Masked F1: 0.78
Epoch 108
	| Avg Actor Loss: 0.0153 | Avg Critic Loss: 0.0002 
	| Avg Length: 1.4853 | Avg Reward: 0.9563 
	| Avg Length: 1.1756 | Avg Reward: 0.9604
	| OG  Acc: 1.00  | Masked Acc: 0.72 | OG  F1: 1.00 | Masked F1: 0.78
Epoch 109
	| Avg Actor Loss: 0.0045 | Avg Critic Loss: 0.0002 
	| Avg Length: 1.4258 | Avg Reward: 0.9567 
	| Avg Length: 1.1772 | Avg Reward: 0.9603
	| OG  Acc: 1.00  | Masked Acc: 0.72 | OG  F1: 1.00 | Masked F1: 0.78
Epoch 110
	| Avg Actor Loss: 0.0101 | Avg Critic Loss: 0.0002 
	| Avg Length: 1.5820 | Avg Reward: 0.9558 
	| Avg Length: 1.1816 | Avg Reward: 0.9603
	| OG  Acc: 1.00  | Masked Acc: 0.72 | OG  F1: 1.00 | Masked F1: 0.78
Epoch 111
	| Avg Actor Loss: 0.0109 | Avg Critic Loss: 0.0002 
	| Avg Length: 1.6328 | Avg Reward: 0.9606 
	| Avg Length: 1.1780 | Avg Reward: 0.9602
	| OG  Acc: 1.00  | Masked Acc: 0.72 | OG  F1: 1.00 | Masked F1: 0.78
Epoch 112
	| Avg Actor Loss: 0.0053 | Avg Critic Loss: 0.0002 
	| Avg Length: 1.5735 | Avg Reward: 0.9541 
	| Avg Length: 1.1870 | Avg Reward: 0.9602
	| OG  Acc: 1.00  | Masked Acc: 0.72 | OG  F1: 1.00 | Masked F1: 0.78
Epoch 113
	| Avg Actor Loss: 0.0099 | Avg Critic Loss: 0.0002 
	| Avg Length: 1.4844 | Avg Reward: 0.9604 
	| Avg Length: 1.1846 | Avg Reward: 0.9602
	| OG  Acc: 1.00  | Masked Acc: 0.72 | OG  F1: 1.00 | Masked F1: 0.78
Epoch 114
	| Avg Actor Loss: 0.0032 | Avg Critic Loss: 0.0002 
	| Avg Length: 1.6719 | Avg Reward: 0.9543 
	| Avg Length: 1.1868 | Avg Reward: 0.9603
	| OG  Acc: 1.00  | Masked Acc: 0.72 | OG  F1: 1.00 | Masked F1: 0.78
Epoch 115
	| Avg Actor Loss: 0.0094 | Avg Critic Loss: 0.0002 
	| Avg Length: 1.5078 | Avg Reward: 0.9588 
	| Avg Length: 1.1832 | Avg Reward: 0.9606
	| OG  Acc: 1.00  | Masked Acc: 0.72 | OG  F1: 1.00 | Masked F1: 0.78
Epoch 116
	| Avg Actor Loss: 0.0117 | Avg Critic Loss: 0.0002 
	| Avg Length: 1.5735 | Avg Reward: 0.9640 
	| Avg Length: 1.2074 | Avg Reward: 0.9608
	| OG  Acc: 1.00  | Masked Acc: 0.72 | OG  F1: 1.00 | Masked F1: 0.78
Epoch 117
	| Avg Actor Loss: 0.0099 | Avg Critic Loss: 0.0002 
	| Avg Length: 1.5117 | Avg Reward: 0.9584 
	| Avg Length: 1.1884 | Avg Reward: 0.9603
	| OG  Acc: 1.00  | Masked Acc: 0.72 | OG  F1: 1.00 | Masked F1: 0.78
Epoch 118
	| Avg Actor Loss: 0.0074 | Avg Critic Loss: 0.0002 
	| Avg Length: 1.5000 | Avg Reward: 0.9618 
	| Avg Length: 1.1846 | Avg Reward: 0.9607
	| OG  Acc: 1.00  | Masked Acc: 0.72 | OG  F1: 1.00 | Masked F1: 0.78
Epoch 119
	| Avg Actor Loss: 0.0110 | Avg Critic Loss: 0.0002 
	| Avg Length: 1.6484 | Avg Reward: 0.9585 
	| Avg Length: 1.1810 | Avg Reward: 0.9608
	| OG  Acc: 1.00  | Masked Acc: 0.72 | OG  F1: 1.00 | Masked F1: 0.78
Epoch 120
	| Avg Actor Loss: 0.0090 | Avg Critic Loss: 0.0002 
	| Avg Length: 1.4191 | Avg Reward: 0.9559 
	| Avg Length: 1.1830 | Avg Reward: 0.9605
	| OG  Acc: 1.00  | Masked Acc: 0.72 | OG  F1: 1.00 | Masked F1: 0.78
Epoch 121
	| Avg Actor Loss: 0.0109 | Avg Critic Loss: 0.0002 
	| Avg Length: 1.5156 | Avg Reward: 0.9598 
	| Avg Length: 1.1722 | Avg Reward: 0.9604
	| OG  Acc: 1.00  | Masked Acc: 0.72 | OG  F1: 1.00 | Masked F1: 0.78
Epoch 122
	| Avg Actor Loss: 0.0035 | Avg Critic Loss: 0.0002 
	| Avg Length: 1.4492 | Avg Reward: 0.9572 
	| Avg Length: 1.1852 | Avg Reward: 0.9606
	| OG  Acc: 1.00  | Masked Acc: 0.72 | OG  F1: 1.00 | Masked F1: 0.78
Epoch 123
	| Avg Actor Loss: 0.0125 | Avg Critic Loss: 0.0002 
	| Avg Length: 1.6523 | Avg Reward: 0.9629 
	| Avg Length: 1.1754 | Avg Reward: 0.9607
	| OG  Acc: 1.00  | Masked Acc: 0.72 | OG  F1: 1.00 | Masked F1: 0.78
Epoch 124
	| Avg Actor Loss: 0.0106 | Avg Critic Loss: 0.0002 
	| Avg Length: 1.4338 | Avg Reward: 0.9582 
	| Avg Length: 1.1796 | Avg Reward: 0.9608
	| OG  Acc: 1.00  | Masked Acc: 0.72 | OG  F1: 1.00 | Masked F1: 0.78
Epoch 125
	| Avg Actor Loss: 0.0161 | Avg Critic Loss: 0.0002 
	| Avg Length: 1.5586 | Avg Reward: 0.9566 
	| Avg Length: 1.1806 | Avg Reward: 0.9606
	| OG  Acc: 1.00  | Masked Acc: 0.72 | OG  F1: 1.00 | Masked F1: 0.78
Epoch 126
	| Avg Actor Loss: 0.0132 | Avg Critic Loss: 0.0002 
	| Avg Length: 1.5820 | Avg Reward: 0.9605 
	| Avg Length: 1.1680 | Avg Reward: 0.9605
	| OG  Acc: 1.00  | Masked Acc: 0.72 | OG  F1: 1.00 | Masked F1: 0.78
Epoch 127
	| Avg Actor Loss: 0.0060 | Avg Critic Loss: 0.0002 
	| Avg Length: 1.4961 | Avg Reward: 0.9579 
	| Avg Length: 1.1774 | Avg Reward: 0.9606
	| OG  Acc: 1.00  | Masked Acc: 0.72 | OG  F1: 1.00 | Masked F1: 0.78
Epoch 128
	| Avg Actor Loss: 0.0101 | Avg Critic Loss: 0.0002 
	| Avg Length: 1.6471 | Avg Reward: 0.9616 
	| Avg Length: 1.1834 | Avg Reward: 0.9608
	| OG  Acc: 1.00  | Masked Acc: 0.72 | OG  F1: 1.00 | Masked F1: 0.78
Epoch 129
	| Avg Actor Loss: 0.0117 | Avg Critic Loss: 0.0002 
	| Avg Length: 1.4414 | Avg Reward: 0.9622 
	| Avg Length: 1.1582 | Avg Reward: 0.9607
	| OG  Acc: 1.00  | Masked Acc: 0.72 | OG  F1: 1.00 | Masked F1: 0.78
Epoch 130
	| Avg Actor Loss: 0.0126 | Avg Critic Loss: 0.0002 
	| Avg Length: 1.3906 | Avg Reward: 0.9602 
	| Avg Length: 1.1814 | Avg Reward: 0.9608
	| OG  Acc: 1.00  | Masked Acc: 0.72 | OG  F1: 1.00 | Masked F1: 0.78
Epoch 131
	| Avg Actor Loss: 0.0120 | Avg Critic Loss: 0.0002 
	| Avg Length: 1.5039 | Avg Reward: 0.9634 
	| Avg Length: 1.1810 | Avg Reward: 0.9608
	| OG  Acc: 1.00  | Masked Acc: 0.72 | OG  F1: 1.00 | Masked F1: 0.78
Epoch 132
	| Avg Actor Loss: 0.0081 | Avg Critic Loss: 0.0002 
	| Avg Length: 1.7574 | Avg Reward: 0.9603 
	| Avg Length: 1.2040 | Avg Reward: 0.9614
	| OG  Acc: 1.00  | Masked Acc: 0.73 | OG  F1: 1.00 | Masked F1: 0.79
Epoch 133
	| Avg Actor Loss: 0.0236 | Avg Critic Loss: 0.0002 
	| Avg Length: 1.5352 | Avg Reward: 0.9574 
	| Avg Length: 1.1692 | Avg Reward: 0.9611
	| OG  Acc: 1.00  | Masked Acc: 0.72 | OG  F1: 1.00 | Masked F1: 0.78
Epoch 134
	| Avg Actor Loss: 0.0030 | Avg Critic Loss: 0.0002 
	| Avg Length: 1.5234 | Avg Reward: 0.9622 
	| Avg Length: 1.1504 | Avg Reward: 0.9606
	| OG  Acc: 1.00  | Masked Acc: 0.72 | OG  F1: 1.00 | Masked F1: 0.78
Epoch 135
	| Avg Actor Loss: 0.0119 | Avg Critic Loss: 0.0002 
	| Avg Length: 1.4336 | Avg Reward: 0.9609 
	| Avg Length: 1.1778 | Avg Reward: 0.9611
	| OG  Acc: 1.00  | Masked Acc: 0.72 | OG  F1: 1.00 | Masked F1: 0.78
Epoch 136
	| Avg Actor Loss: 0.0068 | Avg Critic Loss: 0.0002 
	| Avg Length: 1.3971 | Avg Reward: 0.9654 
	| Avg Length: 1.1870 | Avg Reward: 0.9612
	| OG  Acc: 1.00  | Masked Acc: 0.73 | OG  F1: 1.00 | Masked F1: 0.78
Epoch 137
	| Avg Actor Loss: 0.0110 | Avg Critic Loss: 0.0002 
	| Avg Length: 1.5000 | Avg Reward: 0.9615 
	| Avg Length: 1.2090 | Avg Reward: 0.9613
	| OG  Acc: 1.00  | Masked Acc: 0.73 | OG  F1: 1.00 | Masked F1: 0.79
Epoch 138
	| Avg Actor Loss: 0.0111 | Avg Critic Loss: 0.0002 
	| Avg Length: 1.7812 | Avg Reward: 0.9602 
	| Avg Length: 1.2232 | Avg Reward: 0.9614
	| OG  Acc: 1.00  | Masked Acc: 0.73 | OG  F1: 1.00 | Masked F1: 0.79
Epoch 139
	| Avg Actor Loss: 0.0114 | Avg Critic Loss: 0.0002 
	| Avg Length: 1.5469 | Avg Reward: 0.9596 
	| Avg Length: 1.2104 | Avg Reward: 0.9612
	| OG  Acc: 1.00  | Masked Acc: 0.73 | OG  F1: 1.00 | Masked F1: 0.79
Epoch 140
	| Avg Actor Loss: 0.0099 | Avg Critic Loss: 0.0002 
	| Avg Length: 1.5441 | Avg Reward: 0.9627 
	| Avg Length: 1.2094 | Avg Reward: 0.9613
	| OG  Acc: 1.00  | Masked Acc: 0.73 | OG  F1: 1.00 | Masked F1: 0.79
Epoch 141
	| Avg Actor Loss: 0.0109 | Avg Critic Loss: 0.0002 
	| Avg Length: 1.4883 | Avg Reward: 0.9571 
	| Avg Length: 1.2460 | Avg Reward: 0.9612
	| OG  Acc: 1.00  | Masked Acc: 0.73 | OG  F1: 1.00 | Masked F1: 0.79
Epoch 142
	| Avg Actor Loss: 0.0153 | Avg Critic Loss: 0.0002 
	| Avg Length: 1.4922 | Avg Reward: 0.9621 
	| Avg Length: 1.2434 | Avg Reward: 0.9613
	| OG  Acc: 1.00  | Masked Acc: 0.73 | OG  F1: 1.00 | Masked F1: 0.79
Epoch 143
	| Avg Actor Loss: 0.0103 | Avg Critic Loss: 0.0002 
	| Avg Length: 1.5703 | Avg Reward: 0.9607 
	| Avg Length: 1.2498 | Avg Reward: 0.9614
	| OG  Acc: 1.00  | Masked Acc: 0.74 | OG  F1: 1.00 | Masked F1: 0.79
Epoch 144
	| Avg Actor Loss: 0.0128 | Avg Critic Loss: 0.0002 
	| Avg Length: 1.5882 | Avg Reward: 0.9511 
	| Avg Length: 1.2524 | Avg Reward: 0.9617
	| OG  Acc: 1.00  | Masked Acc: 0.74 | OG  F1: 1.00 | Masked F1: 0.79
Epoch 145
	| Avg Actor Loss: 0.0070 | Avg Critic Loss: 0.0002 
	| Avg Length: 1.7461 | Avg Reward: 0.9526 
	| Avg Length: 1.2552 | Avg Reward: 0.9618
	| OG  Acc: 1.00  | Masked Acc: 0.74 | OG  F1: 1.00 | Masked F1: 0.79
Epoch 146
	| Avg Actor Loss: 0.0114 | Avg Critic Loss: 0.0002 
	| Avg Length: 1.5117 | Avg Reward: 0.9607 
	| Avg Length: 1.2350 | Avg Reward: 0.9617
	| OG  Acc: 1.00  | Masked Acc: 0.74 | OG  F1: 1.00 | Masked F1: 0.79
Epoch 147
	| Avg Actor Loss: 0.0153 | Avg Critic Loss: 0.0002 
	| Avg Length: 1.5273 | Avg Reward: 0.9552 
	| Avg Length: 1.2546 | Avg Reward: 0.9619
	| OG  Acc: 1.00  | Masked Acc: 0.74 | OG  F1: 1.00 | Masked F1: 0.79
Epoch 148
	| Avg Actor Loss: 0.0158 | Avg Critic Loss: 0.0002 
	| Avg Length: 1.5735 | Avg Reward: 0.9584 
	| Avg Length: 1.2754 | Avg Reward: 0.9617
	| OG  Acc: 1.00  | Masked Acc: 0.74 | OG  F1: 1.00 | Masked F1: 0.79
Epoch 149
	| Avg Actor Loss: 0.0027 | Avg Critic Loss: 0.0002 
	| Avg Length: 1.6797 | Avg Reward: 0.9593 
	| Avg Length: 1.2690 | Avg Reward: 0.9617
	| OG  Acc: 1.00  | Masked Acc: 0.74 | OG  F1: 1.00 | Masked F1: 0.79
Epoch 150
	| Avg Actor Loss: 0.0105 | Avg Critic Loss: 0.0002 
	| Avg Length: 1.5625 | Avg Reward: 0.9606 
	| Avg Length: 1.2852 | Avg Reward: 0.9618
	| OG  Acc: 1.00  | Masked Acc: 0.74 | OG  F1: 1.00 | Masked F1: 0.79
Epoch 151
	| Avg Actor Loss: 0.0136 | Avg Critic Loss: 0.0002 
	| Avg Length: 1.6797 | Avg Reward: 0.9607 
	| Avg Length: 1.2938 | Avg Reward: 0.9619
	| OG  Acc: 1.00  | Masked Acc: 0.75 | OG  F1: 1.00 | Masked F1: 0.80
Epoch 152
	| Avg Actor Loss: 0.0111 | Avg Critic Loss: 0.0002 
	| Avg Length: 1.6250 | Avg Reward: 0.9586 
	| Avg Length: 1.2926 | Avg Reward: 0.9617
	| OG  Acc: 1.00  | Masked Acc: 0.74 | OG  F1: 1.00 | Masked F1: 0.79
Epoch 153
	| Avg Actor Loss: 0.0090 | Avg Critic Loss: 0.0002 
	| Avg Length: 1.6094 | Avg Reward: 0.9605 
	| Avg Length: 1.3070 | Avg Reward: 0.9620
	| OG  Acc: 1.00  | Masked Acc: 0.75 | OG  F1: 1.00 | Masked F1: 0.80
Epoch 154
	| Avg Actor Loss: 0.0107 | Avg Critic Loss: 0.0002 
	| Avg Length: 1.6250 | Avg Reward: 0.9607 
	| Avg Length: 1.2962 | Avg Reward: 0.9620
	| OG  Acc: 1.00  | Masked Acc: 0.74 | OG  F1: 1.00 | Masked F1: 0.80
Epoch 155
	| Avg Actor Loss: 0.0113 | Avg Critic Loss: 0.0002 
	| Avg Length: 1.7188 | Avg Reward: 0.9609 
	| Avg Length: 1.2914 | Avg Reward: 0.9621
	| OG  Acc: 1.00  | Masked Acc: 0.75 | OG  F1: 1.00 | Masked F1: 0.80
Epoch 156
	| Avg Actor Loss: 0.0173 | Avg Critic Loss: 0.0002 
	| Avg Length: 1.5735 | Avg Reward: 0.9674 
	| Avg Length: 1.3042 | Avg Reward: 0.9622
	| OG  Acc: 1.00  | Masked Acc: 0.75 | OG  F1: 1.00 | Masked F1: 0.80
Epoch 157
	| Avg Actor Loss: 0.0083 | Avg Critic Loss: 0.0002 
	| Avg Length: 1.7305 | Avg Reward: 0.9609 
	| Avg Length: 1.2908 | Avg Reward: 0.9620
	| OG  Acc: 1.00  | Masked Acc: 0.74 | OG  F1: 1.00 | Masked F1: 0.80
Epoch 158
	| Avg Actor Loss: 0.0075 | Avg Critic Loss: 0.0002 
	| Avg Length: 1.6836 | Avg Reward: 0.9618 
	| Avg Length: 1.2812 | Avg Reward: 0.9620
	| OG  Acc: 1.00  | Masked Acc: 0.75 | OG  F1: 1.00 | Masked F1: 0.80
Epoch 159
	| Avg Actor Loss: 0.0162 | Avg Critic Loss: 0.0002 
	| Avg Length: 1.5859 | Avg Reward: 0.9646 
	| Avg Length: 1.2808 | Avg Reward: 0.9619
	| OG  Acc: 1.00  | Masked Acc: 0.74 | OG  F1: 1.00 | Masked F1: 0.79
Epoch 160
	| Avg Actor Loss: 0.0174 | Avg Critic Loss: 0.0002 
	| Avg Length: 1.7500 | Avg Reward: 0.9571 
	| Avg Length: 1.2816 | Avg Reward: 0.9621
	| OG  Acc: 1.00  | Masked Acc: 0.74 | OG  F1: 1.00 | Masked F1: 0.80
Epoch 161
	| Avg Actor Loss: 0.0102 | Avg Critic Loss: 0.0002 
	| Avg Length: 1.6250 | Avg Reward: 0.9603 
	| Avg Length: 1.2684 | Avg Reward: 0.9620
	| OG  Acc: 1.00  | Masked Acc: 0.74 | OG  F1: 1.00 | Masked F1: 0.79
Epoch 162
	| Avg Actor Loss: 0.0076 | Avg Critic Loss: 0.0002 
	| Avg Length: 1.7422 | Avg Reward: 0.9581 
	| Avg Length: 1.2764 | Avg Reward: 0.9620
	| OG  Acc: 1.00  | Masked Acc: 0.74 | OG  F1: 1.00 | Masked F1: 0.80
Epoch 163
	| Avg Actor Loss: 0.0133 | Avg Critic Loss: 0.0002 
	| Avg Length: 1.5352 | Avg Reward: 0.9590 
	| Avg Length: 1.2748 | Avg Reward: 0.9618
	| OG  Acc: 1.00  | Masked Acc: 0.74 | OG  F1: 1.00 | Masked F1: 0.79
Epoch 164
	| Avg Actor Loss: 0.0153 | Avg Critic Loss: 0.0002 
	| Avg Length: 1.6544 | Avg Reward: 0.9598 
	| Avg Length: 1.2906 | Avg Reward: 0.9618
	| OG  Acc: 1.00  | Masked Acc: 0.74 | OG  F1: 1.00 | Masked F1: 0.80
Epoch 165
	| Avg Actor Loss: 0.0108 | Avg Critic Loss: 0.0002 
	| Avg Length: 1.6250 | Avg Reward: 0.9592 
	| Avg Length: 1.2946 | Avg Reward: 0.9620
	| OG  Acc: 1.00  | Masked Acc: 0.75 | OG  F1: 1.00 | Masked F1: 0.80
Epoch 166
	| Avg Actor Loss: 0.0069 | Avg Critic Loss: 0.0002 
	| Avg Length: 1.6094 | Avg Reward: 0.9609 
	| Avg Length: 1.2702 | Avg Reward: 0.9619
	| OG  Acc: 1.00  | Masked Acc: 0.74 | OG  F1: 1.00 | Masked F1: 0.79
Epoch 167
	| Avg Actor Loss: 0.0183 | Avg Critic Loss: 0.0002 
	| Avg Length: 1.6836 | Avg Reward: 0.9613 
	| Avg Length: 1.2916 | Avg Reward: 0.9620
	| OG  Acc: 1.00  | Masked Acc: 0.74 | OG  F1: 1.00 | Masked F1: 0.80
Epoch 168
	| Avg Actor Loss: 0.0104 | Avg Critic Loss: 0.0002 
	| Avg Length: 1.6691 | Avg Reward: 0.9541 
	| Avg Length: 1.2778 | Avg Reward: 0.9618
	| OG  Acc: 1.00  | Masked Acc: 0.74 | OG  F1: 1.00 | Masked F1: 0.79
Epoch 169
	| Avg Actor Loss: 0.0083 | Avg Critic Loss: 0.0002 
	| Avg Length: 1.6367 | Avg Reward: 0.9606 
	| Avg Length: 1.2756 | Avg Reward: 0.9618
	| OG  Acc: 1.00  | Masked Acc: 0.74 | OG  F1: 1.00 | Masked F1: 0.79
Epoch 170
	| Avg Actor Loss: 0.0195 | Avg Critic Loss: 0.0002 
	| Avg Length: 1.5625 | Avg Reward: 0.9578 
	| Avg Length: 1.2676 | Avg Reward: 0.9617
	| OG  Acc: 1.00  | Masked Acc: 0.74 | OG  F1: 1.00 | Masked F1: 0.79
Epoch 171
	| Avg Actor Loss: 0.0096 | Avg Critic Loss: 0.0002 
	| Avg Length: 1.5391 | Avg Reward: 0.9630 
	| Avg Length: 1.2670 | Avg Reward: 0.9618
	| OG  Acc: 1.00  | Masked Acc: 0.74 | OG  F1: 1.00 | Masked F1: 0.79
Epoch 172
	| Avg Actor Loss: 0.0079 | Avg Critic Loss: 0.0002 
	| Avg Length: 1.5515 | Avg Reward: 0.9626 
	| Avg Length: 1.2774 | Avg Reward: 0.9619
	| OG  Acc: 1.00  | Masked Acc: 0.74 | OG  F1: 1.00 | Masked F1: 0.79
Epoch 173
	| Avg Actor Loss: 0.0103 | Avg Critic Loss: 0.0002 
	| Avg Length: 1.5469 | Avg Reward: 0.9623 
	| Avg Length: 1.2832 | Avg Reward: 0.9621
	| OG  Acc: 1.00  | Masked Acc: 0.74 | OG  F1: 1.00 | Masked F1: 0.80
Epoch 174
	| Avg Actor Loss: 0.0087 | Avg Critic Loss: 0.0002 
	| Avg Length: 1.6289 | Avg Reward: 0.9606 
	| Avg Length: 1.2954 | Avg Reward: 0.9624
	| OG  Acc: 1.00  | Masked Acc: 0.75 | OG  F1: 1.00 | Masked F1: 0.80
Epoch 175
	| Avg Actor Loss: 0.0099 | Avg Critic Loss: 0.0002 
	| Avg Length: 1.6484 | Avg Reward: 0.9608 
	| Avg Length: 1.2906 | Avg Reward: 0.9622
	| OG  Acc: 1.00  | Masked Acc: 0.75 | OG  F1: 1.00 | Masked F1: 0.80
Epoch 176
	| Avg Actor Loss: 0.0112 | Avg Critic Loss: 0.0002 
	| Avg Length: 1.7059 | Avg Reward: 0.9561 
	| Avg Length: 1.2940 | Avg Reward: 0.9621
	| OG  Acc: 1.00  | Masked Acc: 0.75 | OG  F1: 1.00 | Masked F1: 0.80
Epoch 177
	| Avg Actor Loss: 0.0069 | Avg Critic Loss: 0.0002 
	| Avg Length: 1.6758 | Avg Reward: 0.9593 
	| Avg Length: 1.2976 | Avg Reward: 0.9622
	| OG  Acc: 1.00  | Masked Acc: 0.75 | OG  F1: 1.00 | Masked F1: 0.80
Epoch 178
	| Avg Actor Loss: 0.0128 | Avg Critic Loss: 0.0002 
	| Avg Length: 1.5664 | Avg Reward: 0.9650 
	| Avg Length: 1.3122 | Avg Reward: 0.9623
	| OG  Acc: 1.00  | Masked Acc: 0.75 | OG  F1: 1.00 | Masked F1: 0.80
Epoch 179
	| Avg Actor Loss: 0.0114 | Avg Critic Loss: 0.0002 
	| Avg Length: 1.6797 | Avg Reward: 0.9585 
	| Avg Length: 1.2994 | Avg Reward: 0.9620
	| OG  Acc: 1.00  | Masked Acc: 0.75 | OG  F1: 1.00 | Masked F1: 0.80
Epoch 180
	| Avg Actor Loss: 0.0117 | Avg Critic Loss: 0.0002 
	| Avg Length: 1.7059 | Avg Reward: 0.9567 
	| Avg Length: 1.3072 | Avg Reward: 0.9622
	| OG  Acc: 1.00  | Masked Acc: 0.75 | OG  F1: 1.00 | Masked F1: 0.80
Epoch 181
	| Avg Actor Loss: 0.0128 | Avg Critic Loss: 0.0002 
	| Avg Length: 1.6211 | Avg Reward: 0.9570 
	| Avg Length: 1.3052 | Avg Reward: 0.9621
	| OG  Acc: 1.00  | Masked Acc: 0.75 | OG  F1: 1.00 | Masked F1: 0.80
Epoch 182
	| Avg Actor Loss: 0.0051 | Avg Critic Loss: 0.0002 
	| Avg Length: 1.4766 | Avg Reward: 0.9641 
	| Avg Length: 1.3118 | Avg Reward: 0.9622
	| OG  Acc: 1.00  | Masked Acc: 0.75 | OG  F1: 1.00 | Masked F1: 0.80
Epoch 183
	| Avg Actor Loss: 0.0050 | Avg Critic Loss: 0.0002 
	| Avg Length: 1.6484 | Avg Reward: 0.9596 
	| Avg Length: 1.3180 | Avg Reward: 0.9624
	| OG  Acc: 1.00  | Masked Acc: 0.75 | OG  F1: 1.00 | Masked F1: 0.80
Epoch 184
	| Avg Actor Loss: 0.0113 | Avg Critic Loss: 0.0002 
	| Avg Length: 1.6765 | Avg Reward: 0.9583 
	| Avg Length: 1.3036 | Avg Reward: 0.9622
	| OG  Acc: 1.00  | Masked Acc: 0.75 | OG  F1: 1.00 | Masked F1: 0.80
Epoch 185
	| Avg Actor Loss: 0.0134 | Avg Critic Loss: 0.0002 
	| Avg Length: 1.5977 | Avg Reward: 0.9604 
	| Avg Length: 1.3188 | Avg Reward: 0.9622
	| OG  Acc: 1.00  | Masked Acc: 0.75 | OG  F1: 1.00 | Masked F1: 0.80
Epoch 186
	| Avg Actor Loss: 0.0075 | Avg Critic Loss: 0.0002 
	| Avg Length: 1.6289 | Avg Reward: 0.9570 
	| Avg Length: 1.3196 | Avg Reward: 0.9624
	| OG  Acc: 1.00  | Masked Acc: 0.75 | OG  F1: 1.00 | Masked F1: 0.80
Epoch 187
	| Avg Actor Loss: 0.0137 | Avg Critic Loss: 0.0002 
	| Avg Length: 1.6484 | Avg Reward: 0.9595 
	| Avg Length: 1.3412 | Avg Reward: 0.9628
	| OG  Acc: 1.00  | Masked Acc: 0.76 | OG  F1: 1.00 | Masked F1: 0.80
Epoch 188
	| Avg Actor Loss: 0.0150 | Avg Critic Loss: 0.0002 
	| Avg Length: 1.6176 | Avg Reward: 0.9629 
	| Avg Length: 1.3160 | Avg Reward: 0.9624
	| OG  Acc: 1.00  | Masked Acc: 0.75 | OG  F1: 1.00 | Masked F1: 0.80
Epoch 189
	| Avg Actor Loss: 0.0132 | Avg Critic Loss: 0.0002 
	| Avg Length: 1.6758 | Avg Reward: 0.9650 
	| Avg Length: 1.3086 | Avg Reward: 0.9624
	| OG  Acc: 1.00  | Masked Acc: 0.75 | OG  F1: 1.00 | Masked F1: 0.80
Epoch 190
	| Avg Actor Loss: 0.0040 | Avg Critic Loss: 0.0002 
	| Avg Length: 1.5859 | Avg Reward: 0.9561 
	| Avg Length: 1.3072 | Avg Reward: 0.9624
	| OG  Acc: 1.00  | Masked Acc: 0.75 | OG  F1: 1.00 | Masked F1: 0.80
Epoch 191
	| Avg Actor Loss: 0.0114 | Avg Critic Loss: 0.0002 
	| Avg Length: 1.6875 | Avg Reward: 0.9640 
	| Avg Length: 1.3056 | Avg Reward: 0.9626
	| OG  Acc: 1.00  | Masked Acc: 0.75 | OG  F1: 1.00 | Masked F1: 0.80
Epoch 192
	| Avg Actor Loss: 0.0112 | Avg Critic Loss: 0.0002 
	| Avg Length: 1.4853 | Avg Reward: 0.9654 
	| Avg Length: 1.3026 | Avg Reward: 0.9625
	| OG  Acc: 1.00  | Masked Acc: 0.75 | OG  F1: 1.00 | Masked F1: 0.80
Epoch 193
	| Avg Actor Loss: 0.0158 | Avg Critic Loss: 0.0002 
	| Avg Length: 1.6797 | Avg Reward: 0.9609 
	| Avg Length: 1.3112 | Avg Reward: 0.9623
	| OG  Acc: 1.00  | Masked Acc: 0.75 | OG  F1: 1.00 | Masked F1: 0.80
Epoch 194
	| Avg Actor Loss: 0.0149 | Avg Critic Loss: 0.0002 
	| Avg Length: 1.5625 | Avg Reward: 0.9615 
	| Avg Length: 1.2938 | Avg Reward: 0.9624
	| OG  Acc: 1.00  | Masked Acc: 0.75 | OG  F1: 1.00 | Masked F1: 0.80
Epoch 195
	| Avg Actor Loss: 0.0125 | Avg Critic Loss: 0.0002 
	| Avg Length: 1.7344 | Avg Reward: 0.9568 
	| Avg Length: 1.3102 | Avg Reward: 0.9624
	| OG  Acc: 1.00  | Masked Acc: 0.75 | OG  F1: 1.00 | Masked F1: 0.80
Epoch 196
	| Avg Actor Loss: 0.0131 | Avg Critic Loss: 0.0002 
	| Avg Length: 1.6985 | Avg Reward: 0.9627 
	| Avg Length: 1.3108 | Avg Reward: 0.9622
	| OG  Acc: 1.00  | Masked Acc: 0.75 | OG  F1: 1.00 | Masked F1: 0.80
Epoch 197
	| Avg Actor Loss: 0.0130 | Avg Critic Loss: 0.0002 
	| Avg Length: 1.7383 | Avg Reward: 0.9612 
	| Avg Length: 1.3158 | Avg Reward: 0.9625
	| OG  Acc: 1.00  | Masked Acc: 0.75 | OG  F1: 1.00 | Masked F1: 0.80
Epoch 198
	| Avg Actor Loss: 0.0083 | Avg Critic Loss: 0.0002 
	| Avg Length: 1.5898 | Avg Reward: 0.9610 
	| Avg Length: 1.3148 | Avg Reward: 0.9624
	| OG  Acc: 1.00  | Masked Acc: 0.75 | OG  F1: 1.00 | Masked F1: 0.80
Epoch 199
	| Avg Actor Loss: 0.0107 | Avg Critic Loss: 0.0002 
	| Avg Length: 1.5938 | Avg Reward: 0.9604 
	| Avg Length: 1.3282 | Avg Reward: 0.9624
	| OG  Acc: 1.00  | Masked Acc: 0.75 | OG  F1: 1.00 | Masked F1: 0.80
Epoch 200
	| Avg Actor Loss: 0.0161 | Avg Critic Loss: 0.0002 
	| Avg Length: 1.6324 | Avg Reward: 0.9632 
	| Avg Length: 1.3316 | Avg Reward: 0.9625
	| OG  Acc: 1.00  | Masked Acc: 0.75 | OG  F1: 1.00 | Masked F1: 0.80
