Epoch 00/250 
	| Avg Actor Loss: 0.0133 | Avg Critic Loss: 0.1677 
	| Avg Length: 2.0490 | Avg Reward: 0.6538 
	| Avg Length: 1.0000 | Avg Reward: 0.6493
	| OG  Acc: 1.00  | Masked Acc: 0.51 | OG  F1: 1.00 | Masked F1: 0.67
Epoch 01/250 
	| Avg Actor Loss: 0.0153 | Avg Critic Loss: 0.0639 
	| Avg Length: 2.0382 | Avg Reward: 0.6549 
	| Avg Length: 1.0000 | Avg Reward: 0.6491
	| OG  Acc: 1.00  | Masked Acc: 0.51 | OG  F1: 1.00 | Masked F1: 0.67
Epoch 02/250 
	| Avg Actor Loss: 0.0080 | Avg Critic Loss: 0.0554 
	| Avg Length: 2.0842 | Avg Reward: 0.6527 
	| Avg Length: 1.0000 | Avg Reward: 0.6492
	| OG  Acc: 1.00  | Masked Acc: 0.51 | OG  F1: 1.00 | Masked F1: 0.67
Epoch 03/250 
	| Avg Actor Loss: 0.0519 | Avg Critic Loss: 0.0544 
	| Avg Length: 2.1524 | Avg Reward: 0.6561 
	| Avg Length: 1.0000 | Avg Reward: 0.6492
	| OG  Acc: 1.00  | Masked Acc: 0.51 | OG  F1: 1.00 | Masked F1: 0.67
Epoch 04/250 
	| Avg Actor Loss: 0.0043 | Avg Critic Loss: 0.0543 
	| Avg Length: 2.1002 | Avg Reward: 0.6533 
	| Avg Length: 1.0000 | Avg Reward: 0.6491
	| OG  Acc: 1.00  | Masked Acc: 0.51 | OG  F1: 1.00 | Masked F1: 0.67
Epoch 05/250 
	| Avg Actor Loss: 0.0170 | Avg Critic Loss: 0.0541 
	| Avg Length: 2.1020 | Avg Reward: 0.6537 
	| Avg Length: 1.0000 | Avg Reward: 0.6492
	| OG  Acc: 1.00  | Masked Acc: 0.51 | OG  F1: 1.00 | Masked F1: 0.67
Epoch 06/250 
	| Avg Actor Loss: 0.0141 | Avg Critic Loss: 0.0542 
	| Avg Length: 2.1242 | Avg Reward: 0.6541 
	| Avg Length: 1.0000 | Avg Reward: 0.6492
	| OG  Acc: 1.00  | Masked Acc: 0.51 | OG  F1: 1.00 | Masked F1: 0.67
Epoch 07/250 
	| Avg Actor Loss: 0.0181 | Avg Critic Loss: 0.0540 
	| Avg Length: 2.1380 | Avg Reward: 0.6552 
	| Avg Length: 1.0000 | Avg Reward: 0.6491
	| OG  Acc: 1.00  | Masked Acc: 0.51 | OG  F1: 1.00 | Masked F1: 0.67
Epoch 08/250 
	| Avg Actor Loss: -0.0206 | Avg Critic Loss: 0.0539 
	| Avg Length: 2.1392 | Avg Reward: 0.6537 
	| Avg Length: 1.0000 | Avg Reward: 0.6493
	| OG  Acc: 1.00  | Masked Acc: 0.51 | OG  F1: 1.00 | Masked F1: 0.67
Epoch 09/250 
	| Avg Actor Loss: -0.0115 | Avg Critic Loss: 0.0539 
	| Avg Length: 2.1484 | Avg Reward: 0.6540 
	| Avg Length: 1.0000 | Avg Reward: 0.6492
	| OG  Acc: 1.00  | Masked Acc: 0.51 | OG  F1: 1.00 | Masked F1: 0.67
Epoch 10/250 
	| Avg Actor Loss: 0.0072 | Avg Critic Loss: 0.0536 
	| Avg Length: 2.1214 | Avg Reward: 0.6556 
	| Avg Length: 1.0000 | Avg Reward: 0.6491
	| OG  Acc: 1.00  | Masked Acc: 0.51 | OG  F1: 1.00 | Masked F1: 0.67
Epoch 11/250 
	| Avg Actor Loss: 0.0331 | Avg Critic Loss: 0.0532 
	| Avg Length: 2.0940 | Avg Reward: 0.6541 
	| Avg Length: 1.0000 | Avg Reward: 0.6491
	| OG  Acc: 1.00  | Masked Acc: 0.51 | OG  F1: 1.00 | Masked F1: 0.67
Epoch 12/250 
	| Avg Actor Loss: 0.0007 | Avg Critic Loss: 0.0526 
	| Avg Length: 2.0918 | Avg Reward: 0.6540 
	| Avg Length: 1.0000 | Avg Reward: 0.6493
	| OG  Acc: 1.00  | Masked Acc: 0.51 | OG  F1: 1.00 | Masked F1: 0.67
Epoch 13/250 
	| Avg Actor Loss: 0.0310 | Avg Critic Loss: 0.0518 
	| Avg Length: 2.1228 | Avg Reward: 0.6559 
	| Avg Length: 1.0000 | Avg Reward: 0.6493
	| OG  Acc: 1.00  | Masked Acc: 0.51 | OG  F1: 1.00 | Masked F1: 0.67
Epoch 14/250 
	| Avg Actor Loss: 0.0201 | Avg Critic Loss: 0.0510 
	| Avg Length: 2.1468 | Avg Reward: 0.6546 
	| Avg Length: 1.0000 | Avg Reward: 0.6493
	| OG  Acc: 1.00  | Masked Acc: 0.51 | OG  F1: 1.00 | Masked F1: 0.67
Epoch 15/250 
	| Avg Actor Loss: 0.0219 | Avg Critic Loss: 0.0501 
	| Avg Length: 2.0914 | Avg Reward: 0.6555 
	| Avg Length: 1.0000 | Avg Reward: 0.6491
	| OG  Acc: 1.00  | Masked Acc: 0.51 | OG  F1: 1.00 | Masked F1: 0.67
Epoch 16/250 
	| Avg Actor Loss: -0.0001 | Avg Critic Loss: 0.0493 
	| Avg Length: 2.1652 | Avg Reward: 0.6542 
	| Avg Length: 1.0000 | Avg Reward: 0.6493
	| OG  Acc: 1.00  | Masked Acc: 0.51 | OG  F1: 1.00 | Masked F1: 0.67
Epoch 17/250 
	| Avg Actor Loss: -0.0041 | Avg Critic Loss: 0.0484 
	| Avg Length: 2.1344 | Avg Reward: 0.6544 
	| Avg Length: 1.0000 | Avg Reward: 0.6493
	| OG  Acc: 1.00  | Masked Acc: 0.51 | OG  F1: 1.00 | Masked F1: 0.67
Epoch 18/250 
	| Avg Actor Loss: 0.0050 | Avg Critic Loss: 0.0472 
	| Avg Length: 2.1528 | Avg Reward: 0.6545 
	| Avg Length: 1.0000 | Avg Reward: 0.6492
	| OG  Acc: 1.00  | Masked Acc: 0.51 | OG  F1: 1.00 | Masked F1: 0.67
Epoch 19/250 
	| Avg Actor Loss: 0.0653 | Avg Critic Loss: 0.0439 
	| Avg Length: 2.1158 | Avg Reward: 0.6553 
	| Avg Length: 1.0000 | Avg Reward: 0.6493
	| OG  Acc: 1.00  | Masked Acc: 0.51 | OG  F1: 1.00 | Masked F1: 0.67
Epoch 20/250 
	| Avg Actor Loss: 0.0232 | Avg Critic Loss: 0.0350 
	| Avg Length: 2.2192 | Avg Reward: 0.6547 
	| Avg Length: 1.0000 | Avg Reward: 0.6492
	| OG  Acc: 1.00  | Masked Acc: 0.51 | OG  F1: 1.00 | Masked F1: 0.67
Epoch 21/250 
	| Avg Actor Loss: 0.0134 | Avg Critic Loss: 0.0228 
	| Avg Length: 2.2790 | Avg Reward: 0.6553 
	| Avg Length: 1.0000 | Avg Reward: 0.6492
	| OG  Acc: 1.00  | Masked Acc: 0.51 | OG  F1: 1.00 | Masked F1: 0.67
Epoch 22/250 
	| Avg Actor Loss: 0.0144 | Avg Critic Loss: 0.0161 
	| Avg Length: 2.3798 | Avg Reward: 0.6547 
	| Avg Length: 1.0000 | Avg Reward: 0.6492
	| OG  Acc: 1.00  | Masked Acc: 0.51 | OG  F1: 1.00 | Masked F1: 0.67
Epoch 23/250 
	| Avg Actor Loss: 0.0250 | Avg Critic Loss: 0.0137 
	| Avg Length: 2.4708 | Avg Reward: 0.6548 
	| Avg Length: 1.0000 | Avg Reward: 0.6492
	| OG  Acc: 1.00  | Masked Acc: 0.51 | OG  F1: 1.00 | Masked F1: 0.67
Epoch 24/250 
	| Avg Actor Loss: 0.0205 | Avg Critic Loss: 0.0165 
	| Avg Length: 2.5822 | Avg Reward: 0.6569 
	| Avg Length: 1.0000 | Avg Reward: 0.6491
	| OG  Acc: 1.00  | Masked Acc: 0.51 | OG  F1: 1.00 | Masked F1: 0.67
Epoch 25/250 
	| Avg Actor Loss: 0.0284 | Avg Critic Loss: 0.0155 
	| Avg Length: 3.2134 | Avg Reward: 0.6585 
	| Avg Length: 1.0000 | Avg Reward: 0.6530
	| OG  Acc: 1.00  | Masked Acc: 0.51 | OG  F1: 1.00 | Masked F1: 0.67
Epoch 26/250 
	| Avg Actor Loss: 0.0445 | Avg Critic Loss: 0.0186 
	| Avg Length: 6.6662 | Avg Reward: 0.6632 
	| Avg Length: 5.6382 | Avg Reward: 0.6626
	| OG  Acc: 1.00  | Masked Acc: 0.54 | OG  F1: 1.00 | Masked F1: 0.69
Epoch 27/250 
	| Avg Actor Loss: 0.0173 | Avg Critic Loss: 0.0260 
	| Avg Length: 20.2594 | Avg Reward: 0.6783 
	| Avg Length: 20.9862 | Avg Reward: 0.6853
	| OG  Acc: 1.00  | Masked Acc: 0.64 | OG  F1: 1.00 | Masked F1: 0.74
Epoch 28/250 
	| Avg Actor Loss: -0.0458 | Avg Critic Loss: 0.0249 
	| Avg Length: 59.2944 | Avg Reward: 0.7047 
	| Avg Length: 60.0258 | Avg Reward: 0.7306
	| OG  Acc: 1.00  | Masked Acc: 0.88 | OG  F1: 1.00 | Masked F1: 0.89
Epoch 29/250 
	| Avg Actor Loss: -0.0491 | Avg Critic Loss: 0.0175 
	| Avg Length: 71.0424 | Avg Reward: 0.7113 
	| Avg Length: 56.9720 | Avg Reward: 0.7228
	| OG  Acc: 1.00  | Masked Acc: 0.85 | OG  F1: 1.00 | Masked F1: 0.87
Epoch 30/250 
	| Avg Actor Loss: -0.0476 | Avg Critic Loss: 0.0125 
	| Avg Length: 76.5962 | Avg Reward: 0.7133 
	| Avg Length: 73.7792 | Avg Reward: 0.7412
	| OG  Acc: 1.00  | Masked Acc: 0.95 | OG  F1: 1.00 | Masked F1: 0.95
Epoch 31/250 
	| Avg Actor Loss: -0.0391 | Avg Critic Loss: 0.0120 
	| Avg Length: 78.5624 | Avg Reward: 0.7089 
	| Avg Length: 75.5150 | Avg Reward: 0.7413
	| OG  Acc: 1.00  | Masked Acc: 0.96 | OG  F1: 1.00 | Masked F1: 0.96
Epoch 32/250 
	| Avg Actor Loss: -0.0226 | Avg Critic Loss: 0.0108 
	| Avg Length: 79.9792 | Avg Reward: 0.7125 
	| Avg Length: 68.9258 | Avg Reward: 0.7361
	| OG  Acc: 1.00  | Masked Acc: 0.92 | OG  F1: 1.00 | Masked F1: 0.93
Epoch 33/250 
	| Avg Actor Loss: -0.0375 | Avg Critic Loss: 0.0134 
	| Avg Length: 76.0056 | Avg Reward: 0.7094 
	| Avg Length: 67.3642 | Avg Reward: 0.7354
	| OG  Acc: 1.00  | Masked Acc: 0.91 | OG  F1: 1.00 | Masked F1: 0.92
Epoch 34/250 
	| Avg Actor Loss: -0.0506 | Avg Critic Loss: 0.0128 
	| Avg Length: 76.2432 | Avg Reward: 0.7124 
	| Avg Length: 67.9380 | Avg Reward: 0.7359
	| OG  Acc: 1.00  | Masked Acc: 0.92 | OG  F1: 1.00 | Masked F1: 0.92
Epoch 35/250 
	| Avg Actor Loss: -0.0038 | Avg Critic Loss: 0.0131 
	| Avg Length: 73.8086 | Avg Reward: 0.7182 
	| Avg Length: 55.9678 | Avg Reward: 0.7205
	| OG  Acc: 1.00  | Masked Acc: 0.84 | OG  F1: 1.00 | Masked F1: 0.86
Epoch 36/250 
	| Avg Actor Loss: -0.0311 | Avg Critic Loss: 0.0174 
	| Avg Length: 65.9726 | Avg Reward: 0.7154 
	| Avg Length: 53.7846 | Avg Reward: 0.7203
	| OG  Acc: 1.00  | Masked Acc: 0.83 | OG  F1: 1.00 | Masked F1: 0.86
Epoch 37/250 
	| Avg Actor Loss: -0.0139 | Avg Critic Loss: 0.0153 
	| Avg Length: 70.2226 | Avg Reward: 0.7159 
	| Avg Length: 61.8780 | Avg Reward: 0.7308
	| OG  Acc: 1.00  | Masked Acc: 0.88 | OG  F1: 1.00 | Masked F1: 0.90
Epoch 38/250 
	| Avg Actor Loss: -0.0404 | Avg Critic Loss: 0.0138 
	| Avg Length: 73.2022 | Avg Reward: 0.7152 
	| Avg Length: 65.9544 | Avg Reward: 0.7334
	| OG  Acc: 1.00  | Masked Acc: 0.90 | OG  F1: 1.00 | Masked F1: 0.91
Epoch 39/250 
	| Avg Actor Loss: -0.0351 | Avg Critic Loss: 0.0128 
	| Avg Length: 75.1550 | Avg Reward: 0.7149 
	| Avg Length: 64.8458 | Avg Reward: 0.7309
	| OG  Acc: 1.00  | Masked Acc: 0.90 | OG  F1: 1.00 | Masked F1: 0.91
Epoch 40/250 
	| Avg Actor Loss: -0.0150 | Avg Critic Loss: 0.0151 
	| Avg Length: 70.5252 | Avg Reward: 0.7138 
	| Avg Length: 60.9342 | Avg Reward: 0.7276
	| OG  Acc: 1.00  | Masked Acc: 0.88 | OG  F1: 1.00 | Masked F1: 0.89
Epoch 41/250 
	| Avg Actor Loss: 0.0055 | Avg Critic Loss: 0.0134 
	| Avg Length: 74.7090 | Avg Reward: 0.7136 
	| Avg Length: 67.9766 | Avg Reward: 0.7358
	| OG  Acc: 1.00  | Masked Acc: 0.92 | OG  F1: 1.00 | Masked F1: 0.92
Epoch 42/250 
	| Avg Actor Loss: -0.0604 | Avg Critic Loss: 0.0121 
	| Avg Length: 77.2096 | Avg Reward: 0.7132 
	| Avg Length: 70.9594 | Avg Reward: 0.7374
	| OG  Acc: 1.00  | Masked Acc: 0.93 | OG  F1: 1.00 | Masked F1: 0.94
Epoch 43/250 
	| Avg Actor Loss: 0.0103 | Avg Critic Loss: 0.0122 
	| Avg Length: 78.1468 | Avg Reward: 0.7102 
	| Avg Length: 71.8834 | Avg Reward: 0.7380
	| OG  Acc: 1.00  | Masked Acc: 0.94 | OG  F1: 1.00 | Masked F1: 0.94
Epoch 44/250 
	| Avg Actor Loss: -0.0453 | Avg Critic Loss: 0.0131 
	| Avg Length: 74.5018 | Avg Reward: 0.7170 
	| Avg Length: 60.7252 | Avg Reward: 0.7283
	| OG  Acc: 1.00  | Masked Acc: 0.88 | OG  F1: 1.00 | Masked F1: 0.89
Epoch 45/250 
	| Avg Actor Loss: -0.0563 | Avg Critic Loss: 0.0148 
	| Avg Length: 70.7348 | Avg Reward: 0.7172 
	| Avg Length: 57.7876 | Avg Reward: 0.7246
	| OG  Acc: 1.00  | Masked Acc: 0.86 | OG  F1: 1.00 | Masked F1: 0.87
Epoch 46/250 
	| Avg Actor Loss: -0.0287 | Avg Critic Loss: 0.0163 
	| Avg Length: 65.8376 | Avg Reward: 0.7192 
	| Avg Length: 50.8880 | Avg Reward: 0.7181
	| OG  Acc: 1.00  | Masked Acc: 0.82 | OG  F1: 1.00 | Masked F1: 0.85
Epoch 47/250 
	| Avg Actor Loss: -0.0095 | Avg Critic Loss: 0.0156 
	| Avg Length: 66.3378 | Avg Reward: 0.7159 
	| Avg Length: 59.8328 | Avg Reward: 0.7267
	| OG  Acc: 1.00  | Masked Acc: 0.87 | OG  F1: 1.00 | Masked F1: 0.88
Epoch 48/250 
	| Avg Actor Loss: -0.0156 | Avg Critic Loss: 0.0159 
	| Avg Length: 68.7222 | Avg Reward: 0.7174 
	| Avg Length: 57.3650 | Avg Reward: 0.7230
	| OG  Acc: 1.00  | Masked Acc: 0.85 | OG  F1: 1.00 | Masked F1: 0.87
Epoch 49/250 
	| Avg Actor Loss: -0.0327 | Avg Critic Loss: 0.0157 
	| Avg Length: 69.5930 | Avg Reward: 0.7170 
	| Avg Length: 59.8246 | Avg Reward: 0.7268
	| OG  Acc: 1.00  | Masked Acc: 0.87 | OG  F1: 1.00 | Masked F1: 0.88
Epoch 50/250 
	| Avg Actor Loss: -0.0305 | Avg Critic Loss: 0.0154 
	| Avg Length: 70.5114 | Avg Reward: 0.7160 
	| Avg Length: 60.8522 | Avg Reward: 0.7278
	| OG  Acc: 1.00  | Masked Acc: 0.87 | OG  F1: 1.00 | Masked F1: 0.89
Epoch 51/250 
	| Avg Actor Loss: -0.0305 | Avg Critic Loss: 0.0153 
	| Avg Length: 70.6258 | Avg Reward: 0.7131 
	| Avg Length: 62.9834 | Avg Reward: 0.7310
	| OG  Acc: 1.00  | Masked Acc: 0.89 | OG  F1: 1.00 | Masked F1: 0.90
Epoch 52/250 
	| Avg Actor Loss: -0.0382 | Avg Critic Loss: 0.0134 
	| Avg Length: 73.6968 | Avg Reward: 0.7159 
	| Avg Length: 65.8598 | Avg Reward: 0.7336
	| OG  Acc: 1.00  | Masked Acc: 0.90 | OG  F1: 1.00 | Masked F1: 0.91
Epoch 53/250 
	| Avg Actor Loss: -0.0303 | Avg Critic Loss: 0.0136 
	| Avg Length: 73.0204 | Avg Reward: 0.7162 
	| Avg Length: 65.8320 | Avg Reward: 0.7337
	| OG  Acc: 1.00  | Masked Acc: 0.91 | OG  F1: 1.00 | Masked F1: 0.91
Epoch 54/250 
	| Avg Actor Loss: -0.0219 | Avg Critic Loss: 0.0139 
	| Avg Length: 73.1346 | Avg Reward: 0.7115 
	| Avg Length: 66.8176 | Avg Reward: 0.7353
	| OG  Acc: 1.00  | Masked Acc: 0.91 | OG  F1: 1.00 | Masked F1: 0.92
Epoch 55/250 
	| Avg Actor Loss: -0.0390 | Avg Critic Loss: 0.0134 
	| Avg Length: 73.2724 | Avg Reward: 0.7148 
	| Avg Length: 66.9044 | Avg Reward: 0.7350
	| OG  Acc: 1.00  | Masked Acc: 0.91 | OG  F1: 1.00 | Masked F1: 0.92
Epoch 56/250 
	| Avg Actor Loss: -0.0388 | Avg Critic Loss: 0.0126 
	| Avg Length: 74.1000 | Avg Reward: 0.7147 
	| Avg Length: 66.4842 | Avg Reward: 0.7363
	| OG  Acc: 1.00  | Masked Acc: 0.91 | OG  F1: 1.00 | Masked F1: 0.92
Epoch 57/250 
	| Avg Actor Loss: -0.0151 | Avg Critic Loss: 0.0126 
	| Avg Length: 73.5796 | Avg Reward: 0.7143 
	| Avg Length: 66.8148 | Avg Reward: 0.7391
	| OG  Acc: 1.00  | Masked Acc: 0.92 | OG  F1: 1.00 | Masked F1: 0.92
Epoch 58/250 
	| Avg Actor Loss: -0.0367 | Avg Critic Loss: 0.0125 
	| Avg Length: 72.5766 | Avg Reward: 0.7170 
	| Avg Length: 63.7566 | Avg Reward: 0.7338
	| OG  Acc: 1.00  | Masked Acc: 0.90 | OG  F1: 1.00 | Masked F1: 0.91
Epoch 59/250 
	| Avg Actor Loss: -0.0133 | Avg Critic Loss: 0.0132 
	| Avg Length: 72.5944 | Avg Reward: 0.7136 
	| Avg Length: 62.6856 | Avg Reward: 0.7341
	| OG  Acc: 1.00  | Masked Acc: 0.89 | OG  F1: 1.00 | Masked F1: 0.90
Epoch 60/250 
	| Avg Actor Loss: -0.0432 | Avg Critic Loss: 0.0144 
	| Avg Length: 70.2186 | Avg Reward: 0.7142 
	| Avg Length: 64.5666 | Avg Reward: 0.7317
	| OG  Acc: 1.00  | Masked Acc: 0.90 | OG  F1: 1.00 | Masked F1: 0.91
Epoch 61/250 
	| Avg Actor Loss: -0.0460 | Avg Critic Loss: 0.0135 
	| Avg Length: 71.5444 | Avg Reward: 0.7153 
	| Avg Length: 64.4820 | Avg Reward: 0.7319
	| OG  Acc: 1.00  | Masked Acc: 0.90 | OG  F1: 1.00 | Masked F1: 0.91
Epoch 62/250 
	| Avg Actor Loss: -0.0171 | Avg Critic Loss: 0.0133 
	| Avg Length: 71.1928 | Avg Reward: 0.7191 
	| Avg Length: 62.3328 | Avg Reward: 0.7348
	| OG  Acc: 1.00  | Masked Acc: 0.89 | OG  F1: 1.00 | Masked F1: 0.90
Epoch 63/250 
	| Avg Actor Loss: -0.0198 | Avg Critic Loss: 0.0129 
	| Avg Length: 70.4176 | Avg Reward: 0.7203 
	| Avg Length: 63.3842 | Avg Reward: 0.7351
	| OG  Acc: 1.00  | Masked Acc: 0.90 | OG  F1: 1.00 | Masked F1: 0.91
Epoch 64/250 
	| Avg Actor Loss: -0.0213 | Avg Critic Loss: 0.0130 
	| Avg Length: 70.8088 | Avg Reward: 0.7206 
	| Avg Length: 60.5678 | Avg Reward: 0.7345
	| OG  Acc: 1.00  | Masked Acc: 0.88 | OG  F1: 1.00 | Masked F1: 0.90
Epoch 65/250 
	| Avg Actor Loss: -0.0322 | Avg Critic Loss: 0.0137 
	| Avg Length: 68.7356 | Avg Reward: 0.7198 
	| Avg Length: 59.0284 | Avg Reward: 0.7323
	| OG  Acc: 1.00  | Masked Acc: 0.87 | OG  F1: 1.00 | Masked F1: 0.89
Epoch 66/250 
	| Avg Actor Loss: -0.0315 | Avg Critic Loss: 0.0154 
	| Avg Length: 66.1468 | Avg Reward: 0.7180 
	| Avg Length: 58.3520 | Avg Reward: 0.7312
	| OG  Acc: 1.00  | Masked Acc: 0.87 | OG  F1: 1.00 | Masked F1: 0.88
Epoch 67/250 
	| Avg Actor Loss: -0.0622 | Avg Critic Loss: 0.0148 
	| Avg Length: 68.3132 | Avg Reward: 0.7183 
	| Avg Length: 61.4128 | Avg Reward: 0.7356
	| OG  Acc: 1.00  | Masked Acc: 0.89 | OG  F1: 1.00 | Masked F1: 0.90
Epoch 68/250 
	| Avg Actor Loss: -0.0627 | Avg Critic Loss: 0.0148 
	| Avg Length: 65.5448 | Avg Reward: 0.7171 
	| Avg Length: 60.3796 | Avg Reward: 0.7352
	| OG  Acc: 1.00  | Masked Acc: 0.88 | OG  F1: 1.00 | Masked F1: 0.90
Epoch 69/250 
	| Avg Actor Loss: -0.0310 | Avg Critic Loss: 0.0128 
	| Avg Length: 70.0500 | Avg Reward: 0.7220 
	| Avg Length: 61.0294 | Avg Reward: 0.7367
	| OG  Acc: 1.00  | Masked Acc: 0.89 | OG  F1: 1.00 | Masked F1: 0.90
Epoch 70/250 
	| Avg Actor Loss: -0.0587 | Avg Critic Loss: 0.0143 
	| Avg Length: 67.0898 | Avg Reward: 0.7181 
	| Avg Length: 61.6632 | Avg Reward: 0.7371
	| OG  Acc: 1.00  | Masked Acc: 0.89 | OG  F1: 1.00 | Masked F1: 0.90
Epoch 71/250 
	| Avg Actor Loss: -0.0356 | Avg Critic Loss: 0.0128 
	| Avg Length: 72.2918 | Avg Reward: 0.7186 
	| Avg Length: 59.2964 | Avg Reward: 0.7384
	| OG  Acc: 1.00  | Masked Acc: 0.88 | OG  F1: 1.00 | Masked F1: 0.90
Epoch 72/250 
	| Avg Actor Loss: -0.0388 | Avg Critic Loss: 0.0141 
	| Avg Length: 69.0740 | Avg Reward: 0.7173 
	| Avg Length: 62.8190 | Avg Reward: 0.7378
	| OG  Acc: 1.00  | Masked Acc: 0.90 | OG  F1: 1.00 | Masked F1: 0.91
Epoch 73/250 
	| Avg Actor Loss: -0.0518 | Avg Critic Loss: 0.0138 
	| Avg Length: 66.6068 | Avg Reward: 0.7232 
	| Avg Length: 62.0528 | Avg Reward: 0.7379
	| OG  Acc: 1.00  | Masked Acc: 0.89 | OG  F1: 1.00 | Masked F1: 0.90
Epoch 74/250 
	| Avg Actor Loss: -0.0647 | Avg Critic Loss: 0.0163 
	| Avg Length: 68.8886 | Avg Reward: 0.7203 
	| Avg Length: 61.0804 | Avg Reward: 0.7401
	| OG  Acc: 1.00  | Masked Acc: 0.89 | OG  F1: 1.00 | Masked F1: 0.90
Epoch 75/250 
	| Avg Actor Loss: -0.0578 | Avg Critic Loss: 0.0144 
	| Avg Length: 66.5448 | Avg Reward: 0.7218 
	| Avg Length: 68.1490 | Avg Reward: 0.7486
	| OG  Acc: 1.00  | Masked Acc: 0.94 | OG  F1: 1.00 | Masked F1: 0.94
Epoch 76/250 
	| Avg Actor Loss: -0.0636 | Avg Critic Loss: 0.0131 
	| Avg Length: 68.1458 | Avg Reward: 0.7228 
	| Avg Length: 46.9186 | Avg Reward: 0.7176
	| OG  Acc: 1.00  | Masked Acc: 0.80 | OG  F1: 1.00 | Masked F1: 0.83
Epoch 77/250 
	| Avg Actor Loss: -0.0689 | Avg Critic Loss: 0.0141 
	| Avg Length: 65.2104 | Avg Reward: 0.7284 
	| Avg Length: 67.6090 | Avg Reward: 0.7587
	| OG  Acc: 1.00  | Masked Acc: 0.95 | OG  F1: 1.00 | Masked F1: 0.95
Epoch 78/250 
	| Avg Actor Loss: -0.1176 | Avg Critic Loss: 0.0140 
	| Avg Length: 64.7344 | Avg Reward: 0.7299 
	| Avg Length: 68.9434 | Avg Reward: 0.7662
	| OG  Acc: 1.00  | Masked Acc: 0.96 | OG  F1: 1.00 | Masked F1: 0.97
Epoch 79/250 
	| Avg Actor Loss: -0.0735 | Avg Critic Loss: 0.0131 
	| Avg Length: 65.5048 | Avg Reward: 0.7354 
	| Avg Length: 53.0332 | Avg Reward: 0.7792
	| OG  Acc: 1.00  | Masked Acc: 0.92 | OG  F1: 1.00 | Masked F1: 0.93
Epoch 80/250 
	| Avg Actor Loss: -0.1565 | Avg Critic Loss: 0.0133 
	| Avg Length: 60.2210 | Avg Reward: 0.7484 
	| Avg Length: 75.1000 | Avg Reward: 0.7696
	| OG  Acc: 1.00  | Masked Acc: 1.00 | OG  F1: 1.00 | Masked F1: 1.00
Epoch 81/250 
	| Avg Actor Loss: -0.1098 | Avg Critic Loss: 0.0135 
	| Avg Length: 52.2896 | Avg Reward: 0.7633 
	| Avg Length: 65.8024 | Avg Reward: 0.7903
	| OG  Acc: 1.00  | Masked Acc: 0.99 | OG  F1: 1.00 | Masked F1: 0.99
Epoch 82/250 
	| Avg Actor Loss: -0.1219 | Avg Critic Loss: 0.0127 
	| Avg Length: 60.7834 | Avg Reward: 0.7573 
	| Avg Length: 65.6018 | Avg Reward: 0.7889
	| OG  Acc: 1.00  | Masked Acc: 0.99 | OG  F1: 1.00 | Masked F1: 0.99
Epoch 83/250 
	| Avg Actor Loss: -0.1888 | Avg Critic Loss: 0.0134 
	| Avg Length: 54.2728 | Avg Reward: 0.7751 
	| Avg Length: 56.5304 | Avg Reward: 0.8070
	| OG  Acc: 1.00  | Masked Acc: 0.98 | OG  F1: 1.00 | Masked F1: 0.98
Epoch 84/250 
	| Avg Actor Loss: -0.1657 | Avg Critic Loss: 0.0134 
	| Avg Length: 51.4660 | Avg Reward: 0.7750 
	| Avg Length: 65.2904 | Avg Reward: 0.7887
	| OG  Acc: 1.00  | Masked Acc: 0.99 | OG  F1: 1.00 | Masked F1: 0.99
Epoch 85/250 
	| Avg Actor Loss: -0.0621 | Avg Critic Loss: 0.0166 
	| Avg Length: 53.1690 | Avg Reward: 0.7426 
	| Avg Length: 87.0474 | Avg Reward: 0.7354
	| OG  Acc: 1.00  | Masked Acc: 1.00 | OG  F1: 1.00 | Masked F1: 1.00
Epoch 86/250 
	| Avg Actor Loss: -0.0971 | Avg Critic Loss: 0.0119 
	| Avg Length: 68.3562 | Avg Reward: 0.7472 
	| Avg Length: 51.9210 | Avg Reward: 0.7730
	| OG  Acc: 1.00  | Masked Acc: 0.90 | OG  F1: 1.00 | Masked F1: 0.91
Epoch 87/250 
	| Avg Actor Loss: -0.1824 | Avg Critic Loss: 0.0142 
	| Avg Length: 58.2240 | Avg Reward: 0.7571 
	| Avg Length: 14.5180 | Avg Reward: 0.6796
	| OG  Acc: 1.00  | Masked Acc: 0.61 | OG  F1: 1.00 | Masked F1: 0.72
Epoch 88/250 
	| Avg Actor Loss: 0.0068 | Avg Critic Loss: 0.0234 
	| Avg Length: 44.1838 | Avg Reward: 0.7103 
	| Avg Length: 97.0906 | Avg Reward: 0.7055
	| OG  Acc: 1.00  | Masked Acc: 1.00 | OG  F1: 1.00 | Masked F1: 1.00
Epoch 89/250 
	| Avg Actor Loss: 0.0688 | Avg Critic Loss: 0.0099 
	| Avg Length: 92.0848 | Avg Reward: 0.7085 
	| Avg Length: 97.4592 | Avg Reward: 0.7047
	| OG  Acc: 1.00  | Masked Acc: 1.00 | OG  F1: 1.00 | Masked F1: 1.00
Epoch 90/250 
	| Avg Actor Loss: -0.0182 | Avg Critic Loss: 0.0078 
	| Avg Length: 85.7556 | Avg Reward: 0.7146 
	| Avg Length: 79.5176 | Avg Reward: 0.7496
	| OG  Acc: 1.00  | Masked Acc: 0.99 | OG  F1: 1.00 | Masked F1: 0.99
Epoch 91/250 
	| Avg Actor Loss: -0.0920 | Avg Critic Loss: 0.0122 
	| Avg Length: 73.2164 | Avg Reward: 0.7289 
	| Avg Length: 56.4086 | Avg Reward: 0.7508
	| OG  Acc: 1.00  | Masked Acc: 0.89 | OG  F1: 1.00 | Masked F1: 0.90
Epoch 92/250 
	| Avg Actor Loss: -0.0921 | Avg Critic Loss: 0.0193 
	| Avg Length: 54.2102 | Avg Reward: 0.7394 
	| Avg Length: 45.6656 | Avg Reward: 0.7496
	| OG  Acc: 1.00  | Masked Acc: 0.84 | OG  F1: 1.00 | Masked F1: 0.86
Epoch 93/250 
	| Avg Actor Loss: -0.0893 | Avg Critic Loss: 0.0150 
	| Avg Length: 50.3566 | Avg Reward: 0.7524 
	| Avg Length: 49.2376 | Avg Reward: 0.7817
	| OG  Acc: 1.00  | Masked Acc: 0.91 | OG  F1: 1.00 | Masked F1: 0.91
Epoch 94/250 
	| Avg Actor Loss: -0.1477 | Avg Critic Loss: 0.0140 
	| Avg Length: 51.1028 | Avg Reward: 0.7690 
	| Avg Length: 46.8330 | Avg Reward: 0.8027
	| OG  Acc: 1.00  | Masked Acc: 0.93 | OG  F1: 1.00 | Masked F1: 0.93
Epoch 95/250 
	| Avg Actor Loss: -0.1734 | Avg Critic Loss: 0.0129 
	| Avg Length: 51.0350 | Avg Reward: 0.7778 
	| Avg Length: 46.9580 | Avg Reward: 0.7962
	| OG  Acc: 1.00  | Masked Acc: 0.92 | OG  F1: 1.00 | Masked F1: 0.93
Epoch 96/250 
	| Avg Actor Loss: -0.1988 | Avg Critic Loss: 0.0111 
	| Avg Length: 56.6332 | Avg Reward: 0.7774 
	| Avg Length: 32.0174 | Avg Reward: 0.7690
	| OG  Acc: 1.00  | Masked Acc: 0.81 | OG  F1: 1.00 | Masked F1: 0.84
Epoch 97/250 
	| Avg Actor Loss: -0.1507 | Avg Critic Loss: 0.0123 
	| Avg Length: 47.4922 | Avg Reward: 0.7884 
	| Avg Length: 57.7130 | Avg Reward: 0.8089
	| OG  Acc: 1.00  | Masked Acc: 0.98 | OG  F1: 1.00 | Masked F1: 0.98
Epoch 98/250 
	| Avg Actor Loss: -0.2014 | Avg Critic Loss: 0.0113 
	| Avg Length: 50.0388 | Avg Reward: 0.7867 
	| Avg Length: 21.7702 | Avg Reward: 0.7101
	| OG  Acc: 1.00  | Masked Acc: 0.69 | OG  F1: 1.00 | Masked F1: 0.76
Epoch 99/250 
	| Avg Actor Loss: 0.0215 | Avg Critic Loss: 0.0286 
	| Avg Length: 13.8864 | Avg Reward: 0.6788 
	| Avg Length: 13.3388 | Avg Reward: 0.6727
	| OG  Acc: 1.00  | Masked Acc: 0.59 | OG  F1: 1.00 | Masked F1: 0.71
Epoch 100/250 
	| Avg Actor Loss: 0.0367 | Avg Critic Loss: 0.0170 
	| Avg Length: 39.3802 | Avg Reward: 0.7400 
	| Avg Length: 14.6134 | Avg Reward: 0.6778
	| OG  Acc: 1.00  | Masked Acc: 0.61 | OG  F1: 1.00 | Masked F1: 0.72
Epoch 101/250 
	| Avg Actor Loss: 0.0312 | Avg Critic Loss: 0.0184 
	| Avg Length: 40.7798 | Avg Reward: 0.7372 
	| Avg Length: 60.1410 | Avg Reward: 0.7974
	| OG  Acc: 1.00  | Masked Acc: 0.98 | OG  F1: 1.00 | Masked F1: 0.98
Epoch 102/250 
	| Avg Actor Loss: -0.0923 | Avg Critic Loss: 0.0144 
	| Avg Length: 58.1252 | Avg Reward: 0.7653 
	| Avg Length: 45.1028 | Avg Reward: 0.7869
	| OG  Acc: 1.00  | Masked Acc: 0.90 | OG  F1: 1.00 | Masked F1: 0.91
Epoch 103/250 
	| Avg Actor Loss: -0.0973 | Avg Critic Loss: 0.0140 
	| Avg Length: 49.8414 | Avg Reward: 0.7769 
	| Avg Length: 49.3836 | Avg Reward: 0.8151
	| OG  Acc: 1.00  | Masked Acc: 0.96 | OG  F1: 1.00 | Masked F1: 0.96
Epoch 104/250 
	| Avg Actor Loss: -0.1123 | Avg Critic Loss: 0.0124 
	| Avg Length: 51.7866 | Avg Reward: 0.7832 
	| Avg Length: 49.6382 | Avg Reward: 0.8147
	| OG  Acc: 1.00  | Masked Acc: 0.96 | OG  F1: 1.00 | Masked F1: 0.96
Epoch 105/250 
	| Avg Actor Loss: -0.0875 | Avg Critic Loss: 0.0107 
	| Avg Length: 53.2072 | Avg Reward: 0.7873 
	| Avg Length: 53.4886 | Avg Reward: 0.8131
	| OG  Acc: 1.00  | Masked Acc: 0.97 | OG  F1: 1.00 | Masked F1: 0.97
Epoch 106/250 
	| Avg Actor Loss: -0.1783 | Avg Critic Loss: 0.0106 
	| Avg Length: 52.8390 | Avg Reward: 0.7879 
	| Avg Length: 54.1136 | Avg Reward: 0.8129
	| OG  Acc: 1.00  | Masked Acc: 0.98 | OG  F1: 1.00 | Masked F1: 0.98
Epoch 107/250 
	| Avg Actor Loss: -0.1886 | Avg Critic Loss: 0.0096 
	| Avg Length: 53.8926 | Avg Reward: 0.7901 
	| Avg Length: 39.5704 | Avg Reward: 0.8055
	| OG  Acc: 1.00  | Masked Acc: 0.90 | OG  F1: 1.00 | Masked F1: 0.91
Epoch 108/250 
	| Avg Actor Loss: -0.1933 | Avg Critic Loss: 0.0126 
	| Avg Length: 48.1108 | Avg Reward: 0.7897 
	| Avg Length: 62.1054 | Avg Reward: 0.8015
	| OG  Acc: 1.00  | Masked Acc: 0.99 | OG  F1: 1.00 | Masked F1: 0.99
Epoch 109/250 
	| Avg Actor Loss: -0.2039 | Avg Critic Loss: 0.0110 
	| Avg Length: 48.1256 | Avg Reward: 0.7965 
	| Avg Length: 53.0586 | Avg Reward: 0.8190
	| OG  Acc: 1.00  | Masked Acc: 0.98 | OG  F1: 1.00 | Masked F1: 0.98
Epoch 110/250 
	| Avg Actor Loss: -0.2269 | Avg Critic Loss: 0.0102 
	| Avg Length: 52.7984 | Avg Reward: 0.7912 
	| Avg Length: 70.2434 | Avg Reward: 0.7805
	| OG  Acc: 1.00  | Masked Acc: 1.00 | OG  F1: 1.00 | Masked F1: 1.00
Epoch 111/250 
	| Avg Actor Loss: -0.1912 | Avg Critic Loss: 0.0117 
	| Avg Length: 52.4166 | Avg Reward: 0.7793 
	| Avg Length: 40.2368 | Avg Reward: 0.7852
	| OG  Acc: 1.00  | Masked Acc: 0.87 | OG  F1: 1.00 | Masked F1: 0.89
Epoch 112/250 
	| Avg Actor Loss: -0.1287 | Avg Critic Loss: 0.0135 
	| Avg Length: 43.3966 | Avg Reward: 0.7917 
	| Avg Length: 50.7304 | Avg Reward: 0.8193
	| OG  Acc: 1.00  | Masked Acc: 0.97 | OG  F1: 1.00 | Masked F1: 0.97
Epoch 113/250 
	| Avg Actor Loss: -0.1487 | Avg Critic Loss: 0.0107 
	| Avg Length: 47.6810 | Avg Reward: 0.8004 
	| Avg Length: 50.5354 | Avg Reward: 0.8180
	| OG  Acc: 1.00  | Masked Acc: 0.97 | OG  F1: 1.00 | Masked F1: 0.97
Epoch 114/250 
	| Avg Actor Loss: -0.1817 | Avg Critic Loss: 0.0128 
	| Avg Length: 44.6838 | Avg Reward: 0.7895 
	| Avg Length: 47.0282 | Avg Reward: 0.8131
	| OG  Acc: 1.00  | Masked Acc: 0.94 | OG  F1: 1.00 | Masked F1: 0.95
Epoch 115/250 
	| Avg Actor Loss: -0.1388 | Avg Critic Loss: 0.0113 
	| Avg Length: 46.3972 | Avg Reward: 0.7982 
	| Avg Length: 57.7020 | Avg Reward: 0.8123
	| OG  Acc: 1.00  | Masked Acc: 0.99 | OG  F1: 1.00 | Masked F1: 0.99
Epoch 116/250 
	| Avg Actor Loss: -0.2319 | Avg Critic Loss: 0.0126 
	| Avg Length: 43.9444 | Avg Reward: 0.7902 
	| Avg Length: 65.5644 | Avg Reward: 0.7946
	| OG  Acc: 1.00  | Masked Acc: 1.00 | OG  F1: 1.00 | Masked F1: 1.00
Epoch 117/250 
	| Avg Actor Loss: 0.0549 | Avg Critic Loss: 0.0087 
	| Avg Length: 87.4378 | Avg Reward: 0.7261 
	| Avg Length: 94.4568 | Avg Reward: 0.7137
	| OG  Acc: 1.00  | Masked Acc: 1.00 | OG  F1: 1.00 | Masked F1: 1.00
Epoch 118/250 
	| Avg Actor Loss: 0.0214 | Avg Critic Loss: 0.0049 
	| Avg Length: 91.1866 | Avg Reward: 0.7172 
	| Avg Length: 93.2426 | Avg Reward: 0.7173
	| OG  Acc: 1.00  | Masked Acc: 1.00 | OG  F1: 1.00 | Masked F1: 1.00
Epoch 119/250 
	| Avg Actor Loss: -0.1965 | Avg Critic Loss: 0.0044 
	| Avg Length: 89.0976 | Avg Reward: 0.7206 
	| Avg Length: 91.7214 | Avg Reward: 0.7217
	| OG  Acc: 1.00  | Masked Acc: 1.00 | OG  F1: 1.00 | Masked F1: 1.00
Epoch 120/250 
	| Avg Actor Loss: -0.3285 | Avg Critic Loss: 0.0041 
	| Avg Length: 88.2976 | Avg Reward: 0.7235 
	| Avg Length: 90.3026 | Avg Reward: 0.7253
	| OG  Acc: 1.00  | Masked Acc: 1.00 | OG  F1: 1.00 | Masked F1: 1.00
Epoch 121/250 
	| Avg Actor Loss: -0.5051 | Avg Critic Loss: 0.0039 
	| Avg Length: 88.8246 | Avg Reward: 0.7226 
	| Avg Length: 91.8710 | Avg Reward: 0.7211
	| OG  Acc: 1.00  | Masked Acc: 1.00 | OG  F1: 1.00 | Masked F1: 1.00
Epoch 122/250 
	| Avg Actor Loss: -0.4766 | Avg Critic Loss: 0.0029 
	| Avg Length: 91.8070 | Avg Reward: 0.7160 
	| Avg Length: 95.0822 | Avg Reward: 0.7117
	| OG  Acc: 1.00  | Masked Acc: 1.00 | OG  F1: 1.00 | Masked F1: 1.00
Epoch 123/250 
	| Avg Actor Loss: -0.2218 | Avg Critic Loss: 0.0028 
	| Avg Length: 94.3504 | Avg Reward: 0.7075 
	| Avg Length: 97.6564 | Avg Reward: 0.7042
	| OG  Acc: 1.00  | Masked Acc: 1.00 | OG  F1: 1.00 | Masked F1: 1.00
Epoch 124/250 
	| Avg Actor Loss: 0.0830 | Avg Critic Loss: 0.0025 
	| Avg Length: 96.0336 | Avg Reward: 0.7027 
	| Avg Length: 98.6652 | Avg Reward: 0.7012
	| OG  Acc: 1.00  | Masked Acc: 1.00 | OG  F1: 1.00 | Masked F1: 1.00
Epoch 125/250 
	| Avg Actor Loss: 0.0503 | Avg Critic Loss: 0.0025 
	| Avg Length: 96.5068 | Avg Reward: 0.7010 
	| Avg Length: 98.1098 | Avg Reward: 0.7022
	| OG  Acc: 1.00  | Masked Acc: 1.00 | OG  F1: 1.00 | Masked F1: 1.00
Epoch 126/250 
	| Avg Actor Loss: 0.0842 | Avg Critic Loss: 0.0030 
	| Avg Length: 96.5892 | Avg Reward: 0.6990 
	| Avg Length: 98.0168 | Avg Reward: 0.7023
	| OG  Acc: 1.00  | Masked Acc: 1.00 | OG  F1: 1.00 | Masked F1: 1.00
Epoch 127/250 
	| Avg Actor Loss: 0.0026 | Avg Critic Loss: 0.0036 
	| Avg Length: 96.3022 | Avg Reward: 0.6979 
	| Avg Length: 98.0380 | Avg Reward: 0.7020
	| OG  Acc: 1.00  | Masked Acc: 1.00 | OG  F1: 1.00 | Masked F1: 1.00
Epoch 128/250 
	| Avg Actor Loss: 0.0120 | Avg Critic Loss: 0.0026 
	| Avg Length: 96.7014 | Avg Reward: 0.6998 
	| Avg Length: 99.0000 | Avg Reward: 0.7002
	| OG  Acc: 1.00  | Masked Acc: 1.00 | OG  F1: 1.00 | Masked F1: 1.00
Epoch 129/250 
	| Avg Actor Loss: -0.0334 | Avg Critic Loss: 0.0033 
	| Avg Length: 96.7890 | Avg Reward: 0.6973 
	| Avg Length: 99.0000 | Avg Reward: 0.7002
	| OG  Acc: 1.00  | Masked Acc: 1.00 | OG  F1: 1.00 | Masked F1: 1.00
Epoch 130/250 
	| Avg Actor Loss: 0.0233 | Avg Critic Loss: 0.0023 
	| Avg Length: 97.0174 | Avg Reward: 0.6999 
	| Avg Length: 99.0000 | Avg Reward: 0.7002
	| OG  Acc: 1.00  | Masked Acc: 1.00 | OG  F1: 1.00 | Masked F1: 1.00
Epoch 131/250 
	| Avg Actor Loss: 0.0283 | Avg Critic Loss: 0.0021 
	| Avg Length: 97.1618 | Avg Reward: 0.6999 
	| Avg Length: 99.0000 | Avg Reward: 0.7002
	| OG  Acc: 1.00  | Masked Acc: 1.00 | OG  F1: 1.00 | Masked F1: 1.00
Epoch 132/250 
	| Avg Actor Loss: -0.0306 | Avg Critic Loss: 0.0024 
	| Avg Length: 97.0272 | Avg Reward: 0.6992 
	| Avg Length: 99.0000 | Avg Reward: 0.7002
	| OG  Acc: 1.00  | Masked Acc: 1.00 | OG  F1: 1.00 | Masked F1: 1.00
Epoch 133/250 
	| Avg Actor Loss: 0.0038 | Avg Critic Loss: 0.0027 
	| Avg Length: 96.9114 | Avg Reward: 0.6985 
	| Avg Length: 99.0000 | Avg Reward: 0.7002
	| OG  Acc: 1.00  | Masked Acc: 1.00 | OG  F1: 1.00 | Masked F1: 1.00
Epoch 134/250 
	| Avg Actor Loss: 0.0071 | Avg Critic Loss: 0.0025 
	| Avg Length: 96.9728 | Avg Reward: 0.6991 
	| Avg Length: 99.0000 | Avg Reward: 0.7002
	| OG  Acc: 1.00  | Masked Acc: 1.00 | OG  F1: 1.00 | Masked F1: 1.00
Epoch 135/250 
	| Avg Actor Loss: -0.0160 | Avg Critic Loss: 0.0021 
	| Avg Length: 97.1758 | Avg Reward: 0.6999 
	| Avg Length: 99.0000 | Avg Reward: 0.7002
	| OG  Acc: 1.00  | Masked Acc: 1.00 | OG  F1: 1.00 | Masked F1: 1.00
Epoch 136/250 
	| Avg Actor Loss: -0.0106 | Avg Critic Loss: 0.0023 
	| Avg Length: 97.1134 | Avg Reward: 0.6996 
	| Avg Length: 99.0000 | Avg Reward: 0.7002
	| OG  Acc: 1.00  | Masked Acc: 1.00 | OG  F1: 1.00 | Masked F1: 1.00
Epoch 137/250 
	| Avg Actor Loss: 0.0067 | Avg Critic Loss: 0.0019 
	| Avg Length: 97.1292 | Avg Reward: 0.7003 
	| Avg Length: 99.0000 | Avg Reward: 0.7002
	| OG  Acc: 1.00  | Masked Acc: 1.00 | OG  F1: 1.00 | Masked F1: 1.00
Epoch 138/250 
	| Avg Actor Loss: -0.0147 | Avg Critic Loss: 0.0022 
	| Avg Length: 97.0376 | Avg Reward: 0.6998 
	| Avg Length: 99.0000 | Avg Reward: 0.7002
	| OG  Acc: 1.00  | Masked Acc: 1.00 | OG  F1: 1.00 | Masked F1: 1.00
Epoch 139/250 
	| Avg Actor Loss: 0.0187 | Avg Critic Loss: 0.0020 
	| Avg Length: 97.0912 | Avg Reward: 0.7004 
	| Avg Length: 99.0000 | Avg Reward: 0.7002
	| OG  Acc: 1.00  | Masked Acc: 1.00 | OG  F1: 1.00 | Masked F1: 1.00
Epoch 140/250 
	| Avg Actor Loss: -0.0146 | Avg Critic Loss: 0.0023 
	| Avg Length: 97.0884 | Avg Reward: 0.6994 
	| Avg Length: 99.0000 | Avg Reward: 0.7002
	| OG  Acc: 1.00  | Masked Acc: 1.00 | OG  F1: 1.00 | Masked F1: 1.00
Epoch 141/250 
	| Avg Actor Loss: -0.0026 | Avg Critic Loss: 0.0021 
	| Avg Length: 96.9906 | Avg Reward: 0.7005 
	| Avg Length: 99.0000 | Avg Reward: 0.7002
	| OG  Acc: 1.00  | Masked Acc: 1.00 | OG  F1: 1.00 | Masked F1: 1.00
Epoch 142/250 
	| Avg Actor Loss: -0.0148 | Avg Critic Loss: 0.0025 
	| Avg Length: 97.1104 | Avg Reward: 0.6989 
	| Avg Length: 99.0000 | Avg Reward: 0.7002
	| OG  Acc: 1.00  | Masked Acc: 1.00 | OG  F1: 1.00 | Masked F1: 1.00
Epoch 143/250 
	| Avg Actor Loss: 0.0019 | Avg Critic Loss: 0.0021 
	| Avg Length: 97.1198 | Avg Reward: 0.6999 
	| Avg Length: 99.0000 | Avg Reward: 0.7002
	| OG  Acc: 1.00  | Masked Acc: 1.00 | OG  F1: 1.00 | Masked F1: 1.00
Epoch 144/250 
	| Avg Actor Loss: -0.0010 | Avg Critic Loss: 0.0021 
	| Avg Length: 97.1506 | Avg Reward: 0.7000 
	| Avg Length: 99.0000 | Avg Reward: 0.7002
	| OG  Acc: 1.00  | Masked Acc: 1.00 | OG  F1: 1.00 | Masked F1: 1.00
Epoch 145/250 
	| Avg Actor Loss: -0.0212 | Avg Critic Loss: 0.0020 
	| Avg Length: 97.0376 | Avg Reward: 0.7005 
	| Avg Length: 99.0000 | Avg Reward: 0.7002
	| OG  Acc: 1.00  | Masked Acc: 1.00 | OG  F1: 1.00 | Masked F1: 1.00
Epoch 146/250 
	| Avg Actor Loss: 0.0287 | Avg Critic Loss: 0.0021 
	| Avg Length: 96.9358 | Avg Reward: 0.7004 
	| Avg Length: 99.0000 | Avg Reward: 0.7002
	| OG  Acc: 1.00  | Masked Acc: 1.00 | OG  F1: 1.00 | Masked F1: 1.00
Epoch 147/250 
	| Avg Actor Loss: 0.0022 | Avg Critic Loss: 0.0020 
	| Avg Length: 96.9820 | Avg Reward: 0.7007 
	| Avg Length: 98.1806 | Avg Reward: 0.7020
	| OG  Acc: 1.00  | Masked Acc: 1.00 | OG  F1: 1.00 | Masked F1: 1.00
Epoch 148/250 
	| Avg Actor Loss: -0.0289 | Avg Critic Loss: 0.0024 
	| Avg Length: 96.7722 | Avg Reward: 0.7002 
	| Avg Length: 98.1118 | Avg Reward: 0.7017
	| OG  Acc: 1.00  | Masked Acc: 1.00 | OG  F1: 1.00 | Masked F1: 1.00
Epoch 149/250 
	| Avg Actor Loss: -0.0126 | Avg Critic Loss: 0.0022 
	| Avg Length: 96.7528 | Avg Reward: 0.7007 
	| Avg Length: 98.1740 | Avg Reward: 0.7019
	| OG  Acc: 1.00  | Masked Acc: 1.00 | OG  F1: 1.00 | Masked F1: 1.00
Epoch 150/250 
	| Avg Actor Loss: -0.0126 | Avg Critic Loss: 0.0024 
	| Avg Length: 96.8410 | Avg Reward: 0.6996 
	| Avg Length: 98.1728 | Avg Reward: 0.7019
	| OG  Acc: 1.00  | Masked Acc: 1.00 | OG  F1: 1.00 | Masked F1: 1.00
Epoch 151/250 
	| Avg Actor Loss: -0.0408 | Avg Critic Loss: 0.0027 
	| Avg Length: 96.8740 | Avg Reward: 0.6988 
	| Avg Length: 98.1988 | Avg Reward: 0.7023
	| OG  Acc: 1.00  | Masked Acc: 1.00 | OG  F1: 1.00 | Masked F1: 1.00
Epoch 152/250 
	| Avg Actor Loss: 0.0244 | Avg Critic Loss: 0.0024 
	| Avg Length: 96.8102 | Avg Reward: 0.6999 
	| Avg Length: 98.1590 | Avg Reward: 0.7016
	| OG  Acc: 1.00  | Masked Acc: 1.00 | OG  F1: 1.00 | Masked F1: 1.00
Epoch 153/250 
	| Avg Actor Loss: -0.0500 | Avg Critic Loss: 0.0022 
	| Avg Length: 96.8838 | Avg Reward: 0.7002 
	| Avg Length: 98.2072 | Avg Reward: 0.7025
	| OG  Acc: 1.00  | Masked Acc: 1.00 | OG  F1: 1.00 | Masked F1: 1.00
Epoch 154/250 
	| Avg Actor Loss: -0.0104 | Avg Critic Loss: 0.0021 
	| Avg Length: 96.7222 | Avg Reward: 0.7011 
	| Avg Length: 98.1502 | Avg Reward: 0.7020
	| OG  Acc: 1.00  | Masked Acc: 1.00 | OG  F1: 1.00 | Masked F1: 1.00
Epoch 155/250 
	| Avg Actor Loss: -0.0212 | Avg Critic Loss: 0.0023 
	| Avg Length: 96.8026 | Avg Reward: 0.7003 
	| Avg Length: 98.1712 | Avg Reward: 0.7021
	| OG  Acc: 1.00  | Masked Acc: 1.00 | OG  F1: 1.00 | Masked F1: 1.00
Epoch 156/250 
	| Avg Actor Loss: -0.0402 | Avg Critic Loss: 0.0027 
	| Avg Length: 96.8348 | Avg Reward: 0.6991 
	| Avg Length: 98.1784 | Avg Reward: 0.7020
	| OG  Acc: 1.00  | Masked Acc: 1.00 | OG  F1: 1.00 | Masked F1: 1.00
Epoch 157/250 
	| Avg Actor Loss: -0.0863 | Avg Critic Loss: 0.0025 
	| Avg Length: 96.8670 | Avg Reward: 0.6992 
	| Avg Length: 98.9920 | Avg Reward: 0.7002
	| OG  Acc: 1.00  | Masked Acc: 1.00 | OG  F1: 1.00 | Masked F1: 1.00
Epoch 158/250 
	| Avg Actor Loss: -0.0250 | Avg Critic Loss: 0.0021 
	| Avg Length: 96.7758 | Avg Reward: 0.7010 
	| Avg Length: 98.2594 | Avg Reward: 0.7024
	| OG  Acc: 1.00  | Masked Acc: 1.00 | OG  F1: 1.00 | Masked F1: 1.00
Epoch 159/250 
	| Avg Actor Loss: -0.0464 | Avg Critic Loss: 0.0023 
	| Avg Length: 97.0502 | Avg Reward: 0.6996 
	| Avg Length: 98.1828 | Avg Reward: 0.7021
	| OG  Acc: 1.00  | Masked Acc: 1.00 | OG  F1: 1.00 | Masked F1: 1.00
Epoch 160/250 
	| Avg Actor Loss: -0.0129 | Avg Critic Loss: 0.0022 
	| Avg Length: 96.7406 | Avg Reward: 0.7008 
	| Avg Length: 98.1570 | Avg Reward: 0.7020
	| OG  Acc: 1.00  | Masked Acc: 1.00 | OG  F1: 1.00 | Masked F1: 1.00
Epoch 161/250 
	| Avg Actor Loss: -0.0251 | Avg Critic Loss: 0.0026 
	| Avg Length: 96.6724 | Avg Reward: 0.6996 
	| Avg Length: 98.1666 | Avg Reward: 0.7020
	| OG  Acc: 1.00  | Masked Acc: 1.00 | OG  F1: 1.00 | Masked F1: 1.00
Epoch 162/250 
	| Avg Actor Loss: -0.0156 | Avg Critic Loss: 0.0023 
	| Avg Length: 96.7898 | Avg Reward: 0.7004 
	| Avg Length: 98.1618 | Avg Reward: 0.7021
	| OG  Acc: 1.00  | Masked Acc: 1.00 | OG  F1: 1.00 | Masked F1: 1.00
Epoch 163/250 
	| Avg Actor Loss: 0.0379 | Avg Critic Loss: 0.0021 
	| Avg Length: 96.3884 | Avg Reward: 0.7022 
	| Avg Length: 98.0452 | Avg Reward: 0.7021
	| OG  Acc: 1.00  | Masked Acc: 1.00 | OG  F1: 1.00 | Masked F1: 1.00
Epoch 164/250 
	| Avg Actor Loss: -0.0760 | Avg Critic Loss: 0.0030 
	| Avg Length: 96.2418 | Avg Reward: 0.6996 
	| Avg Length: 98.1286 | Avg Reward: 0.7018
	| OG  Acc: 1.00  | Masked Acc: 1.00 | OG  F1: 1.00 | Masked F1: 1.00
Epoch 165/250 
	| Avg Actor Loss: -0.0261 | Avg Critic Loss: 0.0027 
	| Avg Length: 96.4476 | Avg Reward: 0.7002 
	| Avg Length: 98.0876 | Avg Reward: 0.7019
	| OG  Acc: 1.00  | Masked Acc: 1.00 | OG  F1: 1.00 | Masked F1: 1.00
Epoch 166/250 
	| Avg Actor Loss: -0.1436 | Avg Critic Loss: 0.0028 
	| Avg Length: 96.4424 | Avg Reward: 0.6997 
	| Avg Length: 98.1546 | Avg Reward: 0.7020
	| OG  Acc: 1.00  | Masked Acc: 1.00 | OG  F1: 1.00 | Masked F1: 1.00
Epoch 167/250 
	| Avg Actor Loss: -0.0674 | Avg Critic Loss: 0.0026 
	| Avg Length: 96.5936 | Avg Reward: 0.7000 
	| Avg Length: 98.2086 | Avg Reward: 0.7025
	| OG  Acc: 1.00  | Masked Acc: 1.00 | OG  F1: 1.00 | Masked F1: 1.00
Epoch 168/250 
	| Avg Actor Loss: -0.1403 | Avg Critic Loss: 0.0027 
	| Avg Length: 96.5082 | Avg Reward: 0.6999 
	| Avg Length: 98.1610 | Avg Reward: 0.7022
	| OG  Acc: 1.00  | Masked Acc: 1.00 | OG  F1: 1.00 | Masked F1: 1.00
Epoch 169/250 
	| Avg Actor Loss: -0.0633 | Avg Critic Loss: 0.0028 
	| Avg Length: 96.2486 | Avg Reward: 0.7004 
	| Avg Length: 98.1450 | Avg Reward: 0.7020
	| OG  Acc: 1.00  | Masked Acc: 1.00 | OG  F1: 1.00 | Masked F1: 1.00
Epoch 170/250 
	| Avg Actor Loss: -0.0052 | Avg Critic Loss: 0.0020 
	| Avg Length: 96.3774 | Avg Reward: 0.7025 
	| Avg Length: 98.1160 | Avg Reward: 0.7019
	| OG  Acc: 1.00  | Masked Acc: 1.00 | OG  F1: 1.00 | Masked F1: 1.00
Epoch 171/250 
	| Avg Actor Loss: -0.1137 | Avg Critic Loss: 0.0028 
	| Avg Length: 96.0104 | Avg Reward: 0.7009 
	| Avg Length: 98.1638 | Avg Reward: 0.7022
	| OG  Acc: 1.00  | Masked Acc: 1.00 | OG  F1: 1.00 | Masked F1: 1.00
Epoch 172/250 
	| Avg Actor Loss: -0.0317 | Avg Critic Loss: 0.0022 
	| Avg Length: 95.9864 | Avg Reward: 0.7030 
	| Avg Length: 98.1116 | Avg Reward: 0.7021
	| OG  Acc: 1.00  | Masked Acc: 1.00 | OG  F1: 1.00 | Masked F1: 1.00
Epoch 173/250 
	| Avg Actor Loss: -0.1223 | Avg Critic Loss: 0.0029 
	| Avg Length: 96.0250 | Avg Reward: 0.7008 
	| Avg Length: 98.1390 | Avg Reward: 0.7021
	| OG  Acc: 1.00  | Masked Acc: 1.00 | OG  F1: 1.00 | Masked F1: 1.00
Epoch 174/250 
	| Avg Actor Loss: -0.1379 | Avg Critic Loss: 0.0030 
	| Avg Length: 95.9248 | Avg Reward: 0.7007 
	| Avg Length: 98.1350 | Avg Reward: 0.7022
	| OG  Acc: 1.00  | Masked Acc: 1.00 | OG  F1: 1.00 | Masked F1: 1.00
Epoch 175/250 
	| Avg Actor Loss: -0.1129 | Avg Critic Loss: 0.0027 
	| Avg Length: 96.0330 | Avg Reward: 0.7014 
	| Avg Length: 98.2254 | Avg Reward: 0.7025
	| OG  Acc: 1.00  | Masked Acc: 1.00 | OG  F1: 1.00 | Masked F1: 1.00
Epoch 176/250 
	| Avg Actor Loss: -0.1631 | Avg Critic Loss: 0.0029 
	| Avg Length: 95.8734 | Avg Reward: 0.7012 
	| Avg Length: 98.3200 | Avg Reward: 0.7022
	| OG  Acc: 1.00  | Masked Acc: 1.00 | OG  F1: 1.00 | Masked F1: 1.00
Epoch 177/250 
	| Avg Actor Loss: -0.0579 | Avg Critic Loss: 0.0024 
	| Avg Length: 96.3730 | Avg Reward: 0.7010 
	| Avg Length: 97.3228 | Avg Reward: 0.7044
	| OG  Acc: 1.00  | Masked Acc: 1.00 | OG  F1: 1.00 | Masked F1: 1.00
Epoch 178/250 
	| Avg Actor Loss: -0.2103 | Avg Critic Loss: 0.0035 
	| Avg Length: 95.4974 | Avg Reward: 0.7005 
	| Avg Length: 98.1546 | Avg Reward: 0.7022
	| OG  Acc: 1.00  | Masked Acc: 1.00 | OG  F1: 1.00 | Masked F1: 1.00
Epoch 179/250 
	| Avg Actor Loss: -0.1957 | Avg Critic Loss: 0.0027 
	| Avg Length: 95.6864 | Avg Reward: 0.7022 
	| Avg Length: 98.1668 | Avg Reward: 0.7026
	| OG  Acc: 1.00  | Masked Acc: 1.00 | OG  F1: 1.00 | Masked F1: 1.00
Epoch 180/250 
	| Avg Actor Loss: -0.2272 | Avg Critic Loss: 0.0029 
	| Avg Length: 95.5414 | Avg Reward: 0.7022 
	| Avg Length: 97.3192 | Avg Reward: 0.7048
	| OG  Acc: 1.00  | Masked Acc: 1.00 | OG  F1: 1.00 | Masked F1: 1.00
Epoch 181/250 
	| Avg Actor Loss: -0.2079 | Avg Critic Loss: 0.0027 
	| Avg Length: 95.8438 | Avg Reward: 0.7019 
	| Avg Length: 98.1832 | Avg Reward: 0.7026
	| OG  Acc: 1.00  | Masked Acc: 1.00 | OG  F1: 1.00 | Masked F1: 1.00
Epoch 182/250 
	| Avg Actor Loss: -0.1103 | Avg Critic Loss: 0.0024 
	| Avg Length: 95.5358 | Avg Reward: 0.7037 
	| Avg Length: 97.3214 | Avg Reward: 0.7048
	| OG  Acc: 1.00  | Masked Acc: 1.00 | OG  F1: 1.00 | Masked F1: 1.00
Epoch 183/250 
	| Avg Actor Loss: -0.1608 | Avg Critic Loss: 0.0029 
	| Avg Length: 95.6274 | Avg Reward: 0.7018 
	| Avg Length: 98.1820 | Avg Reward: 0.7025
	| OG  Acc: 1.00  | Masked Acc: 1.00 | OG  F1: 1.00 | Masked F1: 1.00
Epoch 184/250 
	| Avg Actor Loss: -0.2003 | Avg Critic Loss: 0.0029 
	| Avg Length: 95.2292 | Avg Reward: 0.7029 
	| Avg Length: 97.2838 | Avg Reward: 0.7040
	| OG  Acc: 1.00  | Masked Acc: 1.00 | OG  F1: 1.00 | Masked F1: 1.00
Epoch 185/250 
	| Avg Actor Loss: -0.1879 | Avg Critic Loss: 0.0026 
	| Avg Length: 95.3302 | Avg Reward: 0.7035 
	| Avg Length: 97.3606 | Avg Reward: 0.7051
	| OG  Acc: 1.00  | Masked Acc: 1.00 | OG  F1: 1.00 | Masked F1: 1.00
Epoch 186/250 
	| Avg Actor Loss: -0.0939 | Avg Critic Loss: 0.0022 
	| Avg Length: 95.3254 | Avg Reward: 0.7050 
	| Avg Length: 97.2914 | Avg Reward: 0.7043
	| OG  Acc: 1.00  | Masked Acc: 1.00 | OG  F1: 1.00 | Masked F1: 1.00
Epoch 187/250 
	| Avg Actor Loss: -0.2467 | Avg Critic Loss: 0.0034 
	| Avg Length: 94.8910 | Avg Reward: 0.7025 
	| Avg Length: 97.3590 | Avg Reward: 0.7050
	| OG  Acc: 1.00  | Masked Acc: 1.00 | OG  F1: 1.00 | Masked F1: 1.00
Epoch 188/250 
	| Avg Actor Loss: -0.1691 | Avg Critic Loss: 0.0023 
	| Avg Length: 95.5340 | Avg Reward: 0.7041 
	| Avg Length: 97.2934 | Avg Reward: 0.7043
	| OG  Acc: 1.00  | Masked Acc: 1.00 | OG  F1: 1.00 | Masked F1: 1.00
Epoch 189/250 
	| Avg Actor Loss: -0.2893 | Avg Critic Loss: 0.0034 
	| Avg Length: 95.1620 | Avg Reward: 0.7018 
	| Avg Length: 97.5512 | Avg Reward: 0.7045
	| OG  Acc: 1.00  | Masked Acc: 1.00 | OG  F1: 1.00 | Masked F1: 1.00
Epoch 190/250 
	| Avg Actor Loss: -0.1392 | Avg Critic Loss: 0.0029 
	| Avg Length: 95.1016 | Avg Reward: 0.7035 
	| Avg Length: 97.2822 | Avg Reward: 0.7038
	| OG  Acc: 1.00  | Masked Acc: 1.00 | OG  F1: 1.00 | Masked F1: 1.00
Epoch 191/250 
	| Avg Actor Loss: -0.1984 | Avg Critic Loss: 0.0030 
	| Avg Length: 94.7740 | Avg Reward: 0.7041 
	| Avg Length: 97.2884 | Avg Reward: 0.7044
	| OG  Acc: 1.00  | Masked Acc: 1.00 | OG  F1: 1.00 | Masked F1: 1.00
Epoch 192/250 
	| Avg Actor Loss: -0.3286 | Avg Critic Loss: 0.0034 
	| Avg Length: 94.6962 | Avg Reward: 0.7032 
	| Avg Length: 97.3208 | Avg Reward: 0.7047
	| OG  Acc: 1.00  | Masked Acc: 1.00 | OG  F1: 1.00 | Masked F1: 1.00
Epoch 193/250 
	| Avg Actor Loss: -0.2142 | Avg Critic Loss: 0.0032 
	| Avg Length: 95.1876 | Avg Reward: 0.7020 
	| Avg Length: 97.3696 | Avg Reward: 0.7050
	| OG  Acc: 1.00  | Masked Acc: 1.00 | OG  F1: 1.00 | Masked F1: 1.00
Epoch 194/250 
	| Avg Actor Loss: -0.2773 | Avg Critic Loss: 0.0032 
	| Avg Length: 94.5526 | Avg Reward: 0.7040 
	| Avg Length: 96.5758 | Avg Reward: 0.7068
	| OG  Acc: 1.00  | Masked Acc: 1.00 | OG  F1: 1.00 | Masked F1: 1.00
Epoch 195/250 
	| Avg Actor Loss: -0.1257 | Avg Critic Loss: 0.0027 
	| Avg Length: 95.2350 | Avg Reward: 0.7036 
	| Avg Length: 98.9924 | Avg Reward: 0.7002
	| OG  Acc: 1.00  | Masked Acc: 1.00 | OG  F1: 1.00 | Masked F1: 1.00
Epoch 196/250 
	| Avg Actor Loss: -0.1952 | Avg Critic Loss: 0.0024 
	| Avg Length: 94.9630 | Avg Reward: 0.7055 
	| Avg Length: 96.4616 | Avg Reward: 0.7063
	| OG  Acc: 1.00  | Masked Acc: 1.00 | OG  F1: 1.00 | Masked F1: 1.00
Epoch 197/250 
	| Avg Actor Loss: -0.3093 | Avg Critic Loss: 0.0029 
	| Avg Length: 94.5326 | Avg Reward: 0.7052 
	| Avg Length: 97.3864 | Avg Reward: 0.7049
	| OG  Acc: 1.00  | Masked Acc: 1.00 | OG  F1: 1.00 | Masked F1: 1.00
Epoch 198/250 
	| Avg Actor Loss: -0.3244 | Avg Critic Loss: 0.0028 
	| Avg Length: 94.5652 | Avg Reward: 0.7054 
	| Avg Length: 96.5176 | Avg Reward: 0.7072
	| OG  Acc: 1.00  | Masked Acc: 1.00 | OG  F1: 1.00 | Masked F1: 1.00
Epoch 199/250 
	| Avg Actor Loss: -0.2827 | Avg Critic Loss: 0.0031 
	| Avg Length: 94.4290 | Avg Reward: 0.7050 
	| Avg Length: 96.5898 | Avg Reward: 0.7069
	| OG  Acc: 1.00  | Masked Acc: 1.00 | OG  F1: 1.00 | Masked F1: 1.00
Epoch 200/250 
	| Avg Actor Loss: -0.1737 | Avg Critic Loss: 0.0026 
	| Avg Length: 94.6532 | Avg Reward: 0.7058 
	| Avg Length: 96.5532 | Avg Reward: 0.7071
	| OG  Acc: 1.00  | Masked Acc: 1.00 | OG  F1: 1.00 | Masked F1: 1.00
Epoch 201/250 
	| Avg Actor Loss: -0.3085 | Avg Critic Loss: 0.0035 
	| Avg Length: 94.1862 | Avg Reward: 0.7044 
	| Avg Length: 96.4896 | Avg Reward: 0.7068
	| OG  Acc: 1.00  | Masked Acc: 1.00 | OG  F1: 1.00 | Masked F1: 1.00
Epoch 202/250 
	| Avg Actor Loss: -0.3368 | Avg Critic Loss: 0.0038 
	| Avg Length: 94.0890 | Avg Reward: 0.7037 
	| Avg Length: 96.4214 | Avg Reward: 0.7063
	| OG  Acc: 1.00  | Masked Acc: 1.00 | OG  F1: 1.00 | Masked F1: 1.00
Epoch 203/250 
	| Avg Actor Loss: -0.4049 | Avg Critic Loss: 0.0038 
	| Avg Length: 94.0684 | Avg Reward: 0.7036 
	| Avg Length: 96.4902 | Avg Reward: 0.7069
	| OG  Acc: 1.00  | Masked Acc: 1.00 | OG  F1: 1.00 | Masked F1: 1.00
Epoch 204/250 
	| Avg Actor Loss: -0.3797 | Avg Critic Loss: 0.0032 
	| Avg Length: 94.1608 | Avg Reward: 0.7055 
	| Avg Length: 96.4796 | Avg Reward: 0.7067
	| OG  Acc: 1.00  | Masked Acc: 1.00 | OG  F1: 1.00 | Masked F1: 1.00
Epoch 205/250 
	| Avg Actor Loss: -0.4571 | Avg Critic Loss: 0.0037 
	| Avg Length: 94.0304 | Avg Reward: 0.7039 
	| Avg Length: 96.5200 | Avg Reward: 0.7072
	| OG  Acc: 1.00  | Masked Acc: 1.00 | OG  F1: 1.00 | Masked F1: 1.00
Epoch 206/250 
	| Avg Actor Loss: -0.4058 | Avg Critic Loss: 0.0033 
	| Avg Length: 94.4536 | Avg Reward: 0.7039 
	| Avg Length: 96.5516 | Avg Reward: 0.7070
	| OG  Acc: 1.00  | Masked Acc: 1.00 | OG  F1: 1.00 | Masked F1: 1.00
Epoch 207/250 
	| Avg Actor Loss: -0.2524 | Avg Critic Loss: 0.0026 
	| Avg Length: 94.1086 | Avg Reward: 0.7075 
	| Avg Length: 96.4944 | Avg Reward: 0.7070
	| OG  Acc: 1.00  | Masked Acc: 1.00 | OG  F1: 1.00 | Masked F1: 1.00
Epoch 208/250 
	| Avg Actor Loss: -0.3113 | Avg Critic Loss: 0.0034 
	| Avg Length: 94.0590 | Avg Reward: 0.7049 
	| Avg Length: 96.5278 | Avg Reward: 0.7072
	| OG  Acc: 1.00  | Masked Acc: 1.00 | OG  F1: 1.00 | Masked F1: 1.00
Epoch 209/250 
	| Avg Actor Loss: -0.4548 | Avg Critic Loss: 0.0031 
	| Avg Length: 94.1844 | Avg Reward: 0.7056 
	| Avg Length: 96.6144 | Avg Reward: 0.7068
	| OG  Acc: 1.00  | Masked Acc: 1.00 | OG  F1: 1.00 | Masked F1: 1.00
Epoch 210/250 
	| Avg Actor Loss: -0.2026 | Avg Critic Loss: 0.0029 
	| Avg Length: 94.5662 | Avg Reward: 0.7052 
	| Avg Length: 96.7392 | Avg Reward: 0.7065
	| OG  Acc: 1.00  | Masked Acc: 1.00 | OG  F1: 1.00 | Masked F1: 1.00
Epoch 211/250 
	| Avg Actor Loss: -0.2318 | Avg Critic Loss: 0.0034 
	| Avg Length: 94.3176 | Avg Reward: 0.7042 
	| Avg Length: 96.4772 | Avg Reward: 0.7069
	| OG  Acc: 1.00  | Masked Acc: 1.00 | OG  F1: 1.00 | Masked F1: 1.00
Epoch 212/250 
	| Avg Actor Loss: -0.3844 | Avg Critic Loss: 0.0034 
	| Avg Length: 93.8874 | Avg Reward: 0.7053 
	| Avg Length: 96.4396 | Avg Reward: 0.7066
	| OG  Acc: 1.00  | Masked Acc: 1.00 | OG  F1: 1.00 | Masked F1: 1.00
Epoch 213/250 
	| Avg Actor Loss: -0.3886 | Avg Critic Loss: 0.0036 
	| Avg Length: 93.8816 | Avg Reward: 0.7047 
	| Avg Length: 96.4634 | Avg Reward: 0.7068
	| OG  Acc: 1.00  | Masked Acc: 1.00 | OG  F1: 1.00 | Masked F1: 1.00
Epoch 214/250 
	| Avg Actor Loss: -0.3645 | Avg Critic Loss: 0.0037 
	| Avg Length: 94.1412 | Avg Reward: 0.7037 
	| Avg Length: 96.5404 | Avg Reward: 0.7065
	| OG  Acc: 1.00  | Masked Acc: 1.00 | OG  F1: 1.00 | Masked F1: 1.00
Epoch 215/250 
	| Avg Actor Loss: -0.3245 | Avg Critic Loss: 0.0032 
	| Avg Length: 94.0922 | Avg Reward: 0.7055 
	| Avg Length: 96.4452 | Avg Reward: 0.7068
	| OG  Acc: 1.00  | Masked Acc: 1.00 | OG  F1: 1.00 | Masked F1: 1.00
Epoch 216/250 
	| Avg Actor Loss: -0.3145 | Avg Critic Loss: 0.0032 
	| Avg Length: 93.7424 | Avg Reward: 0.7065 
	| Avg Length: 96.4110 | Avg Reward: 0.7066
	| OG  Acc: 1.00  | Masked Acc: 1.00 | OG  F1: 1.00 | Masked F1: 1.00
Epoch 217/250 
	| Avg Actor Loss: -0.3860 | Avg Critic Loss: 0.0034 
	| Avg Length: 93.7074 | Avg Reward: 0.7059 
	| Avg Length: 96.4320 | Avg Reward: 0.7067
	| OG  Acc: 1.00  | Masked Acc: 1.00 | OG  F1: 1.00 | Masked F1: 1.00
Epoch 218/250 
	| Avg Actor Loss: -0.3722 | Avg Critic Loss: 0.0036 
	| Avg Length: 93.8260 | Avg Reward: 0.7051 
	| Avg Length: 96.4268 | Avg Reward: 0.7067
	| OG  Acc: 1.00  | Masked Acc: 1.00 | OG  F1: 1.00 | Masked F1: 1.00
Epoch 219/250 
	| Avg Actor Loss: -0.3540 | Avg Critic Loss: 0.0036 
	| Avg Length: 93.8648 | Avg Reward: 0.7050 
	| Avg Length: 96.4568 | Avg Reward: 0.7069
	| OG  Acc: 1.00  | Masked Acc: 1.00 | OG  F1: 1.00 | Masked F1: 1.00
Epoch 220/250 
	| Avg Actor Loss: -0.3514 | Avg Critic Loss: 0.0033 
	| Avg Length: 93.9652 | Avg Reward: 0.7057 
	| Avg Length: 96.4306 | Avg Reward: 0.7070
	| OG  Acc: 1.00  | Masked Acc: 1.00 | OG  F1: 1.00 | Masked F1: 1.00
Epoch 221/250 
	| Avg Actor Loss: -0.3774 | Avg Critic Loss: 0.0036 
	| Avg Length: 93.7198 | Avg Reward: 0.7054 
	| Avg Length: 96.4218 | Avg Reward: 0.7068
	| OG  Acc: 1.00  | Masked Acc: 1.00 | OG  F1: 1.00 | Masked F1: 1.00
Epoch 222/250 
	| Avg Actor Loss: -0.4232 | Avg Critic Loss: 0.0039 
	| Avg Length: 93.7310 | Avg Reward: 0.7040 
	| Avg Length: 96.4294 | Avg Reward: 0.7070
	| OG  Acc: 1.00  | Masked Acc: 1.00 | OG  F1: 1.00 | Masked F1: 1.00
Epoch 223/250 
	| Avg Actor Loss: -0.4053 | Avg Critic Loss: 0.0034 
	| Avg Length: 93.6782 | Avg Reward: 0.7061 
	| Avg Length: 96.4020 | Avg Reward: 0.7067
	| OG  Acc: 1.00  | Masked Acc: 1.00 | OG  F1: 1.00 | Masked F1: 1.00
Epoch 224/250 
	| Avg Actor Loss: -0.3454 | Avg Critic Loss: 0.0037 
	| Avg Length: 93.6266 | Avg Reward: 0.7053 
	| Avg Length: 95.6860 | Avg Reward: 0.7086
	| OG  Acc: 1.00  | Masked Acc: 1.00 | OG  F1: 1.00 | Masked F1: 1.00
Epoch 225/250 
	| Avg Actor Loss: -0.4601 | Avg Critic Loss: 0.0041 
	| Avg Length: 93.6504 | Avg Reward: 0.7035 
	| Avg Length: 96.4218 | Avg Reward: 0.7068
	| OG  Acc: 1.00  | Masked Acc: 1.00 | OG  F1: 1.00 | Masked F1: 1.00
Epoch 226/250 
	| Avg Actor Loss: -0.3576 | Avg Critic Loss: 0.0035 
	| Avg Length: 93.8340 | Avg Reward: 0.7054 
	| Avg Length: 96.4390 | Avg Reward: 0.7068
	| OG  Acc: 1.00  | Masked Acc: 1.00 | OG  F1: 1.00 | Masked F1: 1.00
Epoch 227/250 
	| Avg Actor Loss: -0.4466 | Avg Critic Loss: 0.0037 
	| Avg Length: 93.9088 | Avg Reward: 0.7043 
	| Avg Length: 96.4472 | Avg Reward: 0.7068
	| OG  Acc: 1.00  | Masked Acc: 1.00 | OG  F1: 1.00 | Masked F1: 1.00
Epoch 228/250 
	| Avg Actor Loss: -0.3273 | Avg Critic Loss: 0.0031 
	| Avg Length: 93.8748 | Avg Reward: 0.7066 
	| Avg Length: 96.4280 | Avg Reward: 0.7068
	| OG  Acc: 1.00  | Masked Acc: 1.00 | OG  F1: 1.00 | Masked F1: 1.00
Epoch 229/250 
	| Avg Actor Loss: -0.4764 | Avg Critic Loss: 0.0038 
	| Avg Length: 93.7488 | Avg Reward: 0.7046 
	| Avg Length: 96.4254 | Avg Reward: 0.7068
	| OG  Acc: 1.00  | Masked Acc: 1.00 | OG  F1: 1.00 | Masked F1: 1.00
Epoch 230/250 
	| Avg Actor Loss: -0.4488 | Avg Critic Loss: 0.0040 
	| Avg Length: 93.6618 | Avg Reward: 0.7041 
	| Avg Length: 96.4270 | Avg Reward: 0.7071
	| OG  Acc: 1.00  | Masked Acc: 1.00 | OG  F1: 1.00 | Masked F1: 1.00
Epoch 231/250 
	| Avg Actor Loss: -0.3365 | Avg Critic Loss: 0.0036 
	| Avg Length: 93.7844 | Avg Reward: 0.7049 
	| Avg Length: 96.4410 | Avg Reward: 0.7068
	| OG  Acc: 1.00  | Masked Acc: 1.00 | OG  F1: 1.00 | Masked F1: 1.00
Epoch 232/250 
	| Avg Actor Loss: -0.3665 | Avg Critic Loss: 0.0031 
	| Avg Length: 93.9132 | Avg Reward: 0.7066 
	| Avg Length: 96.4324 | Avg Reward: 0.7069
	| OG  Acc: 1.00  | Masked Acc: 1.00 | OG  F1: 1.00 | Masked F1: 1.00
Epoch 233/250 
	| Avg Actor Loss: -0.4204 | Avg Critic Loss: 0.0036 
	| Avg Length: 93.8956 | Avg Reward: 0.7048 
	| Avg Length: 96.4286 | Avg Reward: 0.7069
	| OG  Acc: 1.00  | Masked Acc: 1.00 | OG  F1: 1.00 | Masked F1: 1.00
Epoch 234/250 
	| Avg Actor Loss: -0.4826 | Avg Critic Loss: 0.0040 
	| Avg Length: 93.7898 | Avg Reward: 0.7035 
	| Avg Length: 96.4326 | Avg Reward: 0.7068
	| OG  Acc: 1.00  | Masked Acc: 1.00 | OG  F1: 1.00 | Masked F1: 1.00
Epoch 235/250 
	| Avg Actor Loss: -0.4521 | Avg Critic Loss: 0.0039 
	| Avg Length: 93.8714 | Avg Reward: 0.7039 
	| Avg Length: 96.4394 | Avg Reward: 0.7069
	| OG  Acc: 1.00  | Masked Acc: 1.00 | OG  F1: 1.00 | Masked F1: 1.00
Epoch 236/250 
	| Avg Actor Loss: -0.4546 | Avg Critic Loss: 0.0035 
	| Avg Length: 93.9410 | Avg Reward: 0.7049 
	| Avg Length: 96.4492 | Avg Reward: 0.7067
	| OG  Acc: 1.00  | Masked Acc: 1.00 | OG  F1: 1.00 | Masked F1: 1.00
Epoch 237/250 
	| Avg Actor Loss: -0.4582 | Avg Critic Loss: 0.0038 
	| Avg Length: 93.9194 | Avg Reward: 0.7040 
	| Avg Length: 96.4466 | Avg Reward: 0.7068
	| OG  Acc: 1.00  | Masked Acc: 1.00 | OG  F1: 1.00 | Masked F1: 1.00
Epoch 238/250 
	| Avg Actor Loss: -0.2838 | Avg Critic Loss: 0.0029 
	| Avg Length: 93.9488 | Avg Reward: 0.7067 
	| Avg Length: 96.4406 | Avg Reward: 0.7069
	| OG  Acc: 1.00  | Masked Acc: 1.00 | OG  F1: 1.00 | Masked F1: 1.00
Epoch 239/250 
	| Avg Actor Loss: -0.5937 | Avg Critic Loss: 0.0041 
	| Avg Length: 93.8226 | Avg Reward: 0.7035 
	| Avg Length: 96.4352 | Avg Reward: 0.7069
	| OG  Acc: 1.00  | Masked Acc: 1.00 | OG  F1: 1.00 | Masked F1: 1.00
Epoch 240/250 
	| Avg Actor Loss: -0.3057 | Avg Critic Loss: 0.0032 
	| Avg Length: 93.9022 | Avg Reward: 0.7060 
	| Avg Length: 96.4346 | Avg Reward: 0.7068
	| OG  Acc: 1.00  | Masked Acc: 1.00 | OG  F1: 1.00 | Masked F1: 1.00
Epoch 241/250 
	| Avg Actor Loss: -0.4248 | Avg Critic Loss: 0.0033 
	| Avg Length: 93.8010 | Avg Reward: 0.7059 
	| Avg Length: 96.4348 | Avg Reward: 0.7070
	| OG  Acc: 1.00  | Masked Acc: 1.00 | OG  F1: 1.00 | Masked F1: 1.00
Epoch 242/250 
	| Avg Actor Loss: -0.5139 | Avg Critic Loss: 0.0041 
	| Avg Length: 93.8958 | Avg Reward: 0.7030 
	| Avg Length: 96.4354 | Avg Reward: 0.7070
	| OG  Acc: 1.00  | Masked Acc: 1.00 | OG  F1: 1.00 | Masked F1: 1.00
Epoch 243/250 
	| Avg Actor Loss: -0.4455 | Avg Critic Loss: 0.0035 
	| Avg Length: 93.8592 | Avg Reward: 0.7052 
	| Avg Length: 96.4376 | Avg Reward: 0.7067
	| OG  Acc: 1.00  | Masked Acc: 1.00 | OG  F1: 1.00 | Masked F1: 1.00
Epoch 244/250 
	| Avg Actor Loss: -0.4256 | Avg Critic Loss: 0.0034 
	| Avg Length: 93.7610 | Avg Reward: 0.7059 
	| Avg Length: 96.4382 | Avg Reward: 0.7070
	| OG  Acc: 1.00  | Masked Acc: 1.00 | OG  F1: 1.00 | Masked F1: 1.00
Epoch 245/250 
	| Avg Actor Loss: -0.4792 | Avg Critic Loss: 0.0039 
	| Avg Length: 93.7992 | Avg Reward: 0.7037 
	| Avg Length: 96.4378 | Avg Reward: 0.7070
	| OG  Acc: 1.00  | Masked Acc: 1.00 | OG  F1: 1.00 | Masked F1: 1.00
Epoch 246/250 
	| Avg Actor Loss: -0.3865 | Avg Critic Loss: 0.0036 
	| Avg Length: 93.8862 | Avg Reward: 0.7049 
	| Avg Length: 96.4378 | Avg Reward: 0.7069
	| OG  Acc: 1.00  | Masked Acc: 1.00 | OG  F1: 1.00 | Masked F1: 1.00
Epoch 247/250 
	| Avg Actor Loss: -0.4251 | Avg Critic Loss: 0.0036 
	| Avg Length: 93.7518 | Avg Reward: 0.7051 
	| Avg Length: 96.4374 | Avg Reward: 0.7067
	| OG  Acc: 1.00  | Masked Acc: 1.00 | OG  F1: 1.00 | Masked F1: 1.00
Epoch 248/250 
	| Avg Actor Loss: -0.3588 | Avg Critic Loss: 0.0034 
	| Avg Length: 93.8912 | Avg Reward: 0.7053 
	| Avg Length: 96.4376 | Avg Reward: 0.7071
	| OG  Acc: 1.00  | Masked Acc: 1.00 | OG  F1: 1.00 | Masked F1: 1.00
Epoch 249/250 
	| Avg Actor Loss: -0.3143 | Avg Critic Loss: 0.0033 
	| Avg Length: 93.7910 | Avg Reward: 0.7062 
	| Avg Length: 96.4376 | Avg Reward: 0.7068
	| OG  Acc: 1.00  | Masked Acc: 1.00 | OG  F1: 1.00 | Masked F1: 1.00
