Epoch 01
	| Avg Actor Loss: -0.0093 | Avg Critic Loss: 0.0201 
	| Avg Length: 1.7656 | Avg Reward: 0.5600 
	| Avg Length: 1.0000 | Avg Reward: 0.5494
	| OG  Acc: 1.00  | Masked Acc: 0.37 | OG  F1: 1.00 | Masked F1: 0.24
Epoch 02
	| Avg Actor Loss: -0.0134 | Avg Critic Loss: 0.0109 
	| Avg Length: 1.8359 | Avg Reward: 0.5534 
	| Avg Length: 1.0000 | Avg Reward: 0.5494
	| OG  Acc: 1.00  | Masked Acc: 0.36 | OG  F1: 1.00 | Masked F1: 0.23
Epoch 03
	| Avg Actor Loss: -0.0153 | Avg Critic Loss: 0.0103 
	| Avg Length: 1.7656 | Avg Reward: 0.5496 
	| Avg Length: 1.0000 | Avg Reward: 0.5497
	| OG  Acc: 1.00  | Masked Acc: 0.37 | OG  F1: 1.00 | Masked F1: 0.24
Epoch 04
	| Avg Actor Loss: -0.0137 | Avg Critic Loss: 0.0098 
	| Avg Length: 1.9338 | Avg Reward: 0.5329 
	| Avg Length: 1.0000 | Avg Reward: 0.5483
	| OG  Acc: 1.00  | Masked Acc: 0.37 | OG  F1: 1.00 | Masked F1: 0.24
Epoch 05
	| Avg Actor Loss: -0.0149 | Avg Critic Loss: 0.0109 
	| Avg Length: 1.8164 | Avg Reward: 0.5756 
	| Avg Length: 1.0000 | Avg Reward: 0.5494
	| OG  Acc: 1.00  | Masked Acc: 0.37 | OG  F1: 1.00 | Masked F1: 0.24
Epoch 06
	| Avg Actor Loss: -0.0144 | Avg Critic Loss: 0.0117 
	| Avg Length: 1.9766 | Avg Reward: 0.5732 
	| Avg Length: 1.0000 | Avg Reward: 0.5495
	| OG  Acc: 1.00  | Masked Acc: 0.37 | OG  F1: 1.00 | Masked F1: 0.24
Epoch 07
	| Avg Actor Loss: -0.0187 | Avg Critic Loss: 0.0121 
	| Avg Length: 1.9688 | Avg Reward: 0.5385 
	| Avg Length: 1.0000 | Avg Reward: 0.5830
	| OG  Acc: 1.00  | Masked Acc: 0.42 | OG  F1: 1.00 | Masked F1: 0.32
Epoch 08
	| Avg Actor Loss: -0.0173 | Avg Critic Loss: 0.0134 
	| Avg Length: 2.0662 | Avg Reward: 0.5471 
	| Avg Length: 1.0000 | Avg Reward: 0.5869
	| OG  Acc: 1.00  | Masked Acc: 0.42 | OG  F1: 1.00 | Masked F1: 0.33
Epoch 09
	| Avg Actor Loss: -0.0172 | Avg Critic Loss: 0.0130 
	| Avg Length: 2.1289 | Avg Reward: 0.5454 
	| Avg Length: 1.0000 | Avg Reward: 0.5861
	| OG  Acc: 1.00  | Masked Acc: 0.42 | OG  F1: 1.00 | Masked F1: 0.33
Epoch 10
	| Avg Actor Loss: -0.0192 | Avg Critic Loss: 0.0149 
	| Avg Length: 2.1758 | Avg Reward: 0.5610 
	| Avg Length: 1.0166 | Avg Reward: 0.5892
	| OG  Acc: 1.00  | Masked Acc: 0.42 | OG  F1: 1.00 | Masked F1: 0.33
Epoch 11
	| Avg Actor Loss: -0.0218 | Avg Critic Loss: 0.0162 
	| Avg Length: 2.0273 | Avg Reward: 0.5687 
	| Avg Length: 1.1170 | Avg Reward: 0.6017
	| OG  Acc: 1.00  | Masked Acc: 0.45 | OG  F1: 1.00 | Masked F1: 0.37
Epoch 12
	| Avg Actor Loss: -0.0217 | Avg Critic Loss: 0.0165 
	| Avg Length: 2.3382 | Avg Reward: 0.5775 
	| Avg Length: 1.2152 | Avg Reward: 0.6154
	| OG  Acc: 1.00  | Masked Acc: 0.46 | OG  F1: 1.00 | Masked F1: 0.39
Epoch 13
	| Avg Actor Loss: -0.0214 | Avg Critic Loss: 0.0177 
	| Avg Length: 2.0391 | Avg Reward: 0.6245 
	| Avg Length: 1.3176 | Avg Reward: 0.6203
	| OG  Acc: 1.00  | Masked Acc: 0.47 | OG  F1: 1.00 | Masked F1: 0.40
Epoch 14
	| Avg Actor Loss: -0.0217 | Avg Critic Loss: 0.0180 
	| Avg Length: 1.9766 | Avg Reward: 0.6258 
	| Avg Length: 1.3538 | Avg Reward: 0.6348
	| OG  Acc: 1.00  | Masked Acc: 0.49 | OG  F1: 1.00 | Masked F1: 0.43
Epoch 15
	| Avg Actor Loss: -0.0225 | Avg Critic Loss: 0.0197 
	| Avg Length: 2.1211 | Avg Reward: 0.5700 
	| Avg Length: 1.4014 | Avg Reward: 0.6473
	| OG  Acc: 1.00  | Masked Acc: 0.52 | OG  F1: 1.00 | Masked F1: 0.47
Epoch 16
	| Avg Actor Loss: -0.0219 | Avg Critic Loss: 0.0213 
	| Avg Length: 2.1471 | Avg Reward: 0.6048 
	| Avg Length: 1.4766 | Avg Reward: 0.6496
	| OG  Acc: 1.00  | Masked Acc: 0.52 | OG  F1: 1.00 | Masked F1: 0.47
Epoch 17
	| Avg Actor Loss: -0.0205 | Avg Critic Loss: 0.0226 
	| Avg Length: 2.3984 | Avg Reward: 0.5785 
	| Avg Length: 1.5612 | Avg Reward: 0.6652
	| OG  Acc: 1.00  | Masked Acc: 0.54 | OG  F1: 1.00 | Masked F1: 0.50
Epoch 18
	| Avg Actor Loss: -0.0222 | Avg Critic Loss: 0.0237 
	| Avg Length: 2.4297 | Avg Reward: 0.6462 
	| Avg Length: 1.6406 | Avg Reward: 0.6680
	| OG  Acc: 1.00  | Masked Acc: 0.54 | OG  F1: 1.00 | Masked F1: 0.51
Epoch 19
	| Avg Actor Loss: -0.0256 | Avg Critic Loss: 0.0257 
	| Avg Length: 2.4727 | Avg Reward: 0.6315 
	| Avg Length: 1.6884 | Avg Reward: 0.6767
	| OG  Acc: 1.00  | Masked Acc: 0.55 | OG  F1: 1.00 | Masked F1: 0.52
Epoch 20
	| Avg Actor Loss: -0.0243 | Avg Critic Loss: 0.0261 
	| Avg Length: 2.5368 | Avg Reward: 0.5968 
	| Avg Length: 1.7180 | Avg Reward: 0.6800
	| OG  Acc: 1.00  | Masked Acc: 0.56 | OG  F1: 1.00 | Masked F1: 0.53
Epoch 21
	| Avg Actor Loss: -0.0229 | Avg Critic Loss: 0.0268 
	| Avg Length: 2.7031 | Avg Reward: 0.6166 
	| Avg Length: 1.7626 | Avg Reward: 0.6986
	| OG  Acc: 1.00  | Masked Acc: 0.59 | OG  F1: 1.00 | Masked F1: 0.57
Epoch 22
	| Avg Actor Loss: -0.0223 | Avg Critic Loss: 0.0271 
	| Avg Length: 2.7422 | Avg Reward: 0.6702 
	| Avg Length: 1.8202 | Avg Reward: 0.7130
	| OG  Acc: 1.00  | Masked Acc: 0.61 | OG  F1: 1.00 | Masked F1: 0.59
Epoch 23
	| Avg Actor Loss: -0.0210 | Avg Critic Loss: 0.0298 
	| Avg Length: 2.7109 | Avg Reward: 0.6431 
	| Avg Length: 1.9246 | Avg Reward: 0.7229
	| OG  Acc: 1.00  | Masked Acc: 0.62 | OG  F1: 1.00 | Masked F1: 0.60
Epoch 24
	| Avg Actor Loss: -0.0219 | Avg Critic Loss: 0.0288 
	| Avg Length: 2.7941 | Avg Reward: 0.6368 
	| Avg Length: 2.0000 | Avg Reward: 0.7264
	| OG  Acc: 1.00  | Masked Acc: 0.63 | OG  F1: 1.00 | Masked F1: 0.61
Epoch 25
	| Avg Actor Loss: -0.0223 | Avg Critic Loss: 0.0298 
	| Avg Length: 3.0781 | Avg Reward: 0.6937 
	| Avg Length: 2.0748 | Avg Reward: 0.7294
	| OG  Acc: 1.00  | Masked Acc: 0.63 | OG  F1: 1.00 | Masked F1: 0.62
Epoch 26
	| Avg Actor Loss: -0.0254 | Avg Critic Loss: 0.0283 
	| Avg Length: 2.9648 | Avg Reward: 0.7096 
	| Avg Length: 2.1358 | Avg Reward: 0.7334
	| OG  Acc: 1.00  | Masked Acc: 0.64 | OG  F1: 1.00 | Masked F1: 0.62
Epoch 27
	| Avg Actor Loss: -0.0271 | Avg Critic Loss: 0.0291 
	| Avg Length: 3.2734 | Avg Reward: 0.6965 
	| Avg Length: 2.3660 | Avg Reward: 0.7468
	| OG  Acc: 1.00  | Masked Acc: 0.66 | OG  F1: 1.00 | Masked F1: 0.64
Epoch 28
	| Avg Actor Loss: -0.0192 | Avg Critic Loss: 0.0281 
	| Avg Length: 3.6176 | Avg Reward: 0.6865 
	| Avg Length: 2.5714 | Avg Reward: 0.7647
	| OG  Acc: 1.00  | Masked Acc: 0.69 | OG  F1: 1.00 | Masked F1: 0.68
Epoch 29
	| Avg Actor Loss: -0.0136 | Avg Critic Loss: 0.0276 
	| Avg Length: 3.3477 | Avg Reward: 0.7229 
	| Avg Length: 2.6744 | Avg Reward: 0.7771
	| OG  Acc: 1.00  | Masked Acc: 0.70 | OG  F1: 1.00 | Masked F1: 0.69
Epoch 30
	| Avg Actor Loss: -0.0188 | Avg Critic Loss: 0.0273 
	| Avg Length: 3.8516 | Avg Reward: 0.7213 
	| Avg Length: 2.8180 | Avg Reward: 0.7926
	| OG  Acc: 1.00  | Masked Acc: 0.73 | OG  F1: 1.00 | Masked F1: 0.72
Epoch 31
	| Avg Actor Loss: -0.0148 | Avg Critic Loss: 0.0266 
	| Avg Length: 4.0664 | Avg Reward: 0.7545 
	| Avg Length: 3.0310 | Avg Reward: 0.8037
	| OG  Acc: 1.00  | Masked Acc: 0.74 | OG  F1: 1.00 | Masked F1: 0.74
Epoch 32
	| Avg Actor Loss: -0.0179 | Avg Critic Loss: 0.0269 
	| Avg Length: 4.4191 | Avg Reward: 0.7662 
	| Avg Length: 3.1944 | Avg Reward: 0.8202
	| OG  Acc: 1.00  | Masked Acc: 0.77 | OG  F1: 1.00 | Masked F1: 0.76
Epoch 33
	| Avg Actor Loss: -0.0181 | Avg Critic Loss: 0.0260 
	| Avg Length: 4.3164 | Avg Reward: 0.7756 
	| Avg Length: 3.3648 | Avg Reward: 0.8429
	| OG  Acc: 1.00  | Masked Acc: 0.80 | OG  F1: 1.00 | Masked F1: 0.80
Epoch 34
	| Avg Actor Loss: -0.0132 | Avg Critic Loss: 0.0263 
	| Avg Length: 4.7031 | Avg Reward: 0.7679 
	| Avg Length: 3.6404 | Avg Reward: 0.8535
	| OG  Acc: 1.00  | Masked Acc: 0.81 | OG  F1: 1.00 | Masked F1: 0.81
Epoch 35
	| Avg Actor Loss: -0.0105 | Avg Critic Loss: 0.0245 
	| Avg Length: 4.6094 | Avg Reward: 0.8125 
	| Avg Length: 3.8330 | Avg Reward: 0.8573
	| OG  Acc: 1.00  | Masked Acc: 0.82 | OG  F1: 1.00 | Masked F1: 0.82
Epoch 36
	| Avg Actor Loss: -0.0106 | Avg Critic Loss: 0.0243 
	| Avg Length: 4.9485 | Avg Reward: 0.8094 
	| Avg Length: 4.5162 | Avg Reward: 0.8627
	| OG  Acc: 1.00  | Masked Acc: 0.83 | OG  F1: 1.00 | Masked F1: 0.83
Epoch 37
	| Avg Actor Loss: -0.0090 | Avg Critic Loss: 0.0228 
	| Avg Length: 5.8281 | Avg Reward: 0.7944 
	| Avg Length: 4.7316 | Avg Reward: 0.8664
	| OG  Acc: 1.00  | Masked Acc: 0.84 | OG  F1: 1.00 | Masked F1: 0.84
Epoch 38
	| Avg Actor Loss: -0.0063 | Avg Critic Loss: 0.0231 
	| Avg Length: 5.8398 | Avg Reward: 0.8100 
	| Avg Length: 4.9792 | Avg Reward: 0.8702
	| OG  Acc: 1.00  | Masked Acc: 0.85 | OG  F1: 1.00 | Masked F1: 0.85
Epoch 39
	| Avg Actor Loss: -0.0083 | Avg Critic Loss: 0.0218 
	| Avg Length: 6.2422 | Avg Reward: 0.8122 
	| Avg Length: 5.1940 | Avg Reward: 0.8763
	| OG  Acc: 1.00  | Masked Acc: 0.86 | OG  F1: 1.00 | Masked F1: 0.86
Epoch 40
	| Avg Actor Loss: -0.0045 | Avg Critic Loss: 0.0211 
	| Avg Length: 6.3971 | Avg Reward: 0.8332 
	| Avg Length: 5.4044 | Avg Reward: 0.8838
	| OG  Acc: 1.00  | Masked Acc: 0.87 | OG  F1: 1.00 | Masked F1: 0.86
Epoch 41
	| Avg Actor Loss: -0.0016 | Avg Critic Loss: 0.0203 
	| Avg Length: 6.8984 | Avg Reward: 0.8313 
	| Avg Length: 5.8052 | Avg Reward: 0.8817
	| OG  Acc: 1.00  | Masked Acc: 0.87 | OG  F1: 1.00 | Masked F1: 0.87
Epoch 42
	| Avg Actor Loss: 0.0019 | Avg Critic Loss: 0.0189 
	| Avg Length: 7.3867 | Avg Reward: 0.8469 
	| Avg Length: 6.0568 | Avg Reward: 0.8848
	| OG  Acc: 1.00  | Masked Acc: 0.87 | OG  F1: 1.00 | Masked F1: 0.87
Epoch 43
	| Avg Actor Loss: 0.0023 | Avg Critic Loss: 0.0183 
	| Avg Length: 7.4805 | Avg Reward: 0.8678 
	| Avg Length: 6.2200 | Avg Reward: 0.8854
	| OG  Acc: 1.00  | Masked Acc: 0.88 | OG  F1: 1.00 | Masked F1: 0.88
Epoch 44
	| Avg Actor Loss: 0.0021 | Avg Critic Loss: 0.0178 
	| Avg Length: 7.2059 | Avg Reward: 0.8704 
	| Avg Length: 6.5448 | Avg Reward: 0.8915
	| OG  Acc: 1.00  | Masked Acc: 0.88 | OG  F1: 1.00 | Masked F1: 0.88
Epoch 45
	| Avg Actor Loss: 0.0039 | Avg Critic Loss: 0.0167 
	| Avg Length: 7.8789 | Avg Reward: 0.8627 
	| Avg Length: 6.8628 | Avg Reward: 0.8889
	| OG  Acc: 1.00  | Masked Acc: 0.88 | OG  F1: 1.00 | Masked F1: 0.88
Epoch 46
	| Avg Actor Loss: 0.0052 | Avg Critic Loss: 0.0166 
	| Avg Length: 8.1758 | Avg Reward: 0.8451 
	| Avg Length: 7.0418 | Avg Reward: 0.8950
	| OG  Acc: 1.00  | Masked Acc: 0.89 | OG  F1: 1.00 | Masked F1: 0.89
Epoch 47
	| Avg Actor Loss: 0.0057 | Avg Critic Loss: 0.0168 
	| Avg Length: 9.6055 | Avg Reward: 0.8468 
	| Avg Length: 7.2980 | Avg Reward: 0.8956
	| OG  Acc: 1.00  | Masked Acc: 0.90 | OG  F1: 1.00 | Masked F1: 0.90
Epoch 48
	| Avg Actor Loss: 0.0096 | Avg Critic Loss: 0.0154 
	| Avg Length: 8.6250 | Avg Reward: 0.8534 
	| Avg Length: 7.7026 | Avg Reward: 0.8968
	| OG  Acc: 1.00  | Masked Acc: 0.89 | OG  F1: 1.00 | Masked F1: 0.89
Epoch 49
	| Avg Actor Loss: 0.0207 | Avg Critic Loss: 0.0149 
	| Avg Length: 9.9727 | Avg Reward: 0.8520 
	| Avg Length: 7.8924 | Avg Reward: 0.9056
	| OG  Acc: 1.00  | Masked Acc: 0.91 | OG  F1: 1.00 | Masked F1: 0.91
Epoch 50
	| Avg Actor Loss: 0.0041 | Avg Critic Loss: 0.0144 
	| Avg Length: 10.1562 | Avg Reward: 0.8914 
	| Avg Length: 8.0300 | Avg Reward: 0.9048
	| OG  Acc: 1.00  | Masked Acc: 0.91 | OG  F1: 1.00 | Masked F1: 0.91
Epoch 51
	| Avg Actor Loss: 0.0112 | Avg Critic Loss: 0.0135 
	| Avg Length: 9.3164 | Avg Reward: 0.8776 
	| Avg Length: 8.4614 | Avg Reward: 0.9073
	| OG  Acc: 1.00  | Masked Acc: 0.91 | OG  F1: 1.00 | Masked F1: 0.91
Epoch 52
	| Avg Actor Loss: 0.0102 | Avg Critic Loss: 0.0134 
	| Avg Length: 9.5074 | Avg Reward: 0.8956 
	| Avg Length: 8.5846 | Avg Reward: 0.9096
	| OG  Acc: 1.00  | Masked Acc: 0.92 | OG  F1: 1.00 | Masked F1: 0.92
Epoch 53
	| Avg Actor Loss: 0.0041 | Avg Critic Loss: 0.0134 
	| Avg Length: 9.3125 | Avg Reward: 0.8781 
	| Avg Length: 8.8642 | Avg Reward: 0.9129
	| OG  Acc: 1.00  | Masked Acc: 0.93 | OG  F1: 1.00 | Masked F1: 0.93
Epoch 54
	| Avg Actor Loss: 0.0078 | Avg Critic Loss: 0.0127 
	| Avg Length: 10.7695 | Avg Reward: 0.8862 
	| Avg Length: 9.0638 | Avg Reward: 0.9127
	| OG  Acc: 1.00  | Masked Acc: 0.93 | OG  F1: 1.00 | Masked F1: 0.93
Epoch 55
	| Avg Actor Loss: 0.0023 | Avg Critic Loss: 0.0119 
	| Avg Length: 10.2266 | Avg Reward: 0.8873 
	| Avg Length: 9.5104 | Avg Reward: 0.9156
	| OG  Acc: 1.00  | Masked Acc: 0.93 | OG  F1: 1.00 | Masked F1: 0.93
Epoch 56
	| Avg Actor Loss: 0.0104 | Avg Critic Loss: 0.0108 
	| Avg Length: 10.5441 | Avg Reward: 0.8797 
	| Avg Length: 9.8584 | Avg Reward: 0.9198
	| OG  Acc: 1.00  | Masked Acc: 0.94 | OG  F1: 1.00 | Masked F1: 0.94
Epoch 57
	| Avg Actor Loss: 0.0108 | Avg Critic Loss: 0.0103 
	| Avg Length: 10.4102 | Avg Reward: 0.8920 
	| Avg Length: 10.1416 | Avg Reward: 0.9226
	| OG  Acc: 1.00  | Masked Acc: 0.95 | OG  F1: 1.00 | Masked F1: 0.95
Epoch 58
	| Avg Actor Loss: 0.0300 | Avg Critic Loss: 0.0109 
	| Avg Length: 10.7812 | Avg Reward: 0.8802 
	| Avg Length: 10.4978 | Avg Reward: 0.9235
	| OG  Acc: 1.00  | Masked Acc: 0.95 | OG  F1: 1.00 | Masked F1: 0.95
Epoch 59
	| Avg Actor Loss: 0.0034 | Avg Critic Loss: 0.0094 
	| Avg Length: 11.8789 | Avg Reward: 0.9032 
	| Avg Length: 10.5358 | Avg Reward: 0.9244
	| OG  Acc: 1.00  | Masked Acc: 0.95 | OG  F1: 1.00 | Masked F1: 0.95
Epoch 60
	| Avg Actor Loss: 0.0127 | Avg Critic Loss: 0.0095 
	| Avg Length: 10.1471 | Avg Reward: 0.9234 
	| Avg Length: 10.9008 | Avg Reward: 0.9224
	| OG  Acc: 1.00  | Masked Acc: 0.95 | OG  F1: 1.00 | Masked F1: 0.95
Epoch 61
	| Avg Actor Loss: 0.0061 | Avg Critic Loss: 0.0085 
	| Avg Length: 12.7188 | Avg Reward: 0.8855 
	| Avg Length: 11.0060 | Avg Reward: 0.9222
	| OG  Acc: 1.00  | Masked Acc: 0.95 | OG  F1: 1.00 | Masked F1: 0.95
Epoch 62
	| Avg Actor Loss: 0.0148 | Avg Critic Loss: 0.0089 
	| Avg Length: 11.9023 | Avg Reward: 0.8945 
	| Avg Length: 11.2174 | Avg Reward: 0.9191
	| OG  Acc: 1.00  | Masked Acc: 0.94 | OG  F1: 1.00 | Masked F1: 0.94
Epoch 63
	| Avg Actor Loss: 0.0120 | Avg Critic Loss: 0.0088 
	| Avg Length: 13.2656 | Avg Reward: 0.8975 
	| Avg Length: 11.4904 | Avg Reward: 0.9203
	| OG  Acc: 1.00  | Masked Acc: 0.95 | OG  F1: 1.00 | Masked F1: 0.95
Epoch 64
	| Avg Actor Loss: 0.0134 | Avg Critic Loss: 0.0081 
	| Avg Length: 12.0515 | Avg Reward: 0.8795 
	| Avg Length: 11.5350 | Avg Reward: 0.9204
	| OG  Acc: 1.00  | Masked Acc: 0.95 | OG  F1: 1.00 | Masked F1: 0.95
Epoch 65
	| Avg Actor Loss: 0.0000 | Avg Critic Loss: 0.0072 
	| Avg Length: 13.4648 | Avg Reward: 0.9095 
	| Avg Length: 11.1998 | Avg Reward: 0.9231
	| OG  Acc: 1.00  | Masked Acc: 0.95 | OG  F1: 1.00 | Masked F1: 0.95
Epoch 66
	| Avg Actor Loss: 0.0079 | Avg Critic Loss: 0.0076 
	| Avg Length: 12.6992 | Avg Reward: 0.9155 
	| Avg Length: 11.2170 | Avg Reward: 0.9254
	| OG  Acc: 1.00  | Masked Acc: 0.95 | OG  F1: 1.00 | Masked F1: 0.95
Epoch 67
	| Avg Actor Loss: 0.0048 | Avg Critic Loss: 0.0071 
	| Avg Length: 12.5703 | Avg Reward: 0.9041 
	| Avg Length: 11.2690 | Avg Reward: 0.9267
	| OG  Acc: 1.00  | Masked Acc: 0.96 | OG  F1: 1.00 | Masked F1: 0.96
Epoch 68
	| Avg Actor Loss: 0.0139 | Avg Critic Loss: 0.0076 
	| Avg Length: 13.2279 | Avg Reward: 0.9170 
	| Avg Length: 11.4448 | Avg Reward: 0.9264
	| OG  Acc: 1.00  | Masked Acc: 0.95 | OG  F1: 1.00 | Masked F1: 0.95
Epoch 69
	| Avg Actor Loss: 0.0227 | Avg Critic Loss: 0.0073 
	| Avg Length: 13.2188 | Avg Reward: 0.9043 
	| Avg Length: 11.7794 | Avg Reward: 0.9268
	| OG  Acc: 1.00  | Masked Acc: 0.96 | OG  F1: 1.00 | Masked F1: 0.96
Epoch 70
	| Avg Actor Loss: 0.0078 | Avg Critic Loss: 0.0076 
	| Avg Length: 13.2773 | Avg Reward: 0.8941 
	| Avg Length: 11.7978 | Avg Reward: 0.9265
	| OG  Acc: 1.00  | Masked Acc: 0.96 | OG  F1: 1.00 | Masked F1: 0.96
Epoch 71
	| Avg Actor Loss: 0.0125 | Avg Critic Loss: 0.0066 
	| Avg Length: 12.5195 | Avg Reward: 0.9084 
	| Avg Length: 11.8312 | Avg Reward: 0.9262
	| OG  Acc: 1.00  | Masked Acc: 0.96 | OG  F1: 1.00 | Masked F1: 0.96
Epoch 72
	| Avg Actor Loss: 0.0074 | Avg Critic Loss: 0.0063 
	| Avg Length: 11.4118 | Avg Reward: 0.9270 
	| Avg Length: 11.5452 | Avg Reward: 0.9259
	| OG  Acc: 1.00  | Masked Acc: 0.96 | OG  F1: 1.00 | Masked F1: 0.96
Epoch 73
	| Avg Actor Loss: 0.0090 | Avg Critic Loss: 0.0068 
	| Avg Length: 13.5664 | Avg Reward: 0.9011 
	| Avg Length: 11.6266 | Avg Reward: 0.9279
	| OG  Acc: 1.00  | Masked Acc: 0.96 | OG  F1: 1.00 | Masked F1: 0.96
Epoch 74
	| Avg Actor Loss: 0.0189 | Avg Critic Loss: 0.0064 
	| Avg Length: 12.5117 | Avg Reward: 0.9228 
	| Avg Length: 11.4162 | Avg Reward: 0.9278
	| OG  Acc: 1.00  | Masked Acc: 0.96 | OG  F1: 1.00 | Masked F1: 0.96
Epoch 75
	| Avg Actor Loss: 0.0048 | Avg Critic Loss: 0.0066 
	| Avg Length: 13.3203 | Avg Reward: 0.8967 
	| Avg Length: 11.5030 | Avg Reward: 0.9263
	| OG  Acc: 1.00  | Masked Acc: 0.96 | OG  F1: 1.00 | Masked F1: 0.96
Epoch 76
	| Avg Actor Loss: 0.0054 | Avg Critic Loss: 0.0068 
	| Avg Length: 12.8015 | Avg Reward: 0.9070 
	| Avg Length: 11.6774 | Avg Reward: 0.9275
	| OG  Acc: 1.00  | Masked Acc: 0.96 | OG  F1: 1.00 | Masked F1: 0.96
Epoch 77
	| Avg Actor Loss: 0.0134 | Avg Critic Loss: 0.0064 
	| Avg Length: 12.7539 | Avg Reward: 0.8953 
	| Avg Length: 11.7114 | Avg Reward: 0.9261
	| OG  Acc: 1.00  | Masked Acc: 0.96 | OG  F1: 1.00 | Masked F1: 0.96
Epoch 78
	| Avg Actor Loss: 0.0175 | Avg Critic Loss: 0.0064 
	| Avg Length: 12.1562 | Avg Reward: 0.9108 
	| Avg Length: 11.4290 | Avg Reward: 0.9281
	| OG  Acc: 1.00  | Masked Acc: 0.96 | OG  F1: 1.00 | Masked F1: 0.96
Epoch 79
	| Avg Actor Loss: 0.0064 | Avg Critic Loss: 0.0066 
	| Avg Length: 11.4141 | Avg Reward: 0.9024 
	| Avg Length: 11.4206 | Avg Reward: 0.9276
	| OG  Acc: 1.00  | Masked Acc: 0.96 | OG  F1: 1.00 | Masked F1: 0.96
Epoch 80
	| Avg Actor Loss: 0.0070 | Avg Critic Loss: 0.0065 
	| Avg Length: 13.1029 | Avg Reward: 0.8957 
	| Avg Length: 11.4966 | Avg Reward: 0.9265
	| OG  Acc: 1.00  | Masked Acc: 0.96 | OG  F1: 1.00 | Masked F1: 0.96
Epoch 81
	| Avg Actor Loss: 0.0112 | Avg Critic Loss: 0.0057 
	| Avg Length: 12.7891 | Avg Reward: 0.9052 
	| Avg Length: 11.3886 | Avg Reward: 0.9266
	| OG  Acc: 1.00  | Masked Acc: 0.96 | OG  F1: 1.00 | Masked F1: 0.96
Epoch 82
	| Avg Actor Loss: 0.0099 | Avg Critic Loss: 0.0062 
	| Avg Length: 13.5664 | Avg Reward: 0.9189 
	| Avg Length: 11.1736 | Avg Reward: 0.9297
	| OG  Acc: 1.00  | Masked Acc: 0.96 | OG  F1: 1.00 | Masked F1: 0.96
Epoch 83
	| Avg Actor Loss: 0.0164 | Avg Critic Loss: 0.0067 
	| Avg Length: 12.2422 | Avg Reward: 0.9092 
	| Avg Length: 11.3592 | Avg Reward: 0.9311
	| OG  Acc: 1.00  | Masked Acc: 0.96 | OG  F1: 1.00 | Masked F1: 0.96
Epoch 84
	| Avg Actor Loss: 0.0069 | Avg Critic Loss: 0.0065 
	| Avg Length: 13.4559 | Avg Reward: 0.9269 
	| Avg Length: 11.6752 | Avg Reward: 0.9299
	| OG  Acc: 1.00  | Masked Acc: 0.96 | OG  F1: 1.00 | Masked F1: 0.96
Epoch 85
	| Avg Actor Loss: 0.0148 | Avg Critic Loss: 0.0057 
	| Avg Length: 12.0820 | Avg Reward: 0.8908 
	| Avg Length: 11.6930 | Avg Reward: 0.9284
	| OG  Acc: 1.00  | Masked Acc: 0.96 | OG  F1: 1.00 | Masked F1: 0.96
Epoch 86
	| Avg Actor Loss: 0.0114 | Avg Critic Loss: 0.0057 
	| Avg Length: 13.2422 | Avg Reward: 0.9168 
	| Avg Length: 11.6734 | Avg Reward: 0.9302
	| OG  Acc: 1.00  | Masked Acc: 0.96 | OG  F1: 1.00 | Masked F1: 0.96
Epoch 87
	| Avg Actor Loss: 0.0122 | Avg Critic Loss: 0.0060 
	| Avg Length: 12.9414 | Avg Reward: 0.9159 
	| Avg Length: 11.9140 | Avg Reward: 0.9298
	| OG  Acc: 1.00  | Masked Acc: 0.96 | OG  F1: 1.00 | Masked F1: 0.96
Epoch 88
	| Avg Actor Loss: 0.0081 | Avg Critic Loss: 0.0053 
	| Avg Length: 12.5735 | Avg Reward: 0.9133 
	| Avg Length: 11.9124 | Avg Reward: 0.9303
	| OG  Acc: 1.00  | Masked Acc: 0.96 | OG  F1: 1.00 | Masked F1: 0.96
Epoch 89
	| Avg Actor Loss: 0.0071 | Avg Critic Loss: 0.0054 
	| Avg Length: 13.9531 | Avg Reward: 0.9227 
	| Avg Length: 11.9474 | Avg Reward: 0.9314
	| OG  Acc: 1.00  | Masked Acc: 0.97 | OG  F1: 1.00 | Masked F1: 0.97
Epoch 90
	| Avg Actor Loss: 0.0177 | Avg Critic Loss: 0.0056 
	| Avg Length: 12.4102 | Avg Reward: 0.9147 
	| Avg Length: 12.3654 | Avg Reward: 0.9304
	| OG  Acc: 1.00  | Masked Acc: 0.97 | OG  F1: 1.00 | Masked F1: 0.97
Epoch 91
	| Avg Actor Loss: 0.0087 | Avg Critic Loss: 0.0064 
	| Avg Length: 12.9180 | Avg Reward: 0.9241 
	| Avg Length: 12.3680 | Avg Reward: 0.9307
	| OG  Acc: 1.00  | Masked Acc: 0.97 | OG  F1: 1.00 | Masked F1: 0.97
Epoch 92
	| Avg Actor Loss: 0.0112 | Avg Critic Loss: 0.0050 
	| Avg Length: 14.9632 | Avg Reward: 0.9143 
	| Avg Length: 12.3292 | Avg Reward: 0.9300
	| OG  Acc: 1.00  | Masked Acc: 0.96 | OG  F1: 1.00 | Masked F1: 0.96
Epoch 93
	| Avg Actor Loss: 0.0030 | Avg Critic Loss: 0.0053 
	| Avg Length: 14.9141 | Avg Reward: 0.9079 
	| Avg Length: 12.5572 | Avg Reward: 0.9285
	| OG  Acc: 1.00  | Masked Acc: 0.96 | OG  F1: 1.00 | Masked F1: 0.96
Epoch 94
	| Avg Actor Loss: 0.0097 | Avg Critic Loss: 0.0048 
	| Avg Length: 13.3477 | Avg Reward: 0.9058 
	| Avg Length: 12.6548 | Avg Reward: 0.9289
	| OG  Acc: 1.00  | Masked Acc: 0.96 | OG  F1: 1.00 | Masked F1: 0.96
Epoch 95
	| Avg Actor Loss: 0.0082 | Avg Critic Loss: 0.0055 
	| Avg Length: 13.2109 | Avg Reward: 0.9254 
	| Avg Length: 12.4816 | Avg Reward: 0.9288
	| OG  Acc: 1.00  | Masked Acc: 0.96 | OG  F1: 1.00 | Masked F1: 0.96
Epoch 96
	| Avg Actor Loss: 0.0101 | Avg Critic Loss: 0.0047 
	| Avg Length: 13.0221 | Avg Reward: 0.9064 
	| Avg Length: 12.6970 | Avg Reward: 0.9303
	| OG  Acc: 1.00  | Masked Acc: 0.97 | OG  F1: 1.00 | Masked F1: 0.97
Epoch 97
	| Avg Actor Loss: 0.0193 | Avg Critic Loss: 0.0047 
	| Avg Length: 14.5000 | Avg Reward: 0.9298 
	| Avg Length: 12.7584 | Avg Reward: 0.9290
	| OG  Acc: 1.00  | Masked Acc: 0.96 | OG  F1: 1.00 | Masked F1: 0.96
Epoch 98
	| Avg Actor Loss: 0.0095 | Avg Critic Loss: 0.0043 
	| Avg Length: 15.0586 | Avg Reward: 0.8991 
	| Avg Length: 12.5930 | Avg Reward: 0.9277
	| OG  Acc: 1.00  | Masked Acc: 0.96 | OG  F1: 1.00 | Masked F1: 0.96
Epoch 99
	| Avg Actor Loss: 0.0100 | Avg Critic Loss: 0.0049 
	| Avg Length: 14.3047 | Avg Reward: 0.9256 
	| Avg Length: 12.6350 | Avg Reward: 0.9277
	| OG  Acc: 1.00  | Masked Acc: 0.97 | OG  F1: 1.00 | Masked F1: 0.97
Epoch 100
	| Avg Actor Loss: 0.0025 | Avg Critic Loss: 0.0041 
	| Avg Length: 14.2868 | Avg Reward: 0.8987 
	| Avg Length: 12.1922 | Avg Reward: 0.9308
	| OG  Acc: 1.00  | Masked Acc: 0.97 | OG  F1: 1.00 | Masked F1: 0.97
Epoch 101
	| Avg Actor Loss: 0.0041 | Avg Critic Loss: 0.0047 
	| Avg Length: 14.1953 | Avg Reward: 0.9273 
	| Avg Length: 12.5102 | Avg Reward: 0.9283
	| OG  Acc: 1.00  | Masked Acc: 0.96 | OG  F1: 1.00 | Masked F1: 0.96
Epoch 102
	| Avg Actor Loss: 0.0026 | Avg Critic Loss: 0.0040 
	| Avg Length: 14.4141 | Avg Reward: 0.9191 
	| Avg Length: 12.4522 | Avg Reward: 0.9309
	| OG  Acc: 1.00  | Masked Acc: 0.97 | OG  F1: 1.00 | Masked F1: 0.97
Epoch 103
	| Avg Actor Loss: 0.0144 | Avg Critic Loss: 0.0045 
	| Avg Length: 14.8906 | Avg Reward: 0.9275 
	| Avg Length: 12.8842 | Avg Reward: 0.9286
	| OG  Acc: 1.00  | Masked Acc: 0.96 | OG  F1: 1.00 | Masked F1: 0.96
Epoch 104
	| Avg Actor Loss: 0.0078 | Avg Critic Loss: 0.0043 
	| Avg Length: 15.2941 | Avg Reward: 0.9217 
	| Avg Length: 12.9632 | Avg Reward: 0.9298
	| OG  Acc: 1.00  | Masked Acc: 0.97 | OG  F1: 1.00 | Masked F1: 0.97
Epoch 105
	| Avg Actor Loss: 0.0035 | Avg Critic Loss: 0.0039 
	| Avg Length: 13.0391 | Avg Reward: 0.9183 
	| Avg Length: 12.6824 | Avg Reward: 0.9291
	| OG  Acc: 1.00  | Masked Acc: 0.97 | OG  F1: 1.00 | Masked F1: 0.97
Epoch 106
	| Avg Actor Loss: 0.0091 | Avg Critic Loss: 0.0042 
	| Avg Length: 12.6094 | Avg Reward: 0.9208 
	| Avg Length: 12.6104 | Avg Reward: 0.9285
	| OG  Acc: 1.00  | Masked Acc: 0.96 | OG  F1: 1.00 | Masked F1: 0.96
Epoch 107
	| Avg Actor Loss: 0.0047 | Avg Critic Loss: 0.0045 
	| Avg Length: 13.1367 | Avg Reward: 0.9094 
	| Avg Length: 12.6080 | Avg Reward: 0.9293
	| OG  Acc: 1.00  | Masked Acc: 0.97 | OG  F1: 1.00 | Masked F1: 0.97
Epoch 108
	| Avg Actor Loss: 0.0073 | Avg Critic Loss: 0.0046 
	| Avg Length: 13.2206 | Avg Reward: 0.9058 
	| Avg Length: 12.5394 | Avg Reward: 0.9286
	| OG  Acc: 1.00  | Masked Acc: 0.97 | OG  F1: 1.00 | Masked F1: 0.97
Epoch 109
	| Avg Actor Loss: 0.0048 | Avg Critic Loss: 0.0041 
	| Avg Length: 13.9961 | Avg Reward: 0.9171 
	| Avg Length: 12.3748 | Avg Reward: 0.9299
	| OG  Acc: 1.00  | Masked Acc: 0.97 | OG  F1: 1.00 | Masked F1: 0.97
Epoch 110
	| Avg Actor Loss: 0.0118 | Avg Critic Loss: 0.0046 
	| Avg Length: 14.5352 | Avg Reward: 0.9185 
	| Avg Length: 12.3458 | Avg Reward: 0.9326
	| OG  Acc: 1.00  | Masked Acc: 0.97 | OG  F1: 1.00 | Masked F1: 0.97
Epoch 111
	| Avg Actor Loss: 0.0062 | Avg Critic Loss: 0.0040 
	| Avg Length: 13.2969 | Avg Reward: 0.9186 
	| Avg Length: 12.2512 | Avg Reward: 0.9313
	| OG  Acc: 1.00  | Masked Acc: 0.97 | OG  F1: 1.00 | Masked F1: 0.97
Epoch 112
	| Avg Actor Loss: 0.0170 | Avg Critic Loss: 0.0042 
	| Avg Length: 13.0662 | Avg Reward: 0.9326 
	| Avg Length: 12.3852 | Avg Reward: 0.9303
	| OG  Acc: 1.00  | Masked Acc: 0.97 | OG  F1: 1.00 | Masked F1: 0.97
Epoch 113
	| Avg Actor Loss: 0.0027 | Avg Critic Loss: 0.0041 
	| Avg Length: 13.7266 | Avg Reward: 0.9215 
	| Avg Length: 11.8612 | Avg Reward: 0.9292
	| OG  Acc: 1.00  | Masked Acc: 0.96 | OG  F1: 1.00 | Masked F1: 0.96
Epoch 114
	| Avg Actor Loss: 0.0101 | Avg Critic Loss: 0.0050 
	| Avg Length: 12.9531 | Avg Reward: 0.9217 
	| Avg Length: 12.1064 | Avg Reward: 0.9296
	| OG  Acc: 1.00  | Masked Acc: 0.96 | OG  F1: 1.00 | Masked F1: 0.96
Epoch 115
	| Avg Actor Loss: 0.0095 | Avg Critic Loss: 0.0049 
	| Avg Length: 13.8828 | Avg Reward: 0.9123 
	| Avg Length: 12.2972 | Avg Reward: 0.9272
	| OG  Acc: 1.00  | Masked Acc: 0.96 | OG  F1: 1.00 | Masked F1: 0.96
Epoch 116
	| Avg Actor Loss: 0.0070 | Avg Critic Loss: 0.0043 
	| Avg Length: 14.1397 | Avg Reward: 0.9363 
	| Avg Length: 12.2368 | Avg Reward: 0.9295
	| OG  Acc: 1.00  | Masked Acc: 0.96 | OG  F1: 1.00 | Masked F1: 0.96
Epoch 117
	| Avg Actor Loss: 0.0085 | Avg Critic Loss: 0.0047 
	| Avg Length: 13.1758 | Avg Reward: 0.9127 
	| Avg Length: 12.4922 | Avg Reward: 0.9308
	| OG  Acc: 1.00  | Masked Acc: 0.97 | OG  F1: 1.00 | Masked F1: 0.97
Epoch 118
	| Avg Actor Loss: 0.0163 | Avg Critic Loss: 0.0046 
	| Avg Length: 14.0195 | Avg Reward: 0.9256 
	| Avg Length: 12.9112 | Avg Reward: 0.9290
	| OG  Acc: 1.00  | Masked Acc: 0.97 | OG  F1: 1.00 | Masked F1: 0.97
Epoch 119
	| Avg Actor Loss: 0.0011 | Avg Critic Loss: 0.0034 
	| Avg Length: 13.0977 | Avg Reward: 0.9176 
	| Avg Length: 12.7044 | Avg Reward: 0.9293
	| OG  Acc: 1.00  | Masked Acc: 0.97 | OG  F1: 1.00 | Masked F1: 0.97
Epoch 120
	| Avg Actor Loss: 0.0098 | Avg Critic Loss: 0.0037 
	| Avg Length: 14.0368 | Avg Reward: 0.9193 
	| Avg Length: 12.6432 | Avg Reward: 0.9306
	| OG  Acc: 1.00  | Masked Acc: 0.97 | OG  F1: 1.00 | Masked F1: 0.97
Epoch 121
	| Avg Actor Loss: 0.0099 | Avg Critic Loss: 0.0037 
	| Avg Length: 13.7305 | Avg Reward: 0.9139 
	| Avg Length: 12.4426 | Avg Reward: 0.9305
	| OG  Acc: 1.00  | Masked Acc: 0.97 | OG  F1: 1.00 | Masked F1: 0.97
Epoch 122
	| Avg Actor Loss: 0.0098 | Avg Critic Loss: 0.0035 
	| Avg Length: 13.5703 | Avg Reward: 0.9282 
	| Avg Length: 12.0338 | Avg Reward: 0.9318
	| OG  Acc: 1.00  | Masked Acc: 0.97 | OG  F1: 1.00 | Masked F1: 0.97
Epoch 123
	| Avg Actor Loss: 0.0122 | Avg Critic Loss: 0.0041 
	| Avg Length: 14.0820 | Avg Reward: 0.9180 
	| Avg Length: 12.3854 | Avg Reward: 0.9300
	| OG  Acc: 1.00  | Masked Acc: 0.96 | OG  F1: 1.00 | Masked F1: 0.96
Epoch 124
	| Avg Actor Loss: 0.0241 | Avg Critic Loss: 0.0042 
	| Avg Length: 12.9265 | Avg Reward: 0.9235 
	| Avg Length: 12.4320 | Avg Reward: 0.9293
	| OG  Acc: 1.00  | Masked Acc: 0.97 | OG  F1: 1.00 | Masked F1: 0.97
Epoch 125
	| Avg Actor Loss: -0.0019 | Avg Critic Loss: 0.0037 
	| Avg Length: 12.9727 | Avg Reward: 0.9080 
	| Avg Length: 12.0828 | Avg Reward: 0.9295
	| OG  Acc: 1.00  | Masked Acc: 0.96 | OG  F1: 1.00 | Masked F1: 0.96
Epoch 126
	| Avg Actor Loss: 0.0230 | Avg Critic Loss: 0.0047 
	| Avg Length: 12.9297 | Avg Reward: 0.9148 
	| Avg Length: 12.4048 | Avg Reward: 0.9275
	| OG  Acc: 1.00  | Masked Acc: 0.96 | OG  F1: 1.00 | Masked F1: 0.96
Epoch 127
	| Avg Actor Loss: 0.0147 | Avg Critic Loss: 0.0044 
	| Avg Length: 13.5586 | Avg Reward: 0.9108 
	| Avg Length: 12.8754 | Avg Reward: 0.9302
	| OG  Acc: 1.00  | Masked Acc: 0.97 | OG  F1: 1.00 | Masked F1: 0.97
Epoch 128
	| Avg Actor Loss: 0.0093 | Avg Critic Loss: 0.0034 
	| Avg Length: 14.6176 | Avg Reward: 0.8989 
	| Avg Length: 12.8182 | Avg Reward: 0.9298
	| OG  Acc: 1.00  | Masked Acc: 0.97 | OG  F1: 1.00 | Masked F1: 0.97
Epoch 129
	| Avg Actor Loss: 0.0066 | Avg Critic Loss: 0.0037 
	| Avg Length: 13.0195 | Avg Reward: 0.9218 
	| Avg Length: 12.2098 | Avg Reward: 0.9289
	| OG  Acc: 1.00  | Masked Acc: 0.96 | OG  F1: 1.00 | Masked F1: 0.96
Epoch 130
	| Avg Actor Loss: 0.0081 | Avg Critic Loss: 0.0041 
	| Avg Length: 13.3164 | Avg Reward: 0.9235 
	| Avg Length: 12.1372 | Avg Reward: 0.9300
	| OG  Acc: 1.00  | Masked Acc: 0.96 | OG  F1: 1.00 | Masked F1: 0.96
Epoch 131
	| Avg Actor Loss: 0.0114 | Avg Critic Loss: 0.0043 
	| Avg Length: 13.3477 | Avg Reward: 0.9193 
	| Avg Length: 11.9264 | Avg Reward: 0.9304
	| OG  Acc: 1.00  | Masked Acc: 0.96 | OG  F1: 1.00 | Masked F1: 0.96
Epoch 132
	| Avg Actor Loss: 0.0080 | Avg Critic Loss: 0.0043 
	| Avg Length: 13.2941 | Avg Reward: 0.9134 
	| Avg Length: 12.0632 | Avg Reward: 0.9319
	| OG  Acc: 1.00  | Masked Acc: 0.97 | OG  F1: 1.00 | Masked F1: 0.97
Epoch 133
	| Avg Actor Loss: 0.0085 | Avg Critic Loss: 0.0045 
	| Avg Length: 12.7695 | Avg Reward: 0.9118 
	| Avg Length: 12.3488 | Avg Reward: 0.9303
	| OG  Acc: 1.00  | Masked Acc: 0.97 | OG  F1: 1.00 | Masked F1: 0.97
Epoch 134
	| Avg Actor Loss: 0.0108 | Avg Critic Loss: 0.0043 
	| Avg Length: 13.0195 | Avg Reward: 0.9203 
	| Avg Length: 12.5786 | Avg Reward: 0.9313
	| OG  Acc: 1.00  | Masked Acc: 0.97 | OG  F1: 1.00 | Masked F1: 0.97
Epoch 135
	| Avg Actor Loss: 0.0148 | Avg Critic Loss: 0.0035 
	| Avg Length: 13.5781 | Avg Reward: 0.9237 
	| Avg Length: 12.6200 | Avg Reward: 0.9306
	| OG  Acc: 1.00  | Masked Acc: 0.97 | OG  F1: 1.00 | Masked F1: 0.97
Epoch 136
	| Avg Actor Loss: 0.0099 | Avg Critic Loss: 0.0036 
	| Avg Length: 14.6103 | Avg Reward: 0.9055 
	| Avg Length: 12.4318 | Avg Reward: 0.9305
	| OG  Acc: 1.00  | Masked Acc: 0.97 | OG  F1: 1.00 | Masked F1: 0.97
Epoch 137
	| Avg Actor Loss: 0.0069 | Avg Critic Loss: 0.0037 
	| Avg Length: 12.8555 | Avg Reward: 0.9045 
	| Avg Length: 12.2976 | Avg Reward: 0.9306
	| OG  Acc: 1.00  | Masked Acc: 0.97 | OG  F1: 1.00 | Masked F1: 0.97
Epoch 138
	| Avg Actor Loss: 0.0016 | Avg Critic Loss: 0.0037 
	| Avg Length: 13.7656 | Avg Reward: 0.9202 
	| Avg Length: 12.2386 | Avg Reward: 0.9321
	| OG  Acc: 1.00  | Masked Acc: 0.97 | OG  F1: 1.00 | Masked F1: 0.97
Epoch 139
	| Avg Actor Loss: 0.0072 | Avg Critic Loss: 0.0039 
	| Avg Length: 13.6445 | Avg Reward: 0.9263 
	| Avg Length: 12.3196 | Avg Reward: 0.9301
	| OG  Acc: 1.00  | Masked Acc: 0.97 | OG  F1: 1.00 | Masked F1: 0.97
Epoch 140
	| Avg Actor Loss: 0.0084 | Avg Critic Loss: 0.0037 
	| Avg Length: 11.9485 | Avg Reward: 0.9159 
	| Avg Length: 12.2754 | Avg Reward: 0.9320
	| OG  Acc: 1.00  | Masked Acc: 0.97 | OG  F1: 1.00 | Masked F1: 0.97
Epoch 141
	| Avg Actor Loss: 0.0051 | Avg Critic Loss: 0.0038 
	| Avg Length: 13.3359 | Avg Reward: 0.9006 
	| Avg Length: 12.3202 | Avg Reward: 0.9310
	| OG  Acc: 1.00  | Masked Acc: 0.97 | OG  F1: 1.00 | Masked F1: 0.97
Epoch 142
	| Avg Actor Loss: 0.0133 | Avg Critic Loss: 0.0035 
	| Avg Length: 12.8984 | Avg Reward: 0.9257 
	| Avg Length: 12.5272 | Avg Reward: 0.9300
	| OG  Acc: 1.00  | Masked Acc: 0.97 | OG  F1: 1.00 | Masked F1: 0.97
Epoch 143
	| Avg Actor Loss: 0.0061 | Avg Critic Loss: 0.0032 
	| Avg Length: 12.1953 | Avg Reward: 0.9227 
	| Avg Length: 12.5196 | Avg Reward: 0.9296
	| OG  Acc: 1.00  | Masked Acc: 0.97 | OG  F1: 1.00 | Masked F1: 0.97
Epoch 144
	| Avg Actor Loss: 0.0049 | Avg Critic Loss: 0.0035 
	| Avg Length: 11.9559 | Avg Reward: 0.9275 
	| Avg Length: 12.1548 | Avg Reward: 0.9300
	| OG  Acc: 1.00  | Masked Acc: 0.96 | OG  F1: 1.00 | Masked F1: 0.96
Epoch 145
	| Avg Actor Loss: 0.0131 | Avg Critic Loss: 0.0035 
	| Avg Length: 13.4922 | Avg Reward: 0.9235 
	| Avg Length: 12.1212 | Avg Reward: 0.9333
	| OG  Acc: 1.00  | Masked Acc: 0.97 | OG  F1: 1.00 | Masked F1: 0.97
Epoch 146
	| Avg Actor Loss: 0.0264 | Avg Critic Loss: 0.0041 
	| Avg Length: 12.7578 | Avg Reward: 0.9156 
	| Avg Length: 12.2680 | Avg Reward: 0.9311
	| OG  Acc: 1.00  | Masked Acc: 0.97 | OG  F1: 1.00 | Masked F1: 0.97
Epoch 147
	| Avg Actor Loss: 0.0081 | Avg Critic Loss: 0.0042 
	| Avg Length: 12.4648 | Avg Reward: 0.9235 
	| Avg Length: 12.4982 | Avg Reward: 0.9302
	| OG  Acc: 1.00  | Masked Acc: 0.97 | OG  F1: 1.00 | Masked F1: 0.97
Epoch 148
	| Avg Actor Loss: 0.0257 | Avg Critic Loss: 0.0037 
	| Avg Length: 14.5882 | Avg Reward: 0.9194 
	| Avg Length: 12.6136 | Avg Reward: 0.9308
	| OG  Acc: 1.00  | Masked Acc: 0.97 | OG  F1: 1.00 | Masked F1: 0.97
Epoch 149
	| Avg Actor Loss: -0.0010 | Avg Critic Loss: 0.0032 
	| Avg Length: 14.2461 | Avg Reward: 0.9244 
	| Avg Length: 12.3268 | Avg Reward: 0.9301
	| OG  Acc: 1.00  | Masked Acc: 0.97 | OG  F1: 1.00 | Masked F1: 0.97
Epoch 150
	| Avg Actor Loss: 0.0036 | Avg Critic Loss: 0.0037 
	| Avg Length: 13.3281 | Avg Reward: 0.9212 
	| Avg Length: 12.2978 | Avg Reward: 0.9313
	| OG  Acc: 1.00  | Masked Acc: 0.97 | OG  F1: 1.00 | Masked F1: 0.97
Epoch 151
	| Avg Actor Loss: 0.0173 | Avg Critic Loss: 0.0038 
	| Avg Length: 12.7070 | Avg Reward: 0.9238 
	| Avg Length: 12.7788 | Avg Reward: 0.9316
	| OG  Acc: 1.00  | Masked Acc: 0.97 | OG  F1: 1.00 | Masked F1: 0.97
Epoch 152
	| Avg Actor Loss: 0.0019 | Avg Critic Loss: 0.0035 
	| Avg Length: 12.5294 | Avg Reward: 0.9302 
	| Avg Length: 12.6248 | Avg Reward: 0.9322
	| OG  Acc: 1.00  | Masked Acc: 0.97 | OG  F1: 1.00 | Masked F1: 0.97
Epoch 153
	| Avg Actor Loss: 0.0093 | Avg Critic Loss: 0.0033 
	| Avg Length: 14.6758 | Avg Reward: 0.9185 
	| Avg Length: 12.8862 | Avg Reward: 0.9299
	| OG  Acc: 1.00  | Masked Acc: 0.97 | OG  F1: 1.00 | Masked F1: 0.97
Epoch 154
	| Avg Actor Loss: 0.0080 | Avg Critic Loss: 0.0035 
	| Avg Length: 13.3047 | Avg Reward: 0.9229 
	| Avg Length: 12.6110 | Avg Reward: 0.9323
	| OG  Acc: 1.00  | Masked Acc: 0.97 | OG  F1: 1.00 | Masked F1: 0.97
Epoch 155
	| Avg Actor Loss: 0.0076 | Avg Critic Loss: 0.0030 
	| Avg Length: 13.8906 | Avg Reward: 0.9295 
	| Avg Length: 12.6824 | Avg Reward: 0.9309
	| OG  Acc: 1.00  | Masked Acc: 0.97 | OG  F1: 1.00 | Masked F1: 0.97
Epoch 156
	| Avg Actor Loss: 0.0020 | Avg Critic Loss: 0.0037 
	| Avg Length: 15.9485 | Avg Reward: 0.9217 
	| Avg Length: 12.7278 | Avg Reward: 0.9314
	| OG  Acc: 1.00  | Masked Acc: 0.97 | OG  F1: 1.00 | Masked F1: 0.97
Epoch 157
	| Avg Actor Loss: 0.0134 | Avg Critic Loss: 0.0034 
	| Avg Length: 13.2656 | Avg Reward: 0.9121 
	| Avg Length: 12.5658 | Avg Reward: 0.9313
	| OG  Acc: 1.00  | Masked Acc: 0.97 | OG  F1: 1.00 | Masked F1: 0.97
Epoch 158
	| Avg Actor Loss: 0.0047 | Avg Critic Loss: 0.0035 
	| Avg Length: 13.2578 | Avg Reward: 0.9090 
	| Avg Length: 12.2166 | Avg Reward: 0.9320
	| OG  Acc: 1.00  | Masked Acc: 0.97 | OG  F1: 1.00 | Masked F1: 0.97
Epoch 159
	| Avg Actor Loss: 0.0087 | Avg Critic Loss: 0.0028 
	| Avg Length: 14.1016 | Avg Reward: 0.9256 
	| Avg Length: 12.0942 | Avg Reward: 0.9333
	| OG  Acc: 1.00  | Masked Acc: 0.97 | OG  F1: 1.00 | Masked F1: 0.97
Epoch 160
	| Avg Actor Loss: 0.0092 | Avg Critic Loss: 0.0033 
	| Avg Length: 13.9485 | Avg Reward: 0.9382 
	| Avg Length: 11.8048 | Avg Reward: 0.9341
	| OG  Acc: 1.00  | Masked Acc: 0.97 | OG  F1: 1.00 | Masked F1: 0.97
Epoch 161
	| Avg Actor Loss: 0.0088 | Avg Critic Loss: 0.0033 
	| Avg Length: 12.3086 | Avg Reward: 0.9280 
	| Avg Length: 11.9156 | Avg Reward: 0.9317
	| OG  Acc: 1.00  | Masked Acc: 0.97 | OG  F1: 1.00 | Masked F1: 0.97
Epoch 162
	| Avg Actor Loss: 0.0124 | Avg Critic Loss: 0.0037 
	| Avg Length: 12.7656 | Avg Reward: 0.9278 
	| Avg Length: 12.2420 | Avg Reward: 0.9317
	| OG  Acc: 1.00  | Masked Acc: 0.97 | OG  F1: 1.00 | Masked F1: 0.97
Epoch 163
	| Avg Actor Loss: 0.0145 | Avg Critic Loss: 0.0037 
	| Avg Length: 13.5781 | Avg Reward: 0.9223 
	| Avg Length: 12.4908 | Avg Reward: 0.9314
	| OG  Acc: 1.00  | Masked Acc: 0.97 | OG  F1: 1.00 | Masked F1: 0.97
Epoch 164
	| Avg Actor Loss: 0.0030 | Avg Critic Loss: 0.0032 
	| Avg Length: 12.6618 | Avg Reward: 0.9231 
	| Avg Length: 12.6358 | Avg Reward: 0.9309
	| OG  Acc: 1.00  | Masked Acc: 0.97 | OG  F1: 1.00 | Masked F1: 0.97
Epoch 165
	| Avg Actor Loss: 0.0003 | Avg Critic Loss: 0.0035 
	| Avg Length: 13.9648 | Avg Reward: 0.9328 
	| Avg Length: 12.4554 | Avg Reward: 0.9315
	| OG  Acc: 1.00  | Masked Acc: 0.97 | OG  F1: 1.00 | Masked F1: 0.97
Epoch 166
	| Avg Actor Loss: 0.0161 | Avg Critic Loss: 0.0033 
	| Avg Length: 13.1758 | Avg Reward: 0.9076 
	| Avg Length: 12.4504 | Avg Reward: 0.9316
	| OG  Acc: 1.00  | Masked Acc: 0.97 | OG  F1: 1.00 | Masked F1: 0.97
Epoch 167
	| Avg Actor Loss: 0.0009 | Avg Critic Loss: 0.0031 
	| Avg Length: 12.8633 | Avg Reward: 0.9175 
	| Avg Length: 12.2312 | Avg Reward: 0.9316
	| OG  Acc: 1.00  | Masked Acc: 0.97 | OG  F1: 1.00 | Masked F1: 0.97
Epoch 168
	| Avg Actor Loss: 0.0081 | Avg Critic Loss: 0.0035 
	| Avg Length: 11.8824 | Avg Reward: 0.9225 
	| Avg Length: 12.2640 | Avg Reward: 0.9312
	| OG  Acc: 1.00  | Masked Acc: 0.97 | OG  F1: 1.00 | Masked F1: 0.97
Epoch 169
	| Avg Actor Loss: 0.0124 | Avg Critic Loss: 0.0040 
	| Avg Length: 12.6250 | Avg Reward: 0.9268 
	| Avg Length: 12.5762 | Avg Reward: 0.9305
	| OG  Acc: 1.00  | Masked Acc: 0.97 | OG  F1: 1.00 | Masked F1: 0.97
Epoch 170
	| Avg Actor Loss: -0.0007 | Avg Critic Loss: 0.0034 
	| Avg Length: 14.3672 | Avg Reward: 0.9316 
	| Avg Length: 12.1714 | Avg Reward: 0.9330
	| OG  Acc: 1.00  | Masked Acc: 0.97 | OG  F1: 1.00 | Masked F1: 0.97
Epoch 171
	| Avg Actor Loss: 0.0054 | Avg Critic Loss: 0.0032 
	| Avg Length: 13.1328 | Avg Reward: 0.9326 
	| Avg Length: 12.2292 | Avg Reward: 0.9325
	| OG  Acc: 1.00  | Masked Acc: 0.97 | OG  F1: 1.00 | Masked F1: 0.97
Epoch 172
	| Avg Actor Loss: 0.0135 | Avg Critic Loss: 0.0033 
	| Avg Length: 15.0368 | Avg Reward: 0.9119 
	| Avg Length: 12.4754 | Avg Reward: 0.9320
	| OG  Acc: 1.00  | Masked Acc: 0.97 | OG  F1: 1.00 | Masked F1: 0.97
Epoch 173
	| Avg Actor Loss: 0.0076 | Avg Critic Loss: 0.0036 
	| Avg Length: 14.3594 | Avg Reward: 0.9259 
	| Avg Length: 12.8806 | Avg Reward: 0.9306
	| OG  Acc: 1.00  | Masked Acc: 0.97 | OG  F1: 1.00 | Masked F1: 0.97
Epoch 174
	| Avg Actor Loss: -0.0003 | Avg Critic Loss: 0.0026 
	| Avg Length: 13.4414 | Avg Reward: 0.9172 
	| Avg Length: 12.4956 | Avg Reward: 0.9318
	| OG  Acc: 1.00  | Masked Acc: 0.97 | OG  F1: 1.00 | Masked F1: 0.97
Epoch 175
	| Avg Actor Loss: 0.0068 | Avg Critic Loss: 0.0034 
	| Avg Length: 14.0781 | Avg Reward: 0.9178 
	| Avg Length: 12.2440 | Avg Reward: 0.9326
	| OG  Acc: 1.00  | Masked Acc: 0.97 | OG  F1: 1.00 | Masked F1: 0.97
Epoch 176
	| Avg Actor Loss: -0.0031 | Avg Critic Loss: 0.0027 
	| Avg Length: 12.8309 | Avg Reward: 0.9215 
	| Avg Length: 12.0214 | Avg Reward: 0.9327
	| OG  Acc: 1.00  | Masked Acc: 0.97 | OG  F1: 1.00 | Masked F1: 0.97
Epoch 177
	| Avg Actor Loss: 0.0100 | Avg Critic Loss: 0.0037 
	| Avg Length: 13.5742 | Avg Reward: 0.9091 
	| Avg Length: 12.4284 | Avg Reward: 0.9315
	| OG  Acc: 1.00  | Masked Acc: 0.97 | OG  F1: 1.00 | Masked F1: 0.97
Epoch 178
	| Avg Actor Loss: 0.0030 | Avg Critic Loss: 0.0033 
	| Avg Length: 12.8594 | Avg Reward: 0.9139 
	| Avg Length: 12.3462 | Avg Reward: 0.9320
	| OG  Acc: 1.00  | Masked Acc: 0.97 | OG  F1: 1.00 | Masked F1: 0.97
Epoch 179
	| Avg Actor Loss: 0.0120 | Avg Critic Loss: 0.0032 
	| Avg Length: 14.2695 | Avg Reward: 0.9254 
	| Avg Length: 12.2386 | Avg Reward: 0.9316
	| OG  Acc: 1.00  | Masked Acc: 0.97 | OG  F1: 1.00 | Masked F1: 0.97
Epoch 180
	| Avg Actor Loss: 0.0094 | Avg Critic Loss: 0.0039 
	| Avg Length: 12.2794 | Avg Reward: 0.9198 
	| Avg Length: 12.4748 | Avg Reward: 0.9314
	| OG  Acc: 1.00  | Masked Acc: 0.97 | OG  F1: 1.00 | Masked F1: 0.97
Epoch 181
	| Avg Actor Loss: 0.0131 | Avg Critic Loss: 0.0031 
	| Avg Length: 12.8281 | Avg Reward: 0.9233 
	| Avg Length: 12.3250 | Avg Reward: 0.9318
	| OG  Acc: 1.00  | Masked Acc: 0.97 | OG  F1: 1.00 | Masked F1: 0.97
Epoch 182
	| Avg Actor Loss: 0.0006 | Avg Critic Loss: 0.0033 
	| Avg Length: 14.0742 | Avg Reward: 0.9234 
	| Avg Length: 12.3198 | Avg Reward: 0.9315
	| OG  Acc: 1.00  | Masked Acc: 0.97 | OG  F1: 1.00 | Masked F1: 0.97
Epoch 183
	| Avg Actor Loss: 0.0021 | Avg Critic Loss: 0.0037 
	| Avg Length: 12.9883 | Avg Reward: 0.9269 
	| Avg Length: 12.0984 | Avg Reward: 0.9334
	| OG  Acc: 1.00  | Masked Acc: 0.97 | OG  F1: 1.00 | Masked F1: 0.97
Epoch 184
	| Avg Actor Loss: 0.0060 | Avg Critic Loss: 0.0034 
	| Avg Length: 14.6544 | Avg Reward: 0.9214 
	| Avg Length: 11.9524 | Avg Reward: 0.9351
	| OG  Acc: 1.00  | Masked Acc: 0.97 | OG  F1: 1.00 | Masked F1: 0.97
Epoch 185
	| Avg Actor Loss: 0.0061 | Avg Critic Loss: 0.0033 
	| Avg Length: 13.4844 | Avg Reward: 0.9254 
	| Avg Length: 11.8842 | Avg Reward: 0.9334
	| OG  Acc: 1.00  | Masked Acc: 0.97 | OG  F1: 1.00 | Masked F1: 0.97
Epoch 186
	| Avg Actor Loss: 0.0063 | Avg Critic Loss: 0.0034 
	| Avg Length: 13.0117 | Avg Reward: 0.9274 
	| Avg Length: 11.7498 | Avg Reward: 0.9336
	| OG  Acc: 1.00  | Masked Acc: 0.97 | OG  F1: 1.00 | Masked F1: 0.97
Epoch 187
	| Avg Actor Loss: 0.0074 | Avg Critic Loss: 0.0038 
	| Avg Length: 13.7070 | Avg Reward: 0.9300 
	| Avg Length: 11.9262 | Avg Reward: 0.9325
	| OG  Acc: 1.00  | Masked Acc: 0.97 | OG  F1: 1.00 | Masked F1: 0.97
Epoch 188
	| Avg Actor Loss: 0.0075 | Avg Critic Loss: 0.0038 
	| Avg Length: 13.8309 | Avg Reward: 0.9264 
	| Avg Length: 11.9878 | Avg Reward: 0.9333
	| OG  Acc: 1.00  | Masked Acc: 0.97 | OG  F1: 1.00 | Masked F1: 0.97
Epoch 189
	| Avg Actor Loss: 0.0086 | Avg Critic Loss: 0.0037 
	| Avg Length: 13.2930 | Avg Reward: 0.9160 
	| Avg Length: 12.2670 | Avg Reward: 0.9333
	| OG  Acc: 1.00  | Masked Acc: 0.97 | OG  F1: 1.00 | Masked F1: 0.97
Epoch 190
	| Avg Actor Loss: 0.0232 | Avg Critic Loss: 0.0035 
	| Avg Length: 13.5039 | Avg Reward: 0.9184 
	| Avg Length: 12.3778 | Avg Reward: 0.9315
	| OG  Acc: 1.00  | Masked Acc: 0.97 | OG  F1: 1.00 | Masked F1: 0.97
Epoch 191
	| Avg Actor Loss: 0.0050 | Avg Critic Loss: 0.0034 
	| Avg Length: 13.5352 | Avg Reward: 0.9224 
	| Avg Length: 12.1118 | Avg Reward: 0.9333
	| OG  Acc: 1.00  | Masked Acc: 0.97 | OG  F1: 1.00 | Masked F1: 0.97
Epoch 192
	| Avg Actor Loss: 0.0064 | Avg Critic Loss: 0.0031 
	| Avg Length: 13.0294 | Avg Reward: 0.9343 
	| Avg Length: 11.9558 | Avg Reward: 0.9342
	| OG  Acc: 1.00  | Masked Acc: 0.97 | OG  F1: 1.00 | Masked F1: 0.97
Epoch 193
	| Avg Actor Loss: 0.0010 | Avg Critic Loss: 0.0030 
	| Avg Length: 12.3555 | Avg Reward: 0.9233 
	| Avg Length: 11.9464 | Avg Reward: 0.9352
	| OG  Acc: 1.00  | Masked Acc: 0.97 | OG  F1: 1.00 | Masked F1: 0.97
Epoch 194
	| Avg Actor Loss: 0.0089 | Avg Critic Loss: 0.0033 
	| Avg Length: 12.7383 | Avg Reward: 0.9159 
	| Avg Length: 11.7908 | Avg Reward: 0.9347
	| OG  Acc: 1.00  | Masked Acc: 0.97 | OG  F1: 1.00 | Masked F1: 0.97
Epoch 195
	| Avg Actor Loss: 0.0161 | Avg Critic Loss: 0.0036 
	| Avg Length: 13.2656 | Avg Reward: 0.9325 
	| Avg Length: 12.1284 | Avg Reward: 0.9339
	| OG  Acc: 1.00  | Masked Acc: 0.97 | OG  F1: 1.00 | Masked F1: 0.97
Epoch 196
	| Avg Actor Loss: 0.0083 | Avg Critic Loss: 0.0036 
	| Avg Length: 15.0956 | Avg Reward: 0.9176 
	| Avg Length: 12.3720 | Avg Reward: 0.9335
	| OG  Acc: 1.00  | Masked Acc: 0.97 | OG  F1: 1.00 | Masked F1: 0.97
Epoch 197
	| Avg Actor Loss: 0.0130 | Avg Critic Loss: 0.0038 
	| Avg Length: 12.9414 | Avg Reward: 0.9160 
	| Avg Length: 12.6664 | Avg Reward: 0.9327
	| OG  Acc: 1.00  | Masked Acc: 0.97 | OG  F1: 1.00 | Masked F1: 0.97
Epoch 198
	| Avg Actor Loss: 0.0049 | Avg Critic Loss: 0.0033 
	| Avg Length: 12.9023 | Avg Reward: 0.9148 
	| Avg Length: 12.5634 | Avg Reward: 0.9315
	| OG  Acc: 1.00  | Masked Acc: 0.97 | OG  F1: 1.00 | Masked F1: 0.97
Epoch 199
	| Avg Actor Loss: 0.0012 | Avg Critic Loss: 0.0032 
	| Avg Length: 12.5273 | Avg Reward: 0.9100 
	| Avg Length: 12.0662 | Avg Reward: 0.9328
	| OG  Acc: 1.00  | Masked Acc: 0.97 | OG  F1: 1.00 | Masked F1: 0.97
Epoch 200
	| Avg Actor Loss: 0.0074 | Avg Critic Loss: 0.0035 
	| Avg Length: 13.8309 | Avg Reward: 0.9065 
	| Avg Length: 12.1928 | Avg Reward: 0.9337
	| OG  Acc: 1.00  | Masked Acc: 0.97 | OG  F1: 1.00 | Masked F1: 0.97
