Epoch 00/250 
	| Avg Actor Loss: 0.0576 | Avg Critic Loss: 0.0615 
	| Avg Length: 3.1372 | Avg Reward: 0.6572 
	| Avg Length: 1.0008 | Avg Reward: 0.6493
	| OG  Acc: 1.00  | Masked Acc: 0.51 | OG  F1: 1.00 | Masked F1: 0.67
Epoch 01/250 
	| Avg Actor Loss: 0.0381 | Avg Critic Loss: 0.0421 
	| Avg Length: 7.1152 | Avg Reward: 0.6632 
	| Avg Length: 4.1310 | Avg Reward: 0.6583
	| OG  Acc: 1.00  | Masked Acc: 0.53 | OG  F1: 1.00 | Masked F1: 0.68
Epoch 02/250 
	| Avg Actor Loss: 0.0740 | Avg Critic Loss: 0.0278 
	| Avg Length: 19.6848 | Avg Reward: 0.6784 
	| Avg Length: 15.4892 | Avg Reward: 0.6698
	| OG  Acc: 1.00  | Masked Acc: 0.60 | OG  F1: 1.00 | Masked F1: 0.71
Epoch 03/250 
	| Avg Actor Loss: 0.0740 | Avg Critic Loss: 0.0235 
	| Avg Length: 35.7844 | Avg Reward: 0.7010 
	| Avg Length: 24.0536 | Avg Reward: 0.6872
	| OG  Acc: 1.00  | Masked Acc: 0.66 | OG  F1: 1.00 | Masked F1: 0.75
Epoch 04/250 
	| Avg Actor Loss: -0.0143 | Avg Critic Loss: 0.0196 
	| Avg Length: 47.0050 | Avg Reward: 0.7078 
	| Avg Length: 34.9846 | Avg Reward: 0.6972
	| OG  Acc: 1.00  | Masked Acc: 0.72 | OG  F1: 1.00 | Masked F1: 0.78
Epoch 05/250 
	| Avg Actor Loss: -0.0094 | Avg Critic Loss: 0.0177 
	| Avg Length: 57.5576 | Avg Reward: 0.7109 
	| Avg Length: 43.4620 | Avg Reward: 0.7076
	| OG  Acc: 1.00  | Masked Acc: 0.77 | OG  F1: 1.00 | Masked F1: 0.81
Epoch 06/250 
	| Avg Actor Loss: -0.0112 | Avg Critic Loss: 0.0164 
	| Avg Length: 62.2814 | Avg Reward: 0.7156 
	| Avg Length: 47.0212 | Avg Reward: 0.7197
	| OG  Acc: 1.00  | Masked Acc: 0.80 | OG  F1: 1.00 | Masked F1: 0.84
Epoch 07/250 
	| Avg Actor Loss: -0.0256 | Avg Critic Loss: 0.0164 
	| Avg Length: 61.7222 | Avg Reward: 0.7184 
	| Avg Length: 46.2292 | Avg Reward: 0.7265
	| OG  Acc: 1.00  | Masked Acc: 0.81 | OG  F1: 1.00 | Masked F1: 0.84
Epoch 08/250 
	| Avg Actor Loss: -0.0504 | Avg Critic Loss: 0.0170 
	| Avg Length: 59.1080 | Avg Reward: 0.7217 
	| Avg Length: 46.0174 | Avg Reward: 0.7480
	| OG  Acc: 1.00  | Masked Acc: 0.84 | OG  F1: 1.00 | Masked F1: 0.86
Epoch 09/250 
	| Avg Actor Loss: -0.1117 | Avg Critic Loss: 0.0157 
	| Avg Length: 57.0988 | Avg Reward: 0.7399 
	| Avg Length: 46.8504 | Avg Reward: 0.7810
	| OG  Acc: 1.00  | Masked Acc: 0.90 | OG  F1: 1.00 | Masked F1: 0.91
Epoch 10/250 
	| Avg Actor Loss: -0.1355 | Avg Critic Loss: 0.0142 
	| Avg Length: 54.0162 | Avg Reward: 0.7571 
	| Avg Length: 44.7188 | Avg Reward: 0.8040
	| OG  Acc: 1.00  | Masked Acc: 0.92 | OG  F1: 1.00 | Masked F1: 0.93
Epoch 11/250 
	| Avg Actor Loss: -0.1521 | Avg Critic Loss: 0.0127 
	| Avg Length: 53.0438 | Avg Reward: 0.7711 
	| Avg Length: 45.7338 | Avg Reward: 0.8362
	| OG  Acc: 1.00  | Masked Acc: 0.97 | OG  F1: 1.00 | Masked F1: 0.97
Epoch 12/250 
	| Avg Actor Loss: -0.1830 | Avg Critic Loss: 0.0121 
	| Avg Length: 49.8230 | Avg Reward: 0.7863 
	| Avg Length: 42.1614 | Avg Reward: 0.8458
	| OG  Acc: 1.00  | Masked Acc: 0.97 | OG  F1: 1.00 | Masked F1: 0.97
Epoch 13/250 
	| Avg Actor Loss: -0.1883 | Avg Critic Loss: 0.0113 
	| Avg Length: 48.8020 | Avg Reward: 0.7925 
	| Avg Length: 42.2926 | Avg Reward: 0.8551
	| OG  Acc: 1.00  | Masked Acc: 0.99 | OG  F1: 1.00 | Masked F1: 0.99
Epoch 14/250 
	| Avg Actor Loss: -0.2123 | Avg Critic Loss: 0.0116 
	| Avg Length: 47.9372 | Avg Reward: 0.7955 
	| Avg Length: 43.7524 | Avg Reward: 0.8572
	| OG  Acc: 1.00  | Masked Acc: 1.00 | OG  F1: 1.00 | Masked F1: 1.00
Epoch 15/250 
	| Avg Actor Loss: -0.1871 | Avg Critic Loss: 0.0103 
	| Avg Length: 47.0598 | Avg Reward: 0.8033 
	| Avg Length: 45.1252 | Avg Reward: 0.8542
	| OG  Acc: 1.00  | Masked Acc: 1.00 | OG  F1: 1.00 | Masked F1: 1.00
Epoch 16/250 
	| Avg Actor Loss: -0.1792 | Avg Critic Loss: 0.0095 
	| Avg Length: 46.2612 | Avg Reward: 0.8122 
	| Avg Length: 40.3440 | Avg Reward: 0.8668
	| OG  Acc: 1.00  | Masked Acc: 1.00 | OG  F1: 1.00 | Masked F1: 1.00
Epoch 17/250 
	| Avg Actor Loss: -0.1919 | Avg Critic Loss: 0.0095 
	| Avg Length: 44.2316 | Avg Reward: 0.8155 
	| Avg Length: 42.3222 | Avg Reward: 0.8611
	| OG  Acc: 1.00  | Masked Acc: 1.00 | OG  F1: 1.00 | Masked F1: 1.00
Epoch 18/250 
	| Avg Actor Loss: -0.2249 | Avg Critic Loss: 0.0089 
	| Avg Length: 43.9586 | Avg Reward: 0.8209 
	| Avg Length: 40.2186 | Avg Reward: 0.8682
	| OG  Acc: 1.00  | Masked Acc: 1.00 | OG  F1: 1.00 | Masked F1: 1.00
Epoch 19/250 
	| Avg Actor Loss: -0.2129 | Avg Critic Loss: 0.0087 
	| Avg Length: 43.2242 | Avg Reward: 0.8237 
	| Avg Length: 42.2326 | Avg Reward: 0.8618
	| OG  Acc: 1.00  | Masked Acc: 1.00 | OG  F1: 1.00 | Masked F1: 1.00
Epoch 20/250 
	| Avg Actor Loss: -0.2288 | Avg Critic Loss: 0.0077 
	| Avg Length: 42.8316 | Avg Reward: 0.8306 
	| Avg Length: 39.6688 | Avg Reward: 0.8698
	| OG  Acc: 1.00  | Masked Acc: 1.00 | OG  F1: 1.00 | Masked F1: 1.00
Epoch 21/250 
	| Avg Actor Loss: -0.2541 | Avg Critic Loss: 0.0083 
	| Avg Length: 42.0474 | Avg Reward: 0.8288 
	| Avg Length: 41.2646 | Avg Reward: 0.8655
	| OG  Acc: 1.00  | Masked Acc: 1.00 | OG  F1: 1.00 | Masked F1: 1.00
Epoch 22/250 
	| Avg Actor Loss: -0.2448 | Avg Critic Loss: 0.0076 
	| Avg Length: 42.3460 | Avg Reward: 0.8322 
	| Avg Length: 41.3940 | Avg Reward: 0.8628
	| OG  Acc: 1.00  | Masked Acc: 1.00 | OG  F1: 1.00 | Masked F1: 1.00
Epoch 23/250 
	| Avg Actor Loss: -0.2187 | Avg Critic Loss: 0.0069 
	| Avg Length: 41.6786 | Avg Reward: 0.8371 
	| Avg Length: 38.1844 | Avg Reward: 0.8733
	| OG  Acc: 1.00  | Masked Acc: 1.00 | OG  F1: 1.00 | Masked F1: 1.00
Epoch 24/250 
	| Avg Actor Loss: -0.2036 | Avg Critic Loss: 0.0077 
	| Avg Length: 39.7338 | Avg Reward: 0.8393 
	| Avg Length: 40.1390 | Avg Reward: 0.8679
	| OG  Acc: 1.00  | Masked Acc: 1.00 | OG  F1: 1.00 | Masked F1: 1.00
Epoch 25/250 
	| Avg Actor Loss: -0.2020 | Avg Critic Loss: 0.0063 
	| Avg Length: 41.1584 | Avg Reward: 0.8421 
	| Avg Length: 37.6672 | Avg Reward: 0.8754
	| OG  Acc: 1.00  | Masked Acc: 1.00 | OG  F1: 1.00 | Masked F1: 1.00
Epoch 26/250 
	| Avg Actor Loss: -0.2025 | Avg Critic Loss: 0.0078 
	| Avg Length: 38.7776 | Avg Reward: 0.8432 
	| Avg Length: 40.2922 | Avg Reward: 0.8677
	| OG  Acc: 1.00  | Masked Acc: 1.00 | OG  F1: 1.00 | Masked F1: 1.00
Epoch 27/250 
	| Avg Actor Loss: -0.2334 | Avg Critic Loss: 0.0079 
	| Avg Length: 38.7966 | Avg Reward: 0.8425 
	| Avg Length: 40.7930 | Avg Reward: 0.8658
	| OG  Acc: 1.00  | Masked Acc: 1.00 | OG  F1: 1.00 | Masked F1: 1.00
Epoch 28/250 
	| Avg Actor Loss: -0.2467 | Avg Critic Loss: 0.0067 
	| Avg Length: 39.6822 | Avg Reward: 0.8443 
	| Avg Length: 38.5880 | Avg Reward: 0.8723
	| OG  Acc: 1.00  | Masked Acc: 1.00 | OG  F1: 1.00 | Masked F1: 1.00
Epoch 29/250 
	| Avg Actor Loss: -0.2091 | Avg Critic Loss: 0.0063 
	| Avg Length: 39.0524 | Avg Reward: 0.8492 
	| Avg Length: 38.8308 | Avg Reward: 0.8715
	| OG  Acc: 1.00  | Masked Acc: 1.00 | OG  F1: 1.00 | Masked F1: 1.00
Epoch 30/250 
	| Avg Actor Loss: -0.2024 | Avg Critic Loss: 0.0070 
	| Avg Length: 37.5916 | Avg Reward: 0.8516 
	| Avg Length: 36.5788 | Avg Reward: 0.8775
	| OG  Acc: 1.00  | Masked Acc: 1.00 | OG  F1: 1.00 | Masked F1: 1.00
Epoch 31/250 
	| Avg Actor Loss: -0.2560 | Avg Critic Loss: 0.0072 
	| Avg Length: 37.3986 | Avg Reward: 0.8516 
	| Avg Length: 36.3332 | Avg Reward: 0.8792
	| OG  Acc: 1.00  | Masked Acc: 1.00 | OG  F1: 1.00 | Masked F1: 1.00
Epoch 32/250 
	| Avg Actor Loss: -0.2145 | Avg Critic Loss: 0.0069 
	| Avg Length: 36.8042 | Avg Reward: 0.8530 
	| Avg Length: 36.8768 | Avg Reward: 0.8773
	| OG  Acc: 1.00  | Masked Acc: 1.00 | OG  F1: 1.00 | Masked F1: 1.00
Epoch 33/250 
	| Avg Actor Loss: -0.2554 | Avg Critic Loss: 0.0064 
	| Avg Length: 36.8782 | Avg Reward: 0.8547 
	| Avg Length: 37.2344 | Avg Reward: 0.8766
	| OG  Acc: 1.00  | Masked Acc: 1.00 | OG  F1: 1.00 | Masked F1: 1.00
Epoch 34/250 
	| Avg Actor Loss: -0.2228 | Avg Critic Loss: 0.0063 
	| Avg Length: 37.2096 | Avg Reward: 0.8553 
	| Avg Length: 36.2832 | Avg Reward: 0.8790
	| OG  Acc: 1.00  | Masked Acc: 1.00 | OG  F1: 1.00 | Masked F1: 1.00
Epoch 35/250 
	| Avg Actor Loss: -0.2065 | Avg Critic Loss: 0.0065 
	| Avg Length: 36.3072 | Avg Reward: 0.8578 
	| Avg Length: 34.1594 | Avg Reward: 0.8853
	| OG  Acc: 1.00  | Masked Acc: 1.00 | OG  F1: 1.00 | Masked F1: 1.00
Epoch 36/250 
	| Avg Actor Loss: -0.2434 | Avg Critic Loss: 0.0069 
	| Avg Length: 35.8442 | Avg Reward: 0.8560 
	| Avg Length: 36.5640 | Avg Reward: 0.8781
	| OG  Acc: 1.00  | Masked Acc: 1.00 | OG  F1: 1.00 | Masked F1: 1.00
Epoch 37/250 
	| Avg Actor Loss: -0.2353 | Avg Critic Loss: 0.0070 
	| Avg Length: 34.8696 | Avg Reward: 0.8580 
	| Avg Length: 34.9666 | Avg Reward: 0.8830
	| OG  Acc: 1.00  | Masked Acc: 1.00 | OG  F1: 1.00 | Masked F1: 1.00
Epoch 38/250 
	| Avg Actor Loss: -0.1835 | Avg Critic Loss: 0.0066 
	| Avg Length: 35.3122 | Avg Reward: 0.8597 
	| Avg Length: 36.1148 | Avg Reward: 0.8783
	| OG  Acc: 1.00  | Masked Acc: 1.00 | OG  F1: 1.00 | Masked F1: 1.00
Epoch 39/250 
	| Avg Actor Loss: -0.2053 | Avg Critic Loss: 0.0067 
	| Avg Length: 34.2078 | Avg Reward: 0.8619 
	| Avg Length: 33.0938 | Avg Reward: 0.8888
	| OG  Acc: 1.00  | Masked Acc: 1.00 | OG  F1: 1.00 | Masked F1: 1.00
Epoch 40/250 
	| Avg Actor Loss: -0.2035 | Avg Critic Loss: 0.0069 
	| Avg Length: 33.9806 | Avg Reward: 0.8614 
	| Avg Length: 34.6452 | Avg Reward: 0.8836
	| OG  Acc: 1.00  | Masked Acc: 1.00 | OG  F1: 1.00 | Masked F1: 1.00
Epoch 41/250 
	| Avg Actor Loss: -0.2165 | Avg Critic Loss: 0.0057 
	| Avg Length: 34.1636 | Avg Reward: 0.8659 
	| Avg Length: 33.4648 | Avg Reward: 0.8872
	| OG  Acc: 1.00  | Masked Acc: 1.00 | OG  F1: 1.00 | Masked F1: 1.00
Epoch 42/250 
	| Avg Actor Loss: -0.2379 | Avg Critic Loss: 0.0057 
	| Avg Length: 34.0810 | Avg Reward: 0.8666 
	| Avg Length: 32.5338 | Avg Reward: 0.8905
	| OG  Acc: 1.00  | Masked Acc: 1.00 | OG  F1: 1.00 | Masked F1: 1.00
Epoch 43/250 
	| Avg Actor Loss: -0.1809 | Avg Critic Loss: 0.0066 
	| Avg Length: 33.7862 | Avg Reward: 0.8634 
	| Avg Length: 33.8122 | Avg Reward: 0.8857
	| OG  Acc: 1.00  | Masked Acc: 1.00 | OG  F1: 1.00 | Masked F1: 1.00
Epoch 44/250 
	| Avg Actor Loss: -0.2155 | Avg Critic Loss: 0.0058 
	| Avg Length: 33.4228 | Avg Reward: 0.8676 
	| Avg Length: 33.0058 | Avg Reward: 0.8884
	| OG  Acc: 1.00  | Masked Acc: 1.00 | OG  F1: 1.00 | Masked F1: 1.00
Epoch 45/250 
	| Avg Actor Loss: -0.1631 | Avg Critic Loss: 0.0066 
	| Avg Length: 32.3946 | Avg Reward: 0.8677 
	| Avg Length: 33.0266 | Avg Reward: 0.8870
	| OG  Acc: 1.00  | Masked Acc: 1.00 | OG  F1: 1.00 | Masked F1: 1.00
Epoch 46/250 
	| Avg Actor Loss: -0.2466 | Avg Critic Loss: 0.0066 
	| Avg Length: 32.3144 | Avg Reward: 0.8676 
	| Avg Length: 31.4460 | Avg Reward: 0.8930
	| OG  Acc: 1.00  | Masked Acc: 1.00 | OG  F1: 1.00 | Masked F1: 1.00
Epoch 47/250 
	| Avg Actor Loss: -0.1812 | Avg Critic Loss: 0.0064 
	| Avg Length: 32.6010 | Avg Reward: 0.8690 
	| Avg Length: 31.9484 | Avg Reward: 0.8914
	| OG  Acc: 1.00  | Masked Acc: 1.00 | OG  F1: 1.00 | Masked F1: 1.00
Epoch 48/250 
	| Avg Actor Loss: -0.2769 | Avg Critic Loss: 0.0067 
	| Avg Length: 31.4676 | Avg Reward: 0.8712 
	| Avg Length: 32.8668 | Avg Reward: 0.8882
	| OG  Acc: 1.00  | Masked Acc: 1.00 | OG  F1: 1.00 | Masked F1: 1.00
Epoch 49/250 
	| Avg Actor Loss: -0.2495 | Avg Critic Loss: 0.0062 
	| Avg Length: 31.6658 | Avg Reward: 0.8710 
	| Avg Length: 32.0326 | Avg Reward: 0.8914
	| OG  Acc: 1.00  | Masked Acc: 1.00 | OG  F1: 1.00 | Masked F1: 1.00
Epoch 50/250 
	| Avg Actor Loss: -0.2544 | Avg Critic Loss: 0.0058 
	| Avg Length: 31.9796 | Avg Reward: 0.8726 
	| Avg Length: 31.4380 | Avg Reward: 0.8931
	| OG  Acc: 1.00  | Masked Acc: 1.00 | OG  F1: 1.00 | Masked F1: 1.00
Epoch 51/250 
	| Avg Actor Loss: -0.1761 | Avg Critic Loss: 0.0062 
	| Avg Length: 30.9614 | Avg Reward: 0.8732 
	| Avg Length: 30.5196 | Avg Reward: 0.8950
	| OG  Acc: 1.00  | Masked Acc: 1.00 | OG  F1: 1.00 | Masked F1: 1.00
Epoch 52/250 
	| Avg Actor Loss: -0.2547 | Avg Critic Loss: 0.0066 
	| Avg Length: 30.8310 | Avg Reward: 0.8734 
	| Avg Length: 29.2940 | Avg Reward: 0.9005
	| OG  Acc: 1.00  | Masked Acc: 1.00 | OG  F1: 1.00 | Masked F1: 1.00
Epoch 53/250 
	| Avg Actor Loss: -0.1021 | Avg Critic Loss: 0.0064 
	| Avg Length: 30.3260 | Avg Reward: 0.8749 
	| Avg Length: 30.7796 | Avg Reward: 0.8946
	| OG  Acc: 1.00  | Masked Acc: 1.00 | OG  F1: 1.00 | Masked F1: 1.00
Epoch 54/250 
	| Avg Actor Loss: -0.3006 | Avg Critic Loss: 0.0062 
	| Avg Length: 30.2614 | Avg Reward: 0.8758 
	| Avg Length: 29.6476 | Avg Reward: 0.8980
	| OG  Acc: 1.00  | Masked Acc: 1.00 | OG  F1: 1.00 | Masked F1: 1.00
Epoch 55/250 
	| Avg Actor Loss: -0.2235 | Avg Critic Loss: 0.0058 
	| Avg Length: 29.5372 | Avg Reward: 0.8802 
	| Avg Length: 29.4982 | Avg Reward: 0.8988
	| OG  Acc: 1.00  | Masked Acc: 1.00 | OG  F1: 1.00 | Masked F1: 1.00
Epoch 56/250 
	| Avg Actor Loss: -0.2322 | Avg Critic Loss: 0.0059 
	| Avg Length: 29.0622 | Avg Reward: 0.8812 
	| Avg Length: 28.3012 | Avg Reward: 0.9026
	| OG  Acc: 1.00  | Masked Acc: 1.00 | OG  F1: 1.00 | Masked F1: 1.00
Epoch 57/250 
	| Avg Actor Loss: -0.1865 | Avg Critic Loss: 0.0072 
	| Avg Length: 28.1368 | Avg Reward: 0.8788 
	| Avg Length: 28.8376 | Avg Reward: 0.9005
	| OG  Acc: 1.00  | Masked Acc: 1.00 | OG  F1: 1.00 | Masked F1: 1.00
Epoch 58/250 
	| Avg Actor Loss: -0.2700 | Avg Critic Loss: 0.0067 
	| Avg Length: 28.5632 | Avg Reward: 0.8797 
	| Avg Length: 28.5730 | Avg Reward: 0.9018
	| OG  Acc: 1.00  | Masked Acc: 1.00 | OG  F1: 1.00 | Masked F1: 1.00
Epoch 59/250 
	| Avg Actor Loss: -0.2421 | Avg Critic Loss: 0.0064 
	| Avg Length: 28.3574 | Avg Reward: 0.8814 
	| Avg Length: 28.3562 | Avg Reward: 0.9020
	| OG  Acc: 1.00  | Masked Acc: 1.00 | OG  F1: 1.00 | Masked F1: 1.00
Epoch 60/250 
	| Avg Actor Loss: -0.2107 | Avg Critic Loss: 0.0064 
	| Avg Length: 27.9594 | Avg Reward: 0.8825 
	| Avg Length: 27.5244 | Avg Reward: 0.9049
	| OG  Acc: 1.00  | Masked Acc: 1.00 | OG  F1: 1.00 | Masked F1: 1.00
Epoch 61/250 
	| Avg Actor Loss: -0.2291 | Avg Critic Loss: 0.0072 
	| Avg Length: 27.1588 | Avg Reward: 0.8830 
	| Avg Length: 27.2584 | Avg Reward: 0.9058
	| OG  Acc: 1.00  | Masked Acc: 1.00 | OG  F1: 1.00 | Masked F1: 1.00
Epoch 62/250 
	| Avg Actor Loss: -0.1958 | Avg Critic Loss: 0.0062 
	| Avg Length: 27.2610 | Avg Reward: 0.8850 
	| Avg Length: 27.1318 | Avg Reward: 0.9060
	| OG  Acc: 1.00  | Masked Acc: 1.00 | OG  F1: 1.00 | Masked F1: 1.00
Epoch 63/250 
	| Avg Actor Loss: -0.2874 | Avg Critic Loss: 0.0074 
	| Avg Length: 26.7994 | Avg Reward: 0.8819 
	| Avg Length: 28.0696 | Avg Reward: 0.9033
	| OG  Acc: 1.00  | Masked Acc: 1.00 | OG  F1: 1.00 | Masked F1: 1.00
Epoch 64/250 
	| Avg Actor Loss: -0.2212 | Avg Critic Loss: 0.0062 
	| Avg Length: 27.0160 | Avg Reward: 0.8861 
	| Avg Length: 27.4114 | Avg Reward: 0.9049
	| OG  Acc: 1.00  | Masked Acc: 1.00 | OG  F1: 1.00 | Masked F1: 1.00
Epoch 65/250 
	| Avg Actor Loss: -0.2139 | Avg Critic Loss: 0.0064 
	| Avg Length: 27.1690 | Avg Reward: 0.8853 
	| Avg Length: 27.2278 | Avg Reward: 0.9058
	| OG  Acc: 1.00  | Masked Acc: 1.00 | OG  F1: 1.00 | Masked F1: 1.00
Epoch 66/250 
	| Avg Actor Loss: -0.2448 | Avg Critic Loss: 0.0068 
	| Avg Length: 26.4666 | Avg Reward: 0.8858 
	| Avg Length: 27.1152 | Avg Reward: 0.9059
	| OG  Acc: 1.00  | Masked Acc: 1.00 | OG  F1: 1.00 | Masked F1: 1.00
Epoch 67/250 
	| Avg Actor Loss: -0.2585 | Avg Critic Loss: 0.0066 
	| Avg Length: 26.1522 | Avg Reward: 0.8872 
	| Avg Length: 26.7260 | Avg Reward: 0.9073
	| OG  Acc: 1.00  | Masked Acc: 1.00 | OG  F1: 1.00 | Masked F1: 1.00
Epoch 68/250 
	| Avg Actor Loss: -0.2657 | Avg Critic Loss: 0.0062 
	| Avg Length: 26.5512 | Avg Reward: 0.8876 
	| Avg Length: 26.9626 | Avg Reward: 0.9066
	| OG  Acc: 1.00  | Masked Acc: 1.00 | OG  F1: 1.00 | Masked F1: 1.00
Epoch 69/250 
	| Avg Actor Loss: -0.2919 | Avg Critic Loss: 0.0067 
	| Avg Length: 26.0384 | Avg Reward: 0.8866 
	| Avg Length: 26.7366 | Avg Reward: 0.9069
	| OG  Acc: 1.00  | Masked Acc: 1.00 | OG  F1: 1.00 | Masked F1: 1.00
Epoch 70/250 
	| Avg Actor Loss: -0.3008 | Avg Critic Loss: 0.0064 
	| Avg Length: 26.4046 | Avg Reward: 0.8871 
	| Avg Length: 26.8452 | Avg Reward: 0.9071
	| OG  Acc: 1.00  | Masked Acc: 1.00 | OG  F1: 1.00 | Masked F1: 1.00
Epoch 71/250 
	| Avg Actor Loss: -0.2890 | Avg Critic Loss: 0.0066 
	| Avg Length: 25.6666 | Avg Reward: 0.8885 
	| Avg Length: 26.6824 | Avg Reward: 0.9073
	| OG  Acc: 1.00  | Masked Acc: 1.00 | OG  F1: 1.00 | Masked F1: 1.00
Epoch 72/250 
	| Avg Actor Loss: -0.2467 | Avg Critic Loss: 0.0063 
	| Avg Length: 26.6040 | Avg Reward: 0.8867 
	| Avg Length: 25.5706 | Avg Reward: 0.9108
	| OG  Acc: 1.00  | Masked Acc: 1.00 | OG  F1: 1.00 | Masked F1: 1.00
Epoch 73/250 
	| Avg Actor Loss: -0.3446 | Avg Critic Loss: 0.0070 
	| Avg Length: 25.5422 | Avg Reward: 0.8873 
	| Avg Length: 27.0478 | Avg Reward: 0.9068
	| OG  Acc: 1.00  | Masked Acc: 1.00 | OG  F1: 1.00 | Masked F1: 1.00
Epoch 74/250 
	| Avg Actor Loss: -0.2887 | Avg Critic Loss: 0.0054 
	| Avg Length: 26.4348 | Avg Reward: 0.8905 
	| Avg Length: 26.3926 | Avg Reward: 0.9088
	| OG  Acc: 1.00  | Masked Acc: 1.00 | OG  F1: 1.00 | Masked F1: 1.00
Epoch 75/250 
	| Avg Actor Loss: -0.2793 | Avg Critic Loss: 0.0062 
	| Avg Length: 25.1718 | Avg Reward: 0.8910 
	| Avg Length: 25.8632 | Avg Reward: 0.9101
	| OG  Acc: 1.00  | Masked Acc: 1.00 | OG  F1: 1.00 | Masked F1: 1.00
Epoch 76/250 
	| Avg Actor Loss: -0.2140 | Avg Critic Loss: 0.0054 
	| Avg Length: 25.4936 | Avg Reward: 0.8940 
	| Avg Length: 25.4210 | Avg Reward: 0.9117
	| OG  Acc: 1.00  | Masked Acc: 1.00 | OG  F1: 1.00 | Masked F1: 1.00
Epoch 77/250 
	| Avg Actor Loss: -0.2845 | Avg Critic Loss: 0.0061 
	| Avg Length: 24.7908 | Avg Reward: 0.8920 
	| Avg Length: 25.4216 | Avg Reward: 0.9113
	| OG  Acc: 1.00  | Masked Acc: 1.00 | OG  F1: 1.00 | Masked F1: 1.00
Epoch 78/250 
	| Avg Actor Loss: -0.3367 | Avg Critic Loss: 0.0067 
	| Avg Length: 24.6642 | Avg Reward: 0.8909 
	| Avg Length: 25.5814 | Avg Reward: 0.9110
	| OG  Acc: 1.00  | Masked Acc: 1.00 | OG  F1: 1.00 | Masked F1: 1.00
Epoch 79/250 
	| Avg Actor Loss: -0.3326 | Avg Critic Loss: 0.0064 
	| Avg Length: 24.9960 | Avg Reward: 0.8912 
	| Avg Length: 25.7514 | Avg Reward: 0.9102
	| OG  Acc: 1.00  | Masked Acc: 1.00 | OG  F1: 1.00 | Masked F1: 1.00
Epoch 80/250 
	| Avg Actor Loss: -0.4088 | Avg Critic Loss: 0.0057 
	| Avg Length: 24.6346 | Avg Reward: 0.8950 
	| Avg Length: 25.1098 | Avg Reward: 0.9122
	| OG  Acc: 1.00  | Masked Acc: 1.00 | OG  F1: 1.00 | Masked F1: 1.00
Epoch 81/250 
	| Avg Actor Loss: -0.2621 | Avg Critic Loss: 0.0060 
	| Avg Length: 24.7992 | Avg Reward: 0.8933 
	| Avg Length: 24.8568 | Avg Reward: 0.9135
	| OG  Acc: 1.00  | Masked Acc: 1.00 | OG  F1: 1.00 | Masked F1: 1.00
Epoch 82/250 
	| Avg Actor Loss: -0.2981 | Avg Critic Loss: 0.0055 
	| Avg Length: 24.9304 | Avg Reward: 0.8948 
	| Avg Length: 25.1930 | Avg Reward: 0.9123
	| OG  Acc: 1.00  | Masked Acc: 1.00 | OG  F1: 1.00 | Masked F1: 1.00
Epoch 83/250 
	| Avg Actor Loss: -0.3575 | Avg Critic Loss: 0.0056 
	| Avg Length: 24.5966 | Avg Reward: 0.8950 
	| Avg Length: 25.2414 | Avg Reward: 0.9124
	| OG  Acc: 1.00  | Masked Acc: 1.00 | OG  F1: 1.00 | Masked F1: 1.00
Epoch 84/250 
	| Avg Actor Loss: -0.3855 | Avg Critic Loss: 0.0064 
	| Avg Length: 24.3770 | Avg Reward: 0.8927 
	| Avg Length: 25.4926 | Avg Reward: 0.9117
	| OG  Acc: 1.00  | Masked Acc: 1.00 | OG  F1: 1.00 | Masked F1: 1.00
Epoch 85/250 
	| Avg Actor Loss: -0.2973 | Avg Critic Loss: 0.0048 
	| Avg Length: 25.6804 | Avg Reward: 0.8955 
	| Avg Length: 24.8576 | Avg Reward: 0.9136
	| OG  Acc: 1.00  | Masked Acc: 1.00 | OG  F1: 1.00 | Masked F1: 1.00
Epoch 86/250 
	| Avg Actor Loss: -0.3028 | Avg Critic Loss: 0.0059 
	| Avg Length: 24.1526 | Avg Reward: 0.8956 
	| Avg Length: 24.2660 | Avg Reward: 0.9153
	| OG  Acc: 1.00  | Masked Acc: 1.00 | OG  F1: 1.00 | Masked F1: 1.00
Epoch 87/250 
	| Avg Actor Loss: -0.4689 | Avg Critic Loss: 0.0056 
	| Avg Length: 24.6680 | Avg Reward: 0.8941 
	| Avg Length: 26.0656 | Avg Reward: 0.9103
	| OG  Acc: 1.00  | Masked Acc: 1.00 | OG  F1: 1.00 | Masked F1: 1.00
Epoch 88/250 
	| Avg Actor Loss: -0.3150 | Avg Critic Loss: 0.0055 
	| Avg Length: 25.5092 | Avg Reward: 0.8933 
	| Avg Length: 25.9748 | Avg Reward: 0.9105
	| OG  Acc: 1.00  | Masked Acc: 1.00 | OG  F1: 1.00 | Masked F1: 1.00
Epoch 89/250 
	| Avg Actor Loss: -0.3912 | Avg Critic Loss: 0.0047 
	| Avg Length: 25.9672 | Avg Reward: 0.8947 
	| Avg Length: 25.5482 | Avg Reward: 0.9121
	| OG  Acc: 1.00  | Masked Acc: 1.00 | OG  F1: 1.00 | Masked F1: 1.00
Epoch 90/250 
	| Avg Actor Loss: -0.3363 | Avg Critic Loss: 0.0054 
	| Avg Length: 24.9578 | Avg Reward: 0.8950 
	| Avg Length: 25.3004 | Avg Reward: 0.9127
	| OG  Acc: 1.00  | Masked Acc: 1.00 | OG  F1: 1.00 | Masked F1: 1.00
Epoch 91/250 
	| Avg Actor Loss: -0.3717 | Avg Critic Loss: 0.0052 
	| Avg Length: 24.5468 | Avg Reward: 0.8970 
	| Avg Length: 24.4660 | Avg Reward: 0.9149
	| OG  Acc: 1.00  | Masked Acc: 1.00 | OG  F1: 1.00 | Masked F1: 1.00
Epoch 92/250 
	| Avg Actor Loss: -0.3399 | Avg Critic Loss: 0.0051 
	| Avg Length: 24.3518 | Avg Reward: 0.8980 
	| Avg Length: 25.2790 | Avg Reward: 0.9122
	| OG  Acc: 1.00  | Masked Acc: 1.00 | OG  F1: 1.00 | Masked F1: 1.00
Epoch 93/250 
	| Avg Actor Loss: -0.3067 | Avg Critic Loss: 0.0053 
	| Avg Length: 24.8086 | Avg Reward: 0.8956 
	| Avg Length: 24.5136 | Avg Reward: 0.9148
	| OG  Acc: 1.00  | Masked Acc: 1.00 | OG  F1: 1.00 | Masked F1: 1.00
Epoch 94/250 
	| Avg Actor Loss: -0.4118 | Avg Critic Loss: 0.0048 
	| Avg Length: 24.7702 | Avg Reward: 0.8976 
	| Avg Length: 24.1352 | Avg Reward: 0.9161
	| OG  Acc: 1.00  | Masked Acc: 1.00 | OG  F1: 1.00 | Masked F1: 1.00
Epoch 95/250 
	| Avg Actor Loss: -0.4056 | Avg Critic Loss: 0.0050 
	| Avg Length: 24.7116 | Avg Reward: 0.8970 
	| Avg Length: 24.6894 | Avg Reward: 0.9145
	| OG  Acc: 1.00  | Masked Acc: 1.00 | OG  F1: 1.00 | Masked F1: 1.00
Epoch 96/250 
	| Avg Actor Loss: -0.3241 | Avg Critic Loss: 0.0050 
	| Avg Length: 24.7852 | Avg Reward: 0.8971 
	| Avg Length: 24.7098 | Avg Reward: 0.9143
	| OG  Acc: 1.00  | Masked Acc: 1.00 | OG  F1: 1.00 | Masked F1: 1.00
Epoch 97/250 
	| Avg Actor Loss: -0.4322 | Avg Critic Loss: 0.0048 
	| Avg Length: 24.3720 | Avg Reward: 0.8984 
	| Avg Length: 25.4878 | Avg Reward: 0.9117
	| OG  Acc: 1.00  | Masked Acc: 1.00 | OG  F1: 1.00 | Masked F1: 1.00
Epoch 98/250 
	| Avg Actor Loss: -0.3066 | Avg Critic Loss: 0.0039 
	| Avg Length: 25.2950 | Avg Reward: 0.8996 
	| Avg Length: 24.9876 | Avg Reward: 0.9136
	| OG  Acc: 1.00  | Masked Acc: 1.00 | OG  F1: 1.00 | Masked F1: 1.00
Epoch 99/250 
	| Avg Actor Loss: -0.2752 | Avg Critic Loss: 0.0045 
	| Avg Length: 25.0294 | Avg Reward: 0.8984 
	| Avg Length: 23.7912 | Avg Reward: 0.9172
	| OG  Acc: 1.00  | Masked Acc: 1.00 | OG  F1: 1.00 | Masked F1: 1.00
Epoch 100/250 
	| Avg Actor Loss: -0.4402 | Avg Critic Loss: 0.0054 
	| Avg Length: 23.6900 | Avg Reward: 0.8982 
	| Avg Length: 24.6020 | Avg Reward: 0.9145
	| OG  Acc: 1.00  | Masked Acc: 1.00 | OG  F1: 1.00 | Masked F1: 1.00
Epoch 101/250 
	| Avg Actor Loss: -0.3098 | Avg Critic Loss: 0.0052 
	| Avg Length: 24.8212 | Avg Reward: 0.8964 
	| Avg Length: 24.2502 | Avg Reward: 0.9159
	| OG  Acc: 1.00  | Masked Acc: 1.00 | OG  F1: 1.00 | Masked F1: 1.00
Epoch 102/250 
	| Avg Actor Loss: -0.3927 | Avg Critic Loss: 0.0049 
	| Avg Length: 24.7366 | Avg Reward: 0.8973 
	| Avg Length: 25.3176 | Avg Reward: 0.9126
	| OG  Acc: 1.00  | Masked Acc: 1.00 | OG  F1: 1.00 | Masked F1: 1.00
Epoch 103/250 
	| Avg Actor Loss: -0.2924 | Avg Critic Loss: 0.0045 
	| Avg Length: 24.8398 | Avg Reward: 0.8988 
	| Avg Length: 24.4010 | Avg Reward: 0.9157
	| OG  Acc: 1.00  | Masked Acc: 1.00 | OG  F1: 1.00 | Masked F1: 1.00
Epoch 104/250 
	| Avg Actor Loss: -0.3505 | Avg Critic Loss: 0.0040 
	| Avg Length: 23.8744 | Avg Reward: 0.9036 
	| Avg Length: 23.4926 | Avg Reward: 0.9182
	| OG  Acc: 1.00  | Masked Acc: 1.00 | OG  F1: 1.00 | Masked F1: 1.00
Epoch 105/250 
	| Avg Actor Loss: -0.3826 | Avg Critic Loss: 0.0058 
	| Avg Length: 23.4334 | Avg Reward: 0.8981 
	| Avg Length: 23.9856 | Avg Reward: 0.9166
	| OG  Acc: 1.00  | Masked Acc: 1.00 | OG  F1: 1.00 | Masked F1: 1.00
Epoch 106/250 
	| Avg Actor Loss: -0.4523 | Avg Critic Loss: 0.0047 
	| Avg Length: 24.3722 | Avg Reward: 0.8995 
	| Avg Length: 24.1952 | Avg Reward: 0.9163
	| OG  Acc: 1.00  | Masked Acc: 1.00 | OG  F1: 1.00 | Masked F1: 1.00
Epoch 107/250 
	| Avg Actor Loss: -0.4554 | Avg Critic Loss: 0.0049 
	| Avg Length: 24.1682 | Avg Reward: 0.8989 
	| Avg Length: 24.2134 | Avg Reward: 0.9159
	| OG  Acc: 1.00  | Masked Acc: 1.00 | OG  F1: 1.00 | Masked F1: 1.00
Epoch 108/250 
	| Avg Actor Loss: -0.3709 | Avg Critic Loss: 0.0044 
	| Avg Length: 24.8122 | Avg Reward: 0.8986 
	| Avg Length: 24.8632 | Avg Reward: 0.9143
	| OG  Acc: 1.00  | Masked Acc: 1.00 | OG  F1: 1.00 | Masked F1: 1.00
Epoch 109/250 
	| Avg Actor Loss: -0.5279 | Avg Critic Loss: 0.0045 
	| Avg Length: 24.8260 | Avg Reward: 0.8985 
	| Avg Length: 24.1016 | Avg Reward: 0.9164
	| OG  Acc: 1.00  | Masked Acc: 1.00 | OG  F1: 1.00 | Masked F1: 1.00
Epoch 110/250 
	| Avg Actor Loss: -0.1793 | Avg Critic Loss: 0.0047 
	| Avg Length: 24.2162 | Avg Reward: 0.9001 
	| Avg Length: 23.6954 | Avg Reward: 0.9177
	| OG  Acc: 1.00  | Masked Acc: 1.00 | OG  F1: 1.00 | Masked F1: 1.00
Epoch 111/250 
	| Avg Actor Loss: -0.3858 | Avg Critic Loss: 0.0047 
	| Avg Length: 23.1146 | Avg Reward: 0.9031 
	| Avg Length: 23.5160 | Avg Reward: 0.9181
	| OG  Acc: 1.00  | Masked Acc: 1.00 | OG  F1: 1.00 | Masked F1: 1.00
Epoch 112/250 
	| Avg Actor Loss: -0.4503 | Avg Critic Loss: 0.0046 
	| Avg Length: 23.5522 | Avg Reward: 0.9014 
	| Avg Length: 24.1112 | Avg Reward: 0.9165
	| OG  Acc: 1.00  | Masked Acc: 1.00 | OG  F1: 1.00 | Masked F1: 1.00
Epoch 113/250 
	| Avg Actor Loss: -0.3929 | Avg Critic Loss: 0.0041 
	| Avg Length: 24.0160 | Avg Reward: 0.9029 
	| Avg Length: 24.1440 | Avg Reward: 0.9164
	| OG  Acc: 1.00  | Masked Acc: 1.00 | OG  F1: 1.00 | Masked F1: 1.00
Epoch 114/250 
	| Avg Actor Loss: -0.3581 | Avg Critic Loss: 0.0052 
	| Avg Length: 23.9062 | Avg Reward: 0.8990 
	| Avg Length: 23.9340 | Avg Reward: 0.9169
	| OG  Acc: 1.00  | Masked Acc: 1.00 | OG  F1: 1.00 | Masked F1: 1.00
Epoch 115/250 
	| Avg Actor Loss: -0.3964 | Avg Critic Loss: 0.0043 
	| Avg Length: 24.5430 | Avg Reward: 0.9000 
	| Avg Length: 24.6220 | Avg Reward: 0.9146
	| OG  Acc: 1.00  | Masked Acc: 1.00 | OG  F1: 1.00 | Masked F1: 1.00
Epoch 116/250 
	| Avg Actor Loss: -0.4098 | Avg Critic Loss: 0.0047 
	| Avg Length: 24.4776 | Avg Reward: 0.8983 
	| Avg Length: 24.7960 | Avg Reward: 0.9145
	| OG  Acc: 1.00  | Masked Acc: 1.00 | OG  F1: 1.00 | Masked F1: 1.00
Epoch 117/250 
	| Avg Actor Loss: -0.2320 | Avg Critic Loss: 0.0042 
	| Avg Length: 24.1620 | Avg Reward: 0.9021 
	| Avg Length: 23.6588 | Avg Reward: 0.9179
	| OG  Acc: 1.00  | Masked Acc: 1.00 | OG  F1: 1.00 | Masked F1: 1.00
Epoch 118/250 
	| Avg Actor Loss: -0.3610 | Avg Critic Loss: 0.0048 
	| Avg Length: 23.2760 | Avg Reward: 0.9025 
	| Avg Length: 23.3970 | Avg Reward: 0.9186
	| OG  Acc: 1.00  | Masked Acc: 1.00 | OG  F1: 1.00 | Masked F1: 1.00
Epoch 119/250 
	| Avg Actor Loss: -0.4619 | Avg Critic Loss: 0.0052 
	| Avg Length: 22.6526 | Avg Reward: 0.9022 
	| Avg Length: 22.5822 | Avg Reward: 0.9209
	| OG  Acc: 1.00  | Masked Acc: 1.00 | OG  F1: 1.00 | Masked F1: 1.00
Epoch 120/250 
	| Avg Actor Loss: -0.5740 | Avg Critic Loss: 0.0051 
	| Avg Length: 23.0462 | Avg Reward: 0.9016 
	| Avg Length: 23.8036 | Avg Reward: 0.9175
	| OG  Acc: 1.00  | Masked Acc: 1.00 | OG  F1: 1.00 | Masked F1: 1.00
Epoch 121/250 
	| Avg Actor Loss: -0.2802 | Avg Critic Loss: 0.0043 
	| Avg Length: 23.8878 | Avg Reward: 0.9023 
	| Avg Length: 23.3620 | Avg Reward: 0.9185
	| OG  Acc: 1.00  | Masked Acc: 1.00 | OG  F1: 1.00 | Masked F1: 1.00
Epoch 122/250 
	| Avg Actor Loss: -0.4084 | Avg Critic Loss: 0.0051 
	| Avg Length: 22.9828 | Avg Reward: 0.9016 
	| Avg Length: 22.8722 | Avg Reward: 0.9152
	| OG  Acc: 1.00  | Masked Acc: 0.99 | OG  F1: 1.00 | Masked F1: 0.99
Epoch 123/250 
	| Avg Actor Loss: -0.2997 | Avg Critic Loss: 0.0062 
	| Avg Length: 23.2792 | Avg Reward: 0.8956 
	| Avg Length: 24.7642 | Avg Reward: 0.9143
	| OG  Acc: 1.00  | Masked Acc: 1.00 | OG  F1: 1.00 | Masked F1: 1.00
Epoch 124/250 
	| Avg Actor Loss: -0.2682 | Avg Critic Loss: 0.0043 
	| Avg Length: 24.4874 | Avg Reward: 0.9013 
	| Avg Length: 23.7748 | Avg Reward: 0.9175
	| OG  Acc: 1.00  | Masked Acc: 1.00 | OG  F1: 1.00 | Masked F1: 1.00
Epoch 125/250 
	| Avg Actor Loss: -0.2859 | Avg Critic Loss: 0.0040 
	| Avg Length: 23.2986 | Avg Reward: 0.9053 
	| Avg Length: 22.8784 | Avg Reward: 0.9200
	| OG  Acc: 1.00  | Masked Acc: 1.00 | OG  F1: 1.00 | Masked F1: 1.00
Epoch 126/250 
	| Avg Actor Loss: -0.3231 | Avg Critic Loss: 0.0051 
	| Avg Length: 22.6334 | Avg Reward: 0.9031 
	| Avg Length: 23.1842 | Avg Reward: 0.9190
	| OG  Acc: 1.00  | Masked Acc: 1.00 | OG  F1: 1.00 | Masked F1: 1.00
Epoch 127/250 
	| Avg Actor Loss: -0.4565 | Avg Critic Loss: 0.0050 
	| Avg Length: 23.3288 | Avg Reward: 0.9013 
	| Avg Length: 23.6220 | Avg Reward: 0.9178
	| OG  Acc: 1.00  | Masked Acc: 1.00 | OG  F1: 1.00 | Masked F1: 1.00
Epoch 128/250 
	| Avg Actor Loss: -0.4693 | Avg Critic Loss: 0.0047 
	| Avg Length: 23.2096 | Avg Reward: 0.9021 
	| Avg Length: 23.1084 | Avg Reward: 0.9195
	| OG  Acc: 1.00  | Masked Acc: 1.00 | OG  F1: 1.00 | Masked F1: 1.00
Epoch 129/250 
	| Avg Actor Loss: -0.2882 | Avg Critic Loss: 0.0043 
	| Avg Length: 22.9426 | Avg Reward: 0.9059 
	| Avg Length: 22.6172 | Avg Reward: 0.9208
	| OG  Acc: 1.00  | Masked Acc: 1.00 | OG  F1: 1.00 | Masked F1: 1.00
Epoch 130/250 
	| Avg Actor Loss: -0.4530 | Avg Critic Loss: 0.0058 
	| Avg Length: 22.6654 | Avg Reward: 0.9003 
	| Avg Length: 23.1452 | Avg Reward: 0.9194
	| OG  Acc: 1.00  | Masked Acc: 1.00 | OG  F1: 1.00 | Masked F1: 1.00
Epoch 131/250 
	| Avg Actor Loss: -0.5119 | Avg Critic Loss: 0.0045 
	| Avg Length: 23.8784 | Avg Reward: 0.9015 
	| Avg Length: 23.9334 | Avg Reward: 0.9170
	| OG  Acc: 1.00  | Masked Acc: 1.00 | OG  F1: 1.00 | Masked F1: 1.00
Epoch 132/250 
	| Avg Actor Loss: -0.2197 | Avg Critic Loss: 0.0039 
	| Avg Length: 23.6896 | Avg Reward: 0.9046 
	| Avg Length: 23.5132 | Avg Reward: 0.9182
	| OG  Acc: 1.00  | Masked Acc: 1.00 | OG  F1: 1.00 | Masked F1: 1.00
Epoch 133/250 
	| Avg Actor Loss: -0.4148 | Avg Critic Loss: 0.0044 
	| Avg Length: 23.0410 | Avg Reward: 0.9042 
	| Avg Length: 23.3306 | Avg Reward: 0.9187
	| OG  Acc: 1.00  | Masked Acc: 1.00 | OG  F1: 1.00 | Masked F1: 1.00
Epoch 134/250 
	| Avg Actor Loss: -0.5035 | Avg Critic Loss: 0.0045 
	| Avg Length: 22.7720 | Avg Reward: 0.9044 
	| Avg Length: 22.8516 | Avg Reward: 0.9200
	| OG  Acc: 1.00  | Masked Acc: 1.00 | OG  F1: 1.00 | Masked F1: 1.00
Epoch 135/250 
	| Avg Actor Loss: -0.2559 | Avg Critic Loss: 0.0047 
	| Avg Length: 22.9970 | Avg Reward: 0.9032 
	| Avg Length: 22.9152 | Avg Reward: 0.9198
	| OG  Acc: 1.00  | Masked Acc: 1.00 | OG  F1: 1.00 | Masked F1: 1.00
Epoch 136/250 
	| Avg Actor Loss: -0.3982 | Avg Critic Loss: 0.0044 
	| Avg Length: 22.7668 | Avg Reward: 0.9050 
	| Avg Length: 22.9026 | Avg Reward: 0.9199
	| OG  Acc: 1.00  | Masked Acc: 1.00 | OG  F1: 1.00 | Masked F1: 1.00
Epoch 137/250 
	| Avg Actor Loss: -0.4501 | Avg Critic Loss: 0.0048 
	| Avg Length: 22.7154 | Avg Reward: 0.9032 
	| Avg Length: 23.0282 | Avg Reward: 0.9198
	| OG  Acc: 1.00  | Masked Acc: 1.00 | OG  F1: 1.00 | Masked F1: 1.00
Epoch 138/250 
	| Avg Actor Loss: -0.5366 | Avg Critic Loss: 0.0043 
	| Avg Length: 22.9756 | Avg Reward: 0.9051 
	| Avg Length: 23.5764 | Avg Reward: 0.9181
	| OG  Acc: 1.00  | Masked Acc: 1.00 | OG  F1: 1.00 | Masked F1: 1.00
Epoch 139/250 
	| Avg Actor Loss: -0.3328 | Avg Critic Loss: 0.0038 
	| Avg Length: 23.1152 | Avg Reward: 0.9069 
	| Avg Length: 22.9358 | Avg Reward: 0.9199
	| OG  Acc: 1.00  | Masked Acc: 1.00 | OG  F1: 1.00 | Masked F1: 1.00
Epoch 140/250 
	| Avg Actor Loss: -0.2215 | Avg Critic Loss: 0.0043 
	| Avg Length: 22.8252 | Avg Reward: 0.9060 
	| Avg Length: 22.6532 | Avg Reward: 0.9209
	| OG  Acc: 1.00  | Masked Acc: 1.00 | OG  F1: 1.00 | Masked F1: 1.00
Epoch 141/250 
	| Avg Actor Loss: -0.4076 | Avg Critic Loss: 0.0043 
	| Avg Length: 22.2942 | Avg Reward: 0.9071 
	| Avg Length: 22.6064 | Avg Reward: 0.9208
	| OG  Acc: 1.00  | Masked Acc: 1.00 | OG  F1: 1.00 | Masked F1: 1.00
Epoch 142/250 
	| Avg Actor Loss: -0.5596 | Avg Critic Loss: 0.0047 
	| Avg Length: 22.6452 | Avg Reward: 0.9041 
	| Avg Length: 23.1854 | Avg Reward: 0.9192
	| OG  Acc: 1.00  | Masked Acc: 1.00 | OG  F1: 1.00 | Masked F1: 1.00
Epoch 143/250 
	| Avg Actor Loss: -0.3550 | Avg Critic Loss: 0.0038 
	| Avg Length: 23.1230 | Avg Reward: 0.9063 
	| Avg Length: 23.1568 | Avg Reward: 0.9192
	| OG  Acc: 1.00  | Masked Acc: 1.00 | OG  F1: 1.00 | Masked F1: 1.00
Epoch 144/250 
	| Avg Actor Loss: -0.3755 | Avg Critic Loss: 0.0041 
	| Avg Length: 23.0714 | Avg Reward: 0.9054 
	| Avg Length: 23.1472 | Avg Reward: 0.9192
	| OG  Acc: 1.00  | Masked Acc: 1.00 | OG  F1: 1.00 | Masked F1: 1.00
Epoch 145/250 
	| Avg Actor Loss: -0.4013 | Avg Critic Loss: 0.0048 
	| Avg Length: 22.8676 | Avg Reward: 0.9035 
	| Avg Length: 22.9376 | Avg Reward: 0.9198
	| OG  Acc: 1.00  | Masked Acc: 1.00 | OG  F1: 1.00 | Masked F1: 1.00
Epoch 146/250 
	| Avg Actor Loss: -0.3432 | Avg Critic Loss: 0.0047 
	| Avg Length: 22.9044 | Avg Reward: 0.9038 
	| Avg Length: 23.3758 | Avg Reward: 0.9187
	| OG  Acc: 1.00  | Masked Acc: 1.00 | OG  F1: 1.00 | Masked F1: 1.00
Epoch 147/250 
	| Avg Actor Loss: -0.3214 | Avg Critic Loss: 0.0041 
	| Avg Length: 22.9776 | Avg Reward: 0.9058 
	| Avg Length: 22.7828 | Avg Reward: 0.9201
	| OG  Acc: 1.00  | Masked Acc: 1.00 | OG  F1: 1.00 | Masked F1: 1.00
Epoch 148/250 
	| Avg Actor Loss: -0.3945 | Avg Critic Loss: 0.0050 
	| Avg Length: 22.8436 | Avg Reward: 0.9028 
	| Avg Length: 23.4542 | Avg Reward: 0.9184
	| OG  Acc: 1.00  | Masked Acc: 1.00 | OG  F1: 1.00 | Masked F1: 1.00
Epoch 149/250 
	| Avg Actor Loss: -0.4571 | Avg Critic Loss: 0.0039 
	| Avg Length: 23.1946 | Avg Reward: 0.9058 
	| Avg Length: 23.5824 | Avg Reward: 0.9181
	| OG  Acc: 1.00  | Masked Acc: 1.00 | OG  F1: 1.00 | Masked F1: 1.00
Epoch 150/250 
	| Avg Actor Loss: -0.2323 | Avg Critic Loss: 0.0035 
	| Avg Length: 23.6604 | Avg Reward: 0.9058 
	| Avg Length: 23.3564 | Avg Reward: 0.9187
	| OG  Acc: 1.00  | Masked Acc: 1.00 | OG  F1: 1.00 | Masked F1: 1.00
Epoch 151/250 
	| Avg Actor Loss: -0.4283 | Avg Critic Loss: 0.0044 
	| Avg Length: 22.8470 | Avg Reward: 0.9052 
	| Avg Length: 22.8274 | Avg Reward: 0.9202
	| OG  Acc: 1.00  | Masked Acc: 1.00 | OG  F1: 1.00 | Masked F1: 1.00
Epoch 152/250 
	| Avg Actor Loss: -0.3619 | Avg Critic Loss: 0.0040 
	| Avg Length: 22.7100 | Avg Reward: 0.9070 
	| Avg Length: 22.9032 | Avg Reward: 0.9202
	| OG  Acc: 1.00  | Masked Acc: 1.00 | OG  F1: 1.00 | Masked F1: 1.00
Epoch 153/250 
	| Avg Actor Loss: -0.4010 | Avg Critic Loss: 0.0047 
	| Avg Length: 22.3272 | Avg Reward: 0.9053 
	| Avg Length: 23.1060 | Avg Reward: 0.9191
	| OG  Acc: 1.00  | Masked Acc: 1.00 | OG  F1: 1.00 | Masked F1: 1.00
Epoch 154/250 
	| Avg Actor Loss: -0.2547 | Avg Critic Loss: 0.0038 
	| Avg Length: 22.6848 | Avg Reward: 0.9073 
	| Avg Length: 22.9460 | Avg Reward: 0.9198
	| OG  Acc: 1.00  | Masked Acc: 1.00 | OG  F1: 1.00 | Masked F1: 1.00
Epoch 155/250 
	| Avg Actor Loss: -0.4489 | Avg Critic Loss: 0.0045 
	| Avg Length: 22.9656 | Avg Reward: 0.9043 
	| Avg Length: 23.3824 | Avg Reward: 0.9185
	| OG  Acc: 1.00  | Masked Acc: 1.00 | OG  F1: 1.00 | Masked F1: 1.00
Epoch 156/250 
	| Avg Actor Loss: -0.4328 | Avg Critic Loss: 0.0049 
	| Avg Length: 23.0330 | Avg Reward: 0.9024 
	| Avg Length: 23.2342 | Avg Reward: 0.9192
	| OG  Acc: 1.00  | Masked Acc: 1.00 | OG  F1: 1.00 | Masked F1: 1.00
Epoch 157/250 
	| Avg Actor Loss: -0.2468 | Avg Critic Loss: 0.0035 
	| Avg Length: 23.1944 | Avg Reward: 0.9075 
	| Avg Length: 23.1634 | Avg Reward: 0.9194
	| OG  Acc: 1.00  | Masked Acc: 1.00 | OG  F1: 1.00 | Masked F1: 1.00
Epoch 158/250 
	| Avg Actor Loss: -0.4074 | Avg Critic Loss: 0.0037 
	| Avg Length: 23.0720 | Avg Reward: 0.9068 
	| Avg Length: 22.9406 | Avg Reward: 0.9199
	| OG  Acc: 1.00  | Masked Acc: 1.00 | OG  F1: 1.00 | Masked F1: 1.00
Epoch 159/250 
	| Avg Actor Loss: -0.3607 | Avg Critic Loss: 0.0042 
	| Avg Length: 23.0196 | Avg Reward: 0.9054 
	| Avg Length: 23.1060 | Avg Reward: 0.9195
	| OG  Acc: 1.00  | Masked Acc: 1.00 | OG  F1: 1.00 | Masked F1: 1.00
Epoch 160/250 
	| Avg Actor Loss: -0.3882 | Avg Critic Loss: 0.0037 
	| Avg Length: 23.1058 | Avg Reward: 0.9069 
	| Avg Length: 23.0526 | Avg Reward: 0.9197
	| OG  Acc: 1.00  | Masked Acc: 1.00 | OG  F1: 1.00 | Masked F1: 1.00
Epoch 161/250 
	| Avg Actor Loss: -0.3737 | Avg Critic Loss: 0.0039 
	| Avg Length: 22.6814 | Avg Reward: 0.9076 
	| Avg Length: 22.5690 | Avg Reward: 0.9211
	| OG  Acc: 1.00  | Masked Acc: 1.00 | OG  F1: 1.00 | Masked F1: 1.00
Epoch 162/250 
	| Avg Actor Loss: -0.5422 | Avg Critic Loss: 0.0043 
	| Avg Length: 22.3116 | Avg Reward: 0.9063 
	| Avg Length: 22.7876 | Avg Reward: 0.9203
	| OG  Acc: 1.00  | Masked Acc: 1.00 | OG  F1: 1.00 | Masked F1: 1.00
Epoch 163/250 
	| Avg Actor Loss: -0.3194 | Avg Critic Loss: 0.0040 
	| Avg Length: 22.9248 | Avg Reward: 0.9066 
	| Avg Length: 22.7508 | Avg Reward: 0.9206
	| OG  Acc: 1.00  | Masked Acc: 1.00 | OG  F1: 1.00 | Masked F1: 1.00
Epoch 164/250 
	| Avg Actor Loss: -0.3552 | Avg Critic Loss: 0.0042 
	| Avg Length: 22.7288 | Avg Reward: 0.9061 
	| Avg Length: 22.5426 | Avg Reward: 0.9212
	| OG  Acc: 1.00  | Masked Acc: 1.00 | OG  F1: 1.00 | Masked F1: 1.00
Epoch 165/250 
	| Avg Actor Loss: -0.3505 | Avg Critic Loss: 0.0040 
	| Avg Length: 22.0902 | Avg Reward: 0.9090 
	| Avg Length: 22.1270 | Avg Reward: 0.9225
	| OG  Acc: 1.00  | Masked Acc: 1.00 | OG  F1: 1.00 | Masked F1: 1.00
Epoch 166/250 
	| Avg Actor Loss: -0.3557 | Avg Critic Loss: 0.0045 
	| Avg Length: 22.0268 | Avg Reward: 0.9072 
	| Avg Length: 22.1152 | Avg Reward: 0.9226
	| OG  Acc: 1.00  | Masked Acc: 1.00 | OG  F1: 1.00 | Masked F1: 1.00
Epoch 167/250 
	| Avg Actor Loss: -0.4022 | Avg Critic Loss: 0.0045 
	| Avg Length: 21.9346 | Avg Reward: 0.9076 
	| Avg Length: 22.1282 | Avg Reward: 0.9225
	| OG  Acc: 1.00  | Masked Acc: 1.00 | OG  F1: 1.00 | Masked F1: 1.00
Epoch 168/250 
	| Avg Actor Loss: -0.4338 | Avg Critic Loss: 0.0044 
	| Avg Length: 21.7258 | Avg Reward: 0.9082 
	| Avg Length: 22.1056 | Avg Reward: 0.9226
	| OG  Acc: 1.00  | Masked Acc: 1.00 | OG  F1: 1.00 | Masked F1: 1.00
Epoch 169/250 
	| Avg Actor Loss: -0.3039 | Avg Critic Loss: 0.0049 
	| Avg Length: 22.1008 | Avg Reward: 0.9056 
	| Avg Length: 22.2362 | Avg Reward: 0.9222
	| OG  Acc: 1.00  | Masked Acc: 1.00 | OG  F1: 1.00 | Masked F1: 1.00
Epoch 170/250 
	| Avg Actor Loss: -0.3257 | Avg Critic Loss: 0.0048 
	| Avg Length: 22.0598 | Avg Reward: 0.9058 
	| Avg Length: 22.3050 | Avg Reward: 0.9219
	| OG  Acc: 1.00  | Masked Acc: 1.00 | OG  F1: 1.00 | Masked F1: 1.00
Epoch 171/250 
	| Avg Actor Loss: -0.3766 | Avg Critic Loss: 0.0046 
	| Avg Length: 22.3584 | Avg Reward: 0.9057 
	| Avg Length: 22.3378 | Avg Reward: 0.9218
	| OG  Acc: 1.00  | Masked Acc: 1.00 | OG  F1: 1.00 | Masked F1: 1.00
Epoch 172/250 
	| Avg Actor Loss: -0.4537 | Avg Critic Loss: 0.0047 
	| Avg Length: 22.3556 | Avg Reward: 0.9053 
	| Avg Length: 22.4678 | Avg Reward: 0.9214
	| OG  Acc: 1.00  | Masked Acc: 1.00 | OG  F1: 1.00 | Masked F1: 1.00
Epoch 173/250 
	| Avg Actor Loss: -0.4882 | Avg Critic Loss: 0.0045 
	| Avg Length: 22.4056 | Avg Reward: 0.9056 
	| Avg Length: 22.7272 | Avg Reward: 0.9205
	| OG  Acc: 1.00  | Masked Acc: 1.00 | OG  F1: 1.00 | Masked F1: 1.00
Epoch 174/250 
	| Avg Actor Loss: -0.3903 | Avg Critic Loss: 0.0038 
	| Avg Length: 22.7608 | Avg Reward: 0.9072 
	| Avg Length: 23.1706 | Avg Reward: 0.9193
	| OG  Acc: 1.00  | Masked Acc: 1.00 | OG  F1: 1.00 | Masked F1: 1.00
Epoch 175/250 
	| Avg Actor Loss: -0.4012 | Avg Critic Loss: 0.0037 
	| Avg Length: 23.1042 | Avg Reward: 0.9066 
	| Avg Length: 23.2190 | Avg Reward: 0.9192
	| OG  Acc: 1.00  | Masked Acc: 1.00 | OG  F1: 1.00 | Masked F1: 1.00
Epoch 176/250 
	| Avg Actor Loss: -0.3300 | Avg Critic Loss: 0.0031 
	| Avg Length: 22.9910 | Avg Reward: 0.9093 
	| Avg Length: 22.8986 | Avg Reward: 0.9202
	| OG  Acc: 1.00  | Masked Acc: 1.00 | OG  F1: 1.00 | Masked F1: 1.00
Epoch 177/250 
	| Avg Actor Loss: -0.5718 | Avg Critic Loss: 0.0044 
	| Avg Length: 22.8362 | Avg Reward: 0.9047 
	| Avg Length: 22.8010 | Avg Reward: 0.9205
	| OG  Acc: 1.00  | Masked Acc: 1.00 | OG  F1: 1.00 | Masked F1: 1.00
Epoch 178/250 
	| Avg Actor Loss: -0.1292 | Avg Critic Loss: 0.0036 
	| Avg Length: 22.8766 | Avg Reward: 0.9082 
	| Avg Length: 22.4740 | Avg Reward: 0.9215
	| OG  Acc: 1.00  | Masked Acc: 1.00 | OG  F1: 1.00 | Masked F1: 1.00
Epoch 179/250 
	| Avg Actor Loss: -0.4052 | Avg Critic Loss: 0.0043 
	| Avg Length: 21.9534 | Avg Reward: 0.9075 
	| Avg Length: 22.0914 | Avg Reward: 0.9225
	| OG  Acc: 1.00  | Masked Acc: 1.00 | OG  F1: 1.00 | Masked F1: 1.00
Epoch 180/250 
	| Avg Actor Loss: -0.3876 | Avg Critic Loss: 0.0048 
	| Avg Length: 22.0246 | Avg Reward: 0.9060 
	| Avg Length: 22.1820 | Avg Reward: 0.9223
	| OG  Acc: 1.00  | Masked Acc: 1.00 | OG  F1: 1.00 | Masked F1: 1.00
Epoch 181/250 
	| Avg Actor Loss: -0.2857 | Avg Critic Loss: 0.0036 
	| Avg Length: 22.0590 | Avg Reward: 0.9103 
	| Avg Length: 22.0688 | Avg Reward: 0.9226
	| OG  Acc: 1.00  | Masked Acc: 1.00 | OG  F1: 1.00 | Masked F1: 1.00
Epoch 182/250 
	| Avg Actor Loss: -0.5668 | Avg Critic Loss: 0.0043 
	| Avg Length: 21.8748 | Avg Reward: 0.9079 
	| Avg Length: 22.1578 | Avg Reward: 0.9223
	| OG  Acc: 1.00  | Masked Acc: 1.00 | OG  F1: 1.00 | Masked F1: 1.00
Epoch 183/250 
	| Avg Actor Loss: -0.4855 | Avg Critic Loss: 0.0047 
	| Avg Length: 21.9614 | Avg Reward: 0.9066 
	| Avg Length: 22.3130 | Avg Reward: 0.9218
	| OG  Acc: 1.00  | Masked Acc: 1.00 | OG  F1: 1.00 | Masked F1: 1.00
Epoch 184/250 
	| Avg Actor Loss: -0.3916 | Avg Critic Loss: 0.0045 
	| Avg Length: 22.1790 | Avg Reward: 0.9064 
	| Avg Length: 22.5236 | Avg Reward: 0.9212
	| OG  Acc: 1.00  | Masked Acc: 1.00 | OG  F1: 1.00 | Masked F1: 1.00
Epoch 185/250 
	| Avg Actor Loss: -0.4640 | Avg Critic Loss: 0.0043 
	| Avg Length: 22.2068 | Avg Reward: 0.9068 
	| Avg Length: 22.6390 | Avg Reward: 0.9208
	| OG  Acc: 1.00  | Masked Acc: 1.00 | OG  F1: 1.00 | Masked F1: 1.00
Epoch 186/250 
	| Avg Actor Loss: -0.4814 | Avg Critic Loss: 0.0041 
	| Avg Length: 22.6334 | Avg Reward: 0.9062 
	| Avg Length: 22.6624 | Avg Reward: 0.9208
	| OG  Acc: 1.00  | Masked Acc: 1.00 | OG  F1: 1.00 | Masked F1: 1.00
Epoch 187/250 
	| Avg Actor Loss: -0.2035 | Avg Critic Loss: 0.0041 
	| Avg Length: 22.3360 | Avg Reward: 0.9077 
	| Avg Length: 22.4056 | Avg Reward: 0.9215
	| OG  Acc: 1.00  | Masked Acc: 1.00 | OG  F1: 1.00 | Masked F1: 1.00
Epoch 188/250 
	| Avg Actor Loss: -0.3821 | Avg Critic Loss: 0.0044 
	| Avg Length: 22.2544 | Avg Reward: 0.9062 
	| Avg Length: 22.3892 | Avg Reward: 0.9217
	| OG  Acc: 1.00  | Masked Acc: 1.00 | OG  F1: 1.00 | Masked F1: 1.00
Epoch 189/250 
	| Avg Actor Loss: -0.4851 | Avg Critic Loss: 0.0043 
	| Avg Length: 22.1920 | Avg Reward: 0.9071 
	| Avg Length: 22.5538 | Avg Reward: 0.9211
	| OG  Acc: 1.00  | Masked Acc: 1.00 | OG  F1: 1.00 | Masked F1: 1.00
Epoch 190/250 
	| Avg Actor Loss: -0.3098 | Avg Critic Loss: 0.0037 
	| Avg Length: 22.3834 | Avg Reward: 0.9090 
	| Avg Length: 22.6356 | Avg Reward: 0.9208
	| OG  Acc: 1.00  | Masked Acc: 1.00 | OG  F1: 1.00 | Masked F1: 1.00
Epoch 191/250 
	| Avg Actor Loss: -0.4799 | Avg Critic Loss: 0.0039 
	| Avg Length: 22.6718 | Avg Reward: 0.9070 
	| Avg Length: 22.6674 | Avg Reward: 0.9208
	| OG  Acc: 1.00  | Masked Acc: 1.00 | OG  F1: 1.00 | Masked F1: 1.00
Epoch 192/250 
	| Avg Actor Loss: -0.2005 | Avg Critic Loss: 0.0035 
	| Avg Length: 22.3558 | Avg Reward: 0.9099 
	| Avg Length: 22.4140 | Avg Reward: 0.9214
	| OG  Acc: 1.00  | Masked Acc: 1.00 | OG  F1: 1.00 | Masked F1: 1.00
Epoch 193/250 
	| Avg Actor Loss: -0.4214 | Avg Critic Loss: 0.0042 
	| Avg Length: 22.0512 | Avg Reward: 0.9084 
	| Avg Length: 22.1734 | Avg Reward: 0.9222
	| OG  Acc: 1.00  | Masked Acc: 1.00 | OG  F1: 1.00 | Masked F1: 1.00
Epoch 194/250 
	| Avg Actor Loss: -0.4058 | Avg Critic Loss: 0.0045 
	| Avg Length: 21.7890 | Avg Reward: 0.9072 
	| Avg Length: 22.2322 | Avg Reward: 0.9221
	| OG  Acc: 1.00  | Masked Acc: 1.00 | OG  F1: 1.00 | Masked F1: 1.00
Epoch 195/250 
	| Avg Actor Loss: -0.4107 | Avg Critic Loss: 0.0045 
	| Avg Length: 22.0326 | Avg Reward: 0.9066 
	| Avg Length: 22.4046 | Avg Reward: 0.9214
	| OG  Acc: 1.00  | Masked Acc: 1.00 | OG  F1: 1.00 | Masked F1: 1.00
Epoch 196/250 
	| Avg Actor Loss: -0.3679 | Avg Critic Loss: 0.0044 
	| Avg Length: 22.3230 | Avg Reward: 0.9066 
	| Avg Length: 22.5284 | Avg Reward: 0.9212
	| OG  Acc: 1.00  | Masked Acc: 1.00 | OG  F1: 1.00 | Masked F1: 1.00
Epoch 197/250 
	| Avg Actor Loss: -0.4494 | Avg Critic Loss: 0.0043 
	| Avg Length: 22.2804 | Avg Reward: 0.9071 
	| Avg Length: 22.5456 | Avg Reward: 0.9210
	| OG  Acc: 1.00  | Masked Acc: 1.00 | OG  F1: 1.00 | Masked F1: 1.00
Epoch 198/250 
	| Avg Actor Loss: -0.4218 | Avg Critic Loss: 0.0044 
	| Avg Length: 22.2342 | Avg Reward: 0.9068 
	| Avg Length: 22.6100 | Avg Reward: 0.9210
	| OG  Acc: 1.00  | Masked Acc: 1.00 | OG  F1: 1.00 | Masked F1: 1.00
Epoch 199/250 
	| Avg Actor Loss: -0.3367 | Avg Critic Loss: 0.0039 
	| Avg Length: 22.5674 | Avg Reward: 0.9081 
	| Avg Length: 22.4834 | Avg Reward: 0.9213
	| OG  Acc: 1.00  | Masked Acc: 1.00 | OG  F1: 1.00 | Masked F1: 1.00
Epoch 200/250 
	| Avg Actor Loss: -0.2012 | Avg Critic Loss: 0.0036 
	| Avg Length: 22.2034 | Avg Reward: 0.9099 
	| Avg Length: 22.4038 | Avg Reward: 0.9216
	| OG  Acc: 1.00  | Masked Acc: 1.00 | OG  F1: 1.00 | Masked F1: 1.00
Epoch 201/250 
	| Avg Actor Loss: -0.4633 | Avg Critic Loss: 0.0047 
	| Avg Length: 22.1078 | Avg Reward: 0.9061 
	| Avg Length: 22.4794 | Avg Reward: 0.9213
	| OG  Acc: 1.00  | Masked Acc: 1.00 | OG  F1: 1.00 | Masked F1: 1.00
Epoch 202/250 
	| Avg Actor Loss: -0.4338 | Avg Critic Loss: 0.0036 
	| Avg Length: 22.3022 | Avg Reward: 0.9094 
	| Avg Length: 22.3868 | Avg Reward: 0.9217
	| OG  Acc: 1.00  | Masked Acc: 1.00 | OG  F1: 1.00 | Masked F1: 1.00
Epoch 203/250 
	| Avg Actor Loss: -0.3793 | Avg Critic Loss: 0.0038 
	| Avg Length: 22.2202 | Avg Reward: 0.9090 
	| Avg Length: 22.3834 | Avg Reward: 0.9217
	| OG  Acc: 1.00  | Masked Acc: 1.00 | OG  F1: 1.00 | Masked F1: 1.00
Epoch 204/250 
	| Avg Actor Loss: -0.2382 | Avg Critic Loss: 0.0036 
	| Avg Length: 22.1256 | Avg Reward: 0.9100 
	| Avg Length: 22.2350 | Avg Reward: 0.9222
	| OG  Acc: 1.00  | Masked Acc: 1.00 | OG  F1: 1.00 | Masked F1: 1.00
Epoch 205/250 
	| Avg Actor Loss: -0.4928 | Avg Critic Loss: 0.0045 
	| Avg Length: 22.0300 | Avg Reward: 0.9070 
	| Avg Length: 22.2830 | Avg Reward: 0.9220
	| OG  Acc: 1.00  | Masked Acc: 1.00 | OG  F1: 1.00 | Masked F1: 1.00
Epoch 206/250 
	| Avg Actor Loss: -0.3605 | Avg Critic Loss: 0.0041 
	| Avg Length: 22.1532 | Avg Reward: 0.9081 
	| Avg Length: 22.3730 | Avg Reward: 0.9218
	| OG  Acc: 1.00  | Masked Acc: 1.00 | OG  F1: 1.00 | Masked F1: 1.00
Epoch 207/250 
	| Avg Actor Loss: -0.4431 | Avg Critic Loss: 0.0043 
	| Avg Length: 22.2968 | Avg Reward: 0.9060 
	| Avg Length: 22.5094 | Avg Reward: 0.9214
	| OG  Acc: 1.00  | Masked Acc: 1.00 | OG  F1: 1.00 | Masked F1: 1.00
Epoch 208/250 
	| Avg Actor Loss: -0.1623 | Avg Critic Loss: 0.0036 
	| Avg Length: 22.2062 | Avg Reward: 0.9099 
	| Avg Length: 22.4368 | Avg Reward: 0.9217
	| OG  Acc: 1.00  | Masked Acc: 1.00 | OG  F1: 1.00 | Masked F1: 1.00
Epoch 209/250 
	| Avg Actor Loss: -0.5449 | Avg Critic Loss: 0.0038 
	| Avg Length: 22.3634 | Avg Reward: 0.9091 
	| Avg Length: 22.2892 | Avg Reward: 0.9220
	| OG  Acc: 1.00  | Masked Acc: 1.00 | OG  F1: 1.00 | Masked F1: 1.00
Epoch 210/250 
	| Avg Actor Loss: -0.3871 | Avg Critic Loss: 0.0041 
	| Avg Length: 22.0308 | Avg Reward: 0.9086 
	| Avg Length: 22.3254 | Avg Reward: 0.9219
	| OG  Acc: 1.00  | Masked Acc: 1.00 | OG  F1: 1.00 | Masked F1: 1.00
Epoch 211/250 
	| Avg Actor Loss: -0.4719 | Avg Critic Loss: 0.0040 
	| Avg Length: 22.1656 | Avg Reward: 0.9085 
	| Avg Length: 22.3358 | Avg Reward: 0.9219
	| OG  Acc: 1.00  | Masked Acc: 1.00 | OG  F1: 1.00 | Masked F1: 1.00
Epoch 212/250 
	| Avg Actor Loss: -0.3030 | Avg Critic Loss: 0.0044 
	| Avg Length: 22.0268 | Avg Reward: 0.9075 
	| Avg Length: 22.3682 | Avg Reward: 0.9217
	| OG  Acc: 1.00  | Masked Acc: 1.00 | OG  F1: 1.00 | Masked F1: 1.00
Epoch 213/250 
	| Avg Actor Loss: -0.3537 | Avg Critic Loss: 0.0040 
	| Avg Length: 22.1408 | Avg Reward: 0.9088 
	| Avg Length: 22.3798 | Avg Reward: 0.9217
	| OG  Acc: 1.00  | Masked Acc: 1.00 | OG  F1: 1.00 | Masked F1: 1.00
Epoch 214/250 
	| Avg Actor Loss: -0.4168 | Avg Critic Loss: 0.0034 
	| Avg Length: 22.3166 | Avg Reward: 0.9102 
	| Avg Length: 22.3678 | Avg Reward: 0.9217
	| OG  Acc: 1.00  | Masked Acc: 1.00 | OG  F1: 1.00 | Masked F1: 1.00
Epoch 215/250 
	| Avg Actor Loss: -0.2503 | Avg Critic Loss: 0.0040 
	| Avg Length: 22.1880 | Avg Reward: 0.9087 
	| Avg Length: 22.3046 | Avg Reward: 0.9219
	| OG  Acc: 1.00  | Masked Acc: 1.00 | OG  F1: 1.00 | Masked F1: 1.00
Epoch 216/250 
	| Avg Actor Loss: -0.2302 | Avg Critic Loss: 0.0039 
	| Avg Length: 21.9118 | Avg Reward: 0.9096 
	| Avg Length: 22.2266 | Avg Reward: 0.9221
	| OG  Acc: 1.00  | Masked Acc: 1.00 | OG  F1: 1.00 | Masked F1: 1.00
Epoch 217/250 
	| Avg Actor Loss: -0.4267 | Avg Critic Loss: 0.0046 
	| Avg Length: 21.9212 | Avg Reward: 0.9065 
	| Avg Length: 22.1782 | Avg Reward: 0.9223
	| OG  Acc: 1.00  | Masked Acc: 1.00 | OG  F1: 1.00 | Masked F1: 1.00
Epoch 218/250 
	| Avg Actor Loss: -0.5818 | Avg Critic Loss: 0.0047 
	| Avg Length: 21.8902 | Avg Reward: 0.9059 
	| Avg Length: 22.3282 | Avg Reward: 0.9219
	| OG  Acc: 1.00  | Masked Acc: 1.00 | OG  F1: 1.00 | Masked F1: 1.00
Epoch 219/250 
	| Avg Actor Loss: -0.3770 | Avg Critic Loss: 0.0041 
	| Avg Length: 22.3540 | Avg Reward: 0.9076 
	| Avg Length: 22.3844 | Avg Reward: 0.9216
	| OG  Acc: 1.00  | Masked Acc: 1.00 | OG  F1: 1.00 | Masked F1: 1.00
Epoch 220/250 
	| Avg Actor Loss: -0.4460 | Avg Critic Loss: 0.0040 
	| Avg Length: 22.1562 | Avg Reward: 0.9088 
	| Avg Length: 22.3818 | Avg Reward: 0.9216
	| OG  Acc: 1.00  | Masked Acc: 1.00 | OG  F1: 1.00 | Masked F1: 1.00
Epoch 221/250 
	| Avg Actor Loss: -0.4259 | Avg Critic Loss: 0.0040 
	| Avg Length: 22.3506 | Avg Reward: 0.9076 
	| Avg Length: 22.3514 | Avg Reward: 0.9219
	| OG  Acc: 1.00  | Masked Acc: 1.00 | OG  F1: 1.00 | Masked F1: 1.00
Epoch 222/250 
	| Avg Actor Loss: -0.3582 | Avg Critic Loss: 0.0044 
	| Avg Length: 22.1798 | Avg Reward: 0.9070 
	| Avg Length: 22.3340 | Avg Reward: 0.9218
	| OG  Acc: 1.00  | Masked Acc: 1.00 | OG  F1: 1.00 | Masked F1: 1.00
Epoch 223/250 
	| Avg Actor Loss: -0.2083 | Avg Critic Loss: 0.0034 
	| Avg Length: 22.2884 | Avg Reward: 0.9100 
	| Avg Length: 22.3034 | Avg Reward: 0.9220
	| OG  Acc: 1.00  | Masked Acc: 1.00 | OG  F1: 1.00 | Masked F1: 1.00
Epoch 224/250 
	| Avg Actor Loss: -0.3551 | Avg Critic Loss: 0.0041 
	| Avg Length: 22.2034 | Avg Reward: 0.9084 
	| Avg Length: 22.2696 | Avg Reward: 0.9221
	| OG  Acc: 1.00  | Masked Acc: 1.00 | OG  F1: 1.00 | Masked F1: 1.00
Epoch 225/250 
	| Avg Actor Loss: -0.5615 | Avg Critic Loss: 0.0045 
	| Avg Length: 21.9534 | Avg Reward: 0.9070 
	| Avg Length: 22.3024 | Avg Reward: 0.9219
	| OG  Acc: 1.00  | Masked Acc: 1.00 | OG  F1: 1.00 | Masked F1: 1.00
Epoch 226/250 
	| Avg Actor Loss: -0.2909 | Avg Critic Loss: 0.0040 
	| Avg Length: 21.9322 | Avg Reward: 0.9096 
	| Avg Length: 22.2606 | Avg Reward: 0.9221
	| OG  Acc: 1.00  | Masked Acc: 1.00 | OG  F1: 1.00 | Masked F1: 1.00
Epoch 227/250 
	| Avg Actor Loss: -0.2866 | Avg Critic Loss: 0.0041 
	| Avg Length: 22.1972 | Avg Reward: 0.9077 
	| Avg Length: 22.2194 | Avg Reward: 0.9221
	| OG  Acc: 1.00  | Masked Acc: 1.00 | OG  F1: 1.00 | Masked F1: 1.00
Epoch 228/250 
	| Avg Actor Loss: -0.3750 | Avg Critic Loss: 0.0041 
	| Avg Length: 22.0538 | Avg Reward: 0.9086 
	| Avg Length: 22.2410 | Avg Reward: 0.9220
	| OG  Acc: 1.00  | Masked Acc: 1.00 | OG  F1: 1.00 | Masked F1: 1.00
Epoch 229/250 
	| Avg Actor Loss: -0.5559 | Avg Critic Loss: 0.0043 
	| Avg Length: 22.0744 | Avg Reward: 0.9076 
	| Avg Length: 22.2614 | Avg Reward: 0.9221
	| OG  Acc: 1.00  | Masked Acc: 1.00 | OG  F1: 1.00 | Masked F1: 1.00
Epoch 230/250 
	| Avg Actor Loss: -0.4276 | Avg Critic Loss: 0.0042 
	| Avg Length: 22.2126 | Avg Reward: 0.9077 
	| Avg Length: 22.2666 | Avg Reward: 0.9221
	| OG  Acc: 1.00  | Masked Acc: 1.00 | OG  F1: 1.00 | Masked F1: 1.00
Epoch 231/250 
	| Avg Actor Loss: -0.3768 | Avg Critic Loss: 0.0041 
	| Avg Length: 22.2822 | Avg Reward: 0.9078 
	| Avg Length: 22.2770 | Avg Reward: 0.9219
	| OG  Acc: 1.00  | Masked Acc: 1.00 | OG  F1: 1.00 | Masked F1: 1.00
Epoch 232/250 
	| Avg Actor Loss: -0.5269 | Avg Critic Loss: 0.0046 
	| Avg Length: 22.0220 | Avg Reward: 0.9062 
	| Avg Length: 22.3030 | Avg Reward: 0.9219
	| OG  Acc: 1.00  | Masked Acc: 1.00 | OG  F1: 1.00 | Masked F1: 1.00
Epoch 233/250 
	| Avg Actor Loss: -0.3144 | Avg Critic Loss: 0.0042 
	| Avg Length: 22.2298 | Avg Reward: 0.9078 
	| Avg Length: 22.3082 | Avg Reward: 0.9219
	| OG  Acc: 1.00  | Masked Acc: 1.00 | OG  F1: 1.00 | Masked F1: 1.00
Epoch 234/250 
	| Avg Actor Loss: -0.3717 | Avg Critic Loss: 0.0045 
	| Avg Length: 22.1066 | Avg Reward: 0.9065 
	| Avg Length: 22.2984 | Avg Reward: 0.9220
	| OG  Acc: 1.00  | Masked Acc: 1.00 | OG  F1: 1.00 | Masked F1: 1.00
Epoch 235/250 
	| Avg Actor Loss: -0.4410 | Avg Critic Loss: 0.0045 
	| Avg Length: 22.2970 | Avg Reward: 0.9061 
	| Avg Length: 22.2974 | Avg Reward: 0.9218
	| OG  Acc: 1.00  | Masked Acc: 1.00 | OG  F1: 1.00 | Masked F1: 1.00
Epoch 236/250 
	| Avg Actor Loss: -0.5051 | Avg Critic Loss: 0.0044 
	| Avg Length: 22.2064 | Avg Reward: 0.9070 
	| Avg Length: 22.3144 | Avg Reward: 0.9219
	| OG  Acc: 1.00  | Masked Acc: 1.00 | OG  F1: 1.00 | Masked F1: 1.00
Epoch 237/250 
	| Avg Actor Loss: -0.4488 | Avg Critic Loss: 0.0049 
	| Avg Length: 22.2644 | Avg Reward: 0.9046 
	| Avg Length: 22.3256 | Avg Reward: 0.9219
	| OG  Acc: 1.00  | Masked Acc: 1.00 | OG  F1: 1.00 | Masked F1: 1.00
Epoch 238/250 
	| Avg Actor Loss: -0.3725 | Avg Critic Loss: 0.0040 
	| Avg Length: 22.1828 | Avg Reward: 0.9083 
	| Avg Length: 22.3286 | Avg Reward: 0.9218
	| OG  Acc: 1.00  | Masked Acc: 1.00 | OG  F1: 1.00 | Masked F1: 1.00
Epoch 239/250 
	| Avg Actor Loss: -0.2922 | Avg Critic Loss: 0.0038 
	| Avg Length: 22.0714 | Avg Reward: 0.9093 
	| Avg Length: 22.3228 | Avg Reward: 0.9218
	| OG  Acc: 1.00  | Masked Acc: 1.00 | OG  F1: 1.00 | Masked F1: 1.00
Epoch 240/250 
	| Avg Actor Loss: -0.3490 | Avg Critic Loss: 0.0042 
	| Avg Length: 22.3520 | Avg Reward: 0.9075 
	| Avg Length: 22.3224 | Avg Reward: 0.9219
	| OG  Acc: 1.00  | Masked Acc: 1.00 | OG  F1: 1.00 | Masked F1: 1.00
Epoch 241/250 
	| Avg Actor Loss: -0.3897 | Avg Critic Loss: 0.0043 
	| Avg Length: 22.3156 | Avg Reward: 0.9072 
	| Avg Length: 22.3242 | Avg Reward: 0.9218
	| OG  Acc: 1.00  | Masked Acc: 1.00 | OG  F1: 1.00 | Masked F1: 1.00
Epoch 242/250 
	| Avg Actor Loss: -0.4272 | Avg Critic Loss: 0.0045 
	| Avg Length: 22.0198 | Avg Reward: 0.9067 
	| Avg Length: 22.3290 | Avg Reward: 0.9219
	| OG  Acc: 1.00  | Masked Acc: 1.00 | OG  F1: 1.00 | Masked F1: 1.00
Epoch 243/250 
	| Avg Actor Loss: -0.4038 | Avg Critic Loss: 0.0038 
	| Avg Length: 22.0862 | Avg Reward: 0.9092 
	| Avg Length: 22.3318 | Avg Reward: 0.9219
	| OG  Acc: 1.00  | Masked Acc: 1.00 | OG  F1: 1.00 | Masked F1: 1.00
Epoch 244/250 
	| Avg Actor Loss: -0.3598 | Avg Critic Loss: 0.0041 
	| Avg Length: 21.9942 | Avg Reward: 0.9085 
	| Avg Length: 22.3326 | Avg Reward: 0.9218
	| OG  Acc: 1.00  | Masked Acc: 1.00 | OG  F1: 1.00 | Masked F1: 1.00
Epoch 245/250 
	| Avg Actor Loss: -0.5423 | Avg Critic Loss: 0.0045 
	| Avg Length: 21.9454 | Avg Reward: 0.9066 
	| Avg Length: 22.3346 | Avg Reward: 0.9219
	| OG  Acc: 1.00  | Masked Acc: 1.00 | OG  F1: 1.00 | Masked F1: 1.00
Epoch 246/250 
	| Avg Actor Loss: -0.4392 | Avg Critic Loss: 0.0036 
	| Avg Length: 22.1376 | Avg Reward: 0.9099 
	| Avg Length: 22.3354 | Avg Reward: 0.9219
	| OG  Acc: 1.00  | Masked Acc: 1.00 | OG  F1: 1.00 | Masked F1: 1.00
Epoch 247/250 
	| Avg Actor Loss: -0.4755 | Avg Critic Loss: 0.0044 
	| Avg Length: 22.2660 | Avg Reward: 0.9068 
	| Avg Length: 22.3354 | Avg Reward: 0.9218
	| OG  Acc: 1.00  | Masked Acc: 1.00 | OG  F1: 1.00 | Masked F1: 1.00
Epoch 248/250 
	| Avg Actor Loss: -0.5242 | Avg Critic Loss: 0.0039 
	| Avg Length: 22.0510 | Avg Reward: 0.9088 
	| Avg Length: 22.3360 | Avg Reward: 0.9217
	| OG  Acc: 1.00  | Masked Acc: 1.00 | OG  F1: 1.00 | Masked F1: 1.00
Epoch 249/250 
	| Avg Actor Loss: -0.4032 | Avg Critic Loss: 0.0037 
	| Avg Length: 22.3648 | Avg Reward: 0.9087 
	| Avg Length: 22.3360 | Avg Reward: 0.9218
	| OG  Acc: 1.00  | Masked Acc: 1.00 | OG  F1: 1.00 | Masked F1: 1.00
