Epoch 01
	| Avg Actor Loss: -0.0250 | Avg Critic Loss: 0.0396 
	| Avg Length: 26.0547 | Avg Reward: 0.5946 
	| Avg Length: 29.2696 | Avg Reward: 0.6322
	| OG  Acc: 1.00  | Masked Acc: 0.61 | OG  F1: 1.00 | Masked F1: 0.59
Epoch 02
	| Avg Actor Loss: -0.0422 | Avg Critic Loss: 0.0304 
	| Avg Length: 27.6445 | Avg Reward: 0.5906 
	| Avg Length: 45.7100 | Avg Reward: 0.7249
	| OG  Acc: 1.00  | Masked Acc: 0.81 | OG  F1: 1.00 | Masked F1: 0.81
Epoch 03
	| Avg Actor Loss: -0.0525 | Avg Critic Loss: 0.0310 
	| Avg Length: 28.5273 | Avg Reward: 0.6237 
	| Avg Length: 47.8148 | Avg Reward: 0.8195
	| OG  Acc: 1.00  | Masked Acc: 0.96 | OG  F1: 1.00 | Masked F1: 0.96
Epoch 04
	| Avg Actor Loss: -0.0579 | Avg Critic Loss: 0.0311 
	| Avg Length: 31.8603 | Avg Reward: 0.6367 
	| Avg Length: 50.4220 | Avg Reward: 0.8178
	| OG  Acc: 1.00  | Masked Acc: 0.97 | OG  F1: 1.00 | Masked F1: 0.97
Epoch 05
	| Avg Actor Loss: -0.0563 | Avg Critic Loss: 0.0306 
	| Avg Length: 32.7969 | Avg Reward: 0.7015 
	| Avg Length: 52.7110 | Avg Reward: 0.8112
	| OG  Acc: 1.00  | Masked Acc: 0.97 | OG  F1: 1.00 | Masked F1: 0.97
Epoch 06
	| Avg Actor Loss: -0.0545 | Avg Critic Loss: 0.0299 
	| Avg Length: 37.9648 | Avg Reward: 0.6929 
	| Avg Length: 53.9356 | Avg Reward: 0.8071
	| OG  Acc: 1.00  | Masked Acc: 0.97 | OG  F1: 1.00 | Masked F1: 0.97
Epoch 07
	| Avg Actor Loss: -0.0471 | Avg Critic Loss: 0.0280 
	| Avg Length: 39.2852 | Avg Reward: 0.7193 
	| Avg Length: 43.0230 | Avg Reward: 0.8385
	| OG  Acc: 1.00  | Masked Acc: 0.97 | OG  F1: 1.00 | Masked F1: 0.97
Epoch 08
	| Avg Actor Loss: -0.0450 | Avg Critic Loss: 0.0260 
	| Avg Length: 45.5147 | Avg Reward: 0.7153 
	| Avg Length: 43.1836 | Avg Reward: 0.8389
	| OG  Acc: 1.00  | Masked Acc: 0.97 | OG  F1: 1.00 | Masked F1: 0.97
Epoch 09
	| Avg Actor Loss: -0.0403 | Avg Critic Loss: 0.0234 
	| Avg Length: 41.1562 | Avg Reward: 0.7288 
	| Avg Length: 42.5092 | Avg Reward: 0.8419
	| OG  Acc: 1.00  | Masked Acc: 0.97 | OG  F1: 1.00 | Masked F1: 0.97
Epoch 10
	| Avg Actor Loss: -0.0372 | Avg Critic Loss: 0.0212 
	| Avg Length: 46.2656 | Avg Reward: 0.7441 
	| Avg Length: 41.6986 | Avg Reward: 0.8459
	| OG  Acc: 1.00  | Masked Acc: 0.97 | OG  F1: 1.00 | Masked F1: 0.97
Epoch 11
	| Avg Actor Loss: -0.0334 | Avg Critic Loss: 0.0182 
	| Avg Length: 45.1602 | Avg Reward: 0.7697 
	| Avg Length: 42.3372 | Avg Reward: 0.8540
	| OG  Acc: 1.00  | Masked Acc: 0.98 | OG  F1: 1.00 | Masked F1: 0.98
Epoch 12
	| Avg Actor Loss: -0.0344 | Avg Critic Loss: 0.0183 
	| Avg Length: 45.7647 | Avg Reward: 0.7576 
	| Avg Length: 42.1888 | Avg Reward: 0.8545
	| OG  Acc: 1.00  | Masked Acc: 0.98 | OG  F1: 1.00 | Masked F1: 0.98
Epoch 13
	| Avg Actor Loss: -0.0344 | Avg Critic Loss: 0.0171 
	| Avg Length: 43.7930 | Avg Reward: 0.7816 
	| Avg Length: 38.8172 | Avg Reward: 0.8663
	| OG  Acc: 1.00  | Masked Acc: 0.99 | OG  F1: 1.00 | Masked F1: 0.99
Epoch 14
	| Avg Actor Loss: -0.0330 | Avg Critic Loss: 0.0160 
	| Avg Length: 42.3242 | Avg Reward: 0.7951 
	| Avg Length: 39.6446 | Avg Reward: 0.8658
	| OG  Acc: 1.00  | Masked Acc: 0.99 | OG  F1: 1.00 | Masked F1: 0.99
Epoch 15
	| Avg Actor Loss: -0.0316 | Avg Critic Loss: 0.0142 
	| Avg Length: 44.1094 | Avg Reward: 0.8054 
	| Avg Length: 34.9194 | Avg Reward: 0.8804
	| OG  Acc: 1.00  | Masked Acc: 0.99 | OG  F1: 1.00 | Masked F1: 0.99
Epoch 16
	| Avg Actor Loss: -0.0336 | Avg Critic Loss: 0.0127 
	| Avg Length: 41.3676 | Avg Reward: 0.8189 
	| Avg Length: 34.9240 | Avg Reward: 0.8799
	| OG  Acc: 1.00  | Masked Acc: 0.99 | OG  F1: 1.00 | Masked F1: 0.99
Epoch 17
	| Avg Actor Loss: -0.0310 | Avg Critic Loss: 0.0126 
	| Avg Length: 43.9180 | Avg Reward: 0.8061 
	| Avg Length: 32.9406 | Avg Reward: 0.8896
	| OG  Acc: 1.00  | Masked Acc: 1.00 | OG  F1: 1.00 | Masked F1: 1.00
Epoch 18
	| Avg Actor Loss: -0.0338 | Avg Critic Loss: 0.0125 
	| Avg Length: 41.5586 | Avg Reward: 0.8174 
	| Avg Length: 32.2308 | Avg Reward: 0.8920
	| OG  Acc: 1.00  | Masked Acc: 1.00 | OG  F1: 1.00 | Masked F1: 1.00
Epoch 19
	| Avg Actor Loss: -0.0293 | Avg Critic Loss: 0.0113 
	| Avg Length: 38.4023 | Avg Reward: 0.8265 
	| Avg Length: 30.3888 | Avg Reward: 0.8978
	| OG  Acc: 1.00  | Masked Acc: 1.00 | OG  F1: 1.00 | Masked F1: 1.00
Epoch 20
	| Avg Actor Loss: -0.0304 | Avg Critic Loss: 0.0101 
	| Avg Length: 37.5147 | Avg Reward: 0.8156 
	| Avg Length: 29.4440 | Avg Reward: 0.9008
	| OG  Acc: 1.00  | Masked Acc: 1.00 | OG  F1: 1.00 | Masked F1: 1.00
Epoch 21
	| Avg Actor Loss: -0.0318 | Avg Critic Loss: 0.0107 
	| Avg Length: 36.9297 | Avg Reward: 0.8298 
	| Avg Length: 28.4922 | Avg Reward: 0.9040
	| OG  Acc: 1.00  | Masked Acc: 1.00 | OG  F1: 1.00 | Masked F1: 1.00
Epoch 22
	| Avg Actor Loss: -0.0277 | Avg Critic Loss: 0.0103 
	| Avg Length: 37.3086 | Avg Reward: 0.8399 
	| Avg Length: 27.4626 | Avg Reward: 0.9066
	| OG  Acc: 1.00  | Masked Acc: 1.00 | OG  F1: 1.00 | Masked F1: 1.00
Epoch 23
	| Avg Actor Loss: -0.0272 | Avg Critic Loss: 0.0096 
	| Avg Length: 33.8594 | Avg Reward: 0.8590 
	| Avg Length: 26.1914 | Avg Reward: 0.9076
	| OG  Acc: 1.00  | Masked Acc: 0.99 | OG  F1: 1.00 | Masked F1: 0.99
Epoch 24
	| Avg Actor Loss: -0.0223 | Avg Critic Loss: 0.0086 
	| Avg Length: 35.0809 | Avg Reward: 0.8699 
	| Avg Length: 25.6330 | Avg Reward: 0.9084
	| OG  Acc: 1.00  | Masked Acc: 0.99 | OG  F1: 1.00 | Masked F1: 0.99
Epoch 25
	| Avg Actor Loss: -0.0198 | Avg Critic Loss: 0.0085 
	| Avg Length: 32.4805 | Avg Reward: 0.8661 
	| Avg Length: 25.4912 | Avg Reward: 0.9116
	| OG  Acc: 1.00  | Masked Acc: 0.99 | OG  F1: 1.00 | Masked F1: 1.00
Epoch 26
	| Avg Actor Loss: -0.0197 | Avg Critic Loss: 0.0074 
	| Avg Length: 31.7461 | Avg Reward: 0.8723 
	| Avg Length: 25.5548 | Avg Reward: 0.9100
	| OG  Acc: 1.00  | Masked Acc: 0.99 | OG  F1: 1.00 | Masked F1: 0.99
Epoch 27
	| Avg Actor Loss: -0.0205 | Avg Critic Loss: 0.0075 
	| Avg Length: 31.4570 | Avg Reward: 0.8737 
	| Avg Length: 25.3056 | Avg Reward: 0.9118
	| OG  Acc: 1.00  | Masked Acc: 0.99 | OG  F1: 1.00 | Masked F1: 1.00
Epoch 28
	| Avg Actor Loss: -0.0186 | Avg Critic Loss: 0.0069 
	| Avg Length: 25.8529 | Avg Reward: 0.8783 
	| Avg Length: 25.0388 | Avg Reward: 0.9137
	| OG  Acc: 1.00  | Masked Acc: 1.00 | OG  F1: 1.00 | Masked F1: 1.00
Epoch 29
	| Avg Actor Loss: -0.0196 | Avg Critic Loss: 0.0067 
	| Avg Length: 29.4883 | Avg Reward: 0.8875 
	| Avg Length: 24.8276 | Avg Reward: 0.9140
	| OG  Acc: 1.00  | Masked Acc: 1.00 | OG  F1: 1.00 | Masked F1: 1.00
Epoch 30
	| Avg Actor Loss: -0.0184 | Avg Critic Loss: 0.0074 
	| Avg Length: 30.4648 | Avg Reward: 0.8886 
	| Avg Length: 24.8844 | Avg Reward: 0.9138
	| OG  Acc: 1.00  | Masked Acc: 1.00 | OG  F1: 1.00 | Masked F1: 1.00
Epoch 31
	| Avg Actor Loss: -0.0195 | Avg Critic Loss: 0.0065 
	| Avg Length: 31.4531 | Avg Reward: 0.8709 
	| Avg Length: 24.8540 | Avg Reward: 0.9148
	| OG  Acc: 1.00  | Masked Acc: 1.00 | OG  F1: 1.00 | Masked F1: 1.00
Epoch 32
	| Avg Actor Loss: -0.0165 | Avg Critic Loss: 0.0057 
	| Avg Length: 27.1985 | Avg Reward: 0.8941 
	| Avg Length: 24.8184 | Avg Reward: 0.9145
	| OG  Acc: 1.00  | Masked Acc: 1.00 | OG  F1: 1.00 | Masked F1: 1.00
Epoch 33
	| Avg Actor Loss: -0.0148 | Avg Critic Loss: 0.0056 
	| Avg Length: 25.3281 | Avg Reward: 0.8951 
	| Avg Length: 24.8186 | Avg Reward: 0.9143
	| OG  Acc: 1.00  | Masked Acc: 1.00 | OG  F1: 1.00 | Masked F1: 1.00
Epoch 34
	| Avg Actor Loss: -0.0130 | Avg Critic Loss: 0.0060 
	| Avg Length: 28.1523 | Avg Reward: 0.8828 
	| Avg Length: 24.7046 | Avg Reward: 0.9149
	| OG  Acc: 1.00  | Masked Acc: 1.00 | OG  F1: 1.00 | Masked F1: 1.00
Epoch 35
	| Avg Actor Loss: -0.0125 | Avg Critic Loss: 0.0059 
	| Avg Length: 26.2656 | Avg Reward: 0.8729 
	| Avg Length: 24.2904 | Avg Reward: 0.9164
	| OG  Acc: 1.00  | Masked Acc: 1.00 | OG  F1: 1.00 | Masked F1: 1.00
Epoch 36
	| Avg Actor Loss: -0.0102 | Avg Critic Loss: 0.0055 
	| Avg Length: 26.3603 | Avg Reward: 0.9015 
	| Avg Length: 24.2694 | Avg Reward: 0.9172
	| OG  Acc: 1.00  | Masked Acc: 1.00 | OG  F1: 1.00 | Masked F1: 1.00
Epoch 37
	| Avg Actor Loss: -0.0114 | Avg Critic Loss: 0.0050 
	| Avg Length: 25.6641 | Avg Reward: 0.9061 
	| Avg Length: 24.0898 | Avg Reward: 0.9172
	| OG  Acc: 1.00  | Masked Acc: 1.00 | OG  F1: 1.00 | Masked F1: 1.00
Epoch 38
	| Avg Actor Loss: -0.0103 | Avg Critic Loss: 0.0053 
	| Avg Length: 27.7656 | Avg Reward: 0.8940 
	| Avg Length: 24.1158 | Avg Reward: 0.9177
	| OG  Acc: 1.00  | Masked Acc: 1.00 | OG  F1: 1.00 | Masked F1: 1.00
Epoch 39
	| Avg Actor Loss: -0.0076 | Avg Critic Loss: 0.0048 
	| Avg Length: 25.7070 | Avg Reward: 0.8887 
	| Avg Length: 23.9952 | Avg Reward: 0.9177
	| OG  Acc: 1.00  | Masked Acc: 1.00 | OG  F1: 1.00 | Masked F1: 1.00
Epoch 40
	| Avg Actor Loss: -0.0066 | Avg Critic Loss: 0.0041 
	| Avg Length: 23.3897 | Avg Reward: 0.9093 
	| Avg Length: 23.5608 | Avg Reward: 0.9196
	| OG  Acc: 1.00  | Masked Acc: 1.00 | OG  F1: 1.00 | Masked F1: 1.00
Epoch 41
	| Avg Actor Loss: -0.0121 | Avg Critic Loss: 0.0043 
	| Avg Length: 24.9883 | Avg Reward: 0.9171 
	| Avg Length: 23.4532 | Avg Reward: 0.9196
	| OG  Acc: 1.00  | Masked Acc: 1.00 | OG  F1: 1.00 | Masked F1: 1.00
Epoch 42
	| Avg Actor Loss: -0.0087 | Avg Critic Loss: 0.0047 
	| Avg Length: 24.3906 | Avg Reward: 0.9066 
	| Avg Length: 23.0602 | Avg Reward: 0.9208
	| OG  Acc: 1.00  | Masked Acc: 1.00 | OG  F1: 1.00 | Masked F1: 1.00
Epoch 43
	| Avg Actor Loss: -0.0017 | Avg Critic Loss: 0.0039 
	| Avg Length: 23.9883 | Avg Reward: 0.9120 
	| Avg Length: 22.6782 | Avg Reward: 0.9221
	| OG  Acc: 1.00  | Masked Acc: 1.00 | OG  F1: 1.00 | Masked F1: 1.00
Epoch 44
	| Avg Actor Loss: -0.0029 | Avg Critic Loss: 0.0038 
	| Avg Length: 23.8971 | Avg Reward: 0.9163 
	| Avg Length: 22.3590 | Avg Reward: 0.9232
	| OG  Acc: 1.00  | Masked Acc: 1.00 | OG  F1: 1.00 | Masked F1: 1.00
Epoch 45
	| Avg Actor Loss: -0.0026 | Avg Critic Loss: 0.0039 
	| Avg Length: 22.1055 | Avg Reward: 0.9145 
	| Avg Length: 22.1842 | Avg Reward: 0.9232
	| OG  Acc: 1.00  | Masked Acc: 1.00 | OG  F1: 1.00 | Masked F1: 1.00
Epoch 46
	| Avg Actor Loss: -0.0086 | Avg Critic Loss: 0.0041 
	| Avg Length: 24.5781 | Avg Reward: 0.8926 
	| Avg Length: 21.6720 | Avg Reward: 0.9241
	| OG  Acc: 1.00  | Masked Acc: 1.00 | OG  F1: 1.00 | Masked F1: 1.00
Epoch 47
	| Avg Actor Loss: -0.0019 | Avg Critic Loss: 0.0034 
	| Avg Length: 23.8164 | Avg Reward: 0.9121 
	| Avg Length: 21.3972 | Avg Reward: 0.9257
	| OG  Acc: 1.00  | Masked Acc: 1.00 | OG  F1: 1.00 | Masked F1: 1.00
Epoch 48
	| Avg Actor Loss: -0.0058 | Avg Critic Loss: 0.0036 
	| Avg Length: 21.5515 | Avg Reward: 0.9178 
	| Avg Length: 21.3804 | Avg Reward: 0.9252
	| OG  Acc: 1.00  | Masked Acc: 1.00 | OG  F1: 1.00 | Masked F1: 1.00
Epoch 49
	| Avg Actor Loss: 0.0018 | Avg Critic Loss: 0.0035 
	| Avg Length: 23.5742 | Avg Reward: 0.9107 
	| Avg Length: 21.4656 | Avg Reward: 0.9249
	| OG  Acc: 1.00  | Masked Acc: 1.00 | OG  F1: 1.00 | Masked F1: 1.00
Epoch 50
	| Avg Actor Loss: -0.0059 | Avg Critic Loss: 0.0037 
	| Avg Length: 22.0703 | Avg Reward: 0.8960 
	| Avg Length: 21.3520 | Avg Reward: 0.9251
	| OG  Acc: 1.00  | Masked Acc: 1.00 | OG  F1: 1.00 | Masked F1: 1.00
Epoch 51
	| Avg Actor Loss: 0.0022 | Avg Critic Loss: 0.0033 
	| Avg Length: 22.4805 | Avg Reward: 0.9095 
	| Avg Length: 20.4594 | Avg Reward: 0.9271
	| OG  Acc: 1.00  | Masked Acc: 1.00 | OG  F1: 1.00 | Masked F1: 1.00
Epoch 52
	| Avg Actor Loss: 0.0007 | Avg Critic Loss: 0.0033 
	| Avg Length: 21.3676 | Avg Reward: 0.9122 
	| Avg Length: 20.3054 | Avg Reward: 0.9270
	| OG  Acc: 1.00  | Masked Acc: 1.00 | OG  F1: 1.00 | Masked F1: 1.00
Epoch 53
	| Avg Actor Loss: 0.0033 | Avg Critic Loss: 0.0031 
	| Avg Length: 22.1016 | Avg Reward: 0.9102 
	| Avg Length: 20.4776 | Avg Reward: 0.9270
	| OG  Acc: 1.00  | Masked Acc: 1.00 | OG  F1: 1.00 | Masked F1: 1.00
Epoch 54
	| Avg Actor Loss: 0.0267 | Avg Critic Loss: 0.0031 
	| Avg Length: 21.7383 | Avg Reward: 0.9134 
	| Avg Length: 20.8230 | Avg Reward: 0.9266
	| OG  Acc: 1.00  | Masked Acc: 1.00 | OG  F1: 1.00 | Masked F1: 1.00
Epoch 55
	| Avg Actor Loss: -0.0028 | Avg Critic Loss: 0.0024 
	| Avg Length: 20.6523 | Avg Reward: 0.9141 
	| Avg Length: 20.5750 | Avg Reward: 0.9267
	| OG  Acc: 1.00  | Masked Acc: 1.00 | OG  F1: 1.00 | Masked F1: 1.00
Epoch 56
	| Avg Actor Loss: -0.0031 | Avg Critic Loss: 0.0030 
	| Avg Length: 18.8088 | Avg Reward: 0.9161 
	| Avg Length: 20.5094 | Avg Reward: 0.9267
	| OG  Acc: 1.00  | Masked Acc: 1.00 | OG  F1: 1.00 | Masked F1: 1.00
Epoch 57
	| Avg Actor Loss: 0.0051 | Avg Critic Loss: 0.0029 
	| Avg Length: 22.6836 | Avg Reward: 0.9142 
	| Avg Length: 20.4880 | Avg Reward: 0.9271
	| OG  Acc: 1.00  | Masked Acc: 0.99 | OG  F1: 1.00 | Masked F1: 0.99
Epoch 58
	| Avg Actor Loss: 0.0199 | Avg Critic Loss: 0.0024 
	| Avg Length: 20.5391 | Avg Reward: 0.9200 
	| Avg Length: 20.3142 | Avg Reward: 0.9274
	| OG  Acc: 1.00  | Masked Acc: 1.00 | OG  F1: 1.00 | Masked F1: 1.00
Epoch 59
	| Avg Actor Loss: 0.0161 | Avg Critic Loss: 0.0023 
	| Avg Length: 20.7500 | Avg Reward: 0.9233 
	| Avg Length: 20.3488 | Avg Reward: 0.9269
	| OG  Acc: 1.00  | Masked Acc: 1.00 | OG  F1: 1.00 | Masked F1: 1.00
Epoch 60
	| Avg Actor Loss: 0.0040 | Avg Critic Loss: 0.0027 
	| Avg Length: 22.7059 | Avg Reward: 0.9153 
	| Avg Length: 20.3220 | Avg Reward: 0.9277
	| OG  Acc: 1.00  | Masked Acc: 1.00 | OG  F1: 1.00 | Masked F1: 1.00
Epoch 61
	| Avg Actor Loss: -0.0007 | Avg Critic Loss: 0.0023 
	| Avg Length: 20.7656 | Avg Reward: 0.9201 
	| Avg Length: 20.1872 | Avg Reward: 0.9266
	| OG  Acc: 1.00  | Masked Acc: 0.99 | OG  F1: 1.00 | Masked F1: 0.99
Epoch 62
	| Avg Actor Loss: -0.0051 | Avg Critic Loss: 0.0030 
	| Avg Length: 19.8555 | Avg Reward: 0.9237 
	| Avg Length: 20.2404 | Avg Reward: 0.9275
	| OG  Acc: 1.00  | Masked Acc: 1.00 | OG  F1: 1.00 | Masked F1: 1.00
Epoch 63
	| Avg Actor Loss: 0.0499 | Avg Critic Loss: 0.0026 
	| Avg Length: 21.9453 | Avg Reward: 0.9163 
	| Avg Length: 20.5930 | Avg Reward: 0.9259
	| OG  Acc: 1.00  | Masked Acc: 1.00 | OG  F1: 1.00 | Masked F1: 1.00
Epoch 64
	| Avg Actor Loss: -0.0021 | Avg Critic Loss: 0.0026 
	| Avg Length: 22.1618 | Avg Reward: 0.9216 
	| Avg Length: 20.4894 | Avg Reward: 0.9275
	| OG  Acc: 1.00  | Masked Acc: 1.00 | OG  F1: 1.00 | Masked F1: 1.00
Epoch 65
	| Avg Actor Loss: 0.0524 | Avg Critic Loss: 0.0022 
	| Avg Length: 19.7930 | Avg Reward: 0.9173 
	| Avg Length: 20.3658 | Avg Reward: 0.9278
	| OG  Acc: 1.00  | Masked Acc: 1.00 | OG  F1: 1.00 | Masked F1: 1.00
Epoch 66
	| Avg Actor Loss: -0.0024 | Avg Critic Loss: 0.0024 
	| Avg Length: 19.5117 | Avg Reward: 0.9153 
	| Avg Length: 20.2002 | Avg Reward: 0.9273
	| OG  Acc: 1.00  | Masked Acc: 1.00 | OG  F1: 1.00 | Masked F1: 1.00
Epoch 67
	| Avg Actor Loss: 0.0057 | Avg Critic Loss: 0.0020 
	| Avg Length: 20.7188 | Avg Reward: 0.9120 
	| Avg Length: 20.3344 | Avg Reward: 0.9274
	| OG  Acc: 1.00  | Masked Acc: 1.00 | OG  F1: 1.00 | Masked F1: 1.00
Epoch 68
	| Avg Actor Loss: 0.0013 | Avg Critic Loss: 0.0017 
	| Avg Length: 23.0294 | Avg Reward: 0.9209 
	| Avg Length: 20.2702 | Avg Reward: 0.9279
	| OG  Acc: 1.00  | Masked Acc: 1.00 | OG  F1: 1.00 | Masked F1: 1.00
Epoch 69
	| Avg Actor Loss: 0.0050 | Avg Critic Loss: 0.0020 
	| Avg Length: 20.1133 | Avg Reward: 0.9174 
	| Avg Length: 20.1730 | Avg Reward: 0.9282
	| OG  Acc: 1.00  | Masked Acc: 1.00 | OG  F1: 1.00 | Masked F1: 1.00
Epoch 70
	| Avg Actor Loss: 0.0014 | Avg Critic Loss: 0.0023 
	| Avg Length: 21.9180 | Avg Reward: 0.9123 
	| Avg Length: 20.2732 | Avg Reward: 0.9277
	| OG  Acc: 1.00  | Masked Acc: 1.00 | OG  F1: 1.00 | Masked F1: 1.00
Epoch 71
	| Avg Actor Loss: 0.0134 | Avg Critic Loss: 0.0018 
	| Avg Length: 19.3750 | Avg Reward: 0.9210 
	| Avg Length: 20.2738 | Avg Reward: 0.9278
	| OG  Acc: 1.00  | Masked Acc: 1.00 | OG  F1: 1.00 | Masked F1: 1.00
Epoch 72
	| Avg Actor Loss: -0.0004 | Avg Critic Loss: 0.0014 
	| Avg Length: 23.0882 | Avg Reward: 0.9200 
	| Avg Length: 20.2318 | Avg Reward: 0.9266
	| OG  Acc: 1.00  | Masked Acc: 0.99 | OG  F1: 1.00 | Masked F1: 0.99
Epoch 73
	| Avg Actor Loss: 0.0020 | Avg Critic Loss: 0.0019 
	| Avg Length: 21.1641 | Avg Reward: 0.9177 
	| Avg Length: 20.2940 | Avg Reward: 0.9277
	| OG  Acc: 1.00  | Masked Acc: 1.00 | OG  F1: 1.00 | Masked F1: 1.00
Epoch 74
	| Avg Actor Loss: 0.0036 | Avg Critic Loss: 0.0019 
	| Avg Length: 20.0664 | Avg Reward: 0.9253 
	| Avg Length: 20.3712 | Avg Reward: 0.9270
	| OG  Acc: 1.00  | Masked Acc: 0.99 | OG  F1: 1.00 | Masked F1: 0.99
Epoch 75
	| Avg Actor Loss: 0.0079 | Avg Critic Loss: 0.0014 
	| Avg Length: 19.3477 | Avg Reward: 0.9222 
	| Avg Length: 20.2524 | Avg Reward: 0.9266
	| OG  Acc: 1.00  | Masked Acc: 0.99 | OG  F1: 1.00 | Masked F1: 0.99
Epoch 76
	| Avg Actor Loss: 0.0071 | Avg Critic Loss: 0.0019 
	| Avg Length: 22.6397 | Avg Reward: 0.9116 
	| Avg Length: 20.3248 | Avg Reward: 0.9272
	| OG  Acc: 1.00  | Masked Acc: 1.00 | OG  F1: 1.00 | Masked F1: 1.00
Epoch 77
	| Avg Actor Loss: 0.0168 | Avg Critic Loss: 0.0016 
	| Avg Length: 20.7891 | Avg Reward: 0.9248 
	| Avg Length: 20.3038 | Avg Reward: 0.9279
	| OG  Acc: 1.00  | Masked Acc: 1.00 | OG  F1: 1.00 | Masked F1: 1.00
Epoch 78
	| Avg Actor Loss: 0.0084 | Avg Critic Loss: 0.0016 
	| Avg Length: 20.9141 | Avg Reward: 0.9282 
	| Avg Length: 20.4270 | Avg Reward: 0.9276
	| OG  Acc: 1.00  | Masked Acc: 1.00 | OG  F1: 1.00 | Masked F1: 1.00
Epoch 79
	| Avg Actor Loss: 0.0032 | Avg Critic Loss: 0.0012 
	| Avg Length: 20.1133 | Avg Reward: 0.9251 
	| Avg Length: 20.3448 | Avg Reward: 0.9276
	| OG  Acc: 1.00  | Masked Acc: 1.00 | OG  F1: 1.00 | Masked F1: 1.00
Epoch 80
	| Avg Actor Loss: 0.0106 | Avg Critic Loss: 0.0016 
	| Avg Length: 24.0368 | Avg Reward: 0.9067 
	| Avg Length: 20.3042 | Avg Reward: 0.9274
	| OG  Acc: 1.00  | Masked Acc: 1.00 | OG  F1: 1.00 | Masked F1: 1.00
Epoch 81
	| Avg Actor Loss: 0.0076 | Avg Critic Loss: 0.0014 
	| Avg Length: 19.3672 | Avg Reward: 0.9270 
	| Avg Length: 20.3172 | Avg Reward: 0.9273
	| OG  Acc: 1.00  | Masked Acc: 1.00 | OG  F1: 1.00 | Masked F1: 1.00
Epoch 82
	| Avg Actor Loss: 0.0019 | Avg Critic Loss: 0.0016 
	| Avg Length: 20.2344 | Avg Reward: 0.9189 
	| Avg Length: 20.2836 | Avg Reward: 0.9271
	| OG  Acc: 1.00  | Masked Acc: 1.00 | OG  F1: 1.00 | Masked F1: 1.00
Epoch 83
	| Avg Actor Loss: 0.0049 | Avg Critic Loss: 0.0013 
	| Avg Length: 22.5703 | Avg Reward: 0.9181 
	| Avg Length: 20.1910 | Avg Reward: 0.9269
	| OG  Acc: 1.00  | Masked Acc: 1.00 | OG  F1: 1.00 | Masked F1: 1.00
Epoch 84
	| Avg Actor Loss: 0.0058 | Avg Critic Loss: 0.0017 
	| Avg Length: 22.3676 | Avg Reward: 0.9160 
	| Avg Length: 20.2648 | Avg Reward: 0.9274
	| OG  Acc: 1.00  | Masked Acc: 1.00 | OG  F1: 1.00 | Masked F1: 1.00
Epoch 85
	| Avg Actor Loss: 0.0306 | Avg Critic Loss: 0.0012 
	| Avg Length: 18.8242 | Avg Reward: 0.9315 
	| Avg Length: 20.2076 | Avg Reward: 0.9266
	| OG  Acc: 1.00  | Masked Acc: 0.99 | OG  F1: 1.00 | Masked F1: 0.99
Epoch 86
	| Avg Actor Loss: 0.0055 | Avg Critic Loss: 0.0019 
	| Avg Length: 21.4336 | Avg Reward: 0.9213 
	| Avg Length: 20.2388 | Avg Reward: 0.9275
	| OG  Acc: 1.00  | Masked Acc: 0.99 | OG  F1: 1.00 | Masked F1: 0.99
Epoch 87
	| Avg Actor Loss: 0.0105 | Avg Critic Loss: 0.0011 
	| Avg Length: 20.8242 | Avg Reward: 0.9264 
	| Avg Length: 20.1904 | Avg Reward: 0.9280
	| OG  Acc: 1.00  | Masked Acc: 1.00 | OG  F1: 1.00 | Masked F1: 1.00
Epoch 88
	| Avg Actor Loss: 0.0064 | Avg Critic Loss: 0.0011 
	| Avg Length: 20.9118 | Avg Reward: 0.9271 
	| Avg Length: 20.2286 | Avg Reward: 0.9276
	| OG  Acc: 1.00  | Masked Acc: 1.00 | OG  F1: 1.00 | Masked F1: 1.00
Epoch 89
	| Avg Actor Loss: 0.0050 | Avg Critic Loss: 0.0014 
	| Avg Length: 20.3984 | Avg Reward: 0.9288 
	| Avg Length: 20.1402 | Avg Reward: 0.9281
	| OG  Acc: 1.00  | Masked Acc: 1.00 | OG  F1: 1.00 | Masked F1: 1.00
Epoch 90
	| Avg Actor Loss: 0.0164 | Avg Critic Loss: 0.0013 
	| Avg Length: 20.1250 | Avg Reward: 0.9211 
	| Avg Length: 20.2006 | Avg Reward: 0.9282
	| OG  Acc: 1.00  | Masked Acc: 1.00 | OG  F1: 1.00 | Masked F1: 1.00
Epoch 91
	| Avg Actor Loss: 0.0058 | Avg Critic Loss: 0.0011 
	| Avg Length: 19.3555 | Avg Reward: 0.9261 
	| Avg Length: 20.1294 | Avg Reward: 0.9283
	| OG  Acc: 1.00  | Masked Acc: 1.00 | OG  F1: 1.00 | Masked F1: 1.00
Epoch 92
	| Avg Actor Loss: 0.0218 | Avg Critic Loss: 0.0016 
	| Avg Length: 20.5662 | Avg Reward: 0.9267 
	| Avg Length: 20.3136 | Avg Reward: 0.9281
	| OG  Acc: 1.00  | Masked Acc: 1.00 | OG  F1: 1.00 | Masked F1: 1.00
Epoch 93
	| Avg Actor Loss: 0.0088 | Avg Critic Loss: 0.0012 
	| Avg Length: 19.2031 | Avg Reward: 0.9301 
	| Avg Length: 20.2420 | Avg Reward: 0.9280
	| OG  Acc: 1.00  | Masked Acc: 1.00 | OG  F1: 1.00 | Masked F1: 1.00
Epoch 94
	| Avg Actor Loss: 0.0253 | Avg Critic Loss: 0.0014 
	| Avg Length: 19.5156 | Avg Reward: 0.9292 
	| Avg Length: 20.3272 | Avg Reward: 0.9273
	| OG  Acc: 1.00  | Masked Acc: 1.00 | OG  F1: 1.00 | Masked F1: 1.00
Epoch 95
	| Avg Actor Loss: 0.0131 | Avg Critic Loss: 0.0016 
	| Avg Length: 20.8906 | Avg Reward: 0.9251 
	| Avg Length: 20.4414 | Avg Reward: 0.9268
	| OG  Acc: 1.00  | Masked Acc: 1.00 | OG  F1: 1.00 | Masked F1: 1.00
Epoch 96
	| Avg Actor Loss: 0.0043 | Avg Critic Loss: 0.0012 
	| Avg Length: 19.7941 | Avg Reward: 0.9307 
	| Avg Length: 20.2870 | Avg Reward: 0.9279
	| OG  Acc: 1.00  | Masked Acc: 1.00 | OG  F1: 1.00 | Masked F1: 1.00
Epoch 97
	| Avg Actor Loss: 0.0176 | Avg Critic Loss: 0.0011 
	| Avg Length: 22.2383 | Avg Reward: 0.9206 
	| Avg Length: 20.2166 | Avg Reward: 0.9282
	| OG  Acc: 1.00  | Masked Acc: 1.00 | OG  F1: 1.00 | Masked F1: 1.00
Epoch 98
	| Avg Actor Loss: 0.0184 | Avg Critic Loss: 0.0010 
	| Avg Length: 20.1289 | Avg Reward: 0.9304 
	| Avg Length: 20.1658 | Avg Reward: 0.9282
	| OG  Acc: 1.00  | Masked Acc: 1.00 | OG  F1: 1.00 | Masked F1: 1.00
Epoch 99
	| Avg Actor Loss: 0.0080 | Avg Critic Loss: 0.0012 
	| Avg Length: 20.4570 | Avg Reward: 0.9218 
	| Avg Length: 20.1936 | Avg Reward: 0.9280
	| OG  Acc: 1.00  | Masked Acc: 1.00 | OG  F1: 1.00 | Masked F1: 1.00
Epoch 100
	| Avg Actor Loss: 0.0013 | Avg Critic Loss: 0.0012 
	| Avg Length: 19.3309 | Avg Reward: 0.9346 
	| Avg Length: 20.0322 | Avg Reward: 0.9282
	| OG  Acc: 1.00  | Masked Acc: 1.00 | OG  F1: 1.00 | Masked F1: 1.00
Epoch 101
	| Avg Actor Loss: 0.0061 | Avg Critic Loss: 0.0013 
	| Avg Length: 20.8047 | Avg Reward: 0.9292 
	| Avg Length: 20.0596 | Avg Reward: 0.9279
	| OG  Acc: 1.00  | Masked Acc: 1.00 | OG  F1: 1.00 | Masked F1: 1.00
Epoch 102
	| Avg Actor Loss: 0.0065 | Avg Critic Loss: 0.0014 
	| Avg Length: 19.5000 | Avg Reward: 0.9268 
	| Avg Length: 20.1192 | Avg Reward: 0.9284
	| OG  Acc: 1.00  | Masked Acc: 1.00 | OG  F1: 1.00 | Masked F1: 1.00
Epoch 103
	| Avg Actor Loss: 0.0096 | Avg Critic Loss: 0.0013 
	| Avg Length: 21.3125 | Avg Reward: 0.9242 
	| Avg Length: 20.1468 | Avg Reward: 0.9282
	| OG  Acc: 1.00  | Masked Acc: 1.00 | OG  F1: 1.00 | Masked F1: 1.00
Epoch 104
	| Avg Actor Loss: 0.0067 | Avg Critic Loss: 0.0013 
	| Avg Length: 21.2353 | Avg Reward: 0.9246 
	| Avg Length: 20.0626 | Avg Reward: 0.9284
	| OG  Acc: 1.00  | Masked Acc: 1.00 | OG  F1: 1.00 | Masked F1: 1.00
Epoch 105
	| Avg Actor Loss: 0.0034 | Avg Critic Loss: 0.0008 
	| Avg Length: 20.3281 | Avg Reward: 0.9295 
	| Avg Length: 19.9428 | Avg Reward: 0.9265
	| OG  Acc: 1.00  | Masked Acc: 0.99 | OG  F1: 1.00 | Masked F1: 0.99
Epoch 106
	| Avg Actor Loss: 0.0046 | Avg Critic Loss: 0.0014 
	| Avg Length: 22.0781 | Avg Reward: 0.9151 
	| Avg Length: 20.0296 | Avg Reward: 0.9282
	| OG  Acc: 1.00  | Masked Acc: 1.00 | OG  F1: 1.00 | Masked F1: 1.00
Epoch 107
	| Avg Actor Loss: 0.0233 | Avg Critic Loss: 0.0013 
	| Avg Length: 19.9766 | Avg Reward: 0.9242 
	| Avg Length: 19.9510 | Avg Reward: 0.9270
	| OG  Acc: 1.00  | Masked Acc: 0.99 | OG  F1: 1.00 | Masked F1: 0.99
Epoch 108
	| Avg Actor Loss: 0.0015 | Avg Critic Loss: 0.0014 
	| Avg Length: 19.0588 | Avg Reward: 0.9334 
	| Avg Length: 19.9990 | Avg Reward: 0.9285
	| OG  Acc: 1.00  | Masked Acc: 1.00 | OG  F1: 1.00 | Masked F1: 1.00
Epoch 109
	| Avg Actor Loss: 0.0133 | Avg Critic Loss: 0.0011 
	| Avg Length: 21.1523 | Avg Reward: 0.9218 
	| Avg Length: 20.0090 | Avg Reward: 0.9285
	| OG  Acc: 1.00  | Masked Acc: 1.00 | OG  F1: 1.00 | Masked F1: 1.00
Epoch 110
	| Avg Actor Loss: 0.0411 | Avg Critic Loss: 0.0012 
	| Avg Length: 19.6445 | Avg Reward: 0.9303 
	| Avg Length: 20.1690 | Avg Reward: 0.9286
	| OG  Acc: 1.00  | Masked Acc: 1.00 | OG  F1: 1.00 | Masked F1: 1.00
Epoch 111
	| Avg Actor Loss: 0.0265 | Avg Critic Loss: 0.0010 
	| Avg Length: 19.9883 | Avg Reward: 0.9274 
	| Avg Length: 20.2084 | Avg Reward: 0.9283
	| OG  Acc: 1.00  | Masked Acc: 1.00 | OG  F1: 1.00 | Masked F1: 1.00
Epoch 112
	| Avg Actor Loss: 0.0154 | Avg Critic Loss: 0.0011 
	| Avg Length: 20.3750 | Avg Reward: 0.9325 
	| Avg Length: 20.1820 | Avg Reward: 0.9286
	| OG  Acc: 1.00  | Masked Acc: 1.00 | OG  F1: 1.00 | Masked F1: 1.00
Epoch 113
	| Avg Actor Loss: 0.0087 | Avg Critic Loss: 0.0008 
	| Avg Length: 19.8516 | Avg Reward: 0.9298 
	| Avg Length: 20.0736 | Avg Reward: 0.9285
	| OG  Acc: 1.00  | Masked Acc: 1.00 | OG  F1: 1.00 | Masked F1: 1.00
Epoch 114
	| Avg Actor Loss: 0.0107 | Avg Critic Loss: 0.0009 
	| Avg Length: 21.4844 | Avg Reward: 0.9263 
	| Avg Length: 20.0990 | Avg Reward: 0.9283
	| OG  Acc: 1.00  | Masked Acc: 1.00 | OG  F1: 1.00 | Masked F1: 1.00
Epoch 115
	| Avg Actor Loss: 0.0125 | Avg Critic Loss: 0.0010 
	| Avg Length: 22.5938 | Avg Reward: 0.9190 
	| Avg Length: 20.0686 | Avg Reward: 0.9277
	| OG  Acc: 1.00  | Masked Acc: 0.99 | OG  F1: 1.00 | Masked F1: 0.99
Epoch 116
	| Avg Actor Loss: 0.0080 | Avg Critic Loss: 0.0011 
	| Avg Length: 21.5000 | Avg Reward: 0.9253 
	| Avg Length: 19.9532 | Avg Reward: 0.9289
	| OG  Acc: 1.00  | Masked Acc: 1.00 | OG  F1: 1.00 | Masked F1: 1.00
Epoch 117
	| Avg Actor Loss: 0.0100 | Avg Critic Loss: 0.0009 
	| Avg Length: 19.8164 | Avg Reward: 0.9323 
	| Avg Length: 20.0468 | Avg Reward: 0.9287
	| OG  Acc: 1.00  | Masked Acc: 1.00 | OG  F1: 1.00 | Masked F1: 1.00
Epoch 118
	| Avg Actor Loss: 0.0079 | Avg Critic Loss: 0.0010 
	| Avg Length: 20.2734 | Avg Reward: 0.9246 
	| Avg Length: 20.0260 | Avg Reward: 0.9282
	| OG  Acc: 1.00  | Masked Acc: 1.00 | OG  F1: 1.00 | Masked F1: 1.00
Epoch 119
	| Avg Actor Loss: 0.0086 | Avg Critic Loss: 0.0009 
	| Avg Length: 19.3320 | Avg Reward: 0.9274 
	| Avg Length: 20.0140 | Avg Reward: 0.9284
	| OG  Acc: 1.00  | Masked Acc: 1.00 | OG  F1: 1.00 | Masked F1: 1.00
Epoch 120
	| Avg Actor Loss: 0.0097 | Avg Critic Loss: 0.0011 
	| Avg Length: 20.0662 | Avg Reward: 0.9263 
	| Avg Length: 20.0478 | Avg Reward: 0.9284
	| OG  Acc: 1.00  | Masked Acc: 1.00 | OG  F1: 1.00 | Masked F1: 1.00
Epoch 121
	| Avg Actor Loss: 0.0061 | Avg Critic Loss: 0.0009 
	| Avg Length: 20.5156 | Avg Reward: 0.9272 
	| Avg Length: 19.8858 | Avg Reward: 0.9280
	| OG  Acc: 1.00  | Masked Acc: 0.99 | OG  F1: 1.00 | Masked F1: 0.99
Epoch 122
	| Avg Actor Loss: 0.0111 | Avg Critic Loss: 0.0013 
	| Avg Length: 19.4023 | Avg Reward: 0.9300 
	| Avg Length: 20.0508 | Avg Reward: 0.9285
	| OG  Acc: 1.00  | Masked Acc: 1.00 | OG  F1: 1.00 | Masked F1: 1.00
Epoch 123
	| Avg Actor Loss: 0.0179 | Avg Critic Loss: 0.0008 
	| Avg Length: 21.1406 | Avg Reward: 0.9248 
	| Avg Length: 19.7370 | Avg Reward: 0.9248
	| OG  Acc: 1.00  | Masked Acc: 0.99 | OG  F1: 1.00 | Masked F1: 0.99
Epoch 124
	| Avg Actor Loss: -0.0001 | Avg Critic Loss: 0.0019 
	| Avg Length: 20.3382 | Avg Reward: 0.9203 
	| Avg Length: 19.8940 | Avg Reward: 0.9268
	| OG  Acc: 1.00  | Masked Acc: 0.99 | OG  F1: 1.00 | Masked F1: 0.99
Epoch 125
	| Avg Actor Loss: 0.0116 | Avg Critic Loss: 0.0010 
	| Avg Length: 20.9023 | Avg Reward: 0.9242 
	| Avg Length: 20.0788 | Avg Reward: 0.9290
	| OG  Acc: 1.00  | Masked Acc: 1.00 | OG  F1: 1.00 | Masked F1: 1.00
Epoch 126
	| Avg Actor Loss: 0.0204 | Avg Critic Loss: 0.0009 
	| Avg Length: 18.9922 | Avg Reward: 0.9254 
	| Avg Length: 20.0874 | Avg Reward: 0.9290
	| OG  Acc: 1.00  | Masked Acc: 1.00 | OG  F1: 1.00 | Masked F1: 1.00
Epoch 127
	| Avg Actor Loss: 0.0094 | Avg Critic Loss: 0.0008 
	| Avg Length: 19.1758 | Avg Reward: 0.9299 
	| Avg Length: 20.0108 | Avg Reward: 0.9289
	| OG  Acc: 1.00  | Masked Acc: 1.00 | OG  F1: 1.00 | Masked F1: 1.00
Epoch 128
	| Avg Actor Loss: 0.0088 | Avg Critic Loss: 0.0010 
	| Avg Length: 20.3750 | Avg Reward: 0.9312 
	| Avg Length: 19.9026 | Avg Reward: 0.9287
	| OG  Acc: 1.00  | Masked Acc: 1.00 | OG  F1: 1.00 | Masked F1: 1.00
Epoch 129
	| Avg Actor Loss: 0.0065 | Avg Critic Loss: 0.0010 
	| Avg Length: 18.2227 | Avg Reward: 0.9329 
	| Avg Length: 19.9868 | Avg Reward: 0.9292
	| OG  Acc: 1.00  | Masked Acc: 1.00 | OG  F1: 1.00 | Masked F1: 1.00
Epoch 130
	| Avg Actor Loss: 0.0190 | Avg Critic Loss: 0.0006 
	| Avg Length: 20.7344 | Avg Reward: 0.9255 
	| Avg Length: 20.0314 | Avg Reward: 0.9282
	| OG  Acc: 1.00  | Masked Acc: 1.00 | OG  F1: 1.00 | Masked F1: 1.00
Epoch 131
	| Avg Actor Loss: 0.0057 | Avg Critic Loss: 0.0012 
	| Avg Length: 19.4609 | Avg Reward: 0.9327 
	| Avg Length: 19.9480 | Avg Reward: 0.9291
	| OG  Acc: 1.00  | Masked Acc: 1.00 | OG  F1: 1.00 | Masked F1: 1.00
Epoch 132
	| Avg Actor Loss: 0.0031 | Avg Critic Loss: 0.0008 
	| Avg Length: 20.5441 | Avg Reward: 0.9287 
	| Avg Length: 19.8814 | Avg Reward: 0.9285
	| OG  Acc: 1.00  | Masked Acc: 1.00 | OG  F1: 1.00 | Masked F1: 1.00
Epoch 133
	| Avg Actor Loss: 0.0335 | Avg Critic Loss: 0.0010 
	| Avg Length: 18.1680 | Avg Reward: 0.9298 
	| Avg Length: 19.7948 | Avg Reward: 0.9271
	| OG  Acc: 1.00  | Masked Acc: 0.99 | OG  F1: 1.00 | Masked F1: 0.99
Epoch 134
	| Avg Actor Loss: 0.0055 | Avg Critic Loss: 0.0016 
	| Avg Length: 19.2344 | Avg Reward: 0.9233 
	| Avg Length: 19.9592 | Avg Reward: 0.9292
	| OG  Acc: 1.00  | Masked Acc: 1.00 | OG  F1: 1.00 | Masked F1: 1.00
Epoch 135
	| Avg Actor Loss: 0.0066 | Avg Critic Loss: 0.0011 
	| Avg Length: 19.7070 | Avg Reward: 0.9279 
	| Avg Length: 19.9174 | Avg Reward: 0.9295
	| OG  Acc: 1.00  | Masked Acc: 1.00 | OG  F1: 1.00 | Masked F1: 1.00
Epoch 136
	| Avg Actor Loss: 0.0051 | Avg Critic Loss: 0.0008 
	| Avg Length: 18.3824 | Avg Reward: 0.9363 
	| Avg Length: 19.8052 | Avg Reward: 0.9284
	| OG  Acc: 1.00  | Masked Acc: 1.00 | OG  F1: 1.00 | Masked F1: 1.00
Epoch 137
	| Avg Actor Loss: 0.0017 | Avg Critic Loss: 0.0013 
	| Avg Length: 20.5703 | Avg Reward: 0.9272 
	| Avg Length: 19.9048 | Avg Reward: 0.9290
	| OG  Acc: 1.00  | Masked Acc: 1.00 | OG  F1: 1.00 | Masked F1: 1.00
Epoch 138
	| Avg Actor Loss: 0.0287 | Avg Critic Loss: 0.0007 
	| Avg Length: 20.6367 | Avg Reward: 0.9238 
	| Avg Length: 19.9092 | Avg Reward: 0.9293
	| OG  Acc: 1.00  | Masked Acc: 1.00 | OG  F1: 1.00 | Masked F1: 1.00
Epoch 139
	| Avg Actor Loss: 0.0125 | Avg Critic Loss: 0.0008 
	| Avg Length: 20.2578 | Avg Reward: 0.9280 
	| Avg Length: 19.9790 | Avg Reward: 0.9277
	| OG  Acc: 1.00  | Masked Acc: 1.00 | OG  F1: 1.00 | Masked F1: 1.00
Epoch 140
	| Avg Actor Loss: -0.0026 | Avg Critic Loss: 0.0011 
	| Avg Length: 18.2426 | Avg Reward: 0.9265 
	| Avg Length: 19.9186 | Avg Reward: 0.9296
	| OG  Acc: 1.00  | Masked Acc: 1.00 | OG  F1: 1.00 | Masked F1: 1.00
Epoch 141
	| Avg Actor Loss: 0.0113 | Avg Critic Loss: 0.0011 
	| Avg Length: 21.5664 | Avg Reward: 0.9213 
	| Avg Length: 19.9020 | Avg Reward: 0.9294
	| OG  Acc: 1.00  | Masked Acc: 1.00 | OG  F1: 1.00 | Masked F1: 1.00
Epoch 142
	| Avg Actor Loss: 0.0091 | Avg Critic Loss: 0.0008 
	| Avg Length: 22.9883 | Avg Reward: 0.9226 
	| Avg Length: 19.9758 | Avg Reward: 0.9287
	| OG  Acc: 1.00  | Masked Acc: 1.00 | OG  F1: 1.00 | Masked F1: 1.00
Epoch 143
	| Avg Actor Loss: 0.0053 | Avg Critic Loss: 0.0011 
	| Avg Length: 20.1562 | Avg Reward: 0.9291 
	| Avg Length: 19.8660 | Avg Reward: 0.9294
	| OG  Acc: 1.00  | Masked Acc: 1.00 | OG  F1: 1.00 | Masked F1: 1.00
Epoch 144
	| Avg Actor Loss: 0.0030 | Avg Critic Loss: 0.0011 
	| Avg Length: 19.9485 | Avg Reward: 0.9162 
	| Avg Length: 19.9002 | Avg Reward: 0.9293
	| OG  Acc: 1.00  | Masked Acc: 1.00 | OG  F1: 1.00 | Masked F1: 1.00
Epoch 145
	| Avg Actor Loss: 0.0069 | Avg Critic Loss: 0.0010 
	| Avg Length: 21.0312 | Avg Reward: 0.9262 
	| Avg Length: 19.9278 | Avg Reward: 0.9294
	| OG  Acc: 1.00  | Masked Acc: 1.00 | OG  F1: 1.00 | Masked F1: 1.00
Epoch 146
	| Avg Actor Loss: 0.0163 | Avg Critic Loss: 0.0010 
	| Avg Length: 22.0039 | Avg Reward: 0.9100 
	| Avg Length: 19.9656 | Avg Reward: 0.9290
	| OG  Acc: 1.00  | Masked Acc: 1.00 | OG  F1: 1.00 | Masked F1: 1.00
Epoch 147
	| Avg Actor Loss: 0.0113 | Avg Critic Loss: 0.0007 
	| Avg Length: 18.9766 | Avg Reward: 0.9331 
	| Avg Length: 19.8370 | Avg Reward: 0.9284
	| OG  Acc: 1.00  | Masked Acc: 1.00 | OG  F1: 1.00 | Masked F1: 1.00
Epoch 148
	| Avg Actor Loss: 0.0153 | Avg Critic Loss: 0.0010 
	| Avg Length: 19.2279 | Avg Reward: 0.9258 
	| Avg Length: 19.8836 | Avg Reward: 0.9296
	| OG  Acc: 1.00  | Masked Acc: 1.00 | OG  F1: 1.00 | Masked F1: 1.00
Epoch 149
	| Avg Actor Loss: 0.0158 | Avg Critic Loss: 0.0010 
	| Avg Length: 19.9961 | Avg Reward: 0.9309 
	| Avg Length: 19.8898 | Avg Reward: 0.9289
	| OG  Acc: 1.00  | Masked Acc: 1.00 | OG  F1: 1.00 | Masked F1: 1.00
Epoch 150
	| Avg Actor Loss: 0.0140 | Avg Critic Loss: 0.0010 
	| Avg Length: 21.4570 | Avg Reward: 0.9248 
	| Avg Length: 20.0438 | Avg Reward: 0.9275
	| OG  Acc: 1.00  | Masked Acc: 0.99 | OG  F1: 1.00 | Masked F1: 0.99
Epoch 151
	| Avg Actor Loss: 0.0001 | Avg Critic Loss: 0.0014 
	| Avg Length: 19.9453 | Avg Reward: 0.9215 
	| Avg Length: 19.8998 | Avg Reward: 0.9298
	| OG  Acc: 1.00  | Masked Acc: 1.00 | OG  F1: 1.00 | Masked F1: 1.00
Epoch 152
	| Avg Actor Loss: 0.0068 | Avg Critic Loss: 0.0011 
	| Avg Length: 20.1103 | Avg Reward: 0.9228 
	| Avg Length: 19.8176 | Avg Reward: 0.9296
	| OG  Acc: 1.00  | Masked Acc: 1.00 | OG  F1: 1.00 | Masked F1: 1.00
Epoch 153
	| Avg Actor Loss: 0.0123 | Avg Critic Loss: 0.0010 
	| Avg Length: 19.7188 | Avg Reward: 0.9219 
	| Avg Length: 19.8020 | Avg Reward: 0.9292
	| OG  Acc: 1.00  | Masked Acc: 1.00 | OG  F1: 1.00 | Masked F1: 1.00
Epoch 154
	| Avg Actor Loss: 0.0121 | Avg Critic Loss: 0.0009 
	| Avg Length: 18.7695 | Avg Reward: 0.9316 
	| Avg Length: 19.8974 | Avg Reward: 0.9298
	| OG  Acc: 1.00  | Masked Acc: 1.00 | OG  F1: 1.00 | Masked F1: 1.00
Epoch 155
	| Avg Actor Loss: 0.0065 | Avg Critic Loss: 0.0008 
	| Avg Length: 19.5117 | Avg Reward: 0.9319 
	| Avg Length: 19.8276 | Avg Reward: 0.9292
	| OG  Acc: 1.00  | Masked Acc: 1.00 | OG  F1: 1.00 | Masked F1: 1.00
Epoch 156
	| Avg Actor Loss: 0.0133 | Avg Critic Loss: 0.0009 
	| Avg Length: 21.4118 | Avg Reward: 0.9292 
	| Avg Length: 19.7908 | Avg Reward: 0.9297
	| OG  Acc: 1.00  | Masked Acc: 1.00 | OG  F1: 1.00 | Masked F1: 1.00
Epoch 157
	| Avg Actor Loss: 0.0088 | Avg Critic Loss: 0.0010 
	| Avg Length: 20.6016 | Avg Reward: 0.9207 
	| Avg Length: 19.8048 | Avg Reward: 0.9295
	| OG  Acc: 1.00  | Masked Acc: 1.00 | OG  F1: 1.00 | Masked F1: 1.00
Epoch 158
	| Avg Actor Loss: 0.0105 | Avg Critic Loss: 0.0009 
	| Avg Length: 19.9961 | Avg Reward: 0.9229 
	| Avg Length: 19.7842 | Avg Reward: 0.9290
	| OG  Acc: 1.00  | Masked Acc: 1.00 | OG  F1: 1.00 | Masked F1: 1.00
Epoch 159
	| Avg Actor Loss: 0.0043 | Avg Critic Loss: 0.0006 
	| Avg Length: 21.2773 | Avg Reward: 0.9271 
	| Avg Length: 19.5770 | Avg Reward: 0.9293
	| OG  Acc: 1.00  | Masked Acc: 1.00 | OG  F1: 1.00 | Masked F1: 1.00
Epoch 160
	| Avg Actor Loss: 0.0085 | Avg Critic Loss: 0.0009 
	| Avg Length: 19.6618 | Avg Reward: 0.9247 
	| Avg Length: 19.6518 | Avg Reward: 0.9298
	| OG  Acc: 1.00  | Masked Acc: 1.00 | OG  F1: 1.00 | Masked F1: 1.00
Epoch 161
	| Avg Actor Loss: 0.0161 | Avg Critic Loss: 0.0012 
	| Avg Length: 19.9180 | Avg Reward: 0.9274 
	| Avg Length: 19.7686 | Avg Reward: 0.9295
	| OG  Acc: 1.00  | Masked Acc: 1.00 | OG  F1: 1.00 | Masked F1: 1.00
Epoch 162
	| Avg Actor Loss: 0.0190 | Avg Critic Loss: 0.0009 
	| Avg Length: 21.6992 | Avg Reward: 0.9255 
	| Avg Length: 19.6848 | Avg Reward: 0.9301
	| OG  Acc: 1.00  | Masked Acc: 1.00 | OG  F1: 1.00 | Masked F1: 1.00
Epoch 163
	| Avg Actor Loss: 0.0080 | Avg Critic Loss: 0.0006 
	| Avg Length: 19.6914 | Avg Reward: 0.9330 
	| Avg Length: 19.6572 | Avg Reward: 0.9299
	| OG  Acc: 1.00  | Masked Acc: 1.00 | OG  F1: 1.00 | Masked F1: 1.00
Epoch 164
	| Avg Actor Loss: 0.0120 | Avg Critic Loss: 0.0008 
	| Avg Length: 18.6103 | Avg Reward: 0.9347 
	| Avg Length: 19.5004 | Avg Reward: 0.9284
	| OG  Acc: 1.00  | Masked Acc: 0.99 | OG  F1: 1.00 | Masked F1: 0.99
Epoch 165
	| Avg Actor Loss: 0.0028 | Avg Critic Loss: 0.0014 
	| Avg Length: 21.3438 | Avg Reward: 0.9201 
	| Avg Length: 19.6162 | Avg Reward: 0.9298
	| OG  Acc: 1.00  | Masked Acc: 1.00 | OG  F1: 1.00 | Masked F1: 1.00
Epoch 166
	| Avg Actor Loss: 0.0078 | Avg Critic Loss: 0.0009 
	| Avg Length: 19.9844 | Avg Reward: 0.9297 
	| Avg Length: 19.6198 | Avg Reward: 0.9301
	| OG  Acc: 1.00  | Masked Acc: 1.00 | OG  F1: 1.00 | Masked F1: 1.00
Epoch 167
	| Avg Actor Loss: 0.0134 | Avg Critic Loss: 0.0008 
	| Avg Length: 19.9492 | Avg Reward: 0.9314 
	| Avg Length: 19.5874 | Avg Reward: 0.9296
	| OG  Acc: 1.00  | Masked Acc: 1.00 | OG  F1: 1.00 | Masked F1: 1.00
Epoch 168
	| Avg Actor Loss: 0.0114 | Avg Critic Loss: 0.0009 
	| Avg Length: 20.4632 | Avg Reward: 0.9291 
	| Avg Length: 19.6024 | Avg Reward: 0.9299
	| OG  Acc: 1.00  | Masked Acc: 1.00 | OG  F1: 1.00 | Masked F1: 1.00
Epoch 169
	| Avg Actor Loss: 0.0068 | Avg Critic Loss: 0.0011 
	| Avg Length: 20.1758 | Avg Reward: 0.9217 
	| Avg Length: 19.6050 | Avg Reward: 0.9299
	| OG  Acc: 1.00  | Masked Acc: 1.00 | OG  F1: 1.00 | Masked F1: 1.00
Epoch 170
	| Avg Actor Loss: 0.0131 | Avg Critic Loss: 0.0010 
	| Avg Length: 21.0156 | Avg Reward: 0.9231 
	| Avg Length: 19.6080 | Avg Reward: 0.9296
	| OG  Acc: 1.00  | Masked Acc: 1.00 | OG  F1: 1.00 | Masked F1: 1.00
Epoch 171
	| Avg Actor Loss: 0.0097 | Avg Critic Loss: 0.0010 
	| Avg Length: 20.2969 | Avg Reward: 0.9304 
	| Avg Length: 19.5804 | Avg Reward: 0.9299
	| OG  Acc: 1.00  | Masked Acc: 1.00 | OG  F1: 1.00 | Masked F1: 1.00
Epoch 172
	| Avg Actor Loss: 0.0197 | Avg Critic Loss: 0.0010 
	| Avg Length: 21.0588 | Avg Reward: 0.9267 
	| Avg Length: 19.6808 | Avg Reward: 0.9301
	| OG  Acc: 1.00  | Masked Acc: 1.00 | OG  F1: 1.00 | Masked F1: 1.00
Epoch 173
	| Avg Actor Loss: 0.0048 | Avg Critic Loss: 0.0009 
	| Avg Length: 20.2109 | Avg Reward: 0.9285 
	| Avg Length: 19.6014 | Avg Reward: 0.9302
	| OG  Acc: 1.00  | Masked Acc: 1.00 | OG  F1: 1.00 | Masked F1: 1.00
Epoch 174
	| Avg Actor Loss: 0.0356 | Avg Critic Loss: 0.0005 
	| Avg Length: 20.9844 | Avg Reward: 0.9239 
	| Avg Length: 19.6668 | Avg Reward: 0.9297
	| OG  Acc: 1.00  | Masked Acc: 1.00 | OG  F1: 1.00 | Masked F1: 1.00
Epoch 175
	| Avg Actor Loss: 0.0082 | Avg Critic Loss: 0.0011 
	| Avg Length: 20.1133 | Avg Reward: 0.9324 
	| Avg Length: 19.6188 | Avg Reward: 0.9299
	| OG  Acc: 1.00  | Masked Acc: 1.00 | OG  F1: 1.00 | Masked F1: 1.00
Epoch 176
	| Avg Actor Loss: 0.0125 | Avg Critic Loss: 0.0009 
	| Avg Length: 17.7500 | Avg Reward: 0.9331 
	| Avg Length: 19.6448 | Avg Reward: 0.9303
	| OG  Acc: 1.00  | Masked Acc: 1.00 | OG  F1: 1.00 | Masked F1: 1.00
Epoch 177
	| Avg Actor Loss: 0.0131 | Avg Critic Loss: 0.0007 
	| Avg Length: 19.7227 | Avg Reward: 0.9310 
	| Avg Length: 19.5756 | Avg Reward: 0.9304
	| OG  Acc: 1.00  | Masked Acc: 1.00 | OG  F1: 1.00 | Masked F1: 1.00
Epoch 178
	| Avg Actor Loss: 0.0102 | Avg Critic Loss: 0.0010 
	| Avg Length: 18.9453 | Avg Reward: 0.9308 
	| Avg Length: 19.6044 | Avg Reward: 0.9302
	| OG  Acc: 1.00  | Masked Acc: 1.00 | OG  F1: 1.00 | Masked F1: 1.00
Epoch 179
	| Avg Actor Loss: 0.0068 | Avg Critic Loss: 0.0010 
	| Avg Length: 19.6328 | Avg Reward: 0.9256 
	| Avg Length: 19.5694 | Avg Reward: 0.9303
	| OG  Acc: 1.00  | Masked Acc: 1.00 | OG  F1: 1.00 | Masked F1: 1.00
Epoch 180
	| Avg Actor Loss: 0.0089 | Avg Critic Loss: 0.0011 
	| Avg Length: 17.9632 | Avg Reward: 0.9315 
	| Avg Length: 19.6456 | Avg Reward: 0.9301
	| OG  Acc: 1.00  | Masked Acc: 1.00 | OG  F1: 1.00 | Masked F1: 1.00
Epoch 181
	| Avg Actor Loss: 0.0077 | Avg Critic Loss: 0.0006 
	| Avg Length: 20.3867 | Avg Reward: 0.9212 
	| Avg Length: 19.6084 | Avg Reward: 0.9306
	| OG  Acc: 1.00  | Masked Acc: 1.00 | OG  F1: 1.00 | Masked F1: 1.00
Epoch 182
	| Avg Actor Loss: 0.0196 | Avg Critic Loss: 0.0007 
	| Avg Length: 19.3906 | Avg Reward: 0.9334 
	| Avg Length: 19.5744 | Avg Reward: 0.9305
	| OG  Acc: 1.00  | Masked Acc: 1.00 | OG  F1: 1.00 | Masked F1: 1.00
Epoch 183
	| Avg Actor Loss: 0.0139 | Avg Critic Loss: 0.0007 
	| Avg Length: 20.2891 | Avg Reward: 0.9252 
	| Avg Length: 19.5610 | Avg Reward: 0.9302
	| OG  Acc: 1.00  | Masked Acc: 1.00 | OG  F1: 1.00 | Masked F1: 1.00
Epoch 184
	| Avg Actor Loss: 0.0072 | Avg Critic Loss: 0.0007 
	| Avg Length: 18.9926 | Avg Reward: 0.9241 
	| Avg Length: 19.5414 | Avg Reward: 0.9308
	| OG  Acc: 1.00  | Masked Acc: 1.00 | OG  F1: 1.00 | Masked F1: 1.00
Epoch 185
	| Avg Actor Loss: 0.0135 | Avg Critic Loss: 0.0007 
	| Avg Length: 20.4609 | Avg Reward: 0.9295 
	| Avg Length: 19.5794 | Avg Reward: 0.9305
	| OG  Acc: 1.00  | Masked Acc: 1.00 | OG  F1: 1.00 | Masked F1: 1.00
Epoch 186
	| Avg Actor Loss: 0.0685 | Avg Critic Loss: 0.0009 
	| Avg Length: 18.7422 | Avg Reward: 0.9314 
	| Avg Length: 19.5586 | Avg Reward: 0.9306
	| OG  Acc: 1.00  | Masked Acc: 1.00 | OG  F1: 1.00 | Masked F1: 1.00
Epoch 187
	| Avg Actor Loss: 0.0067 | Avg Critic Loss: 0.0010 
	| Avg Length: 19.2812 | Avg Reward: 0.9266 
	| Avg Length: 19.5890 | Avg Reward: 0.9301
	| OG  Acc: 1.00  | Masked Acc: 1.00 | OG  F1: 1.00 | Masked F1: 1.00
Epoch 188
	| Avg Actor Loss: 0.0097 | Avg Critic Loss: 0.0008 
	| Avg Length: 19.0735 | Avg Reward: 0.9292 
	| Avg Length: 19.5784 | Avg Reward: 0.9306
	| OG  Acc: 1.00  | Masked Acc: 1.00 | OG  F1: 1.00 | Masked F1: 1.00
Epoch 189
	| Avg Actor Loss: 0.0067 | Avg Critic Loss: 0.0006 
	| Avg Length: 20.0938 | Avg Reward: 0.9253 
	| Avg Length: 19.4968 | Avg Reward: 0.9307
	| OG  Acc: 1.00  | Masked Acc: 1.00 | OG  F1: 1.00 | Masked F1: 1.00
Epoch 190
	| Avg Actor Loss: 0.0183 | Avg Critic Loss: 0.0010 
	| Avg Length: 19.7227 | Avg Reward: 0.9242 
	| Avg Length: 19.5414 | Avg Reward: 0.9306
	| OG  Acc: 1.00  | Masked Acc: 1.00 | OG  F1: 1.00 | Masked F1: 1.00
Epoch 191
	| Avg Actor Loss: 0.0144 | Avg Critic Loss: 0.0009 
	| Avg Length: 19.0234 | Avg Reward: 0.9300 
	| Avg Length: 19.5808 | Avg Reward: 0.9308
	| OG  Acc: 1.00  | Masked Acc: 1.00 | OG  F1: 1.00 | Masked F1: 1.00
Epoch 192
	| Avg Actor Loss: 0.0086 | Avg Critic Loss: 0.0006 
	| Avg Length: 19.3824 | Avg Reward: 0.9322 
	| Avg Length: 19.5470 | Avg Reward: 0.9308
	| OG  Acc: 1.00  | Masked Acc: 1.00 | OG  F1: 1.00 | Masked F1: 1.00
Epoch 193
	| Avg Actor Loss: 0.0120 | Avg Critic Loss: 0.0010 
	| Avg Length: 21.0742 | Avg Reward: 0.9268 
	| Avg Length: 19.5452 | Avg Reward: 0.9308
	| OG  Acc: 1.00  | Masked Acc: 1.00 | OG  F1: 1.00 | Masked F1: 1.00
Epoch 194
	| Avg Actor Loss: 0.0093 | Avg Critic Loss: 0.0009 
	| Avg Length: 20.6445 | Avg Reward: 0.9316 
	| Avg Length: 19.5238 | Avg Reward: 0.9305
	| OG  Acc: 1.00  | Masked Acc: 1.00 | OG  F1: 1.00 | Masked F1: 1.00
Epoch 195
	| Avg Actor Loss: 0.0161 | Avg Critic Loss: 0.0008 
	| Avg Length: 20.6602 | Avg Reward: 0.9267 
	| Avg Length: 19.5462 | Avg Reward: 0.9306
	| OG  Acc: 1.00  | Masked Acc: 1.00 | OG  F1: 1.00 | Masked F1: 1.00
Epoch 196
	| Avg Actor Loss: 0.0089 | Avg Critic Loss: 0.0007 
	| Avg Length: 20.3162 | Avg Reward: 0.9312 
	| Avg Length: 19.5366 | Avg Reward: 0.9302
	| OG  Acc: 1.00  | Masked Acc: 1.00 | OG  F1: 1.00 | Masked F1: 1.00
Epoch 197
	| Avg Actor Loss: 0.0096 | Avg Critic Loss: 0.0009 
	| Avg Length: 19.1055 | Avg Reward: 0.9277 
	| Avg Length: 19.5440 | Avg Reward: 0.9304
	| OG  Acc: 1.00  | Masked Acc: 1.00 | OG  F1: 1.00 | Masked F1: 1.00
Epoch 198
	| Avg Actor Loss: 0.0076 | Avg Critic Loss: 0.0008 
	| Avg Length: 20.1406 | Avg Reward: 0.9317 
	| Avg Length: 19.4718 | Avg Reward: 0.9307
	| OG  Acc: 1.00  | Masked Acc: 1.00 | OG  F1: 1.00 | Masked F1: 1.00
Epoch 199
	| Avg Actor Loss: 0.0121 | Avg Critic Loss: 0.0007 
	| Avg Length: 19.9961 | Avg Reward: 0.9300 
	| Avg Length: 19.4484 | Avg Reward: 0.9300
	| OG  Acc: 1.00  | Masked Acc: 1.00 | OG  F1: 1.00 | Masked F1: 1.00
Epoch 200
	| Avg Actor Loss: 0.0091 | Avg Critic Loss: 0.0008 
	| Avg Length: 19.2500 | Avg Reward: 0.9352 
	| Avg Length: 19.4286 | Avg Reward: 0.9306
	| OG  Acc: 1.00  | Masked Acc: 1.00 | OG  F1: 1.00 | Masked F1: 1.00
