Epoch 01
	| Avg Actor Loss: -0.0100 | Avg Critic Loss: 0.0218 
	| Avg Length: 2.1562 | Avg Reward: 0.8241 
	| Avg Length: 1.0000 | Avg Reward: 0.8419
	| OG  Acc: 1.00  | Masked Acc: 0.50 | OG  F1: 1.00 | Masked F1: 0.67
Epoch 02
	| Avg Actor Loss: -0.0115 | Avg Critic Loss: 0.0046 
	| Avg Length: 1.8477 | Avg Reward: 0.8440 
	| Avg Length: 1.0000 | Avg Reward: 0.8419
	| OG  Acc: 1.00  | Masked Acc: 0.50 | OG  F1: 1.00 | Masked F1: 0.67
Epoch 03
	| Avg Actor Loss: -0.0147 | Avg Critic Loss: 0.0035 
	| Avg Length: 1.9219 | Avg Reward: 0.8196 
	| Avg Length: 1.0000 | Avg Reward: 0.8464
	| OG  Acc: 1.00  | Masked Acc: 0.52 | OG  F1: 1.00 | Masked F1: 0.67
Epoch 04
	| Avg Actor Loss: -0.0114 | Avg Critic Loss: 0.0032 
	| Avg Length: 1.6176 | Avg Reward: 0.8396 
	| Avg Length: 1.0000 | Avg Reward: 0.8467
	| OG  Acc: 1.00  | Masked Acc: 0.52 | OG  F1: 1.00 | Masked F1: 0.67
Epoch 05
	| Avg Actor Loss: -0.0154 | Avg Critic Loss: 0.0032 
	| Avg Length: 1.4766 | Avg Reward: 0.8478 
	| Avg Length: 1.0000 | Avg Reward: 0.8487
	| OG  Acc: 1.00  | Masked Acc: 0.52 | OG  F1: 1.00 | Masked F1: 0.67
Epoch 06
	| Avg Actor Loss: -0.0150 | Avg Critic Loss: 0.0029 
	| Avg Length: 1.6719 | Avg Reward: 0.8359 
	| Avg Length: 1.0000 | Avg Reward: 0.8467
	| OG  Acc: 1.00  | Masked Acc: 0.52 | OG  F1: 1.00 | Masked F1: 0.67
Epoch 07
	| Avg Actor Loss: -0.0149 | Avg Critic Loss: 0.0027 
	| Avg Length: 1.5859 | Avg Reward: 0.8422 
	| Avg Length: 1.0000 | Avg Reward: 0.8466
	| OG  Acc: 1.00  | Masked Acc: 0.51 | OG  F1: 1.00 | Masked F1: 0.67
Epoch 08
	| Avg Actor Loss: -0.0151 | Avg Critic Loss: 0.0024 
	| Avg Length: 1.4044 | Avg Reward: 0.8410 
	| Avg Length: 1.0000 | Avg Reward: 0.8477
	| OG  Acc: 1.00  | Masked Acc: 0.52 | OG  F1: 1.00 | Masked F1: 0.68
Epoch 09
	| Avg Actor Loss: -0.0148 | Avg Critic Loss: 0.0023 
	| Avg Length: 1.2930 | Avg Reward: 0.8596 
	| Avg Length: 1.0000 | Avg Reward: 0.8476
	| OG  Acc: 1.00  | Masked Acc: 0.52 | OG  F1: 1.00 | Masked F1: 0.67
Epoch 10
	| Avg Actor Loss: -0.0190 | Avg Critic Loss: 0.0023 
	| Avg Length: 1.3594 | Avg Reward: 0.8463 
	| Avg Length: 1.0000 | Avg Reward: 0.8505
	| OG  Acc: 1.00  | Masked Acc: 0.53 | OG  F1: 1.00 | Masked F1: 0.68
Epoch 11
	| Avg Actor Loss: -0.0164 | Avg Critic Loss: 0.0023 
	| Avg Length: 1.2578 | Avg Reward: 0.8291 
	| Avg Length: 1.0000 | Avg Reward: 0.8564
	| OG  Acc: 1.00  | Masked Acc: 0.55 | OG  F1: 1.00 | Masked F1: 0.69
Epoch 12
	| Avg Actor Loss: -0.0164 | Avg Critic Loss: 0.0023 
	| Avg Length: 1.3382 | Avg Reward: 0.8514 
	| Avg Length: 1.0000 | Avg Reward: 0.8585
	| OG  Acc: 1.00  | Masked Acc: 0.56 | OG  F1: 1.00 | Masked F1: 0.69
Epoch 13
	| Avg Actor Loss: -0.0147 | Avg Critic Loss: 0.0020 
	| Avg Length: 1.2656 | Avg Reward: 0.8445 
	| Avg Length: 1.0000 | Avg Reward: 0.8615
	| OG  Acc: 1.00  | Masked Acc: 0.57 | OG  F1: 1.00 | Masked F1: 0.70
Epoch 14
	| Avg Actor Loss: -0.0155 | Avg Critic Loss: 0.0023 
	| Avg Length: 1.2578 | Avg Reward: 0.8547 
	| Avg Length: 1.0000 | Avg Reward: 0.8606
	| OG  Acc: 1.00  | Masked Acc: 0.57 | OG  F1: 1.00 | Masked F1: 0.70
Epoch 15
	| Avg Actor Loss: -0.0178 | Avg Critic Loss: 0.0025 
	| Avg Length: 1.2656 | Avg Reward: 0.8438 
	| Avg Length: 1.0000 | Avg Reward: 0.8636
	| OG  Acc: 1.00  | Masked Acc: 0.57 | OG  F1: 1.00 | Masked F1: 0.70
Epoch 16
	| Avg Actor Loss: -0.0181 | Avg Critic Loss: 0.0023 
	| Avg Length: 1.4706 | Avg Reward: 0.8489 
	| Avg Length: 1.0000 | Avg Reward: 0.8634
	| OG  Acc: 1.00  | Masked Acc: 0.57 | OG  F1: 1.00 | Masked F1: 0.70
Epoch 17
	| Avg Actor Loss: -0.0173 | Avg Critic Loss: 0.0022 
	| Avg Length: 1.3320 | Avg Reward: 0.8569 
	| Avg Length: 1.0000 | Avg Reward: 0.8648
	| OG  Acc: 1.00  | Masked Acc: 0.58 | OG  F1: 1.00 | Masked F1: 0.70
Epoch 18
	| Avg Actor Loss: -0.0181 | Avg Critic Loss: 0.0024 
	| Avg Length: 1.2461 | Avg Reward: 0.8630 
	| Avg Length: 1.0000 | Avg Reward: 0.8664
	| OG  Acc: 1.00  | Masked Acc: 0.58 | OG  F1: 1.00 | Masked F1: 0.71
Epoch 19
	| Avg Actor Loss: -0.0125 | Avg Critic Loss: 0.0023 
	| Avg Length: 1.2227 | Avg Reward: 0.8635 
	| Avg Length: 1.0000 | Avg Reward: 0.8678
	| OG  Acc: 1.00  | Masked Acc: 0.59 | OG  F1: 1.00 | Masked F1: 0.71
Epoch 20
	| Avg Actor Loss: -0.0142 | Avg Critic Loss: 0.0026 
	| Avg Length: 1.3824 | Avg Reward: 0.8711 
	| Avg Length: 1.0000 | Avg Reward: 0.8680
	| OG  Acc: 1.00  | Masked Acc: 0.59 | OG  F1: 1.00 | Masked F1: 0.71
Epoch 21
	| Avg Actor Loss: -0.0147 | Avg Critic Loss: 0.0026 
	| Avg Length: 1.3594 | Avg Reward: 0.8507 
	| Avg Length: 1.0000 | Avg Reward: 0.8696
	| OG  Acc: 1.00  | Masked Acc: 0.59 | OG  F1: 1.00 | Masked F1: 0.71
Epoch 22
	| Avg Actor Loss: -0.0155 | Avg Critic Loss: 0.0026 
	| Avg Length: 1.3320 | Avg Reward: 0.8529 
	| Avg Length: 1.0040 | Avg Reward: 0.8734
	| OG  Acc: 1.00  | Masked Acc: 0.61 | OG  F1: 1.00 | Masked F1: 0.72
Epoch 23
	| Avg Actor Loss: -0.0131 | Avg Critic Loss: 0.0027 
	| Avg Length: 1.3945 | Avg Reward: 0.8620 
	| Avg Length: 1.0148 | Avg Reward: 0.8734
	| OG  Acc: 1.00  | Masked Acc: 0.60 | OG  F1: 1.00 | Masked F1: 0.72
Epoch 24
	| Avg Actor Loss: -0.0142 | Avg Critic Loss: 0.0026 
	| Avg Length: 1.4485 | Avg Reward: 0.8756 
	| Avg Length: 1.0200 | Avg Reward: 0.8740
	| OG  Acc: 1.00  | Masked Acc: 0.61 | OG  F1: 1.00 | Masked F1: 0.72
Epoch 25
	| Avg Actor Loss: -0.0160 | Avg Critic Loss: 0.0028 
	| Avg Length: 1.3711 | Avg Reward: 0.8642 
	| Avg Length: 1.0296 | Avg Reward: 0.8741
	| OG  Acc: 1.00  | Masked Acc: 0.61 | OG  F1: 1.00 | Masked F1: 0.72
Epoch 26
	| Avg Actor Loss: -0.0124 | Avg Critic Loss: 0.0026 
	| Avg Length: 1.2266 | Avg Reward: 0.8675 
	| Avg Length: 1.0368 | Avg Reward: 0.8736
	| OG  Acc: 1.00  | Masked Acc: 0.61 | OG  F1: 1.00 | Masked F1: 0.72
Epoch 27
	| Avg Actor Loss: -0.0152 | Avg Critic Loss: 0.0029 
	| Avg Length: 1.5156 | Avg Reward: 0.8662 
	| Avg Length: 1.0492 | Avg Reward: 0.8755
	| OG  Acc: 1.00  | Masked Acc: 0.61 | OG  F1: 1.00 | Masked F1: 0.72
Epoch 28
	| Avg Actor Loss: -0.0156 | Avg Critic Loss: 0.0030 
	| Avg Length: 1.5515 | Avg Reward: 0.8757 
	| Avg Length: 1.0668 | Avg Reward: 0.8807
	| OG  Acc: 1.00  | Masked Acc: 0.64 | OG  F1: 1.00 | Masked F1: 0.73
Epoch 29
	| Avg Actor Loss: -0.0142 | Avg Critic Loss: 0.0032 
	| Avg Length: 1.4883 | Avg Reward: 0.8605 
	| Avg Length: 1.0826 | Avg Reward: 0.8804
	| OG  Acc: 1.00  | Masked Acc: 0.63 | OG  F1: 1.00 | Masked F1: 0.73
Epoch 30
	| Avg Actor Loss: -0.0126 | Avg Critic Loss: 0.0031 
	| Avg Length: 1.5000 | Avg Reward: 0.8771 
	| Avg Length: 1.0860 | Avg Reward: 0.8783
	| OG  Acc: 1.00  | Masked Acc: 0.63 | OG  F1: 1.00 | Masked F1: 0.73
Epoch 31
	| Avg Actor Loss: -0.0164 | Avg Critic Loss: 0.0034 
	| Avg Length: 1.5273 | Avg Reward: 0.8612 
	| Avg Length: 1.0930 | Avg Reward: 0.8789
	| OG  Acc: 1.00  | Masked Acc: 0.63 | OG  F1: 1.00 | Masked F1: 0.73
Epoch 32
	| Avg Actor Loss: -0.0125 | Avg Critic Loss: 0.0030 
	| Avg Length: 1.5956 | Avg Reward: 0.8763 
	| Avg Length: 1.1316 | Avg Reward: 0.8841
	| OG  Acc: 1.00  | Masked Acc: 0.65 | OG  F1: 1.00 | Masked F1: 0.74
Epoch 33
	| Avg Actor Loss: -0.0150 | Avg Critic Loss: 0.0033 
	| Avg Length: 1.5938 | Avg Reward: 0.8838 
	| Avg Length: 1.1378 | Avg Reward: 0.8840
	| OG  Acc: 1.00  | Masked Acc: 0.65 | OG  F1: 1.00 | Masked F1: 0.74
Epoch 34
	| Avg Actor Loss: -0.0098 | Avg Critic Loss: 0.0033 
	| Avg Length: 1.5352 | Avg Reward: 0.8686 
	| Avg Length: 1.1726 | Avg Reward: 0.8871
	| OG  Acc: 1.00  | Masked Acc: 0.66 | OG  F1: 1.00 | Masked F1: 0.74
Epoch 35
	| Avg Actor Loss: -0.0091 | Avg Critic Loss: 0.0033 
	| Avg Length: 1.6641 | Avg Reward: 0.8813 
	| Avg Length: 1.1636 | Avg Reward: 0.8863
	| OG  Acc: 1.00  | Masked Acc: 0.66 | OG  F1: 1.00 | Masked F1: 0.74
Epoch 36
	| Avg Actor Loss: -0.0093 | Avg Critic Loss: 0.0032 
	| Avg Length: 1.7500 | Avg Reward: 0.8567 
	| Avg Length: 1.1852 | Avg Reward: 0.8873
	| OG  Acc: 1.00  | Masked Acc: 0.66 | OG  F1: 1.00 | Masked F1: 0.74
Epoch 37
	| Avg Actor Loss: -0.0058 | Avg Critic Loss: 0.0031 
	| Avg Length: 1.6914 | Avg Reward: 0.8749 
	| Avg Length: 1.2254 | Avg Reward: 0.8886
	| OG  Acc: 1.00  | Masked Acc: 0.66 | OG  F1: 1.00 | Masked F1: 0.75
Epoch 38
	| Avg Actor Loss: -0.0120 | Avg Critic Loss: 0.0032 
	| Avg Length: 1.9414 | Avg Reward: 0.8748 
	| Avg Length: 1.2854 | Avg Reward: 0.8901
	| OG  Acc: 1.00  | Masked Acc: 0.67 | OG  F1: 1.00 | Masked F1: 0.75
Epoch 39
	| Avg Actor Loss: -0.0118 | Avg Critic Loss: 0.0032 
	| Avg Length: 1.8242 | Avg Reward: 0.8807 
	| Avg Length: 1.3384 | Avg Reward: 0.8906
	| OG  Acc: 1.00  | Masked Acc: 0.67 | OG  F1: 1.00 | Masked F1: 0.75
Epoch 40
	| Avg Actor Loss: -0.0080 | Avg Critic Loss: 0.0030 
	| Avg Length: 1.8676 | Avg Reward: 0.8855 
	| Avg Length: 1.3756 | Avg Reward: 0.8923
	| OG  Acc: 1.00  | Masked Acc: 0.68 | OG  F1: 1.00 | Masked F1: 0.76
Epoch 41
	| Avg Actor Loss: -0.0099 | Avg Critic Loss: 0.0030 
	| Avg Length: 1.9883 | Avg Reward: 0.8923 
	| Avg Length: 1.3678 | Avg Reward: 0.8928
	| OG  Acc: 1.00  | Masked Acc: 0.68 | OG  F1: 1.00 | Masked F1: 0.76
Epoch 42
	| Avg Actor Loss: -0.0046 | Avg Critic Loss: 0.0028 
	| Avg Length: 1.8320 | Avg Reward: 0.8968 
	| Avg Length: 1.4504 | Avg Reward: 0.8960
	| OG  Acc: 1.00  | Masked Acc: 0.70 | OG  F1: 1.00 | Masked F1: 0.77
Epoch 43
	| Avg Actor Loss: -0.0087 | Avg Critic Loss: 0.0029 
	| Avg Length: 1.9141 | Avg Reward: 0.8953 
	| Avg Length: 1.5326 | Avg Reward: 0.8975
	| OG  Acc: 1.00  | Masked Acc: 0.70 | OG  F1: 1.00 | Masked F1: 0.77
Epoch 44
	| Avg Actor Loss: -0.0079 | Avg Critic Loss: 0.0028 
	| Avg Length: 2.1397 | Avg Reward: 0.8770 
	| Avg Length: 1.5678 | Avg Reward: 0.8996
	| OG  Acc: 1.00  | Masked Acc: 0.71 | OG  F1: 1.00 | Masked F1: 0.77
Epoch 45
	| Avg Actor Loss: -0.0016 | Avg Critic Loss: 0.0027 
	| Avg Length: 1.9219 | Avg Reward: 0.8816 
	| Avg Length: 1.7112 | Avg Reward: 0.9018
	| OG  Acc: 1.00  | Masked Acc: 0.72 | OG  F1: 1.00 | Masked F1: 0.78
Epoch 46
	| Avg Actor Loss: -0.0049 | Avg Critic Loss: 0.0026 
	| Avg Length: 2.1602 | Avg Reward: 0.8953 
	| Avg Length: 1.7560 | Avg Reward: 0.9024
	| OG  Acc: 1.00  | Masked Acc: 0.72 | OG  F1: 1.00 | Masked F1: 0.78
Epoch 47
	| Avg Actor Loss: -0.0013 | Avg Critic Loss: 0.0026 
	| Avg Length: 2.3281 | Avg Reward: 0.8871 
	| Avg Length: 1.8596 | Avg Reward: 0.9033
	| OG  Acc: 1.00  | Masked Acc: 0.73 | OG  F1: 1.00 | Masked F1: 0.79
Epoch 48
	| Avg Actor Loss: -0.0021 | Avg Critic Loss: 0.0025 
	| Avg Length: 2.5662 | Avg Reward: 0.8859 
	| Avg Length: 1.8782 | Avg Reward: 0.9049
	| OG  Acc: 1.00  | Masked Acc: 0.73 | OG  F1: 1.00 | Masked F1: 0.79
Epoch 49
	| Avg Actor Loss: -0.0014 | Avg Critic Loss: 0.0025 
	| Avg Length: 2.7539 | Avg Reward: 0.8956 
	| Avg Length: 1.9960 | Avg Reward: 0.9063
	| OG  Acc: 1.00  | Masked Acc: 0.74 | OG  F1: 1.00 | Masked F1: 0.80
Epoch 50
	| Avg Actor Loss: -0.0023 | Avg Critic Loss: 0.0024 
	| Avg Length: 2.8984 | Avg Reward: 0.8871 
	| Avg Length: 2.0114 | Avg Reward: 0.9053
	| OG  Acc: 1.00  | Masked Acc: 0.74 | OG  F1: 1.00 | Masked F1: 0.79
Epoch 51
	| Avg Actor Loss: 0.0024 | Avg Critic Loss: 0.0026 
	| Avg Length: 2.8477 | Avg Reward: 0.9001 
	| Avg Length: 2.1382 | Avg Reward: 0.9069
	| OG  Acc: 1.00  | Masked Acc: 0.75 | OG  F1: 1.00 | Masked F1: 0.80
Epoch 52
	| Avg Actor Loss: 0.0043 | Avg Critic Loss: 0.0025 
	| Avg Length: 2.3088 | Avg Reward: 0.9240 
	| Avg Length: 2.2240 | Avg Reward: 0.9107
	| OG  Acc: 1.00  | Masked Acc: 0.77 | OG  F1: 1.00 | Masked F1: 0.81
Epoch 53
	| Avg Actor Loss: -0.0002 | Avg Critic Loss: 0.0025 
	| Avg Length: 2.9453 | Avg Reward: 0.9022 
	| Avg Length: 2.2968 | Avg Reward: 0.9124
	| OG  Acc: 1.00  | Masked Acc: 0.77 | OG  F1: 1.00 | Masked F1: 0.81
Epoch 54
	| Avg Actor Loss: 0.0025 | Avg Critic Loss: 0.0024 
	| Avg Length: 2.9531 | Avg Reward: 0.8995 
	| Avg Length: 2.3344 | Avg Reward: 0.9124
	| OG  Acc: 1.00  | Masked Acc: 0.77 | OG  F1: 1.00 | Masked F1: 0.82
Epoch 55
	| Avg Actor Loss: 0.0034 | Avg Critic Loss: 0.0024 
	| Avg Length: 3.0078 | Avg Reward: 0.9064 
	| Avg Length: 2.4472 | Avg Reward: 0.9148
	| OG  Acc: 1.00  | Masked Acc: 0.78 | OG  F1: 1.00 | Masked F1: 0.82
Epoch 56
	| Avg Actor Loss: 0.0044 | Avg Critic Loss: 0.0024 
	| Avg Length: 3.2647 | Avg Reward: 0.8948 
	| Avg Length: 2.5412 | Avg Reward: 0.9169
	| OG  Acc: 1.00  | Masked Acc: 0.79 | OG  F1: 1.00 | Masked F1: 0.83
Epoch 57
	| Avg Actor Loss: 0.0080 | Avg Critic Loss: 0.0022 
	| Avg Length: 3.1797 | Avg Reward: 0.8972 
	| Avg Length: 2.6660 | Avg Reward: 0.9193
	| OG  Acc: 1.00  | Masked Acc: 0.80 | OG  F1: 1.00 | Masked F1: 0.84
Epoch 58
	| Avg Actor Loss: 0.0044 | Avg Critic Loss: 0.0023 
	| Avg Length: 3.9414 | Avg Reward: 0.8935 
	| Avg Length: 2.7612 | Avg Reward: 0.9204
	| OG  Acc: 1.00  | Masked Acc: 0.81 | OG  F1: 1.00 | Masked F1: 0.84
Epoch 59
	| Avg Actor Loss: 0.0047 | Avg Critic Loss: 0.0022 
	| Avg Length: 3.6602 | Avg Reward: 0.9069 
	| Avg Length: 2.8936 | Avg Reward: 0.9227
	| OG  Acc: 1.00  | Masked Acc: 0.82 | OG  F1: 1.00 | Masked F1: 0.85
Epoch 60
	| Avg Actor Loss: 0.0066 | Avg Critic Loss: 0.0023 
	| Avg Length: 3.9118 | Avg Reward: 0.9069 
	| Avg Length: 3.0106 | Avg Reward: 0.9238
	| OG  Acc: 1.00  | Masked Acc: 0.83 | OG  F1: 1.00 | Masked F1: 0.85
Epoch 61
	| Avg Actor Loss: 0.0092 | Avg Critic Loss: 0.0022 
	| Avg Length: 3.8984 | Avg Reward: 0.9072 
	| Avg Length: 3.1340 | Avg Reward: 0.9254
	| OG  Acc: 1.00  | Masked Acc: 0.84 | OG  F1: 1.00 | Masked F1: 0.86
Epoch 62
	| Avg Actor Loss: 0.0062 | Avg Critic Loss: 0.0022 
	| Avg Length: 4.3125 | Avg Reward: 0.9186 
	| Avg Length: 3.1778 | Avg Reward: 0.9268
	| OG  Acc: 1.00  | Masked Acc: 0.84 | OG  F1: 1.00 | Masked F1: 0.86
Epoch 63
	| Avg Actor Loss: 0.0081 | Avg Critic Loss: 0.0022 
	| Avg Length: 4.2422 | Avg Reward: 0.9178 
	| Avg Length: 3.2792 | Avg Reward: 0.9276
	| OG  Acc: 1.00  | Masked Acc: 0.85 | OG  F1: 1.00 | Masked F1: 0.87
Epoch 64
	| Avg Actor Loss: 0.0141 | Avg Critic Loss: 0.0023 
	| Avg Length: 4.8235 | Avg Reward: 0.9251 
	| Avg Length: 3.3574 | Avg Reward: 0.9276
	| OG  Acc: 1.00  | Masked Acc: 0.85 | OG  F1: 1.00 | Masked F1: 0.87
Epoch 65
	| Avg Actor Loss: 0.0074 | Avg Critic Loss: 0.0021 
	| Avg Length: 4.3203 | Avg Reward: 0.9228 
	| Avg Length: 3.4118 | Avg Reward: 0.9293
	| OG  Acc: 1.00  | Masked Acc: 0.86 | OG  F1: 1.00 | Masked F1: 0.87
Epoch 66
	| Avg Actor Loss: 0.0101 | Avg Critic Loss: 0.0023 
	| Avg Length: 4.2891 | Avg Reward: 0.9107 
	| Avg Length: 3.5344 | Avg Reward: 0.9304
	| OG  Acc: 1.00  | Masked Acc: 0.86 | OG  F1: 1.00 | Masked F1: 0.88
Epoch 67
	| Avg Actor Loss: 0.0108 | Avg Critic Loss: 0.0020 
	| Avg Length: 3.9531 | Avg Reward: 0.9155 
	| Avg Length: 3.6206 | Avg Reward: 0.9314
	| OG  Acc: 1.00  | Masked Acc: 0.87 | OG  F1: 1.00 | Masked F1: 0.88
Epoch 68
	| Avg Actor Loss: 0.0090 | Avg Critic Loss: 0.0021 
	| Avg Length: 4.9118 | Avg Reward: 0.9037 
	| Avg Length: 3.7260 | Avg Reward: 0.9325
	| OG  Acc: 1.00  | Masked Acc: 0.87 | OG  F1: 1.00 | Masked F1: 0.89
Epoch 69
	| Avg Actor Loss: 0.0078 | Avg Critic Loss: 0.0021 
	| Avg Length: 4.5977 | Avg Reward: 0.9137 
	| Avg Length: 3.7348 | Avg Reward: 0.9326
	| OG  Acc: 1.00  | Masked Acc: 0.88 | OG  F1: 1.00 | Masked F1: 0.89
Epoch 70
	| Avg Actor Loss: 0.0101 | Avg Critic Loss: 0.0020 
	| Avg Length: 4.4844 | Avg Reward: 0.9231 
	| Avg Length: 3.6972 | Avg Reward: 0.9332
	| OG  Acc: 1.00  | Masked Acc: 0.88 | OG  F1: 1.00 | Masked F1: 0.89
Epoch 71
	| Avg Actor Loss: 0.0069 | Avg Critic Loss: 0.0021 
	| Avg Length: 5.1289 | Avg Reward: 0.9111 
	| Avg Length: 3.7962 | Avg Reward: 0.9344
	| OG  Acc: 1.00  | Masked Acc: 0.89 | OG  F1: 1.00 | Masked F1: 0.90
Epoch 72
	| Avg Actor Loss: 0.0165 | Avg Critic Loss: 0.0020 
	| Avg Length: 4.9265 | Avg Reward: 0.9206 
	| Avg Length: 3.8232 | Avg Reward: 0.9347
	| OG  Acc: 1.00  | Masked Acc: 0.88 | OG  F1: 1.00 | Masked F1: 0.90
Epoch 73
	| Avg Actor Loss: 0.0107 | Avg Critic Loss: 0.0020 
	| Avg Length: 5.0547 | Avg Reward: 0.9074 
	| Avg Length: 3.7994 | Avg Reward: 0.9361
	| OG  Acc: 1.00  | Masked Acc: 0.89 | OG  F1: 1.00 | Masked F1: 0.90
Epoch 74
	| Avg Actor Loss: 0.0097 | Avg Critic Loss: 0.0020 
	| Avg Length: 3.9102 | Avg Reward: 0.9291 
	| Avg Length: 4.0232 | Avg Reward: 0.9371
	| OG  Acc: 1.00  | Masked Acc: 0.90 | OG  F1: 1.00 | Masked F1: 0.91
Epoch 75
	| Avg Actor Loss: 0.0096 | Avg Critic Loss: 0.0019 
	| Avg Length: 4.4922 | Avg Reward: 0.9181 
	| Avg Length: 4.1234 | Avg Reward: 0.9392
	| OG  Acc: 1.00  | Masked Acc: 0.91 | OG  F1: 1.00 | Masked F1: 0.92
Epoch 76
	| Avg Actor Loss: 0.0273 | Avg Critic Loss: 0.0019 
	| Avg Length: 4.9412 | Avg Reward: 0.9252 
	| Avg Length: 4.0804 | Avg Reward: 0.9389
	| OG  Acc: 1.00  | Masked Acc: 0.91 | OG  F1: 1.00 | Masked F1: 0.91
Epoch 77
	| Avg Actor Loss: 0.0210 | Avg Critic Loss: 0.0020 
	| Avg Length: 4.7344 | Avg Reward: 0.9245 
	| Avg Length: 4.3208 | Avg Reward: 0.9392
	| OG  Acc: 1.00  | Masked Acc: 0.91 | OG  F1: 1.00 | Masked F1: 0.92
Epoch 78
	| Avg Actor Loss: 0.0133 | Avg Critic Loss: 0.0019 
	| Avg Length: 5.1836 | Avg Reward: 0.9303 
	| Avg Length: 4.2366 | Avg Reward: 0.9401
	| OG  Acc: 1.00  | Masked Acc: 0.91 | OG  F1: 1.00 | Masked F1: 0.92
Epoch 79
	| Avg Actor Loss: 0.0140 | Avg Critic Loss: 0.0018 
	| Avg Length: 5.6211 | Avg Reward: 0.9197 
	| Avg Length: 4.2230 | Avg Reward: 0.9410
	| OG  Acc: 1.00  | Masked Acc: 0.92 | OG  F1: 1.00 | Masked F1: 0.92
Epoch 80
	| Avg Actor Loss: 0.0217 | Avg Critic Loss: 0.0019 
	| Avg Length: 4.5809 | Avg Reward: 0.9141 
	| Avg Length: 4.3484 | Avg Reward: 0.9419
	| OG  Acc: 1.00  | Masked Acc: 0.92 | OG  F1: 1.00 | Masked F1: 0.93
Epoch 81
	| Avg Actor Loss: 0.0152 | Avg Critic Loss: 0.0019 
	| Avg Length: 5.9062 | Avg Reward: 0.9343 
	| Avg Length: 4.4140 | Avg Reward: 0.9425
	| OG  Acc: 1.00  | Masked Acc: 0.92 | OG  F1: 1.00 | Masked F1: 0.93
Epoch 82
	| Avg Actor Loss: 0.0245 | Avg Critic Loss: 0.0018 
	| Avg Length: 5.2773 | Avg Reward: 0.9314 
	| Avg Length: 4.1614 | Avg Reward: 0.9408
	| OG  Acc: 1.00  | Masked Acc: 0.91 | OG  F1: 1.00 | Masked F1: 0.92
Epoch 83
	| Avg Actor Loss: 0.0132 | Avg Critic Loss: 0.0019 
	| Avg Length: 4.4648 | Avg Reward: 0.9305 
	| Avg Length: 4.2744 | Avg Reward: 0.9424
	| OG  Acc: 1.00  | Masked Acc: 0.92 | OG  F1: 1.00 | Masked F1: 0.93
Epoch 84
	| Avg Actor Loss: 0.0319 | Avg Critic Loss: 0.0018 
	| Avg Length: 4.7132 | Avg Reward: 0.9232 
	| Avg Length: 4.3226 | Avg Reward: 0.9429
	| OG  Acc: 1.00  | Masked Acc: 0.92 | OG  F1: 1.00 | Masked F1: 0.93
Epoch 85
	| Avg Actor Loss: 0.0134 | Avg Critic Loss: 0.0019 
	| Avg Length: 4.9844 | Avg Reward: 0.9272 
	| Avg Length: 4.3492 | Avg Reward: 0.9433
	| OG  Acc: 1.00  | Masked Acc: 0.93 | OG  F1: 1.00 | Masked F1: 0.93
Epoch 86
	| Avg Actor Loss: 0.0195 | Avg Critic Loss: 0.0018 
	| Avg Length: 4.3711 | Avg Reward: 0.9300 
	| Avg Length: 4.5058 | Avg Reward: 0.9431
	| OG  Acc: 1.00  | Masked Acc: 0.93 | OG  F1: 1.00 | Masked F1: 0.93
Epoch 87
	| Avg Actor Loss: 0.0136 | Avg Critic Loss: 0.0017 
	| Avg Length: 5.4531 | Avg Reward: 0.9303 
	| Avg Length: 4.4088 | Avg Reward: 0.9430
	| OG  Acc: 1.00  | Masked Acc: 0.93 | OG  F1: 1.00 | Masked F1: 0.93
Epoch 88
	| Avg Actor Loss: 0.0155 | Avg Critic Loss: 0.0017 
	| Avg Length: 5.2426 | Avg Reward: 0.9253 
	| Avg Length: 4.5540 | Avg Reward: 0.9440
	| OG  Acc: 1.00  | Masked Acc: 0.93 | OG  F1: 1.00 | Masked F1: 0.94
Epoch 89
	| Avg Actor Loss: 0.0073 | Avg Critic Loss: 0.0018 
	| Avg Length: 5.3398 | Avg Reward: 0.9293 
	| Avg Length: 4.6958 | Avg Reward: 0.9456
	| OG  Acc: 1.00  | Masked Acc: 0.94 | OG  F1: 1.00 | Masked F1: 0.95
Epoch 90
	| Avg Actor Loss: 0.0250 | Avg Critic Loss: 0.0017 
	| Avg Length: 5.6211 | Avg Reward: 0.9284 
	| Avg Length: 4.7310 | Avg Reward: 0.9465
	| OG  Acc: 1.00  | Masked Acc: 0.95 | OG  F1: 1.00 | Masked F1: 0.95
Epoch 91
	| Avg Actor Loss: 0.0102 | Avg Critic Loss: 0.0016 
	| Avg Length: 5.4375 | Avg Reward: 0.9411 
	| Avg Length: 4.6894 | Avg Reward: 0.9458
	| OG  Acc: 1.00  | Masked Acc: 0.94 | OG  F1: 1.00 | Masked F1: 0.95
Epoch 92
	| Avg Actor Loss: 0.0130 | Avg Critic Loss: 0.0016 
	| Avg Length: 5.1618 | Avg Reward: 0.9326 
	| Avg Length: 4.5602 | Avg Reward: 0.9459
	| OG  Acc: 1.00  | Masked Acc: 0.94 | OG  F1: 1.00 | Masked F1: 0.94
Epoch 93
	| Avg Actor Loss: 0.0170 | Avg Critic Loss: 0.0017 
	| Avg Length: 5.1992 | Avg Reward: 0.9364 
	| Avg Length: 4.6514 | Avg Reward: 0.9456
	| OG  Acc: 1.00  | Masked Acc: 0.94 | OG  F1: 1.00 | Masked F1: 0.94
Epoch 94
	| Avg Actor Loss: 0.0178 | Avg Critic Loss: 0.0016 
	| Avg Length: 5.4414 | Avg Reward: 0.9272 
	| Avg Length: 4.5836 | Avg Reward: 0.9459
	| OG  Acc: 1.00  | Masked Acc: 0.94 | OG  F1: 1.00 | Masked F1: 0.94
Epoch 95
	| Avg Actor Loss: 0.0141 | Avg Critic Loss: 0.0017 
	| Avg Length: 5.4922 | Avg Reward: 0.9221 
	| Avg Length: 4.7052 | Avg Reward: 0.9462
	| OG  Acc: 1.00  | Masked Acc: 0.94 | OG  F1: 1.00 | Masked F1: 0.95
Epoch 96
	| Avg Actor Loss: 0.0183 | Avg Critic Loss: 0.0015 
	| Avg Length: 6.0588 | Avg Reward: 0.9275 
	| Avg Length: 4.5242 | Avg Reward: 0.9468
	| OG  Acc: 1.00  | Masked Acc: 0.94 | OG  F1: 1.00 | Masked F1: 0.95
Epoch 97
	| Avg Actor Loss: 0.0103 | Avg Critic Loss: 0.0018 
	| Avg Length: 5.6484 | Avg Reward: 0.9301 
	| Avg Length: 4.6562 | Avg Reward: 0.9464
	| OG  Acc: 1.00  | Masked Acc: 0.94 | OG  F1: 1.00 | Masked F1: 0.95
Epoch 98
	| Avg Actor Loss: 0.0180 | Avg Critic Loss: 0.0016 
	| Avg Length: 5.5469 | Avg Reward: 0.9310 
	| Avg Length: 4.6556 | Avg Reward: 0.9462
	| OG  Acc: 1.00  | Masked Acc: 0.94 | OG  F1: 1.00 | Masked F1: 0.95
Epoch 99
	| Avg Actor Loss: 0.0152 | Avg Critic Loss: 0.0015 
	| Avg Length: 5.7969 | Avg Reward: 0.9325 
	| Avg Length: 4.7176 | Avg Reward: 0.9468
	| OG  Acc: 1.00  | Masked Acc: 0.95 | OG  F1: 1.00 | Masked F1: 0.95
Epoch 100
	| Avg Actor Loss: 0.0215 | Avg Critic Loss: 0.0016 
	| Avg Length: 6.4632 | Avg Reward: 0.9246 
	| Avg Length: 4.6450 | Avg Reward: 0.9468
	| OG  Acc: 1.00  | Masked Acc: 0.94 | OG  F1: 1.00 | Masked F1: 0.95
Epoch 101
	| Avg Actor Loss: 0.3712 | Avg Critic Loss: 0.0014 
	| Avg Length: 5.1289 | Avg Reward: 0.9365 
	| Avg Length: 4.4996 | Avg Reward: 0.9334
	| OG  Acc: 1.00  | Masked Acc: 0.90 | OG  F1: 1.00 | Masked F1: 0.90
Epoch 102
	| Avg Actor Loss: 0.0032 | Avg Critic Loss: 0.0021 
	| Avg Length: 5.0391 | Avg Reward: 0.9207 
	| Avg Length: 4.5352 | Avg Reward: 0.9374
	| OG  Acc: 1.00  | Masked Acc: 0.91 | OG  F1: 1.00 | Masked F1: 0.92
Epoch 103
	| Avg Actor Loss: 0.0078 | Avg Critic Loss: 0.0018 
	| Avg Length: 5.3242 | Avg Reward: 0.9282 
	| Avg Length: 4.4882 | Avg Reward: 0.9396
	| OG  Acc: 1.00  | Masked Acc: 0.92 | OG  F1: 1.00 | Masked F1: 0.92
Epoch 104
	| Avg Actor Loss: 0.0109 | Avg Critic Loss: 0.0017 
	| Avg Length: 4.8235 | Avg Reward: 0.9323 
	| Avg Length: 4.5718 | Avg Reward: 0.9402
	| OG  Acc: 1.00  | Masked Acc: 0.92 | OG  F1: 1.00 | Masked F1: 0.93
Epoch 105
	| Avg Actor Loss: 0.0127 | Avg Critic Loss: 0.0017 
	| Avg Length: 5.5117 | Avg Reward: 0.9289 
	| Avg Length: 4.6028 | Avg Reward: 0.9411
	| OG  Acc: 1.00  | Masked Acc: 0.93 | OG  F1: 1.00 | Masked F1: 0.93
Epoch 106
	| Avg Actor Loss: 0.0208 | Avg Critic Loss: 0.0016 
	| Avg Length: 5.2930 | Avg Reward: 0.9330 
	| Avg Length: 4.6386 | Avg Reward: 0.9409
	| OG  Acc: 1.00  | Masked Acc: 0.92 | OG  F1: 1.00 | Masked F1: 0.93
Epoch 107
	| Avg Actor Loss: 0.0127 | Avg Critic Loss: 0.0016 
	| Avg Length: 4.8516 | Avg Reward: 0.9285 
	| Avg Length: 4.5956 | Avg Reward: 0.9421
	| OG  Acc: 1.00  | Masked Acc: 0.93 | OG  F1: 1.00 | Masked F1: 0.93
Epoch 108
	| Avg Actor Loss: 0.0162 | Avg Critic Loss: 0.0015 
	| Avg Length: 5.5809 | Avg Reward: 0.9214 
	| Avg Length: 4.6430 | Avg Reward: 0.9433
	| OG  Acc: 1.00  | Masked Acc: 0.93 | OG  F1: 1.00 | Masked F1: 0.94
Epoch 109
	| Avg Actor Loss: 0.0134 | Avg Critic Loss: 0.0016 
	| Avg Length: 5.1250 | Avg Reward: 0.9306 
	| Avg Length: 4.5858 | Avg Reward: 0.9436
	| OG  Acc: 1.00  | Masked Acc: 0.93 | OG  F1: 1.00 | Masked F1: 0.94
Epoch 110
	| Avg Actor Loss: 0.0156 | Avg Critic Loss: 0.0016 
	| Avg Length: 5.0898 | Avg Reward: 0.9343 
	| Avg Length: 4.6378 | Avg Reward: 0.9437
	| OG  Acc: 1.00  | Masked Acc: 0.94 | OG  F1: 1.00 | Masked F1: 0.94
Epoch 111
	| Avg Actor Loss: 0.0214 | Avg Critic Loss: 0.0016 
	| Avg Length: 5.1484 | Avg Reward: 0.9304 
	| Avg Length: 4.7470 | Avg Reward: 0.9445
	| OG  Acc: 1.00  | Masked Acc: 0.94 | OG  F1: 1.00 | Masked F1: 0.94
Epoch 112
	| Avg Actor Loss: 0.0147 | Avg Critic Loss: 0.0014 
	| Avg Length: 5.0368 | Avg Reward: 0.9414 
	| Avg Length: 4.7822 | Avg Reward: 0.9446
	| OG  Acc: 1.00  | Masked Acc: 0.94 | OG  F1: 1.00 | Masked F1: 0.94
Epoch 113
	| Avg Actor Loss: 0.0178 | Avg Critic Loss: 0.0016 
	| Avg Length: 5.7500 | Avg Reward: 0.9338 
	| Avg Length: 4.7480 | Avg Reward: 0.9447
	| OG  Acc: 1.00  | Masked Acc: 0.94 | OG  F1: 1.00 | Masked F1: 0.94
Epoch 114
	| Avg Actor Loss: 0.0117 | Avg Critic Loss: 0.0015 
	| Avg Length: 6.0078 | Avg Reward: 0.9335 
	| Avg Length: 4.6298 | Avg Reward: 0.9459
	| OG  Acc: 1.00  | Masked Acc: 0.94 | OG  F1: 1.00 | Masked F1: 0.95
Epoch 115
	| Avg Actor Loss: 0.0152 | Avg Critic Loss: 0.0017 
	| Avg Length: 4.8359 | Avg Reward: 0.9328 
	| Avg Length: 4.7130 | Avg Reward: 0.9461
	| OG  Acc: 1.00  | Masked Acc: 0.94 | OG  F1: 1.00 | Masked F1: 0.95
Epoch 116
	| Avg Actor Loss: 0.0196 | Avg Critic Loss: 0.0015 
	| Avg Length: 5.3382 | Avg Reward: 0.9311 
	| Avg Length: 4.8370 | Avg Reward: 0.9460
	| OG  Acc: 1.00  | Masked Acc: 0.95 | OG  F1: 1.00 | Masked F1: 0.95
Epoch 117
	| Avg Actor Loss: 0.0140 | Avg Critic Loss: 0.0014 
	| Avg Length: 5.5586 | Avg Reward: 0.9369 
	| Avg Length: 4.9022 | Avg Reward: 0.9466
	| OG  Acc: 1.00  | Masked Acc: 0.95 | OG  F1: 1.00 | Masked F1: 0.95
Epoch 118
	| Avg Actor Loss: 0.0190 | Avg Critic Loss: 0.0016 
	| Avg Length: 5.8750 | Avg Reward: 0.9297 
	| Avg Length: 4.8904 | Avg Reward: 0.9472
	| OG  Acc: 1.00  | Masked Acc: 0.95 | OG  F1: 1.00 | Masked F1: 0.96
Epoch 119
	| Avg Actor Loss: 0.0244 | Avg Critic Loss: 0.0015 
	| Avg Length: 5.6719 | Avg Reward: 0.9293 
	| Avg Length: 4.9352 | Avg Reward: 0.9474
	| OG  Acc: 1.00  | Masked Acc: 0.96 | OG  F1: 1.00 | Masked F1: 0.96
Epoch 120
	| Avg Actor Loss: 0.0215 | Avg Critic Loss: 0.0015 
	| Avg Length: 6.2647 | Avg Reward: 0.9437 
	| Avg Length: 5.0830 | Avg Reward: 0.9473
	| OG  Acc: 1.00  | Masked Acc: 0.96 | OG  F1: 1.00 | Masked F1: 0.96
Epoch 121
	| Avg Actor Loss: 0.0132 | Avg Critic Loss: 0.0014 
	| Avg Length: 5.5859 | Avg Reward: 0.9352 
	| Avg Length: 4.8982 | Avg Reward: 0.9479
	| OG  Acc: 1.00  | Masked Acc: 0.96 | OG  F1: 1.00 | Masked F1: 0.96
Epoch 122
	| Avg Actor Loss: 0.0206 | Avg Critic Loss: 0.0014 
	| Avg Length: 5.6445 | Avg Reward: 0.9356 
	| Avg Length: 4.9262 | Avg Reward: 0.9485
	| OG  Acc: 1.00  | Masked Acc: 0.96 | OG  F1: 1.00 | Masked F1: 0.96
Epoch 123
	| Avg Actor Loss: 0.0173 | Avg Critic Loss: 0.0014 
	| Avg Length: 5.7109 | Avg Reward: 0.9416 
	| Avg Length: 4.9330 | Avg Reward: 0.9482
	| OG  Acc: 1.00  | Masked Acc: 0.96 | OG  F1: 1.00 | Masked F1: 0.96
Epoch 124
	| Avg Actor Loss: 0.0160 | Avg Critic Loss: 0.0014 
	| Avg Length: 7.0000 | Avg Reward: 0.9315 
	| Avg Length: 4.9930 | Avg Reward: 0.9481
	| OG  Acc: 1.00  | Masked Acc: 0.96 | OG  F1: 1.00 | Masked F1: 0.96
Epoch 125
	| Avg Actor Loss: 0.0203 | Avg Critic Loss: 0.0014 
	| Avg Length: 5.0352 | Avg Reward: 0.9373 
	| Avg Length: 4.9650 | Avg Reward: 0.9479
	| OG  Acc: 1.00  | Masked Acc: 0.96 | OG  F1: 1.00 | Masked F1: 0.96
Epoch 126
	| Avg Actor Loss: 0.0190 | Avg Critic Loss: 0.0014 
	| Avg Length: 5.8789 | Avg Reward: 0.9316 
	| Avg Length: 4.9128 | Avg Reward: 0.9484
	| OG  Acc: 1.00  | Masked Acc: 0.96 | OG  F1: 1.00 | Masked F1: 0.96
Epoch 127
	| Avg Actor Loss: 0.0187 | Avg Critic Loss: 0.0014 
	| Avg Length: 6.1055 | Avg Reward: 0.9400 
	| Avg Length: 4.9394 | Avg Reward: 0.9478
	| OG  Acc: 1.00  | Masked Acc: 0.96 | OG  F1: 1.00 | Masked F1: 0.96
Epoch 128
	| Avg Actor Loss: 0.0212 | Avg Critic Loss: 0.0014 
	| Avg Length: 5.1985 | Avg Reward: 0.9333 
	| Avg Length: 5.0534 | Avg Reward: 0.9482
	| OG  Acc: 1.00  | Masked Acc: 0.96 | OG  F1: 1.00 | Masked F1: 0.96
Epoch 129
	| Avg Actor Loss: 0.0177 | Avg Critic Loss: 0.0014 
	| Avg Length: 4.7461 | Avg Reward: 0.9379 
	| Avg Length: 5.0218 | Avg Reward: 0.9487
	| OG  Acc: 1.00  | Masked Acc: 0.96 | OG  F1: 1.00 | Masked F1: 0.96
Epoch 130
	| Avg Actor Loss: 0.0261 | Avg Critic Loss: 0.0015 
	| Avg Length: 5.5742 | Avg Reward: 0.9280 
	| Avg Length: 4.9856 | Avg Reward: 0.9491
	| OG  Acc: 1.00  | Masked Acc: 0.96 | OG  F1: 1.00 | Masked F1: 0.96
Epoch 131
	| Avg Actor Loss: 0.0203 | Avg Critic Loss: 0.0014 
	| Avg Length: 5.7422 | Avg Reward: 0.9325 
	| Avg Length: 4.9818 | Avg Reward: 0.9486
	| OG  Acc: 1.00  | Masked Acc: 0.96 | OG  F1: 1.00 | Masked F1: 0.96
Epoch 132
	| Avg Actor Loss: 0.0193 | Avg Critic Loss: 0.0014 
	| Avg Length: 5.5441 | Avg Reward: 0.9231 
	| Avg Length: 4.9494 | Avg Reward: 0.9491
	| OG  Acc: 1.00  | Masked Acc: 0.96 | OG  F1: 1.00 | Masked F1: 0.96
Epoch 133
	| Avg Actor Loss: 0.0192 | Avg Critic Loss: 0.0014 
	| Avg Length: 6.1445 | Avg Reward: 0.9355 
	| Avg Length: 4.9946 | Avg Reward: 0.9494
	| OG  Acc: 1.00  | Masked Acc: 0.96 | OG  F1: 1.00 | Masked F1: 0.96
Epoch 134
	| Avg Actor Loss: 0.0246 | Avg Critic Loss: 0.0015 
	| Avg Length: 5.2930 | Avg Reward: 0.9319 
	| Avg Length: 5.0404 | Avg Reward: 0.9490
	| OG  Acc: 1.00  | Masked Acc: 0.96 | OG  F1: 1.00 | Masked F1: 0.96
Epoch 135
	| Avg Actor Loss: 0.0159 | Avg Critic Loss: 0.0014 
	| Avg Length: 5.4961 | Avg Reward: 0.9358 
	| Avg Length: 5.1442 | Avg Reward: 0.9487
	| OG  Acc: 1.00  | Masked Acc: 0.96 | OG  F1: 1.00 | Masked F1: 0.97
Epoch 136
	| Avg Actor Loss: 0.0237 | Avg Critic Loss: 0.0013 
	| Avg Length: 5.0000 | Avg Reward: 0.9349 
	| Avg Length: 5.0880 | Avg Reward: 0.9491
	| OG  Acc: 1.00  | Masked Acc: 0.96 | OG  F1: 1.00 | Masked F1: 0.97
Epoch 137
	| Avg Actor Loss: 0.0232 | Avg Critic Loss: 0.0014 
	| Avg Length: 6.4883 | Avg Reward: 0.9309 
	| Avg Length: 5.0620 | Avg Reward: 0.9492
	| OG  Acc: 1.00  | Masked Acc: 0.96 | OG  F1: 1.00 | Masked F1: 0.96
Epoch 138
	| Avg Actor Loss: 0.0223 | Avg Critic Loss: 0.0014 
	| Avg Length: 6.3359 | Avg Reward: 0.9337 
	| Avg Length: 5.1386 | Avg Reward: 0.9489
	| OG  Acc: 1.00  | Masked Acc: 0.96 | OG  F1: 1.00 | Masked F1: 0.97
Epoch 139
	| Avg Actor Loss: 0.0175 | Avg Critic Loss: 0.0012 
	| Avg Length: 5.9961 | Avg Reward: 0.9357 
	| Avg Length: 5.1560 | Avg Reward: 0.9489
	| OG  Acc: 1.00  | Masked Acc: 0.96 | OG  F1: 1.00 | Masked F1: 0.97
Epoch 140
	| Avg Actor Loss: 0.0147 | Avg Critic Loss: 0.0013 
	| Avg Length: 4.9044 | Avg Reward: 0.9378 
	| Avg Length: 5.1086 | Avg Reward: 0.9497
	| OG  Acc: 1.00  | Masked Acc: 0.97 | OG  F1: 1.00 | Masked F1: 0.97
Epoch 141
	| Avg Actor Loss: 0.0210 | Avg Critic Loss: 0.0013 
	| Avg Length: 5.3477 | Avg Reward: 0.9371 
	| Avg Length: 5.0758 | Avg Reward: 0.9498
	| OG  Acc: 1.00  | Masked Acc: 0.97 | OG  F1: 1.00 | Masked F1: 0.97
Epoch 142
	| Avg Actor Loss: 0.0234 | Avg Critic Loss: 0.0013 
	| Avg Length: 5.9258 | Avg Reward: 0.9347 
	| Avg Length: 5.0830 | Avg Reward: 0.9496
	| OG  Acc: 1.00  | Masked Acc: 0.97 | OG  F1: 1.00 | Masked F1: 0.97
Epoch 143
	| Avg Actor Loss: 0.0188 | Avg Critic Loss: 0.0013 
	| Avg Length: 5.0781 | Avg Reward: 0.9373 
	| Avg Length: 5.0406 | Avg Reward: 0.9498
	| OG  Acc: 1.00  | Masked Acc: 0.97 | OG  F1: 1.00 | Masked F1: 0.97
Epoch 144
	| Avg Actor Loss: 0.0191 | Avg Critic Loss: 0.0013 
	| Avg Length: 6.1912 | Avg Reward: 0.9371 
	| Avg Length: 5.0928 | Avg Reward: 0.9497
	| OG  Acc: 1.00  | Masked Acc: 0.96 | OG  F1: 1.00 | Masked F1: 0.97
Epoch 145
	| Avg Actor Loss: 0.0182 | Avg Critic Loss: 0.0014 
	| Avg Length: 5.8867 | Avg Reward: 0.9347 
	| Avg Length: 5.0854 | Avg Reward: 0.9500
	| OG  Acc: 1.00  | Masked Acc: 0.97 | OG  F1: 1.00 | Masked F1: 0.97
Epoch 146
	| Avg Actor Loss: 0.0207 | Avg Critic Loss: 0.0014 
	| Avg Length: 5.7344 | Avg Reward: 0.9418 
	| Avg Length: 5.1906 | Avg Reward: 0.9494
	| OG  Acc: 1.00  | Masked Acc: 0.97 | OG  F1: 1.00 | Masked F1: 0.97
Epoch 147
	| Avg Actor Loss: 0.0248 | Avg Critic Loss: 0.0013 
	| Avg Length: 5.1055 | Avg Reward: 0.9469 
	| Avg Length: 5.2082 | Avg Reward: 0.9497
	| OG  Acc: 1.00  | Masked Acc: 0.97 | OG  F1: 1.00 | Masked F1: 0.97
Epoch 148
	| Avg Actor Loss: 0.0222 | Avg Critic Loss: 0.0013 
	| Avg Length: 5.7574 | Avg Reward: 0.9404 
	| Avg Length: 5.1508 | Avg Reward: 0.9499
	| OG  Acc: 1.00  | Masked Acc: 0.97 | OG  F1: 1.00 | Masked F1: 0.97
Epoch 149
	| Avg Actor Loss: 0.0256 | Avg Critic Loss: 0.0013 
	| Avg Length: 6.0898 | Avg Reward: 0.9338 
	| Avg Length: 5.1722 | Avg Reward: 0.9498
	| OG  Acc: 1.00  | Masked Acc: 0.97 | OG  F1: 1.00 | Masked F1: 0.97
Epoch 150
	| Avg Actor Loss: 0.0217 | Avg Critic Loss: 0.0013 
	| Avg Length: 6.0859 | Avg Reward: 0.9415 
	| Avg Length: 5.2444 | Avg Reward: 0.9494
	| OG  Acc: 1.00  | Masked Acc: 0.97 | OG  F1: 1.00 | Masked F1: 0.97
Epoch 151
	| Avg Actor Loss: 0.0188 | Avg Critic Loss: 0.0013 
	| Avg Length: 6.0664 | Avg Reward: 0.9337 
	| Avg Length: 5.1892 | Avg Reward: 0.9487
	| OG  Acc: 1.00  | Masked Acc: 0.97 | OG  F1: 1.00 | Masked F1: 0.97
Epoch 152
	| Avg Actor Loss: 0.0266 | Avg Critic Loss: 0.0012 
	| Avg Length: 4.9265 | Avg Reward: 0.9480 
	| Avg Length: 5.2682 | Avg Reward: 0.9490
	| OG  Acc: 1.00  | Masked Acc: 0.97 | OG  F1: 1.00 | Masked F1: 0.97
Epoch 153
	| Avg Actor Loss: 0.0208 | Avg Critic Loss: 0.0012 
	| Avg Length: 6.3438 | Avg Reward: 0.9401 
	| Avg Length: 5.2300 | Avg Reward: 0.9494
	| OG  Acc: 1.00  | Masked Acc: 0.97 | OG  F1: 1.00 | Masked F1: 0.97
Epoch 154
	| Avg Actor Loss: 0.0209 | Avg Critic Loss: 0.0012 
	| Avg Length: 5.7734 | Avg Reward: 0.9404 
	| Avg Length: 5.0954 | Avg Reward: 0.9502
	| OG  Acc: 1.00  | Masked Acc: 0.97 | OG  F1: 1.00 | Masked F1: 0.97
Epoch 155
	| Avg Actor Loss: 0.0260 | Avg Critic Loss: 0.0014 
	| Avg Length: 5.7812 | Avg Reward: 0.9315 
	| Avg Length: 5.2266 | Avg Reward: 0.9499
	| OG  Acc: 1.00  | Masked Acc: 0.97 | OG  F1: 1.00 | Masked F1: 0.97
Epoch 156
	| Avg Actor Loss: 0.0135 | Avg Critic Loss: 0.0013 
	| Avg Length: 5.0882 | Avg Reward: 0.9510 
	| Avg Length: 5.1250 | Avg Reward: 0.9502
	| OG  Acc: 1.00  | Masked Acc: 0.97 | OG  F1: 1.00 | Masked F1: 0.97
Epoch 157
	| Avg Actor Loss: 0.0232 | Avg Critic Loss: 0.0013 
	| Avg Length: 5.8281 | Avg Reward: 0.9372 
	| Avg Length: 5.0904 | Avg Reward: 0.9502
	| OG  Acc: 1.00  | Masked Acc: 0.97 | OG  F1: 1.00 | Masked F1: 0.97
Epoch 158
	| Avg Actor Loss: 0.0180 | Avg Critic Loss: 0.0014 
	| Avg Length: 5.9648 | Avg Reward: 0.9381 
	| Avg Length: 5.1320 | Avg Reward: 0.9502
	| OG  Acc: 1.00  | Masked Acc: 0.97 | OG  F1: 1.00 | Masked F1: 0.97
Epoch 159
	| Avg Actor Loss: 0.0228 | Avg Critic Loss: 0.0013 
	| Avg Length: 5.4883 | Avg Reward: 0.9348 
	| Avg Length: 5.1838 | Avg Reward: 0.9502
	| OG  Acc: 1.00  | Masked Acc: 0.97 | OG  F1: 1.00 | Masked F1: 0.97
Epoch 160
	| Avg Actor Loss: 0.0293 | Avg Critic Loss: 0.0013 
	| Avg Length: 5.4559 | Avg Reward: 0.9373 
	| Avg Length: 5.1594 | Avg Reward: 0.9502
	| OG  Acc: 1.00  | Masked Acc: 0.97 | OG  F1: 1.00 | Masked F1: 0.97
Epoch 161
	| Avg Actor Loss: 0.0192 | Avg Critic Loss: 0.0012 
	| Avg Length: 5.3867 | Avg Reward: 0.9410 
	| Avg Length: 5.1604 | Avg Reward: 0.9499
	| OG  Acc: 1.00  | Masked Acc: 0.97 | OG  F1: 1.00 | Masked F1: 0.97
Epoch 162
	| Avg Actor Loss: 0.0257 | Avg Critic Loss: 0.0013 
	| Avg Length: 5.6094 | Avg Reward: 0.9385 
	| Avg Length: 5.1376 | Avg Reward: 0.9499
	| OG  Acc: 1.00  | Masked Acc: 0.97 | OG  F1: 1.00 | Masked F1: 0.97
Epoch 163
	| Avg Actor Loss: 0.0316 | Avg Critic Loss: 0.0013 
	| Avg Length: 5.9102 | Avg Reward: 0.9363 
	| Avg Length: 5.1382 | Avg Reward: 0.9498
	| OG  Acc: 1.00  | Masked Acc: 0.97 | OG  F1: 1.00 | Masked F1: 0.97
Epoch 164
	| Avg Actor Loss: 0.0196 | Avg Critic Loss: 0.0012 
	| Avg Length: 6.0515 | Avg Reward: 0.9364 
	| Avg Length: 5.0682 | Avg Reward: 0.9507
	| OG  Acc: 1.00  | Masked Acc: 0.97 | OG  F1: 1.00 | Masked F1: 0.97
Epoch 165
	| Avg Actor Loss: 0.0212 | Avg Critic Loss: 0.0014 
	| Avg Length: 5.4688 | Avg Reward: 0.9423 
	| Avg Length: 5.1918 | Avg Reward: 0.9503
	| OG  Acc: 1.00  | Masked Acc: 0.97 | OG  F1: 1.00 | Masked F1: 0.97
Epoch 166
	| Avg Actor Loss: 0.0215 | Avg Critic Loss: 0.0013 
	| Avg Length: 6.2578 | Avg Reward: 0.9369 
	| Avg Length: 5.1692 | Avg Reward: 0.9507
	| OG  Acc: 1.00  | Masked Acc: 0.97 | OG  F1: 1.00 | Masked F1: 0.97
Epoch 167
	| Avg Actor Loss: 0.0222 | Avg Critic Loss: 0.0013 
	| Avg Length: 5.3867 | Avg Reward: 0.9421 
	| Avg Length: 5.2516 | Avg Reward: 0.9497
	| OG  Acc: 1.00  | Masked Acc: 0.97 | OG  F1: 1.00 | Masked F1: 0.97
Epoch 168
	| Avg Actor Loss: 0.0219 | Avg Critic Loss: 0.0013 
	| Avg Length: 5.8235 | Avg Reward: 0.9340 
	| Avg Length: 5.2478 | Avg Reward: 0.9501
	| OG  Acc: 1.00  | Masked Acc: 0.97 | OG  F1: 1.00 | Masked F1: 0.97
Epoch 169
	| Avg Actor Loss: 0.0230 | Avg Critic Loss: 0.0012 
	| Avg Length: 5.6094 | Avg Reward: 0.9439 
	| Avg Length: 5.1902 | Avg Reward: 0.9505
	| OG  Acc: 1.00  | Masked Acc: 0.97 | OG  F1: 1.00 | Masked F1: 0.97
Epoch 170
	| Avg Actor Loss: 0.0210 | Avg Critic Loss: 0.0012 
	| Avg Length: 5.3047 | Avg Reward: 0.9345 
	| Avg Length: 5.1838 | Avg Reward: 0.9503
	| OG  Acc: 1.00  | Masked Acc: 0.97 | OG  F1: 1.00 | Masked F1: 0.97
Epoch 171
	| Avg Actor Loss: 0.0316 | Avg Critic Loss: 0.0013 
	| Avg Length: 5.3555 | Avg Reward: 0.9418 
	| Avg Length: 5.1648 | Avg Reward: 0.9506
	| OG  Acc: 1.00  | Masked Acc: 0.97 | OG  F1: 1.00 | Masked F1: 0.97
Epoch 172
	| Avg Actor Loss: 0.0185 | Avg Critic Loss: 0.0013 
	| Avg Length: 6.1618 | Avg Reward: 0.9336 
	| Avg Length: 5.1702 | Avg Reward: 0.9499
	| OG  Acc: 1.00  | Masked Acc: 0.97 | OG  F1: 1.00 | Masked F1: 0.97
Epoch 173
	| Avg Actor Loss: 0.0218 | Avg Critic Loss: 0.0012 
	| Avg Length: 5.4844 | Avg Reward: 0.9406 
	| Avg Length: 5.1300 | Avg Reward: 0.9507
	| OG  Acc: 1.00  | Masked Acc: 0.97 | OG  F1: 1.00 | Masked F1: 0.97
Epoch 174
	| Avg Actor Loss: 0.0200 | Avg Critic Loss: 0.0013 
	| Avg Length: 5.6055 | Avg Reward: 0.9379 
	| Avg Length: 5.1528 | Avg Reward: 0.9506
	| OG  Acc: 1.00  | Masked Acc: 0.97 | OG  F1: 1.00 | Masked F1: 0.97
Epoch 175
	| Avg Actor Loss: 0.0227 | Avg Critic Loss: 0.0012 
	| Avg Length: 5.2852 | Avg Reward: 0.9412 
	| Avg Length: 5.1702 | Avg Reward: 0.9504
	| OG  Acc: 1.00  | Masked Acc: 0.97 | OG  F1: 1.00 | Masked F1: 0.97
Epoch 176
	| Avg Actor Loss: 0.0255 | Avg Critic Loss: 0.0012 
	| Avg Length: 5.7574 | Avg Reward: 0.9505 
	| Avg Length: 5.1516 | Avg Reward: 0.9504
	| OG  Acc: 1.00  | Masked Acc: 0.97 | OG  F1: 1.00 | Masked F1: 0.97
Epoch 177
	| Avg Actor Loss: 0.0238 | Avg Critic Loss: 0.0012 
	| Avg Length: 5.0859 | Avg Reward: 0.9366 
	| Avg Length: 5.1474 | Avg Reward: 0.9506
	| OG  Acc: 1.00  | Masked Acc: 0.97 | OG  F1: 1.00 | Masked F1: 0.97
Epoch 178
	| Avg Actor Loss: 0.0312 | Avg Critic Loss: 0.0011 
	| Avg Length: 5.3164 | Avg Reward: 0.9449 
	| Avg Length: 5.1136 | Avg Reward: 0.9507
	| OG  Acc: 1.00  | Masked Acc: 0.97 | OG  F1: 1.00 | Masked F1: 0.97
Epoch 179
	| Avg Actor Loss: 0.0263 | Avg Critic Loss: 0.0013 
	| Avg Length: 5.8945 | Avg Reward: 0.9374 
	| Avg Length: 5.0662 | Avg Reward: 0.9505
	| OG  Acc: 1.00  | Masked Acc: 0.97 | OG  F1: 1.00 | Masked F1: 0.97
Epoch 180
	| Avg Actor Loss: 0.0263 | Avg Critic Loss: 0.0013 
	| Avg Length: 6.6103 | Avg Reward: 0.9285 
	| Avg Length: 5.1004 | Avg Reward: 0.9500
	| OG  Acc: 1.00  | Masked Acc: 0.97 | OG  F1: 1.00 | Masked F1: 0.97
Epoch 181
	| Avg Actor Loss: 0.0260 | Avg Critic Loss: 0.0011 
	| Avg Length: 6.2812 | Avg Reward: 0.9238 
	| Avg Length: 5.1032 | Avg Reward: 0.9508
	| OG  Acc: 1.00  | Masked Acc: 0.97 | OG  F1: 1.00 | Masked F1: 0.97
Epoch 182
	| Avg Actor Loss: 0.0286 | Avg Critic Loss: 0.0013 
	| Avg Length: 6.1953 | Avg Reward: 0.9266 
	| Avg Length: 5.2196 | Avg Reward: 0.9503
	| OG  Acc: 1.00  | Masked Acc: 0.97 | OG  F1: 1.00 | Masked F1: 0.97
Epoch 183
	| Avg Actor Loss: 0.0230 | Avg Critic Loss: 0.0012 
	| Avg Length: 6.0352 | Avg Reward: 0.9363 
	| Avg Length: 5.2708 | Avg Reward: 0.9505
	| OG  Acc: 1.00  | Masked Acc: 0.97 | OG  F1: 1.00 | Masked F1: 0.97
Epoch 184
	| Avg Actor Loss: 0.0249 | Avg Critic Loss: 0.0012 
	| Avg Length: 5.9191 | Avg Reward: 0.9268 
	| Avg Length: 5.2416 | Avg Reward: 0.9505
	| OG  Acc: 1.00  | Masked Acc: 0.97 | OG  F1: 1.00 | Masked F1: 0.97
Epoch 185
	| Avg Actor Loss: 0.0213 | Avg Critic Loss: 0.0013 
	| Avg Length: 5.0000 | Avg Reward: 0.9474 
	| Avg Length: 5.2526 | Avg Reward: 0.9505
	| OG  Acc: 1.00  | Masked Acc: 0.97 | OG  F1: 1.00 | Masked F1: 0.97
Epoch 186
	| Avg Actor Loss: 0.0275 | Avg Critic Loss: 0.0012 
	| Avg Length: 5.8672 | Avg Reward: 0.9275 
	| Avg Length: 5.2636 | Avg Reward: 0.9502
	| OG  Acc: 1.00  | Masked Acc: 0.97 | OG  F1: 1.00 | Masked F1: 0.97
Epoch 187
	| Avg Actor Loss: 0.0268 | Avg Critic Loss: 0.0011 
	| Avg Length: 5.4336 | Avg Reward: 0.9385 
	| Avg Length: 5.2592 | Avg Reward: 0.9506
	| OG  Acc: 1.00  | Masked Acc: 0.97 | OG  F1: 1.00 | Masked F1: 0.97
Epoch 188
	| Avg Actor Loss: 0.0212 | Avg Critic Loss: 0.0012 
	| Avg Length: 6.0882 | Avg Reward: 0.9355 
	| Avg Length: 5.2590 | Avg Reward: 0.9505
	| OG  Acc: 1.00  | Masked Acc: 0.97 | OG  F1: 1.00 | Masked F1: 0.97
Epoch 189
	| Avg Actor Loss: 0.0240 | Avg Critic Loss: 0.0012 
	| Avg Length: 5.5547 | Avg Reward: 0.9423 
	| Avg Length: 5.2404 | Avg Reward: 0.9508
	| OG  Acc: 1.00  | Masked Acc: 0.97 | OG  F1: 1.00 | Masked F1: 0.97
Epoch 190
	| Avg Actor Loss: 0.0233 | Avg Critic Loss: 0.0011 
	| Avg Length: 5.8750 | Avg Reward: 0.9323 
	| Avg Length: 5.1966 | Avg Reward: 0.9512
	| OG  Acc: 1.00  | Masked Acc: 0.97 | OG  F1: 1.00 | Masked F1: 0.97
Epoch 191
	| Avg Actor Loss: 0.0241 | Avg Critic Loss: 0.0013 
	| Avg Length: 6.1367 | Avg Reward: 0.9380 
	| Avg Length: 5.2506 | Avg Reward: 0.9507
	| OG  Acc: 1.00  | Masked Acc: 0.97 | OG  F1: 1.00 | Masked F1: 0.97
Epoch 192
	| Avg Actor Loss: 0.0192 | Avg Critic Loss: 0.0012 
	| Avg Length: 6.1029 | Avg Reward: 0.9350 
	| Avg Length: 5.2872 | Avg Reward: 0.9508
	| OG  Acc: 1.00  | Masked Acc: 0.97 | OG  F1: 1.00 | Masked F1: 0.97
Epoch 193
	| Avg Actor Loss: 0.0323 | Avg Critic Loss: 0.0012 
	| Avg Length: 5.6406 | Avg Reward: 0.9397 
	| Avg Length: 5.2794 | Avg Reward: 0.9509
	| OG  Acc: 1.00  | Masked Acc: 0.97 | OG  F1: 1.00 | Masked F1: 0.98
Epoch 194
	| Avg Actor Loss: 0.0312 | Avg Critic Loss: 0.0012 
	| Avg Length: 5.6680 | Avg Reward: 0.9400 
	| Avg Length: 5.2884 | Avg Reward: 0.9503
	| OG  Acc: 1.00  | Masked Acc: 0.97 | OG  F1: 1.00 | Masked F1: 0.97
Epoch 195
	| Avg Actor Loss: 0.0274 | Avg Critic Loss: 0.0012 
	| Avg Length: 5.5469 | Avg Reward: 0.9372 
	| Avg Length: 5.3404 | Avg Reward: 0.9499
	| OG  Acc: 1.00  | Masked Acc: 0.97 | OG  F1: 1.00 | Masked F1: 0.97
Epoch 196
	| Avg Actor Loss: 0.0212 | Avg Critic Loss: 0.0010 
	| Avg Length: 6.0882 | Avg Reward: 0.9394 
	| Avg Length: 5.2364 | Avg Reward: 0.9507
	| OG  Acc: 1.00  | Masked Acc: 0.97 | OG  F1: 1.00 | Masked F1: 0.97
Epoch 197
	| Avg Actor Loss: 0.0229 | Avg Critic Loss: 0.0011 
	| Avg Length: 5.3281 | Avg Reward: 0.9435 
	| Avg Length: 5.2138 | Avg Reward: 0.9509
	| OG  Acc: 1.00  | Masked Acc: 0.97 | OG  F1: 1.00 | Masked F1: 0.97
Epoch 198
	| Avg Actor Loss: 0.0258 | Avg Critic Loss: 0.0012 
	| Avg Length: 6.1250 | Avg Reward: 0.9401 
	| Avg Length: 5.2524 | Avg Reward: 0.9510
	| OG  Acc: 1.00  | Masked Acc: 0.97 | OG  F1: 1.00 | Masked F1: 0.97
Epoch 199
	| Avg Actor Loss: 0.0282 | Avg Critic Loss: 0.0012 
	| Avg Length: 5.3242 | Avg Reward: 0.9450 
	| Avg Length: 5.2182 | Avg Reward: 0.9509
	| OG  Acc: 1.00  | Masked Acc: 0.97 | OG  F1: 1.00 | Masked F1: 0.97
Epoch 200
	| Avg Actor Loss: 0.0304 | Avg Critic Loss: 0.0012 
	| Avg Length: 6.0221 | Avg Reward: 0.9354 
	| Avg Length: 5.1976 | Avg Reward: 0.9504
	| OG  Acc: 1.00  | Masked Acc: 0.97 | OG  F1: 1.00 | Masked F1: 0.97
